Starting the test of the hash function Spooky with the word lexikon OnlyB
Starting to load map from OnlyB
Loading finished. Loaded 8167 words from file.
Started measuring access times
accessing: Belaubung
50250
32879
35663
29054
36174
accessing: Betriebstemperatur
69927
288620
69206
286137
68055
accessing: Bekanntheitsgrad
67592
72694
69254
69826
70213
accessing: Bovist
39332
28160
27215
30140
28034
Finished measuring access times
Starting to calculate: 8167 Collisions
53.500000
45.205703
37.532486
29.963978
28.956385
17.790160
35.399285
33.246925
24.887949
30.645669
19.019544
22.834366
13.472762
22.231709
22.756781
24.236722
24.832339
19.725119
16.438598
15.826153
20.793207
17.571996
16.455696
19.544247
15.591731
18.292622
11.430078
15.825370
15.173844
17.349981
14.203288
18.006937
15.719563
15.341713
15.116497
14.875426
14.864974
13.977487
12.763008
15.666057
12.804765
13.087177
15.527418
12.810798
13.019561
9.809272
11.101782
12.413600
12.822808
12.690926
12.444358
11.755792
14.286662
10.822322
11.701308
10.828414
11.173332
10.373048
11.372616
11.553295
10.698461
11.042920
9.612195
12.008242
11.342212
10.917785
10.468636
9.608226
11.145430
8.717752
10.847204
9.793687
11.598665
10.980678
9.374434
11.080974
8.783885
9.681385
9.786718
10.689547
10.417925
9.567691
9.259938
8.953753
9.271672
8.895052
9.902775
9.616258
9.226244
8.528676
9.396002
11.011183
8.217594
9.053586
8.481898
9.431947
8.516423
9.132442
8.078434
9.445026
9.327652
8.780640
8.579892
8.857583
8.748458
8.402020
8.790481
7.797561
8.014970
8.907482
8.348587
9.373515
8.278197
9.201118
8.339745
8.468382
8.266588
8.294846
8.494406
8.037232
8.051371
8.416727
7.403503
7.644024
8.046887
8.214172
7.152424
7.869870
7.724552
7.467764
7.893616
8.180334
7.350822
7.410577
7.582216
7.420870
7.557735
8.860097
7.350035
7.884873
7.399787
7.696248
7.577070
7.756539
7.467026
7.774132
7.852558
8.184425
7.085701
7.233971
7.246569
7.286846
7.494950
7.672799
6.743282
6.666268
6.709998
6.717499
6.867812
7.113095
7.622777
6.864699
7.286121
7.300165
7.031101
7.022831
7.053305
6.866909
6.580145
6.103958
6.343348
7.611411
6.464005
6.707257
6.603356
6.703346
6.882857
6.580792
6.573542
6.533097
6.207092
6.773757
6.720994
7.061529
6.997483
6.431499
6.595597
6.791504
6.493297
6.067216
6.117659
5.955674
6.746950
6.799807
6.389342
6.685420
6.319312
6.532362
6.091615
6.237727
6.443790
6.182814
6.375797
6.568843
6.154614
6.193075
6.436994
6.332409
6.476507
6.399712
6.548398
5.788114
6.330196
5.519082
6.237290
6.244717
6.144367
6.132218
6.379543
6.038919
6.563978
5.794059
5.904613
5.974408
6.556341
6.230128
5.517765
5.870922
6.271219
5.972843
5.642923
6.356836
5.558062
5.568790
6.042348
5.793518
6.107361
5.609304
5.936748
5.919226
5.626687
5.771314
5.876739
5.611415
5.931602
5.763547
5.814274
5.893281
5.485779
5.666843
5.679572
5.385192
6.062993
5.632123
5.145750
5.691949
5.466706
5.349727
5.452228
5.764826
5.610538
5.715450
5.387944
5.212216
5.574356
5.721594
5.375045
5.806042
5.522471
5.552815
5.710162
5.229902
5.235598
5.027180
5.359786
5.409304
5.691513
5.444835
5.309396
5.156224
5.372827
5.409175
5.374770
5.142974
5.168018
5.533933
5.166049
5.637718
5.250085
5.281023
5.134734
5.422846
5.266577
5.435502
5.390036
5.357976
5.974742
5.194687
4.926810
5.549740
4.917343
5.300026
5.388056
5.219396
5.392899
5.253049
4.970340
5.166407
5.132461
5.215579
4.880398
4.730539
4.991385
4.888380
4.814733
4.749649
4.896707
5.042900
5.002452
4.894903
4.910531
5.189832
5.081176
5.029321
4.704167
4.709871
5.228813
5.039593
4.951928
5.011998
4.919141
5.047829
4.787938
4.710374
5.008750
4.962315
4.651796
5.035615
4.728156
5.131740
4.855239
4.575471
4.829047
4.911385
5.412134
4.787201
4.849059
4.824674
4.810075
5.037417
4.610598
4.930530
4.882007
4.701809
4.938316
4.704303
4.615513
4.984499
4.637867
4.776664
4.805948
4.795185
4.390157
4.546737
4.872378
5.131893
4.750086
5.075178
4.905879
4.755741
4.749709
4.666038
4.564760
4.468148
4.726475
4.573658
4.800867
4.482698
4.395864
4.915473
4.342039
4.378876
4.426298
4.861333
4.380054
4.643315
4.523726
4.595177
4.405604
4.467859
4.555279
4.390940
4.314402
4.524622
4.431561
4.668670
4.632564
4.203280
4.426420
4.506884
4.453988
4.887973
4.760155
4.436636
4.465952
4.534663
4.531718
4.319339
4.604967
4.348047
4.375590
4.504520
4.494268
4.382983
4.444835
4.988531
4.424780
4.302611
4.484826
4.356708
4.409273
4.341794
4.381549
4.401092
4.306478
4.289623
4.285963
4.316554
4.188850
4.245067
4.357069
4.320232
4.401147
4.443236
4.200154
3.943443
4.389212
4.277140
4.365241
4.241060
4.103931
4.286815
4.458019
4.225553
4.130625
4.251660
4.259265
4.345571
4.252326
4.400080
4.626031
4.170914
4.289867
4.260691
4.166311
4.160716
4.127354
4.245551
4.374641
4.307028
4.193106
4.250464
4.001950
4.320090
4.398642
4.115226
4.071967
3.990862
4.194815
3.934616
4.262985
4.332491
4.054985
4.147842
4.304869
3.996578
4.034237
4.387018
4.100025
4.022750
4.134534
3.963600
4.148412
4.253187
4.109216
4.181273
4.252506
4.028632
4.045349
3.949790
4.190126
4.216049
3.984530
4.155986
4.099424
3.942237
4.020899
4.323095
3.852589
4.255673
4.184180
4.048623
4.073713
4.136295
4.008646
4.002227
4.306195
3.945593
4.028064
3.902641
3.821143
3.906740
4.103401
3.843202
3.776624
3.915370
3.986157
4.156114
3.876453
3.973564
4.082820
3.863778
3.972024
4.005613
4.108122
3.829315
3.843396
3.977311
3.856421
3.876424
3.882985
4.056009
3.954526
3.964872
3.926781
3.953793
4.029056
4.004526
3.866927
3.891077
3.739801
3.838141
3.855122
3.870823
3.708230
3.832260
3.672216
3.810057
3.585444
3.745189
3.756122
4.075768
3.709216
4.018655
3.812411
3.875658
3.852837
3.971045
3.741671
3.684618
3.796872
3.787126
3.938982
3.862710
3.815227
3.946403
3.863338
3.957595
3.672957
3.735236
3.719821
3.499266
3.661910
3.724699
3.667278
3.630525
3.937502
3.386087
3.803626
3.753398
3.768284
3.680405
3.660896
3.867925
3.855908
3.627589
3.737522
3.688279
3.873933
3.766364
3.802619
3.747572
3.788967
3.715140
3.941782
3.793650
3.698667
3.783130
3.647035
3.719689
3.799336
3.689793
3.632251
3.665621
3.773098
3.726327
3.722981
3.614733
3.660807
3.683439
3.726397
3.520169
3.777453
3.560373
3.776628
3.625377
3.602044
3.814083
3.648361
3.648786
3.660525
3.745212
3.600693
3.558242
3.480584
3.610544
3.594269
3.471401
3.527704
3.557084
3.558552
3.756811
3.364813
3.563994
3.683842
3.532224
3.496913
3.559318
3.435664
3.558517
3.584123
3.474114
3.366289
3.559967
3.588423
3.528638
3.633493
3.345460
3.570345
3.683611
3.376333
3.754980
3.421331
3.367811
3.517452
3.485805
3.531316
3.369327
3.615321
3.396949
3.548942
3.544556
3.509745
3.575273
3.621967
3.482052
3.388265
3.455919
3.412647
3.570723
3.441089
3.529265
3.672365
3.433678
3.430313
3.642087
3.482273
3.424865
3.309729
3.625445
3.429768
3.481339
3.363144
3.428285
3.401432
3.382111
3.401754
3.577505
3.508684
3.578030
3.614733
3.487137
3.538925
3.534809
3.342909
3.699882
3.306332
3.557242
3.405341
3.323150
3.477423
3.338654
3.277168
3.411127
3.430251
3.455694
3.455553
3.435686
3.360813
3.461588
3.470053
3.434576
3.519014
3.439068
3.306657
3.297574
3.422484
3.293147
3.371503
3.431669
3.495720
3.248717
3.351441
3.286997
3.330276
3.303170
3.273745
3.332912
3.196164
3.501472
3.436173
3.228718
3.437099
3.320284
3.277093
3.255955
3.389316
3.375075
3.266541
3.284457
3.287026
3.247517
3.325652
3.373594
3.294923
3.282474
3.181671
3.301713
3.172762
3.468756
3.274324
3.229210
3.168062
3.365343
3.301361
3.304891
3.271856
3.181045
3.248884
3.200960
3.442504
3.261648
3.155540
3.269907
3.175754
3.241467
3.188967
3.431879
3.301666
3.321142
3.200992
3.356358
3.190229
3.221025
3.194215
3.278603
3.232724
3.331213
3.179728
3.217234
3.220583
3.378233
3.233792
3.146728
3.172137
3.218616
3.058746
3.293376
3.188341
3.195188
3.167059
3.400202
3.310563
3.097934
3.244471
3.115974
3.172797
3.272327
3.098818
3.261057
3.144099
3.326865
3.115708
3.239890
3.322006
3.326761
3.257062
3.195654
3.155528
3.162861
3.158435
3.159031
3.149062
3.144895
3.203655
3.212009
3.169767
3.126622
3.108931
3.206789
3.040598
2.988471
3.088605
3.085577
3.149720
3.074286
3.127249
3.192790
3.142727
3.098541
3.090164
3.097671
3.247045
3.107822
3.139965
3.151637
3.027491
3.056428
3.130566
3.090930
3.017561
3.197150
3.110656
3.170914
3.080773
3.136525
3.061375
3.089577
3.170552
3.075003
3.054425
3.039120
2.999236
2.951743
3.179698
2.923667
3.033650
3.008080
2.927216
2.995752
3.104696
2.953993
3.070177
3.176012
2.928388
3.152996
3.030150
3.009811
3.072395
2.966418
3.060608
3.055785
2.978054
3.061009
3.089527
3.140277
2.990306
3.057180
3.068845
3.050038
3.040457
3.110860
2.967135
3.135345
2.957364
3.078791
3.046655
2.992116
2.977312
3.079460
3.031845
3.027880
3.061382
3.041241
2.989408
2.962446
3.110610
2.942454
3.017728
2.967876
3.092502
3.071360
3.079323
2.959294
2.941072
2.996871
3.047526
3.096857
2.974326
2.831700
2.997652
3.017158
2.936824
2.890525
2.883950
2.950692
3.035227
3.007468
3.072515
2.981637
2.971007
2.923504
2.863219
3.008638
3.031313
2.961928
2.917345
3.081506
2.982149
2.926549
3.094817
2.977101
2.880906
2.895732
2.984725
2.923516
2.935406
2.933067
3.009501
2.881115
2.861696
2.918731
3.050482
2.960964
2.969136
2.945863
2.842279
2.924877
2.963034
2.747797
3.031365
2.804136
2.865791
2.939563
2.990089
2.878259
3.009536
2.864966
2.965768
2.869381
2.864289
2.828132
2.909464
2.900767
2.900970
2.914305
3.016510
2.885368
2.900094
3.023261
2.825100
2.882459
3.007284
2.827495
2.890585
2.973251
2.800581
2.867586
2.835613
2.690124
2.831037
2.959820
2.949535
2.903416
2.871143
2.996890
2.763445
2.791952
2.878582
2.839707
2.875650
2.879752
2.831359
2.893405
2.867776
2.846175
2.943939
2.821046
2.809112
2.845285
2.971630
2.727324
2.892298
2.821903
2.841213
2.791099
2.860943
2.806981
2.791697
2.858833
2.844108
2.826870
2.791579
2.890927
2.995979
2.967549
2.774158
2.845857
2.812952
2.858566
2.808103
2.982962
2.757870
2.860997
2.865293
2.825441
2.806648
2.848438
2.750433
2.807541
2.762450
2.775200
2.794430
2.817246
2.740880
2.780798
2.885236
2.804980
2.828171
2.798741
2.783898
2.776245
2.837255
2.820186
2.737806
2.759940
2.782865
2.807918
2.809727
2.884345
2.749017
2.833505
2.698016
2.789343
2.745904
2.822732
2.743548
2.815235
2.799693
2.868445
2.846526
2.768619
2.764765
2.819782
2.757005
2.761937
2.823112
2.792202
2.748433
2.784320
2.778340
2.736134
2.749102
2.695490
2.801065
2.787726
2.830273
2.728120
2.689459
2.718181
2.695584
2.663130
2.732498
2.803626
2.754714
2.654873
2.692575
2.728998
2.866517
2.874160
2.632308
2.720664
2.702186
2.715062
2.696212
2.797465
2.741486
2.645848
2.669821
2.757833
2.636265
2.634876
2.674090
2.725962
2.671883
2.853256
2.661150
2.639580
2.774564
2.847630
2.743056
2.675800
2.691294
2.711290
2.697416
2.690143
2.766234
2.715643
2.703095
2.706693
2.726983
2.642993
2.669430
2.632483
2.722328
2.651518
2.681016
2.632876
2.747251
2.649048
2.728730
2.743980
2.737285
2.656648
2.650457
2.674014
2.779143
2.749564
2.578304
2.652468
2.645220
2.794804
2.630659
2.745989
2.514644
2.633265
2.637186
2.621896
2.708296
2.651735
2.626618
2.660300
2.618117
2.704842
2.703985
2.651463
2.543879
2.668883
2.619406
2.604677
2.645111
2.609167
2.639036
2.737731
2.675244
2.653674
2.634552
2.575096
2.631263
2.620166
2.734533
2.637255
2.595827
2.517536
2.627919
2.670140
2.572498
2.561496
2.649220
2.614610
2.652348
2.589891
2.608885
2.605767
2.653331
2.651796
2.692162
2.644882
2.623211
2.687117
2.732896
2.594342
2.663804
2.572659
2.619687
2.515192
2.605210
2.623020
2.588397
2.655025
2.644532
2.581727
2.611694
2.657237
2.579787
2.567420
2.614253
2.745254
2.548233
2.580279
2.709245
2.587537
2.585722
2.564392
2.526686
2.556219
2.574216
2.581265
2.605001
2.640908
2.570836
2.555207
2.619002
2.576204
2.537890
2.540120
2.684424
2.615800
2.602289
2.558733
2.585154
2.547742
2.556846
2.556724
2.571736
2.561186
2.607908
2.520193
2.639765
2.558913
2.550202
2.636856
2.552303
2.598855
2.628982
2.600154
2.527664
2.484599
2.556105
2.674112
2.528169
2.572003
2.553931
2.570702
2.574989
2.499998
2.445661
2.458316
2.530227
2.569040
2.559664
2.549016
2.511382
2.562394
2.632502
2.510129
2.436345
2.537041
2.592145
2.537325
2.531248
2.654373
2.505614
2.539316
2.528576
2.516865
2.529971
2.510489
2.511802
2.570534
2.560806
2.429610
2.516619
2.526509
2.527429
2.532943
2.432532
2.544491
2.538335
2.587240
2.572734
2.467049
2.528583
2.487233
2.574063
2.477146
2.488856
2.459197
2.483080
2.497782
2.603054
2.469386
2.421589
2.584358
2.610954
2.521550
2.443427
2.488807
2.439349
2.375166
2.488490
2.488265
2.454463
2.552066
2.578140
2.463350
2.417705
2.541315
2.499512
2.496179
2.415160
2.465386
2.476085
2.536594
2.435507
2.521846
2.474445
2.489553
2.492501
2.484571
2.496846
2.495543
2.484296
2.403888
2.477131
2.442652
2.463873
2.414759
2.446893
2.476148
2.526926
2.475517
2.439004
2.478158
2.450528
2.564337
2.552762
2.435993
2.460303
2.451943
2.394947
2.525440
2.529243
2.442851
2.473501
2.397269
2.416916
2.511325
2.378050
2.472925
2.523165
2.411289
2.424942
2.443593
2.461770
2.495659
2.470257
2.471664
2.442469
2.450452
2.404733
2.458294
2.435587
2.350704
2.441651
2.469045
2.487647
2.427886
2.483824
2.410264
2.506965
2.461356
2.549714
2.410901
2.397537
2.463530
2.432122
2.396139
2.433204
2.445666
2.387469
2.457216
2.475875
2.418782
2.367054
2.413858
2.459699
2.464352
2.383908
2.353825
2.334414
2.390003
2.384356
2.327274
2.421386
2.352281
2.350792
2.373939
2.434986
2.451173
2.483247
2.375647
2.399306
2.353746
2.449859
2.402334
2.500070
2.464997
2.363938
2.415104
2.419929
2.412819
2.344488
2.427917
2.452191
2.409928
2.447544
2.384796
2.427367
2.345478
2.393670
2.422759
2.377226
2.363521
2.427301
2.385723
2.372655
2.334061
2.327020
2.301943
2.377640
2.341279
2.434451
2.395195
2.355921
2.418500
2.392082
2.369191
2.350506
2.381120
2.366030
2.345876
2.352619
2.406913
2.349105
2.384473
2.435657
2.384096
2.286372
2.342859
2.364038
2.359348
2.387777
2.351685
2.320371
2.296991
2.389109
2.419857
2.367715
2.267281
2.266332
2.341708
2.286480
2.328124
2.387776
2.336599
2.375809
2.333145
2.323718
2.368191
2.324883
2.385147
2.367654
2.371158
2.323367
2.295234
2.323878
2.335510
2.432163
2.321855
2.338049
2.348408
2.326126
2.332508
2.299080
2.362207
2.313691
2.332407
2.257197
2.372959
2.401400
2.388033
2.284119
2.346148
2.362214
2.439304
2.298123
2.329347
2.340387
2.291775
2.347085
2.317563
2.330317
2.310640
2.294842
2.328454
2.284980
2.349990
2.296664
2.348968
2.294534
2.349045
2.384424
2.283421
2.370088
2.318267
2.248216
2.335747
2.323832
2.337715
2.356206
2.291482
2.319631
2.272094
2.280835
2.286398
2.398127
2.218892
2.305187
2.287495
2.332531
2.295928
2.344046
2.258325
2.387911
2.207316
2.238265
2.271591
2.293724
2.362472
2.292450
2.300360
2.345836
2.240691
2.335149
2.271303
2.313350
2.343393
2.270019
2.245367
2.321117
2.302843
2.254296
2.271544
2.387237
2.279407
2.274639
2.298324
2.245589
2.222797
2.270376
2.246141
2.275632
2.275315
2.224793
2.243227
2.371191
2.237504
2.245090
2.236292
2.284346
2.289514
2.277814
2.235229
2.312800
2.287756
2.326952
2.212583
2.247764
2.297178
2.271752
2.235701
2.282256
2.331317
2.214258
2.261997
2.266836
2.229696
2.235169
2.307905
2.249097
2.266905
2.243518
2.262719
2.319890
2.241926
2.252827
2.260910
2.303454
2.303778
2.284360
2.264247
2.328793
2.285607
2.232788
2.240053
2.254968
2.274655
2.211673
2.222873
2.226812
2.269888
2.223868
2.149048
2.175871
2.240787
2.244096
2.219356
2.160837
2.305847
2.249315
2.238941
2.260430
2.216695
2.221931
2.198156
2.171898
2.264338
2.165181
2.220771
2.259622
2.190362
2.182000
2.290453
2.186142
2.209599
2.163769
2.259447
2.200114
2.195655
2.242524
2.233522
2.166942
2.201751
2.208253
2.196392
2.241170
2.274704
2.222603
2.176241
2.175055
2.235238
2.189756
2.255857
2.211377
2.234735
2.259944
2.155853
2.211693
2.233102
2.257990
2.248273
2.243853
2.187641
2.198384
2.215259
2.238114
2.216275
2.204795
2.231448
2.206613
2.214233
2.155338
2.211448
2.237390
2.169660
2.201202
2.189680
2.160650
2.180358
2.220188
2.303025
2.156345
2.148750
2.213173
2.148359
2.219885
2.144936
2.200237
2.175006
2.162586
2.174816
2.208588
2.200617
2.158948
2.223676
2.137480
2.287984
2.144927
2.207793
2.207515
2.175532
2.158839
2.185686
2.161541
2.180583
2.138245
2.148831
2.127341
2.179420
2.091551
2.190243
2.165428
2.158152
2.158387
2.195850
2.169540
2.185426
2.291244
2.114081
2.097875
2.118924
2.223795
2.183414
2.169835
2.075091
2.144334
2.155497
2.200278
2.177076
2.119526
2.191585
2.164355
2.128746
2.173919
2.213986
2.110935
2.150829
2.201918
2.149010
2.145172
2.118294
2.198229
2.211001
2.174742
2.163839
2.150247
2.099540
2.151550
2.070432
2.151782
2.140794
2.141967
2.160513
2.183290
2.181813
2.130210
2.140110
2.172172
2.132633
2.145916
2.166401
2.151062
2.102125
2.165812
2.087545
2.164625
2.149825
2.123590
2.116510
2.174643
2.168479
2.116714
2.142816
2.168573
2.174782
2.126693
2.045003
2.087003
2.201631
2.125010
2.129238
2.122972
2.183285
2.163806
2.157623
2.083396
2.122815
2.100199
2.177070
2.066410
2.089931
2.136380
2.086250
2.136874
2.152083
2.128279
2.138626
2.141956
2.118596
2.114403
2.154436
2.085215
2.162764
2.133742
2.129309
2.177795
2.088025
2.068698
2.146838
2.110158
2.136461
2.149954
2.132221
2.144190
2.137722
2.063422
2.123194
2.089392
2.093510
2.119617
2.092856
2.088613
2.172442
2.129787
2.065063
2.135968
2.101729
2.144389
2.144020
2.123293
2.110366
2.102278
2.075708
2.113118
2.175371
2.108526
2.104813
2.080931
2.112002
2.124619
2.106370
2.087461
2.072043
2.070102
2.075177
2.132359
2.109120
2.124213
2.097325
2.084849
2.102907
2.175236
2.152744
2.102180
2.100743
2.019501
2.135527
2.024794
2.129640
2.106755
2.035161
2.066755
2.099108
2.081839
2.210503
2.067620
2.139053
2.096138
2.044325
2.039988
2.090220
2.026845
2.062221
2.096202
2.054884
2.103854
2.039495
2.069692
2.114481
2.054408
2.047763
2.076746
2.056352
2.034219
2.058230
2.109091
2.146959
2.033896
2.082247
2.005606
2.089075
2.145636
2.101360
1.978678
2.047759
2.065361
2.033932
2.061057
2.058774
2.116151
2.050379
2.016465
2.054197
2.080197
2.030173
1.990757
2.081128
2.069807
2.060203
2.082036
2.037566
2.040609
2.077174
2.039294
2.063555
2.045340
2.045055
2.072703
2.032793
2.028683
2.001178
2.070244
2.071185
2.139091
2.042194
2.032011
2.098144
2.029120
2.062062
2.090760
2.057673
2.030928
2.059525
2.059448
2.041081
2.073942
2.090362
1.995370
2.010156
2.059934
2.051621
2.111036
2.053929
2.001131
2.066137
2.014209
2.093900
2.058140
2.015974
1.959729
2.074326
1.998695
1.991718
2.051263
2.005020
2.038100
2.040971
2.025371
2.030759
2.011822
2.035751
2.099572
2.051847
2.011605
2.000641
1.987082
2.012237
2.080961
2.005947
2.015102
2.052654
2.025307
2.008426
2.049484
1.960976
2.012255
2.036941
2.053489
2.055276
2.053149
2.031108
2.039321
2.011679
2.083216
2.048114
2.028781
2.015742
1.978264
1.974819
1.995045
2.011327
2.033112
2.027027
1.999353
1.982908
2.038221
2.012709
2.026807
1.989715
1.981520
2.028416
1.995885
2.037529
2.002941
1.969794
2.037864
1.984449
2.011016
1.978308
2.037957
1.981903
2.019239
2.020241
1.976795
2.051541
2.006094
2.022022
2.019354
2.062310
2.071109
2.031527
2.038775
1.960124
1.972644
1.955673
1.991504
1.985596
1.987581
1.942712
2.007210
2.013779
2.024430
1.986620
2.014956
2.047170
1.969580
2.032507
1.992482
2.006612
1.974519
1.987787
2.021288
2.039946
2.000416
2.004272
2.017290
2.014118
1.963800
1.985406
1.960054
1.946385
1.975524
2.024405
1.979865
2.009660
1.996330
1.979994
1.976533
1.918221
1.955086
2.017227
1.987300
1.962599
1.987189
1.954148
2.019263
1.969991
2.029796
1.942612
1.995498
1.930866
1.987158
2.047710
1.993035
2.011860
1.979131
1.956675
1.972196
2.005783
1.947161
1.906175
1.948494
1.911571
1.968082
2.015404
1.983352
1.940027
2.032492
1.959401
2.003252
1.935043
1.964215
1.971603
1.968609
1.998893
1.931179
1.928141
1.929772
1.970249
1.934977
1.945125
1.985221
1.952438
1.933110
1.920750
1.980914
1.957300
1.957905
1.950546
2.001465
1.955613
1.995291
1.962330
1.948970
1.986831
1.977917
1.946416
1.983086
1.974877
1.957795
1.951899
1.943580
1.988236
1.982893
1.926476
1.970511
1.997457
1.919505
1.945952
2.008378
1.950921
1.916272
1.974839
1.939674
2.004239
1.920306
1.955456
1.918793
1.986966
1.961837
1.975820
1.959597
1.957291
1.958063
1.889688
1.945123
1.932525
1.944058
1.953853
1.918312
1.952303
1.917728
1.935297
1.933445
2.001519
1.936416
1.935039
1.949563
1.887665
1.939227
1.955106
1.879571
1.924839
1.909785
1.933977
1.912050
1.944701
1.963044
1.894362
1.990671
1.915385
1.919959
1.877329
1.929771
1.910988
1.925556
1.996172
1.900544
1.857096
1.950133
1.922589
1.938898
1.907640
1.945014
1.938690
1.876448
1.881080
1.888105
1.903707
1.935190
1.915623
1.909701
1.890856
1.895422
1.946385
1.907356
1.913048
1.933985
1.935377
1.932559
1.903569
1.983512
1.961961
1.945300
1.932014
1.908279
1.915105
1.898791
1.995665
2.002816
1.890449
1.926720
1.911940
1.887323
1.964942
1.942611
1.900310
1.903117
1.886770
1.897170
1.900682
1.930796
1.908377
1.931404
1.907134
1.906160
1.872316
1.927974
1.899711
1.941934
1.937739
1.898416
1.903295
1.873779
1.929444
1.879396
1.905904
1.893921
1.913938
1.913184
1.922844
1.887381
1.899275
1.875969
1.914493
1.878228
1.859937
1.921441
1.899606
1.884587
1.855222
1.907526
1.925423
1.950391
1.915611
1.927005
1.854662
1.872099
1.915972
1.902978
1.910281
1.897028
1.881590
1.925370
1.886098
1.903624
1.811163
1.869734
1.873403
1.853095
1.858921
1.863782
1.854756
1.947411
1.889168
1.914354
1.894750
1.927327
1.872534
1.815897
1.936466
1.849055
1.877265
1.912562
1.888163
1.864165
1.843889
1.899777
1.887267
1.883930
1.848451
1.851402
1.862049
1.881404
1.921412
1.846770
1.877597
1.906311
1.888392
1.934656
1.880802
1.862204
1.876644
1.864285
1.909229
1.927979
1.930291
1.873022
1.932893
1.865851
1.858324
1.845417
1.855289
1.860483
1.881255
1.867824
1.869066
1.894473
1.890698
1.913546
1.884269
1.861703
1.852799
1.854738
1.846736
1.802763
1.856386
1.867717
1.890075
1.879267
1.871373
1.898605
1.789992
1.865201
1.895635
1.872182
1.883357
1.805437
1.878276
1.847756
1.872731
1.904060
1.850728
1.798456
1.892571
1.857333
1.880981
1.859963
1.874539
1.852324
1.897525
1.827381
1.848385
1.805178
1.875950
1.869227
1.899957
1.816891
1.821593
1.862621
1.846303
1.852275
1.824608
1.880103
1.831624
1.858794
1.859736
1.864511
1.896703
1.906876
1.883417
1.878532
1.828334
1.845489
1.866515
1.869678
1.804767
1.825103
1.860097
1.847039
1.875801
1.812853
1.878053
1.837854
1.864697
1.831314
1.857782
1.824986
1.811959
1.865427
1.821643
1.865888
1.802419
1.842363
1.840572
1.860111
1.889783
1.856546
1.813606
1.828425
1.841987
1.807945
1.854991
1.872977
1.863445
1.872073
1.856095
1.853193
1.832116
1.843351
1.794566
1.891503
1.829190
1.848690
1.839519
1.851118
1.847989
1.796944
1.799010
1.790309
1.801987
1.810178
1.817873
1.852980
1.853844
1.797427
1.836464
1.845351
1.836649
1.861213
1.792163
1.801722
1.793750
1.847634
1.873304
1.854635
1.823740
1.801423
1.798914
1.805010
1.816921
1.818914
1.807655
1.856087
1.805806
1.852490
1.820783
1.822312
1.807502
1.854063
1.817746
1.814359
1.831239
1.803304
1.826721
1.789479
1.780373
1.795969
1.852724
1.795225
1.798116
1.818198
1.828125
1.822321
1.858033
1.802180
1.801017
1.862175
1.825601
1.806020
1.799939
1.793618
1.825595
1.888782
1.814651
1.813929
1.830847
1.825070
1.813311
1.848755
1.829707
1.808921
1.823426
1.782245
1.806298
1.843527
1.812805
1.799672
1.801163
1.823592
1.761784
1.811137
1.807756
1.838113
1.774429
1.821385
1.800397
1.815750
1.825297
1.826087
1.824477
1.793165
1.849848
1.754702
1.810143
1.772592
1.776772
1.763248
1.834191
1.822167
1.783602
1.834337
1.820151
1.788020
1.824308
1.757505
1.829526
1.816852
1.774955
1.822519
1.815474
1.793946
1.804160
1.738616
1.794986
1.820610
1.791061
1.829031
1.812712
1.796695
1.774572
1.778683
1.808167
1.805669
1.785886
1.763449
1.783046
1.806544
1.850809
1.750356
1.775151
1.776373
1.757441
1.767776
1.822575
1.797616
1.782659
1.821353
1.778712
1.813375
1.776516
1.786477
1.781773
1.737586
1.749551
1.803804
1.802385
1.773314
1.742443
1.790106
1.791936
1.774820
1.756445
1.754562
1.753121
1.776307
1.799391
1.752775
1.793953
1.812722
1.818556
1.790103
1.769977
1.777046
1.757230
1.785898
1.749491
1.762780
1.759584
1.777780
1.758889
1.769904
1.764974
1.760033
1.787257
1.728430
1.797494
1.762341
1.797844
1.758139
1.814777
1.798041
1.742595
1.772375
1.735710
1.755348
1.749740
1.797347
1.746833
1.790636
1.731369
1.761897
1.760883
1.743500
1.742701
1.751522
1.790402
1.755148
1.733563
1.746353
1.726886
1.764944
1.805549
1.746849
1.745173
1.748507
1.741597
1.782874
1.785267
1.812978
1.724769
1.763584
1.772866
1.730249
1.774460
1.765942
1.713057
1.746413
1.804057
1.734782
1.761677
1.729660
1.778218
1.769522
1.732019
1.741859
1.766443
1.777133
1.762890
1.737508
1.737341
1.778754
1.786393
1.773942
1.754991
1.766994
1.735025
1.742206
1.794944
1.744013
1.742330
1.740429
1.757204
1.753604
1.754278
1.797366
1.785249
1.715295
1.734008
1.761666
1.765086
1.720910
1.750884
1.739777
1.727742
1.720846
1.756308
1.768187
1.746341
1.785635
1.777694
1.768038
1.779181
1.726084
1.729559
1.723552
1.749917
1.734785
1.743141
1.751875
1.794608
1.795639
1.755300
1.769412
1.681527
1.715173
1.756814
1.747521
1.752397
1.736279
1.746065
1.732679
1.743962
1.792663
1.736122
1.766285
1.775246
1.719488
1.726566
1.761670
1.757267
1.746327
1.711388
1.712261
1.736392
1.755569
1.711004
1.688301
1.747786
1.746940
1.736180
1.756777
1.737443
1.682083
1.748794
1.752135
1.700112
1.725992
1.700556
1.737820
1.650115
1.725550
1.758497
1.737359
1.685687
1.763417
1.750302
1.719147
1.735613
1.705713
1.770520
1.734727
1.691973
1.744533
1.756366
1.679013
1.731071
1.675545
1.693243
1.747519
1.671205
1.740596
1.724860
1.752388
1.726711
1.703221
1.722042
1.733135
1.723049
1.699115
1.726988
1.759340
1.721902
1.687519
1.742713
1.766154
1.728285
1.711884
1.673698
1.662873
1.723145
1.741634
1.717845
1.749399
1.712324
1.702596
1.719812
1.713702
1.703357
1.727009
1.670063
1.727764
1.685859
1.711192
1.711995
1.740426
1.729218
1.723569
1.711846
1.694986
1.683082
1.744247
1.699100
1.743323
1.718692
1.753031
1.701889
1.680945
1.721622
1.679814
1.702353
1.688848
1.694289
1.691721
1.697776
1.709230
1.704802
1.723646
1.670557
1.700061
1.652294
1.713706
1.681426
1.680748
1.719748
1.685298
1.720457
1.722870
1.765290
1.727679
1.701377
1.753190
1.658491
1.686168
1.704477
1.724631
1.663851
1.674179
1.663333
1.726617
1.714239
1.721158
1.711019
1.745233
1.690577
1.704218
1.706426
1.710276
1.706912
1.707463
1.678096
1.714314
1.711781
1.703066
1.689953
1.671083
1.713543
1.704023
1.689896
1.712501
1.661521
1.696107
1.656121
1.727060
1.714571
1.658475
1.667457
1.713721
1.698892
1.673117
1.678051
1.697222
1.654447
1.681991
1.693079
1.707153
1.694569
1.667544
1.717685
1.700279
1.690341
1.675582
1.676335
1.689070
1.670780
1.669872
1.678095
1.659287
1.725259
1.669354
1.735493
1.638375
1.661623
1.653182
1.691630
1.719155
1.668168
1.680280
1.689842
1.650623
1.660982
1.709698
1.670563
1.685704
1.687046
1.665545
1.630926
1.696755
1.683606
1.681464
1.676036
1.688635
1.677494
1.645713
1.666813
1.662797
1.678141
1.691913
1.639426
1.639969
1.694449
1.672739
1.679806
1.659371
1.644542
1.685616
1.683886
1.663938
1.703692
1.675017
1.686518
1.651992
1.659123
1.651592
1.651495
1.678881
1.699794
1.679482
1.685459
1.655540
1.648214
1.640860
1.650080
1.670494
1.676084
1.666402
1.695243
1.661075
1.684951
1.624024
1.628314
1.630299
1.643682
1.644610
1.648832
1.647490
1.657643
1.660393
1.678550
1.688293
1.663928
1.655041
1.646729
1.677153
1.651225
1.645780
1.661203
1.673245
1.690595
1.670985
1.671067
1.615092
1.661310
1.681765
1.663099
1.666419
1.699321
1.680861
1.614546
1.648671
1.662570
1.650063
1.643205
1.655717
1.671747
1.638958
1.675102
1.685358
1.662378
1.639296
1.667560
1.656542
1.669710
1.660730
1.659391
1.661278
1.673188
1.645237
1.657057
1.655716
1.651949
1.662501
1.632576
1.633676
1.643934
1.649274
1.636762
1.645570
1.628339
1.661224
1.630944
1.696447
1.649555
1.651838
1.688540
1.610598
1.625671
1.643629
1.676307
1.654231
1.642615
1.684365
1.648389
1.639375
1.633566
1.634849
1.642596
1.677761
1.606658
1.607350
1.654679
1.645114
1.634287
1.665792
1.621423
1.663313
1.651412
1.626496
1.628383
1.659342
1.618555
1.651676
1.661672
1.618338
1.628339
1.660029
1.644341
1.636975
1.632200
1.659419
1.617140
1.607419
1.645242
1.631867
1.611072
1.658098
1.618300
1.599404
1.693622
1.644375
1.620544
1.637081
1.596024
1.610575
1.638618
1.656921
1.620654
1.637754
1.613482
1.668853
1.599971
1.652803
1.623965
1.632025
1.651925
1.646822
1.659277
1.626997
1.616397
1.613622
1.602945
1.606036
1.639550
1.649667
1.631275
1.578889
1.609504
1.634966
1.600493
1.628873
1.612297
1.628945
1.647186
1.625232
1.619478
1.642941
1.575168
1.612580
1.619624
1.661648
1.605863
1.565132
1.654889
1.619997
1.613639
1.621855
1.635951
1.620126
1.607168
1.629711
1.625778
1.602655
1.635708
1.610341
1.608773
1.622347
1.596594
1.586933
1.609497
1.633309
1.644307
1.625468
1.642778
1.644943
1.644568
1.645948
1.637761
1.608155
1.606188
1.602621
1.608233
1.593662
1.587857
1.621775
1.644314
1.603176
1.601006
1.599434
1.642996
1.657517
1.630340
1.603714
1.597957
1.603558
1.628042
1.620796
1.583628
1.599064
1.676073
1.591523
1.609437
1.596157
1.578146
1.585206
1.606335
1.623073
1.582866
1.614068
1.595888
1.599281
1.621942
1.558547
1.621761
1.620790
1.645814
1.604308
1.612977
1.606498
1.599205
1.595454
1.600018
1.601805
1.624534
1.624536
1.605376
1.629969
1.605586
1.571837
1.609129
1.614024
1.614221
1.591025
1.586474
1.598151
1.597368
1.558891
1.612080
1.643760
1.609152
1.614416
1.660462
1.609346
1.621202
1.617902
1.603677
1.613427
1.620598
1.599759
1.631185
1.595640
1.597797
1.617466
1.622674
1.609693
1.610464
1.589349
1.597979
1.601882
1.621069
1.621250
1.627581
1.603027
1.609430
1.589726
1.592074
1.600271
1.596364
1.577314
1.558642
1.617460
1.614170
1.576318
1.590850
1.580055
1.584176
1.576698
1.593353
1.573534
1.575304
1.619980
1.587653
1.582359
1.613207
1.597355
1.595594
1.609113
1.560833
1.581910
1.615967
1.565372
1.634196
1.592773
1.596441
1.583206
1.591949
1.625148
1.599268
1.573372
1.580404
1.583703
1.577249
1.549034
1.570170
1.584026
1.579336
1.577759
1.577742
1.562046
1.575172
1.553730
1.557671
1.563173
1.599874
1.582282
1.625524
1.592296
1.564864
1.534762
1.569331
1.605426
1.585999
1.573952
1.594424
1.587854
1.587056
1.598174
1.597570
1.590826
1.571463
1.580747
1.607363
1.557531
1.555941
1.547462
1.616879
1.608138
1.565045
1.558187
1.587426
1.579120
1.562219
1.586948
1.552395
1.537995
1.587234
1.565398
1.590611
1.613345
1.591878
1.586681
1.601315
1.591387
1.563452
1.587304
1.532632
1.578227
1.562169
1.567947
1.573508
1.577318
1.541560
1.607280
1.569903
1.563691
1.606204
1.560527
1.540810
1.564907
1.593939
1.564258
1.556291
1.554123
1.577402
1.574491
1.564848
1.576133
1.574562
1.571266
1.581350
1.577304
1.598676
1.554161
1.582126
1.587583
1.553470
1.551884
1.548746
1.593625
1.534260
1.575151
1.627014
1.563209
1.583937
1.599144
1.579861
1.527363
1.561842
1.574780
1.564626
1.553063
1.542197
1.579896
1.572828
1.588661
1.570829
1.573630
1.555257
1.561724
1.578402
1.562201
1.583014
1.556176
1.570998
1.590551
1.555842
1.577464
1.535909
1.566183
1.550858
1.561323
1.573036
1.551288
1.578773
1.581536
1.536712
1.510356
1.554670
1.593081
1.529752
1.563455
1.544512
1.541004
1.554355
1.583378
1.590408
1.570301
1.565334
1.561681
1.546398
1.531164
1.576018
1.551579
1.574769
1.617633
1.556541
1.532210
1.556046
1.543806
1.535515
1.572643
1.550687
1.520698
1.541616
1.572575
1.519771
1.530140
1.549574
1.549704
1.550782
1.537587
1.548005
1.531153
1.564492
1.542122
1.522909
1.531500
1.545741
1.506284
1.566717
1.529351
1.541316
1.544861
1.519185
1.545303
1.567428
1.556118
1.570085
1.515428
1.548571
1.566890
1.545039
1.554021
1.557143
1.528124
1.551183
1.527044
1.584529
1.557168
1.526282
1.537062
1.541726
1.534463
1.529266
1.513706
1.539753
1.522396
1.538482
1.502856
1.534940
1.546562
1.528545
1.525815
1.567600
1.538371
1.510516
1.531048
1.565252
1.537332
1.564169
1.548080
1.532588
1.523992
1.566812
1.530861
1.539833
1.532606
1.541936
1.592211
1.533705
1.534008
1.551715
1.513396
1.559720
1.520863
1.536077
1.550388
1.501569
1.573294
1.543629
1.537567
1.516749
1.500457
1.563503
1.508921
1.539232
1.533538
1.511559
1.531505
1.515018
1.552950
1.541360
1.533062
1.547142
1.534958
1.538982
1.542250
1.514221
1.497016
1.508000
1.518899
1.511829
1.572259
1.550359
1.513109
1.496306
1.524808
1.520221
1.544010
1.541702
1.509041
1.536148
1.530665
1.499888
1.507398
1.514866
1.529392
1.516206
1.533127
1.533226
1.523263
1.538981
1.541848
1.522446
1.537788
1.542867
1.520132
1.515364
1.514529
1.510500
1.473303
1.533457
1.526504
1.526972
1.503863
1.515984
1.520377
1.500401
1.542766
1.531987
1.512925
1.515828
1.530231
1.520866
1.534106
1.514723
1.515939
1.488574
1.523936
1.545374
1.525786
1.539688
1.506615
1.516045
1.519483
1.510830
1.506254
1.524756
1.510554
1.502236
1.498392
1.511022
1.486522
1.512882
1.523531
1.504307
1.504588
1.528948
1.525907
1.517874
1.487700
1.503000
1.537239
1.506727
1.532285
1.529620
1.493173
1.502433
1.523996
1.519480
1.534232
1.545218
1.521389
1.524778
1.522841
1.514271
1.494104
1.511485
1.491666
1.517003
1.548954
1.498101
1.495952
1.499022
1.511337
1.550929
1.488650
1.511032
1.502240
1.503252
1.505926
1.496183
1.515852
1.487405
1.505519
1.502088
1.515984
1.473495
1.497336
1.457764
1.550693
1.522947
1.478463
1.492371
1.498204
1.508612
1.502431
1.503617
1.495754
1.485058
1.494805
1.486159
1.505480
1.494863
1.520439
1.502034
1.486946
1.494627
1.492672
1.500134
1.483741
1.486611
1.508983
1.467161
1.502719
1.530787
1.493116
1.503859
1.500264
1.497398
1.508647
1.508718
1.512614
1.488114
1.539603
1.487898
1.475732
1.502386
1.474402
1.489124
1.496373
1.517212
1.482515
1.511546
1.513063
1.500756
1.480413
1.496689
1.492360
1.485257
1.518872
1.498796
1.520257
1.500940
1.461303
1.473124
1.492740
1.503572
1.493427
1.486162
1.487885
1.490154
1.509331
1.506317
1.470831
1.463470
1.504875
1.504757
1.520670
1.488135
1.515223
1.460011
1.479163
1.496424
1.508798
1.498004
1.506392
1.490124
1.506691
1.490617
1.507889
1.479225
1.510343
1.487590
1.488565
1.497167
1.457770
1.488935
1.483345
1.460400
1.487665
1.497885
1.513048
1.505031
1.468325
1.479768
1.461814
1.475503
1.472266
1.512702
1.492077
1.478134
1.495626
1.480082
1.509744
1.470329
1.463222
1.480141
1.464825
1.481716
1.471009
1.498821
1.469301
1.489017
1.499697
1.481157
1.469730
1.501465
1.507055
1.514930
1.476900
1.465089
1.474650
1.479977
1.476947
1.499002
1.497082
1.485985
1.497003
1.479946
1.474922
1.496792
1.488408
1.469815
1.459638
1.516168
1.496854
1.469675
1.449765
1.480116
1.497400
1.493695
1.462116
1.490568
1.447919
1.485642
1.489278
1.477999
1.469182
1.486553
1.488392
1.495760
1.522458
1.505785
1.467502
1.486117
1.474479
1.468744
1.470785
1.454840
1.460002
1.491032
1.452993
1.488622
1.492407
1.484244
1.474602
1.457820
1.442324
1.446052
1.481425
1.482363
1.457713
1.455581
1.493173
1.458045
1.454642
1.484226
1.475687
1.459512
1.487553
1.473308
1.466520
1.483937
1.468411
1.473124
1.441649
1.461879
1.455595
1.450559
1.438193
1.455555
1.464268
1.483086
1.467051
1.456102
1.485683
1.431031
1.447539
1.461873
1.456148
1.484094
1.447909
1.478844
1.474433
1.455646
1.493444
1.449226
1.491575
1.483846
1.414552
1.463987
1.453241
1.460481
1.449173
1.462175
1.443646
1.472780
1.448803
1.484886
1.452495
1.461691
1.479688
1.449013
1.463056
1.454316
1.444080
1.468511
1.483054
1.439136
1.476590
1.467227
1.459419
1.453548
1.424419
1.455594
1.459563
1.438024
1.473131
1.427202
1.443566
1.451694
1.468124
1.459806
1.469957
1.444839
1.419656
1.455484
1.445670
1.463026
1.455586
1.469461
1.454761
1.449256
1.448754
1.427697
1.449002
1.471220
1.478975
1.466514
1.446454
1.448812
1.424527
1.457069
1.437080
1.451261
1.452895
1.458784
1.456509
1.473116
1.478740
1.464022
1.461932
1.459308
1.444230
1.468349
1.471532
1.444324
1.437738
1.458764
1.452065
1.446406
1.448214
1.448776
1.457835
1.463145
1.441564
1.440166
1.444651
1.444146
1.446841
1.441176
1.450972
1.445147
1.441439
1.444135
1.453723
1.448976
1.420226
1.466436
1.442316
1.453314
1.447156
1.419127
1.475065
1.431403
1.462205
1.437345
1.450831
1.453319
1.414297
1.463002
1.461972
1.480567
1.438947
1.444107
1.467622
1.437601
1.445588
1.443492
1.450386
1.426305
1.423112
1.420451
1.445893
1.439383
1.411725
1.442254
1.423094
1.437703
1.421179
1.435977
1.448337
1.451686
1.444510
1.451720
1.444196
1.444215
1.415119
1.435971
1.427309
1.447796
1.424687
1.450803
1.429881
1.470262
1.484673
1.444392
1.449308
1.446352
1.436713
1.464114
1.432165
1.443088
1.416764
1.426741
1.438049
1.444200
1.445613
1.437571
1.442320
1.433208
1.445494
1.437284
1.450744
1.400360
1.401644
1.442768
1.422916
1.425763
1.435986
1.418364
1.419979
1.455344
1.425671
1.448608
1.415973
1.452959
1.487319
1.437332
1.447443
1.467948
1.431244
1.422993
1.440879
1.451641
1.437415
1.437077
1.435343
1.434132
1.463536
1.426977
1.433467
1.440967
1.402962
1.449812
1.439603
1.449824
1.412624
1.438934
1.419712
1.431466
1.402036
1.403300
1.427828
1.424163
1.435690
1.431348
1.423144
1.406768
1.415790
1.457945
1.409996
1.428436
1.443703
1.424788
1.415509
1.435592
1.422018
1.381038
1.425878
1.415563
1.419080
1.422062
1.443050
1.425566
1.420514
1.408767
1.439099
1.454022
1.410031
1.435140
1.396803
1.428049
1.437564
1.444957
1.399334
1.412378
1.417459
1.434990
1.421829
1.419396
1.432754
1.436203
1.414354
1.408759
1.425328
1.423250
1.429486
1.390091
1.409846
1.388871
1.445622
1.401795
1.402683
1.415460
1.430702
1.437231
1.439798
1.403771
1.426221
1.413568
1.454918
1.402218
1.427946
1.401177
1.417232
1.413935
1.403297
1.395931
1.413247
1.412554
1.389959
1.378799
1.402100
1.439224
1.417415
1.425865
1.403688
1.427063
1.378156
1.439361
1.440035
1.433384
1.415856
1.407883
1.444249
1.406668
1.409794
1.420676
1.420157
1.404411
1.429579
1.405281
1.386920
1.383577
1.415662
1.398494
1.386761
1.400587
1.409436
1.426451
1.400935
1.436818
1.410118
1.430686
1.415454
1.390295
1.434228
1.410792
1.409926
1.403181
1.405602
1.407499
1.423287
1.413519
1.422418
1.440558
1.386456
1.398133
1.416062
1.419305
1.406770
1.385757
1.412091
1.389424
1.408986
1.430644
1.421293
1.392376
1.417523
1.407923
1.403097
1.422435
1.418169
1.389055
1.412515
1.412335
1.395811
1.391474
1.404595
1.407677
1.403033
1.396303
1.432450
1.387108
1.400939
1.399382
1.390565
1.408633
1.421220
1.415775
1.386208
1.400196
1.393124
1.402582
1.394318
1.417060
1.423648
1.393778
1.395493
1.404407
1.410198
1.391849
1.385445
1.404021
1.407424
1.387501
1.416740
1.402267
1.392306
1.393845
1.399667
1.417680
1.392440
1.399804
1.383280
1.425024
1.399256
1.416402
1.409108
1.375613
1.389264
1.386843
1.367404
1.390091
1.386985
1.398800
1.360031
1.395870
1.386426
1.392594
1.401797
1.394963
1.409059
1.392372
1.376183
1.402401
1.414893
1.407114
1.400146
1.358910
1.394496
1.368836
1.367611
1.397687
1.376944
1.380552
1.394236
1.386364
1.386521
1.361632
1.418807
1.382537
1.385951
1.398201
1.386093
1.384196
1.374733
1.395587
1.400483
1.391814
1.369506
1.351926
1.365848
1.407970
1.394445
1.377708
1.389653
1.411406
1.384849
1.413702
1.380374
1.407127
1.402736
1.371922
1.387471
1.392544
1.379764
1.373238
1.380072
1.379372
1.381403
1.362325
1.378467
1.403670
1.391689
1.376022
1.398226
1.372564
1.365332
1.407044
1.410691
1.399459
1.386955
1.391500
1.378421
1.343029
1.389578
1.354144
1.397280
1.386978
1.391177
1.381854
1.374008
1.358551
1.374311
1.411624
1.402275
1.389164
1.392171
1.405031
1.361019
1.380286
1.370061
1.395237
1.410044
1.383074
1.392647
1.379307
1.355718
1.368386
1.398401
1.365272
1.388467
1.376293
1.385559
1.351805
1.391888
1.373999
1.356570
1.357752
1.414355
1.366601
1.384686
1.370639
1.396181
1.404293
1.358813
1.373937
1.392566
1.374734
1.380612
1.350305
1.403914
1.377673
1.390394
1.369173
1.386661
1.362501
1.393112
1.397901
1.358513
1.351307
1.386492
1.367284
1.380408
1.390574
1.360250
1.373096
1.379794
1.350450
1.357943
1.371473
1.375990
1.378647
1.352904
1.354758
1.364247
1.369964
1.368419
1.386155
1.387621
1.389085
1.371510
1.366766
1.378160
1.368734
1.367527
1.397822
1.338534
1.367106
1.362355
1.382119
1.386741
1.361597
1.356493
1.391609
1.378463
1.359629
1.369368
1.378201
1.368302
1.339439
1.341300
1.387038
1.381368
1.365803
1.369295
1.367421
1.353572
1.373548
1.387294
1.365957
1.347015
1.382559
1.374053
1.393867
1.373321
1.377613
1.351429
1.353768
1.363331
1.343540
1.368955
1.365581
1.376378
1.342069
1.363811
1.373785
1.361067
1.366055
1.361506
1.375803
1.345607
1.378547
1.365555
1.343316
1.356282
1.354065
1.370912
1.395725
1.340626
1.354106
1.345648
1.354378
1.342712
1.368340
1.362979
1.367439
1.372544
1.348299
1.360840
1.355457
1.336198
1.360236
1.357363
1.344569
1.364625
1.380117
1.364055
1.350495
1.353812
1.358788
1.328756
1.361879
1.361178
1.346600
1.368069
1.377916
1.366835
1.334660
1.384832
1.365232
1.336426
1.366975
1.394416
1.349276
1.370817
1.377348
1.374847
1.395489
1.367693
1.366334
1.351197
1.350827
1.360100
1.385010
1.365807
1.337445
1.377381
1.360072
1.389982
1.345525
1.329852
1.368980
1.370580
1.353209
1.354664
1.354294
1.353259
1.363141
1.379961
1.382355
1.364006
1.375594
1.341370
1.361248
1.353112
1.349921
1.362277
1.327582
1.335119
1.341442
1.338228
1.364038
1.369563
1.302526
1.358652
1.348032
1.369061
1.330256
1.360949
1.342723
1.336011
1.346299
1.320636
1.336565
1.360855
1.347132
1.338950
1.358592
1.364936
1.349448
1.354188
1.334250
1.341705
1.350930
1.357959
1.368043
1.355902
1.341501
1.356962
1.349190
1.343200
1.339344
1.362345
1.333274
1.329896
1.360249
1.368506
1.344227
1.354550
1.356307
1.350851
1.373287
1.325397
1.338180
1.356896
1.318402
1.327076
1.330537
1.345892
1.352906
1.338048
1.349701
1.329165
1.380252
1.331077
1.377261
1.333649
1.355476
1.335881
1.353097
1.328164
1.337568
1.324916
1.332849
1.341062
1.348075
1.360898
1.364572
1.350877
1.343135
1.353879
1.351550
1.325989
1.349496
1.342412
1.325693
1.345104
1.348489
1.335980
1.356852
1.341148
1.362252
1.337606
1.336244
1.335540
1.329888
1.356178
1.349634
1.331896
1.318597
1.341820
1.344386
1.291907
1.332818
1.317380
1.355722
1.327899
1.348650
1.315039
1.333522
1.322259
1.357351
1.316859
1.334316
1.324061
1.370137
1.367686
1.339685
1.335876
1.324819
1.356235
1.317116
1.353550
1.321990
1.339825
1.329142
1.340702
1.313522
1.303641
1.335497
1.348608
1.350010
1.323543
1.312417
1.334267
1.326850
1.339542
1.336236
1.340089
1.332873
1.340148
1.340421
1.324044
1.320706
1.330987
1.316653
1.335938
1.365800
1.306904
1.314479
1.322335
1.315703
1.332373
1.340115
1.319672
1.313528
1.324657
1.313101
1.340657
1.348660
1.325435
1.317681
1.342378
1.332612
1.330120
1.317480
1.349395
1.328335
1.373586
1.332618
1.315750
1.322254
1.323672
1.359370
1.342363
1.333268
1.346267
1.338008
1.341819
1.304421
1.354985
1.307954
1.358365
1.319014
1.327431
1.304784
1.359871
1.309133
1.322664
1.328782
1.324346
1.322666
1.306739
1.338563
1.320063
1.323751
1.313426
1.324616
1.315935
1.328555
1.329307
1.301830
1.312618
1.341677
1.337132
1.331124
1.337659
1.312188
1.327567
1.316973
1.315942
1.323356
1.320059
1.315290
1.300500
1.314040
1.304340
1.344520
1.321508
1.328072
1.294581
1.341094
1.306641
1.348603
1.315821
1.315441
1.323318
1.309635
1.331246
1.319268
1.335769
1.340016
1.339318
1.316613
1.298455
1.338977
1.318546
1.338856
1.321498
1.321440
1.330376
1.309833
1.312212
1.316366
1.307062
1.323342
1.321997
1.316942
1.299824
1.333188
1.317252
1.324752
1.339204
1.333421
1.313466
1.314862
1.298235
1.311837
1.329449
1.309293
1.305667
1.313381
1.322970
1.317774
1.321407
1.292497
1.315342
1.323467
1.310709
1.318378
1.311721
1.340378
1.315949
1.327249
1.299662
1.288825
1.287293
1.300789
1.326620
1.307798
1.306123
1.283893
1.317909
1.304328
1.301354
1.302915
1.300263
1.280927
1.306131
1.303163
1.308107
1.319750
1.325897
1.299364
1.292319
1.303451
1.328022
1.304137
1.291271
1.289909
1.310230
1.308562
1.315709
1.310365
1.301939
1.312003
1.344822
1.314277
1.335760
1.289323
1.338294
1.306821
1.315238
1.314537
1.300040
1.324892
1.290534
1.304361
1.324854
1.320196
1.324407
1.304433
1.294546
1.298197
1.309528
1.316315
1.310359
1.312208
1.313418
1.306813
1.317101
1.304606
1.286324
1.294032
1.314936
1.330493
1.292717
1.307100
1.297104
1.313657
1.289885
1.307162
1.315521
1.311171
1.297208
1.290060
1.293061
1.291065
1.304316
1.301056
1.290715
1.292585
1.301982
1.307972
1.295449
1.273702
1.297565
1.327577
1.300794
1.302803
1.303853
1.317252
1.321589
1.292144
1.305816
1.292818
1.300112
1.319046
1.296468
1.305960
1.316796
1.304398
1.316974
1.305217
1.312900
1.319594
1.309607
1.296677
1.323456
1.311612
1.307913
1.315882
1.298896
1.290209
1.313474
1.302349
1.289532
1.290107
1.294992
1.285648
1.279791
1.277952
1.311819
1.286670
1.282591
1.293410
1.311384
1.294868
1.306680
1.307556
1.299429
1.302843
1.325487
1.309166
1.279849
1.292738
1.268742
1.288620
1.278300
1.291672
1.286822
1.275368
1.295122
1.290765
1.299891
1.289515
1.302119
1.288902
1.304498
1.268714
1.283595
1.274711
1.282342
1.350775
1.296827
1.275571
1.292098
1.291712
1.297337
1.307328
1.260062
1.300436
1.266088
1.312974
1.259479
1.278107
1.306669
1.307222
1.300411
1.277676
1.290334
1.295634
1.280186
1.289016
1.287362
1.306331
1.276401
1.291266
1.292616
1.274437
1.266668
1.274621
1.284584
1.296825
1.286979
1.266975
1.301937
1.313538
1.281625
1.303124
1.310523
1.284428
1.287993
1.299237
1.282156
1.275252
1.275661
1.299883
1.280923
1.310626
1.294498
1.318505
1.271258
1.294750
1.273510
1.282327
1.280515
1.300395
1.286689
1.316509
1.269903
1.273974
1.280562
1.287744
1.266430
1.291522
1.298948
1.265582
1.271094
1.259997
1.283143
1.293896
1.280476
1.305409
1.293205
1.290473
1.288676
1.277272
1.302551
1.306498
1.272782
1.280296
1.277384
1.294405
1.290430
1.285661
1.278198
1.285669
1.288569
1.286148
1.279795
1.294270
1.266843
1.287727
1.277140
1.273280
1.319747
1.266166
1.269899
1.309416
1.268170
1.316300
1.287988
1.266050
1.281585
1.304951
1.285814
1.286518
1.289558
1.276976
1.278942
1.273683
1.271876
1.265482
1.288012
1.285289
1.279589
1.266614
1.273635
1.287164
1.293912
1.266003
1.292519
1.288100
1.271929
1.259373
1.287248
1.275628
1.281649
1.282040
1.274775
1.267630
1.279784
1.263536
1.284613
1.275806
1.272755
1.280804
1.274483
1.287638
1.283683
1.275036
1.274335
1.281897
1.283994
1.273793
1.299868
1.280655
1.280733
1.279256
1.270751
1.284378
1.272632
1.276612
1.284143
1.285766
1.269667
1.282979
1.285066
1.289000
1.272017
1.283593
1.261678
1.278322
1.246972
1.257512
1.275136
1.282191
1.269838
1.258156
1.260755
1.263504
1.284883
1.279087
1.277924
1.272722
1.250679
1.284792
1.282091
1.286017
1.253380
1.277216
1.285776
1.277212
1.282691
1.251895
1.265318
1.241285
1.274183
1.259923
1.280207
1.252384
1.280663
1.281198
1.245046
1.272078
1.261101
1.275942
1.266248
1.258364
1.281095
1.264922
1.264999
1.298106
1.279387
1.267405
1.274293
1.254608
1.256097
1.272198
1.256410
1.268168
1.280274
1.280192
1.268548
1.258362
1.271171
1.278484
1.283460
1.254296
1.266982
1.263956
1.264807
1.261466
1.262940
1.251007
1.284326
1.259281
1.257956
1.269656
1.256394
1.275495
1.263848
1.262373
1.252800
1.270555
1.267699
1.276841
1.268769
1.281872
1.254974
1.257849
1.247317
1.282757
1.266738
1.273728
1.268115
1.259693
1.263170
1.256118
1.257589
1.301862
1.265312
1.269384
1.261753
1.248785
1.239464
1.266440
1.253682
1.281562
1.270644
1.250952
1.255375
1.255604
1.264170
1.277709
1.248680
1.265767
1.250075
1.263603
1.263212
1.264820
1.262431
1.269253
1.254550
1.270614
1.246937
1.241084
1.248485
1.244201
1.261459
1.257835
1.274747
1.247611
1.253419
1.255036
1.267242
1.255796
1.250769
1.261169
1.251378
1.254848
1.261532
1.252057
1.271596
1.247559
1.260275
1.243203
1.240631
1.261249
1.270019
1.249231
1.249612
1.268698
1.222108
1.255527
1.251903
1.269876
1.256811
1.252114
1.246164
1.246236
1.256474
1.253010
1.259215
1.256680
1.253065
1.234557
1.256579
1.276406
1.237581
1.287788
1.253173
1.230943
1.248545
1.244914
1.263073
1.281868
1.250669
1.262054
1.266223
1.250876
1.250023
1.247940
1.246162
1.225111
1.228939
1.244985
1.225961
1.230095
1.255314
1.247262
1.238542
1.244786
1.276613
1.237207
1.238052
1.254560
1.275207
1.232376
1.229183
1.231743
1.250157
1.268447
1.241851
1.242074
1.243834
1.258868
1.239200
1.229520
1.243185
1.252587
1.265390
1.258647
1.244684
1.288438
1.241136
1.235351
1.224723
1.248843
1.243095
1.242549
1.228428
1.220252
1.265984
1.243584
1.232424
1.234191
1.244549
1.253604
1.224183
1.268813
1.237765
1.238140
1.240049
1.242413
1.261604
1.260912
1.252205
1.262089
1.231383
1.234378
1.253368
1.253280
1.245598
1.232187
1.229789
1.240146
1.243723
1.229686
1.235904
1.244527
1.235577
1.248910
1.238465
1.221752
1.247279
1.237745
1.236433
1.241844
1.231506
1.236936
1.236543
1.238747
1.253074
1.246330
1.250328
1.234270
1.231884
1.240353
1.243306
1.222082
1.258970
1.254976
1.247648
1.229586
1.258308
1.261809
1.230091
1.239621
1.247413
1.243693
1.245269
1.229040
1.245997
1.241668
1.236870
1.224699
1.230896
1.245094
1.257034
1.233989
1.221494
1.268671
1.234637
1.228138
1.242046
1.227349
1.241564
1.250517
1.240930
1.231577
1.235445
1.227431
1.230091
1.235784
1.243260
1.231043
1.249697
1.237244
1.238971
1.247021
1.236671
1.223333
1.226913
1.226519
1.224444
1.224813
1.224113
1.232250
1.242290
1.236162
1.224368
1.235830
1.224801
1.230952
1.239786
1.239242
1.222000
1.242371
1.211540
1.234803
1.233805
1.242155
1.253427
1.238061
1.234802
1.225464
1.247389
1.232111
1.242263
1.216557
1.245823
1.231445
1.234978
1.263503
1.210895
1.242966
1.227659
1.232258
1.219267
1.229052
1.214809
1.225386
1.237221
1.248493
1.230712
1.244879
1.238053
1.247077
1.249067
1.207101
1.252885
1.247893
1.245567
1.246367
1.247166
1.239616
1.200469
1.227709
1.229880
1.244317
1.228942
1.231109
1.219378
1.217311
1.251858
1.240774
1.235149
1.228598
1.230612
1.220105
1.206602
1.219164
1.224217
1.253955
1.238738
1.236853
1.230320
1.207501
1.256421
1.241098
1.238919
1.229555
1.213907
1.267928
1.236456
1.234571
1.226837
1.221625
1.236080
1.236731
1.238126
1.218083
1.229129
1.214113
1.217806
1.235570
1.220489
1.217528
1.230213
1.230418
1.224180
1.232619
1.203853
1.203304
1.222605
1.210884
1.242834
1.223376
1.237015
1.220634
1.228037
1.221049
1.223957
1.227007
1.210660
1.235310
1.232540
1.231254
1.235469
1.215334
1.219154
1.188781
1.209009
1.202081
1.195881
1.217784
1.235742
1.236090
1.212986
1.227434
1.225997
1.220071
1.244457
1.201007
1.223079
1.210974
1.213141
1.234243
1.234295
1.205461
1.226833
1.204971
1.216934
1.219685
1.238145
1.239668
1.211298
1.236381
1.241875
1.223443
1.223795
1.217430
1.225389
1.220080
1.214749
1.221827
1.233741
1.223274
1.210017
1.220551
1.229069
1.205668
1.205876
1.209695
1.214848
1.229769
1.204745
1.223948
1.205461
1.187457
1.229875
1.221484
1.223318
1.229141
1.215239
1.224511
1.220112
1.217188
1.199991
1.220862
1.208981
1.215165
1.223982
1.220922
1.220231
1.230626
1.197575
1.226600
1.221920
1.202268
1.236737
1.198461
1.206488
1.221583
1.198781
1.208297
1.219663
1.211242
1.227294
1.196043
1.225774
1.209962
1.208671
1.222088
1.203841
1.213151
1.201250
1.206995
1.208840
1.220469
1.225677
1.226314
1.204122
1.204475
1.232320
1.218997
1.222292
1.216288
1.201899
1.216832
1.212884
1.203704
1.209719
1.183472
1.207144
1.206749
1.215704
1.206705
1.201534
1.208742
1.211909
1.215806
1.204283
1.199406
1.210481
1.210976
1.199416
1.200963
1.222916
1.208213
1.221104
1.214971
1.212363
1.208860
1.204159
1.224419
1.214037
1.212610
1.201090
1.200098
1.220700
1.208077
1.203528
1.198217
1.208523
1.228236
1.213051
1.217071
1.230697
1.201655
1.203636
1.203242
1.194355
1.205270
1.207391
1.193016
1.176805
1.214757
1.203000
1.217784
1.198348
1.194674
1.195024
1.198798
1.207291
1.207929
1.191647
1.190353
1.206009
1.205024
1.198705
1.215122
1.214437
1.203594
1.186827
1.193156
1.202707
1.203642
1.188683
1.206983
1.199055
1.215146
1.198265
1.223249
1.192869
1.193069
1.205845
1.176243
1.197524
1.210099
1.202942
1.209313
1.202449
1.208966
1.224019
1.204948
1.210423
1.187270
1.207732
1.200277
1.224711
1.207724
1.194361
1.215848
1.187178
1.213898
1.203407
1.201395
1.217522
1.186090
1.199623
1.191986
1.191146
1.186291
1.198929
1.225632
1.207241
1.200542
1.208209
1.198576
1.191093
1.181775
1.203709
1.207850
1.214590
1.202528
1.187828
1.204084
1.180487
1.197868
1.213108
1.198108
1.196096
1.205962
1.195748
1.207509
1.199660
1.197652
1.196963
1.217835
1.212089
1.211406
1.207235
1.185839
1.192093
1.210708
1.204789
1.199868
1.184747
1.222708
1.209181
1.210964
1.185384
1.175923
1.210223
1.193634
1.199102
1.203087
1.172292
1.193083
1.188421
1.205007
1.185712
1.182654
1.225020
1.191155
1.193403
1.215385
1.176515
1.203608
1.173487
1.200057
1.204027
1.179133
1.191712
1.163266
1.193999
1.197258
1.191160
1.178086
1.199720
1.188654
1.172885
1.193287
1.200619
1.192937
1.207945
1.193318
1.203544
1.202862
1.189793
1.192763
1.181360
1.202160
1.202637
1.193814
1.200837
1.206374
1.182815
1.189315
1.182612
1.214727
1.181967
1.200405
1.194495
1.196718
1.174628
1.184837
1.186494
1.186245
1.190236
1.192465
1.187256
1.167693
1.195936
1.197428
1.182600
1.167588
1.213664
1.189167
1.172176
1.184579
1.183599
1.182178
1.181196
1.180067
1.192956
1.192272
1.190861
1.168601
1.191381
1.183262
1.183890
1.185102
1.188206
1.191736
1.167596
1.197462
1.187648
1.185068
1.211211
1.195024
1.186798
1.191777
1.179001
1.176113
1.193492
1.191362
1.174044
1.184911
1.159648
1.179891
1.182124
1.174559
1.194104
1.186471
1.183023
1.192925
1.186596
1.176288
1.195208
1.192508
1.178903
1.190277
1.182922
1.196556
1.183878
1.157627
1.179596
1.192105
1.180409
1.206513
1.195678
1.183006
1.169907
1.190901
1.164258
1.195584
1.193898
1.164393
1.181988
1.174750
1.188149
1.174835
1.180991
1.206167
1.173648
1.190508
1.179122
1.166308
1.178042
1.187639
1.170396
1.177003
1.188189
1.199981
1.176836
1.157085
1.189496
1.185213
1.176565
1.185003
1.174174
1.169549
1.176583
1.162748
1.180289
1.203400
1.189305
1.189630
1.206905
1.184241
1.184424
1.186334
1.191252
1.205946
1.167761
1.186775
1.163750
1.188860
1.179688
1.183045
1.170780
1.186285
1.186753
1.187938
1.167887
1.167199
1.183889
1.201475
1.184252
1.181702
1.184615
1.175720
1.185121
1.175076
1.164802
1.189812
1.166925
1.176967
1.162194
1.184522
1.164321
1.173366
1.163383
1.161819
1.175363
1.168018
1.157996
1.192096
1.162610
1.183031
1.177035
1.183821
1.187002
1.159314
1.181926
1.175066
1.186147
1.171969
1.173595
1.177089
1.168760
1.167061
1.183079
1.170324
1.159039
1.158058
1.163488
1.168166
1.173113
1.176746
1.174340
1.168178
1.187143
1.198502
1.183796
1.179404
1.183154
1.174890
1.166426
1.190650
1.175001
1.183189
1.186355
1.200091
1.165357
1.177048
1.180943
1.188088
1.176155
1.168580
1.201154
1.156202
1.164365
1.180620
1.168768
1.203269
1.164085
1.165423
1.174084
1.178836
1.166546
1.183459
1.160412
1.176266
1.170720
1.168747
1.162879
1.165657
1.183130
1.158222
1.179078
1.160036
1.178863
1.170904
1.171942
1.171835
1.175584
1.188803
1.165203
1.182934
1.177290
1.178320
1.161897
1.177678
1.172869
1.161721
1.184015
1.171262
1.171297
1.175893
1.162339
1.162088
1.164137
1.158850
1.152380
1.170259
1.171435
1.168615
1.180027
1.173818
1.163567
1.166326
1.161630
1.168684
1.160266
1.165753
1.178735
1.163819
1.163282
1.149044
1.166644
1.170245
1.164570
1.169601
1.172764
1.161096
1.158836
1.156715
1.177714
1.165531
1.156394
1.162457
1.162778
1.143342
1.196536
1.150667
1.141568
1.147561
1.175071
1.158443
1.153594
1.165376
1.169961
1.169994
1.166617
1.170203
1.166116
1.156434
1.175535
1.156936
1.160264
1.148521
1.174816
1.158939
1.166670
1.160295
1.160187
1.180180
1.158541
1.160718
1.176338
1.139195
1.142860
1.161853
1.164447
1.177477
1.147055
1.162557
1.158744
1.165606
1.150223
1.151838
1.179094
1.165171
1.162365
1.175397
1.164135
1.168555
1.153231
1.187810
1.167662
1.170940
1.142881
1.157971
1.159428
1.160030
1.156505
1.179401
1.176633
1.152897
1.154787
1.158382
1.156708
1.163978
1.140723
1.152531
1.169435
1.160709
1.157477
1.147375
1.154982
1.180087
1.150914
1.160903
1.179754
1.134767
1.152049
1.162021
1.129220
1.138960
1.150186
1.161866
1.151110
1.168689
1.138420
1.171134
1.172423
1.170773
1.153872
1.155609
1.122832
1.169070
1.169380
1.175559
1.160721
1.153391
1.162194
1.155725
1.154765
1.152101
1.145009
1.137443
1.154610
1.154359
1.157080
1.158524
1.166151
1.165199
1.142707
1.143885
1.156985
1.157299
1.148119
1.146586
1.172948
1.146510
1.142692
1.149135
1.160754
1.163311
1.152492
1.150966
1.161716
1.149896
1.167934
1.153074
1.150559
1.148748
1.158805
1.156302
1.155487
1.178126
1.154562
1.140977
1.151941
1.153949
1.147050
1.157529
1.156574
1.136892
1.163922
1.167715
1.166350
1.144577
1.170301
1.132512
1.114910
1.142148
1.152794
1.154935
1.147774
1.134578
1.139179
1.165821
1.147616
1.153286
1.135031
1.165653
1.154500
1.149323
1.161138
1.140751
1.155179
1.151697
1.164036
1.150208
1.153893
1.158123
1.134999
1.155242
1.145283
1.149403
1.150558
1.140564
1.166806
1.158349
1.141649
1.172964
1.128901
1.121755
1.168209
1.153346
1.154495
1.144973
1.140907
1.157512
1.145768
1.163546
1.166204
1.148389
1.136275
1.144931
1.137756
1.148225
1.150778
1.151086
1.165582
1.143420
1.136668
1.144324
1.142946
1.157394
1.145116
1.135547
1.138550
1.169120
1.143264
1.157694
1.132298
1.156636
1.120372
1.133102
1.144424
1.143189
1.155797
1.148434
1.149860
1.158791
1.127923
1.141958
1.147316
1.135109
1.146533
1.144740
1.156618
1.160935
1.156532
1.150024
1.147958
1.162554
1.137073
1.152499
1.156826
1.127116
1.138458
1.141297
1.150546
1.140933
1.130533
1.137197
1.144239
1.147617
1.146808
1.149621
1.152287
1.155223
1.151368
1.126983
1.145298
1.152279
1.135547
1.140908
1.142894
1.147940
1.149079
1.165654
1.138247
1.151516
1.144593
1.128197
1.126388
1.146344
1.136734
1.149036
1.148646
1.134995
1.130663
1.144278
1.125214
1.111717
1.137099
1.129963
1.158099
1.158398
1.142376
1.133032
1.141733
1.142873
1.135641
1.125967
1.121752
1.144924
1.128452
1.132697
1.142363
1.119068
1.140746
1.119838
1.130733
1.139293
1.153306
1.141017
1.132528
1.134096
1.128796
1.138757
1.152211
1.134904
1.118611
1.131882
1.148588
1.144466
1.135319
1.134787
1.157887
1.138742
1.137933
1.134197
1.143674
1.131876
1.129385
1.147615
1.143359
1.134218
1.134663
1.142742
1.130669
1.131674
1.122447
1.135630
1.140514
1.151428
1.138070
1.120900
1.134091
1.119407
1.142876
1.139859
1.130014
1.142950
1.119550
1.136079
1.144952
1.119354
1.144725
1.133125
1.144222
1.122560
1.128187
1.126537
1.134782
1.119722
1.140092
1.139287
1.137376
1.138922
1.128957
1.122415
1.138166
1.146039
1.145239
1.133534
1.126326
1.131919
1.137208
1.145765
1.150030
1.132992
1.120894
1.118818
1.138181
1.140960
1.135054
1.146221
1.134688
1.131528
1.132800
1.120997
1.131465
1.129964
1.134143
1.142291
1.141765
1.134768
1.135758
1.124418
1.137735
1.123634
1.134199
1.116840
1.151228
1.132752
1.137462
1.125875
1.136683
1.120356
1.122056
1.109473
1.117502
1.129352
1.140528
1.131612
1.137281
1.140047
1.143215
1.128253
1.139155
1.126641
1.133019
1.133318
1.135679
1.127016
1.123437
1.140132
1.129714
1.119759
1.123259
1.130888
1.127600
1.130108
1.120442
1.125460
1.112263
1.107520
1.130088
1.130524
1.143141
1.123668
1.108920
1.129516
1.131465
1.113618
1.102701
1.123260
1.130594
1.137742
1.115282
1.133955
1.133430
1.122852
1.116775
1.128004
1.112787
1.113788
1.132192
1.134268
1.126743
1.140041
1.122514
1.127912
1.127385
1.122861
1.131547
1.135397
1.123208
1.149003
1.132456
1.136301
1.112636
1.132931
1.120312
1.113546
1.138990
1.132197
1.109026
1.127586
1.135399
1.122407
1.127515
1.111381
1.126188
1.107392
1.124310
1.138669
1.122981
1.128217
1.135334
1.137120
1.127735
1.111073
1.121604
1.126842
1.125905
1.133028
1.122519
1.119240
1.121052
1.127109
1.103499
1.130019
1.108426
1.139158
1.119950
1.123405
1.121643
1.112708
1.103144
1.115242
1.122829
1.124220
1.122873
1.142854
1.118250
1.123622
1.104599
1.113909
1.098510
1.117949
1.114806
1.114829
1.127593
1.117076
1.118610
1.110366
1.124812
1.110551
1.124035
1.115561
1.119975
1.131850
1.102072
1.120998
1.106703
1.127857
1.131541
1.109540
1.117408
1.110829
1.101295
1.112665
1.125278
1.108712
1.125591
1.115365
1.114975
1.127553
1.120767
1.119969
1.138411
1.114399
1.116887
1.125771
1.105927
1.106089
1.123928
1.118224
1.125598
1.099255
1.097472
1.110360
1.107904
1.123524
1.110426
1.130604
1.118275
1.096947
1.128364
1.115742
1.115763
1.101066
1.103579
1.140816
1.113385
1.118322
1.110002
1.115772
1.114427
1.130187
1.124803
1.115308
1.098554
1.117667
1.094299
1.114981
1.111860
1.110512
1.109574
1.119010
1.117807
1.109364
1.135383
1.122478
1.111343
1.116138
1.124292
1.112498
1.123249
1.114039
1.113923
1.113125
1.104249
1.120908
1.127000
1.090214
1.090656
1.121524
1.113402
1.128701
1.111535
1.116995
1.113890
1.115541
1.106973
1.113677
1.113425
1.118464
1.102946
1.103791
1.126475
1.116373
1.105634
1.107432
1.119676
1.123470
1.120523
1.094194
1.091865
1.112999
1.096468
1.115478
1.104200
1.112397
1.108881
1.110262
1.103462
1.104440
1.106508
1.105573
1.098062
1.107795
1.113653
1.126195
1.111658
1.110727
1.112238
1.132401
1.125207
1.102089
1.116909
1.109213
1.118158
1.097927
1.110492
1.097695
1.105503
1.126158
1.133631
1.116126
1.115739
1.097546
1.115101
1.109577
1.118233
1.104455
1.102568
1.121639
1.104241
1.099626
1.096089
1.101985
1.107848
1.078199
1.100681
1.123107
1.113193
1.112671
1.129416
1.112167
1.104744
1.122803
1.114510
1.100178
1.130301
1.114696
1.120745
1.101072
1.097140
1.136188
1.105880
1.111570
1.119906
1.113488
1.098350
1.106783
1.112061
1.103707
1.109402
1.103066
1.109976
1.114563
1.100544
1.103953
1.124490
1.101279
1.104278
1.095606
1.106206
1.103251
1.090611
1.086243
1.112734
1.114493
1.118652
1.125183
1.093737
1.101637
1.110419
1.114858
1.103179
1.095060
1.121304
1.103233
1.111726
1.096904
1.093114
1.100195
1.094514
1.098471
1.097405
1.095795
1.121584
1.092296
1.086580
1.103714
1.104674
1.095499
1.105784
1.092819
1.093246
1.095302
1.102487
1.118027
1.106288
1.097273
1.096885
1.098932
1.078496
1.095450
1.101278
1.115087
1.113771
1.093896
1.099460
1.075889
1.109830
1.109178
1.108525
1.108006
1.099699
1.100793
1.103767
1.084560
1.107952
1.107433
1.117828
1.108666
1.106678
1.111364
1.105907
1.109262
1.101650
1.112621
1.102085
1.100087
1.096335
1.099717
1.108835
1.095712
1.085569
1.096959
1.112088
1.121623
1.125972
1.098238
1.098792
1.095310
1.106987
1.087910
1.102209
1.092412
1.089861
1.091636
1.095294
1.096522
1.097210
1.096421
1.094419
1.106753
1.091353
1.083106
1.096234
1.109337
1.098012
1.097760
1.090242
1.091069
1.093780
1.095946
1.104386
1.107593
1.104948
1.114767
1.092130
1.094567
1.088389
1.085432
1.109415
1.099052
1.085215
1.109721
1.100967
1.103646
1.096455
1.100212
1.076631
1.093419
1.093838
1.095998
1.098686
1.102300
1.089066
1.080161
1.111612
1.098228
1.079808
1.087399
1.117710
1.082301
1.092689
1.096183
1.084111
1.104197
1.095027
1.089280
1.099724
1.100271
1.101614
1.060084
1.098452
1.106028
1.083742
1.068409
1.089693
1.096794
1.115172
1.111509
1.082899
1.105077
1.089118
1.091143
1.089552
1.085944
1.087840
1.095875
1.099876
1.088290
1.090314
1.080386
1.109041
1.089825
1.095045
1.098249
1.079526
1.086539
1.101073
1.087241
1.083499
1.086736
1.103240
1.085695
1.085979
1.099712
1.070762
1.087499
1.086309
1.084314
1.077738
1.083541
1.080601
1.094120
1.076456
1.094281
1.077704
1.081220
1.087131
1.090215
1.080461
1.101242
1.092519
1.107577
1.104964
1.089236
1.091247
1.098284
1.073451
1.087028
1.074565
1.085322
1.090002
1.071779
1.095468
1.113196
1.100509
1.083942
1.094198
1.084640
1.077153
1.095164
1.086418
1.088828
1.090170
1.086062
1.083943
1.098144
1.086371
1.089443
1.085202
1.076253
1.085097
1.076553
1.115076
1.095213
1.087947
1.098268
1.085050
1.062063
1.102110
1.074799
1.074950
1.085786
1.095195
1.081686
1.076889
1.088892
1.082396
1.086533
1.098948
1.083238
1.061886
1.083532
1.106834
1.074347
1.089672
1.070214
1.088111
1.077486
1.082301
1.101692
1.082196
1.079413
1.094255
1.089128
1.084508
1.095342
1.093383
1.087329
1.081509
1.103756
1.080473
1.076090
1.084881
1.078519
1.079864
1.097947
1.083874
1.083357
1.083238
1.061028
1.081541
1.086980
1.101807
1.087270
1.082390
1.084521
1.087439
1.067492
1.079791
1.074882
1.070488
1.084202
1.080509
1.077203
1.068673
1.070696
1.072315
1.073930
1.081912
1.083511
1.094169
1.080363
1.079846
1.069344
1.076423
1.079356
1.074323
1.084667
1.086391
1.080335
1.063013
1.088004
1.098729
1.083159
1.070038
1.085159
1.064314
1.082153
1.085721
1.076227
1.078889
1.071604
1.061721
1.063750
1.071779
1.076041
1.076187
1.074742
1.078726
1.064911
1.066931
1.076914
1.079437
1.066039
1.085251
1.078154
1.083173
1.069164
1.083984
1.086225
1.083876
1.076116
1.080745
1.074686
1.082478
1.095676
1.099830
1.065439
1.072765
1.073572
1.074511
1.089361
1.071757
1.073094
1.070855
1.072061
1.061561
1.069302
1.072761
1.073171
1.075824
1.072005
1.074397
1.083479
1.066873
1.079043
1.073655
1.092772
1.073547
1.082629
1.076077
1.086830
1.099924
1.085025
1.084774
1.061832
1.076937
1.080229
1.071823
1.090161
1.072243
1.075417
1.061796
1.062874
1.074268
1.087621
1.081897
1.067969
1.071549
1.080360
1.052953
1.080774
1.083916
1.086399
1.072017
1.074659
1.069007
1.071657
1.071801
1.047309
1.071956
1.067220
1.081281
1.070675
1.063816
1.061042
1.070052
1.078852
1.071654
1.080700
1.069836
1.074315
1.064316
1.090599
1.064341
1.062897
1.070169
1.067811
1.064919
1.069678
1.067846
1.063370
1.067475
1.069855
1.074849
1.076428
1.055205
1.068718
1.060413
1.071892
1.082077
1.083643
1.066407
1.074814
1.062870
1.067364
1.050407
1.061585
1.058950
1.063327
1.073450
1.069795
1.085166
1.065746
1.083243
1.068134
1.084037
1.071824
1.071442
1.068047
1.063721
1.081364
1.074877
1.059138
1.070851
1.073082
1.077778
1.055216
1.084656
1.081176
1.076777
1.077695
1.071588
1.070423
1.068864
1.064419
1.064430
1.064310
1.063664
1.074653
1.072320
1.068807
1.069471
1.079229
1.072620
1.057688
1.080031
1.068085
1.069662
1.063261
1.045276
1.070344
1.064998
1.078153
1.075183
1.077523
1.088344
1.067404
1.065062
1.069250
1.066912
1.071222
1.070321
1.063544
1.066953
1.077480
1.069189
1.063717
1.064120
1.078030
1.074290
1.078692
1.058001
1.070296
1.057103
1.069145
1.055151
1.070074
1.054779
1.072556
1.065548
1.053760
1.054694
1.068831
1.043333
1.054991
1.093382
1.054093
1.072765
1.056745
1.051623
1.059781
1.062928
1.070349
1.068023
1.060477
1.063620
1.052890
1.062596
1.062085
1.065221
1.042623
1.063548
1.056110
1.067595
1.076515
1.065797
1.061251
1.051962
1.070617
1.064924
1.061681
1.060648
1.059745
1.064961
1.045713
1.054806
1.062910
1.044426
1.051689
1.078423
1.068004
1.059703
1.065561
1.059723
1.065708
1.057525
1.079495
1.057153
1.061462
1.071047
1.062779
1.046835
1.070941
1.064751
1.053303
1.060487
1.067234
1.057122
1.067250
1.057532
1.067008
1.073195
1.052470
1.051695
1.066912
1.063042
1.059159
1.061894
1.055925
1.062300
1.043098
1.057385
1.055051
1.081704
1.045777
1.055210
1.055741
1.051315
1.049100
1.070246
1.055258
1.053704
1.064864
1.048104
1.047329
1.065017
1.061798
1.074654
1.050249
1.054041
1.060538
1.069049
1.056798
1.082956
1.060830
1.052275
1.048107
1.050208
1.050348
1.063323
1.044875
1.055451
1.057923
1.054820
1.057551
1.064785
1.054717
1.056800
1.036410
1.065971
1.055401
1.051123
1.062393
1.048406
1.050761
1.043458
1.064224
1.051569
1.060636
1.051067
1.061553
1.057822
1.049534
1.049543
1.056296
1.045782
1.066858
1.056967
1.027246
1.060077
1.049217
1.053768
1.042715
1.042202
1.071630
1.034211
1.046800
1.067952
1.053309
1.062079
1.050216
1.068870
1.061458
1.067096
1.073211
1.060966
1.043506
1.041165
1.053004
1.049646
1.056890
1.050700
1.057291
1.051493
1.050208
1.054093
1.056163
1.050880
1.067952
1.057086
1.057479
1.056200
1.057879
1.050541
1.051712
1.061872
1.050695
1.060093
1.058434
1.052784
1.050211
1.049443
1.054095
1.052557
1.050243
1.054889
1.027549
1.043663
1.059015
1.056331
1.033380
1.052361
1.069987
1.048765
1.053926
1.038791
1.051497
1.060607
1.053955
1.069136
1.057687
1.060887
1.040157
1.047037
1.039525
1.046536
1.053883
1.037730
1.050686
1.042038
1.056089
1.046842
1.048527
1.062740
1.061219
1.040922
1.046494
1.046502
1.049730
1.059465
1.056793
1.036035
1.045767
1.046677
1.056051
1.048495
1.047087
1.036741
1.060281
1.049938
1.056599
1.046480
1.061700
1.043142
1.059933
1.045351
1.058036
1.044980
1.053457
1.039052
1.054619
1.054370
1.044115
1.051187
1.043099
1.052095
1.045304
1.049933
1.048914
1.057092
1.043145
1.051878
1.052522
1.054951
1.045876
1.047167
1.038803
1.044098
1.062843
1.040506
1.048610
1.057920
1.051818
1.032120
1.045561
1.050815
1.065022
1.044298
1.040445
1.052879
1.034646
1.041627
1.041505
1.042798
1.046525
1.053041
1.050371
1.058507
1.052421
1.050517
1.029279
1.047721
1.043888
1.028915
1.049399
1.057153
1.050812
1.052217
1.038404
1.023626
1.058441
1.035977
1.040620
1.041269
1.044351
1.057580
1.040776
1.041937
1.045782
1.034877
1.040418
1.041323
1.046572
1.031549
1.036976
1.062283
1.035832
1.050927
1.043033
1.050683
1.038433
1.034839
1.047395
1.040505
1.048042
1.051982
1.040269
1.048186
1.054652
1.059571
1.036576
1.047445
1.028984
1.038136
1.048731
1.037509
1.035975
1.042639
1.046593
1.044308
1.046476
1.036779
1.029063
1.041654
1.047387
1.035908
1.030771
1.056245
1.024062
1.038752
1.041823
1.047549
1.041962
1.051607
1.048451
1.045286
1.058664
1.042372
1.030730
1.038814
1.047467
1.026626
1.039215
1.033592
1.046093
1.043687
1.052922
1.048512
1.027969
1.031835
1.032484
1.036715
1.041691
1.044870
1.039921
1.031619
1.042856
1.035346
1.038415
1.042744
1.044777
1.031659
1.040220
1.032569
1.043403
1.042394
1.026039
1.042277
1.036051
1.044187
1.043939
1.044829
1.046349
1.045596
1.028538
1.031877
1.047879
1.026117
1.041191
1.037132
1.040186
1.032937
1.035494
1.030648
1.036269
1.021666
1.037551
1.041234
1.043515
1.045034
1.025950
1.048817
1.034531
1.037079
1.015396
1.034929
1.030855
1.042544
1.047084
1.025882
1.034320
1.034961
1.034966
1.042822
1.039162
1.041316
1.035115
1.038164
1.034108
1.027355
1.028640
1.034124
1.033367
1.034262
1.041859
1.037062
1.039343
1.045896
1.036823
1.024089
1.018569
1.046788
1.059252
1.034566
1.037862
1.012794
1.030389
1.039265
1.029509
1.021075
1.041797
1.047571
1.043187
1.024561
1.037275
1.025978
1.035641
1.033620
1.040065
1.033249
1.036796
1.018715
1.028185
1.043351
1.039837
1.021948
1.036316
1.035058
1.034557
1.035824
1.036459
1.040994
1.045132
1.032682
1.042133
1.015211
1.042892
1.018692
1.037499
1.028782
1.024973
1.047653
1.028797
1.018731
1.017199
1.039787
1.023349
1.037910
1.054495
1.031490
1.048918
1.032762
1.036671
1.022751
1.019694
1.027719
1.042701
1.032408
1.024687
1.029890
1.033429
1.046330
1.035074
1.017830
1.033193
1.026626
1.010921
1.029546
1.013377
1.041113
1.022461
1.029690
1.026406
1.041624
1.007369
1.029455
1.024651
1.026556
1.023392
1.033124
1.031492
1.031748
1.025693
1.027341
1.026714
1.033146
1.036786
1.041784
1.024834
1.034289
1.027372
1.026239
1.037054
1.032043
1.021694
1.014696
1.019799
1.026265
1.041186
1.027787
1.037826
1.036080
1.024264
1.029062
1.021235
1.023898
1.030330
1.015402
1.026940
1.012989
1.032351
1.026322
1.015302
1.024059
1.017476
1.031866
1.020151
1.025085
1.032001
1.032379
1.038248
1.019921
1.022203
1.021954
1.028007
1.026502
1.023734
1.030651
1.016657
1.035031
1.032911
1.023880
1.019211
1.031044
1.026911
1.040513
1.043732
1.033554
1.037292
1.030937
1.010867
1.016719
1.013042
1.029823
1.032823
1.029828
1.016616
1.024066
1.029086
1.022186
1.034705
1.025964
1.026845
1.035085
1.023463
1.021957
1.025353
1.018056
1.038815
1.025739
1.037579
1.029123
1.026750
1.027879
1.015558
1.036844
1.018345
1.018728
1.013043
1.017600
1.019747
1.024272
1.024777
1.016859
1.035495
1.007233
1.033018
1.037233
1.032649
1.028295
1.024425
1.022298
1.029922
1.032783
1.033529
1.017663
1.015272
1.024445
1.023573
1.020317
1.040085
1.006679
1.010999
1.036882
1.022839
1.021214
1.022720
1.037133
1.014689
1.023479
1.015200
1.029215
1.028099
1.026358
1.022742
1.010803
1.023872
1.030715
1.029104
1.027740
1.015363
1.034062
1.027870
1.021392
1.020144
1.031100
1.016139
1.019652
1.030485
1.020159
1.009603
1.030118
1.029996
1.014781
1.014281
1.025659
1.026655
1.008116
1.011779
1.016181
1.019189
1.011413
1.005733
1.019697
1.020947
1.024933
1.017330
1.006514
1.018086
1.016963
1.027917
1.023826
1.008682
1.017224
1.005533
1.004904
1.027431
1.027061
1.017113
1.016741
1.003661
1.029661
1.027686
1.015877
1.027936
1.019127
1.028062
1.014762
1.026086
1.024602
1.019263
1.008124
1.012773
1.015654
1.015906
1.018403
1.022134
1.018905
1.018658
1.009283
1.015796
1.021770
1.004763
1.026475
1.016928
1.036425
1.021283
1.032875
1.033733
1.029929
1.020297
1.022530
1.023644
1.015578
1.021667
1.015956
1.019563
1.020805
1.018822
1.002306
1.004704
1.014973
1.015847
1.011485
1.000811
1.010115
1.024401
1.014737
1.008371
1.029323
1.021812
1.023665
1.013628
1.012633
1.034827
1.020706
1.013387
1.007771
0.996698
1.024535
1.018486
1.009908
1.020838
1.015515
1.011537
1.006793
1.013408
0.996862
1.007052
1.020228
1.010927
1.018377
1.019738
1.008190
1.018875
1.013177
1.024176
1.010196
1.009949
1.026999
1.024300
1.027611
1.013811
1.008215
1.006345
1.020244
1.009468
1.014562
1.008102
1.017039
0.998590
1.037828
1.004866
1.016056
1.001617
1.025040
1.020498
1.037335
1.009990
1.019023
1.005636
1.020378
1.013717
1.014584
1.014833
1.022099
1.020134
1.023693
0.997896
1.012242
1.004537
1.009517
1.003669
1.020874
1.013980
1.025404
1.016203
1.004928
1.003059
1.013615
1.003314
1.023814
1.015838
1.007428
0.991028
1.017440
1.011522
1.009295
1.003083
1.019406
1.017811
1.009673
1.016829
1.012271
1.020264
1.020877
1.014370
1.023565
1.020387
1.011660
1.008695
0.996619
0.994490
1.019775
0.994245
0.999381
1.017815
1.014500
1.022218
1.012779
1.007842
1.001514
1.006855
0.996777
1.012044
1.003139
1.018672
1.030831
1.016223
1.003767
0.994419
1.006248
0.994550
1.016958
1.007983
1.002039
1.016958
0.998186
1.012667
1.014386
1.010823
1.007990
1.012423
0.991198
1.005276
1.016346
1.011933
1.015122
1.007380
1.008983
1.022682
1.006643
1.003802
1.022071
0.991231
1.010831
1.021218
1.004673
0.996986
0.996863
1.001708
1.014264
0.993254
1.014142
1.021331
0.997621
1.008378
1.022905
1.002090
0.999243
1.014751
0.999990
1.000611
1.018649
0.998010
1.006415
1.008751
0.998635
0.994164
0.993419
1.020343
0.996657
0.995167
1.007157
1.019125
1.011081
1.000381
1.017543
1.008264
1.007896
1.005563
1.010713
1.004580
1.000637
1.002488
1.004459
1.007407
0.994946
1.012055
1.004953
0.999656
1.009855
1.001262
0.995576
1.008020
1.002250
1.002497
0.996697
0.998553
1.016912
0.995587
0.998186
1.007652
1.003976
1.016664
1.007163
1.006306
1.018113
0.999426
1.013138
1.004959
1.010946
1.006183
1.009848
1.002506
1.009237
1.003734
0.999310
1.005326
1.019423
1.005326
0.991280
0.990785
1.003979
1.000299
0.998208
1.012150
1.008133
0.990671
0.996485
1.001529
1.000302
1.005080
0.995255
1.007154
0.999198
0.996245
1.002265
0.998953
0.985097
0.992916
0.982607
0.998955
0.993908
0.985855
1.007878
1.014426
1.004220
0.987353
1.000673
1.019602
0.991693
0.993423
1.001163
0.998467
0.980268
0.998468
1.006530
