Starting the test of the hash function low quality hash with the word lexikon OnlyB
Starting to load map from OnlyB
Loading finished. Loaded 8167 words from file.
Started measuring access times
accessing: Bassin
945685
941344
964123
958004
948249
accessing: Bodennahe
339883
339271
341599
341289
342369
accessing: Bahnhofsbuchhandlung
287914
287331
286022
288311
288621
accessing: beteuern
1558465
1555129
1550944
1551773
1555932
Finished measuring access times
Starting to calculate: 8167 Collisions
4063.500000
247.969532
3524.877188
223.733413
1365.548659
345.852039
2693.430036
181.229818
828.329651
243.580998
1181.336211
151.117964
628.773137
193.600918
1971.757876
184.208660
469.243813
168.143505
714.013114
163.100292
407.757273
160.617535
901.984501
121.726815
330.439140
146.205176
531.746385
132.861196
303.395417
142.340990
1417.410022
144.303998
272.357116
117.945252
401.946317
122.051528
244.527189
139.708803
544.605173
126.420749
224.706709
135.747268
342.907304
120.027519
210.030506
107.723881
660.104253
119.819488
183.780914
111.989499
281.535311
115.879291
182.687746
100.863521
403.294193
103.475865
168.664169
101.846878
254.071125
91.971681
165.296622
110.622237
773.249224
89.764209
159.832612
100.790182
226.966773
103.424687
142.867443
118.954124
306.017829
109.457059
139.410882
117.515568
203.579316
98.123476
143.795003
85.575239
398.395852
92.287499
133.424580
107.527294
186.277977
107.508928
134.799804
82.248684
259.626299
92.750968
123.952998
103.326815
173.022624
93.605549
115.278004
88.647671
474.453595
94.739321
118.401681
83.506169
153.485182
94.033071
112.525140
88.712542
214.004311
79.855939
112.278325
85.939424
149.685826
76.471462
102.788679
78.255248
294.347376
84.868795
102.033975
81.544758
138.494366
92.142146
99.643930
87.000808
192.114562
81.579057
93.156954
81.643757
134.161875
84.387861
101.289809
78.138229
550.479990
107.115586
89.190933
82.370210
128.845950
87.549774
93.348674
68.699871
171.356754
69.097228
93.889484
76.355741
116.655942
68.152631
101.495420
68.643816
223.696398
76.666126
95.219949
66.766231
112.972553
65.587420
98.885761
81.207032
153.652888
87.619424
87.236313
65.548659
114.364734
71.115361
79.394935
63.250567
286.295462
85.513356
82.330983
67.444648
106.681666
61.223646
90.470472
63.725105
140.402903
63.171463
89.915605
62.275147
106.489844
68.814928
74.599787
63.857197
189.357292
60.830759
79.722007
66.624769
98.695549
70.497417
85.714774
62.213924
130.148068
67.045005
79.389046
62.045141
92.367051
68.673660
75.917370
65.234451
259.404203
63.293122
79.090746
59.996593
93.518618
60.393165
71.849199
66.324074
115.958388
60.870172
77.751812
66.546555
89.071319
63.627793
74.134591
61.908118
156.334953
54.755165
68.311697
56.051000
88.245554
59.492217
71.749280
77.816091
112.394544
56.739612
65.768785
59.576944
81.614050
60.608138
66.340544
64.836474
211.304300
62.890559
69.948551
55.424866
80.551542
56.109496
67.572489
59.799625
104.065204
57.213454
73.898080
64.845403
78.498579
61.571915
70.398904
56.516594
140.042803
76.580659
66.727571
54.645504
73.888008
54.093440
66.538614
52.566710
100.420042
59.628298
67.854239
53.691178
78.613857
53.232174
63.754790
74.541338
390.553286
170.917533
82.087642
53.709517
70.457051
52.282458
66.055762
54.585659
96.216689
57.705149
68.976392
58.406065
72.702440
54.563834
57.119834
61.669813
124.832341
72.271392
57.067854
51.741383
72.685762
50.665933
61.459917
52.370040
87.493247
49.958946
56.200457
51.574926
77.315119
54.058652
56.247474
53.436510
160.699082
51.232746
61.083419
57.375587
72.908808
51.334423
54.654407
50.616795
84.514343
49.957162
53.850148
52.405368
75.035370
52.877112
63.467060
51.256919
111.921135
49.940911
67.453676
49.493444
67.143114
54.133353
53.154797
52.173033
84.999082
50.456330
56.525373
50.478829
61.804034
48.256650
51.504623
48.272880
158.147793
50.096206
65.441465
48.015664
63.439559
47.891691
53.866061
49.705364
79.438458
50.763405
49.782805
46.188853
68.538920
47.347131
51.184144
48.097564
102.212015
49.308045
50.776283
47.683017
67.966143
46.303796
49.919235
45.918761
78.953732
46.095615
54.069874
60.886636
57.734993
45.925124
50.749466
48.693495
135.891173
47.244331
48.798943
60.336054
60.861229
46.920237
52.160969
46.933588
73.383005
47.376454
54.669352
45.655638
64.629110
47.936304
49.252357
45.166463
94.666711
48.939498
52.142918
57.909934
60.276875
49.789663
49.004285
48.905804
68.830421
44.400403
53.134856
49.633694
57.824166
44.826808
50.832802
45.595046
184.655376
44.527491
49.502796
57.865117
59.755603
44.959107
47.285972
45.643875
69.332021
43.534526
47.442670
43.318909
54.831490
47.930765
51.157539
44.569659
84.498806
43.381194
47.502000
43.198331
58.577575
42.505015
51.119958
44.011256
66.087340
48.841307
49.163003
42.336106
56.043847
42.671675
47.990542
45.822980
112.275253
42.918785
43.307896
43.772048
52.070733
44.960974
44.079861
42.273959
65.304330
47.894543
46.117132
43.176105
54.204186
41.481914
58.198277
43.861543
81.692529
41.034309
44.295422
41.817555
50.136227
44.205927
46.066563
41.242022
60.621372
41.263934
46.594483
44.358048
50.387284
43.548078
49.365519
40.744367
118.187005
40.933890
47.902981
41.938919
52.658082
43.557443
43.074082
41.395754
59.708012
43.149817
43.483070
42.036433
50.972909
41.081153
45.778427
42.047201
75.661013
41.062092
44.078407
39.869452
55.090793
40.741940
49.007606
39.835374
58.141260
40.452003
46.773219
41.802749
52.653441
39.931833
43.456261
42.168684
100.476312
41.292572
56.738746
41.939126
50.110030
39.556184
42.132029
40.649760
54.861653
39.535400
41.661434
50.514341
49.892285
39.612809
40.592549
38.805543
72.891786
41.165710
45.205587
38.947215
50.684302
38.971290
41.302612
41.627976
57.902079
45.725916
40.949575
38.898316
47.862294
40.403173
55.084372
41.523267
225.717094
40.725720
121.896945
41.285147
60.163950
39.461748
40.945598
38.915521
52.237622
38.561718
40.125699
40.961759
49.240242
38.485955
41.457274
38.575335
69.771617
38.309363
43.608294
38.218895
51.132573
38.259813
44.035712
40.304410
53.618903
37.711703
41.459110
38.004431
43.128591
41.449812
46.136659
38.315716
89.537382
37.131996
53.247298
37.706927
43.017181
37.278736
39.424231
40.157326
53.483742
37.265976
38.734496
41.285231
45.873990
37.220980
39.800739
36.794138
63.562765
37.104140
38.169502
39.526341
42.295750
40.590947
39.129816
38.480360
56.529246
40.880554
40.810896
36.324732
42.258131
41.491148
40.373843
37.148286
89.375035
37.672107
38.872012
36.626966
45.429809
37.514406
42.925020
36.526007
53.417374
36.469495
38.881343
36.852729
41.066642
38.214576
38.350753
36.165432
61.332339
36.296425
37.903289
37.498377
40.468407
39.370037
39.464236
37.015562
54.776189
37.102625
39.772815
36.108359
46.870731
36.348480
38.661926
35.444657
80.272062
38.992134
37.709653
36.993915
49.528599
38.060998
37.427743
38.165491
49.293778
36.285368
40.453225
37.346665
39.827542
36.443011
39.157166
38.644874
61.511961
35.425983
37.984015
35.130642
42.031930
37.187529
37.974222
37.380681
45.572574
35.135035
36.469254
36.176074
38.616828
35.792916
36.431748
34.874228
112.553115
34.561822
37.634848
34.826802
47.980388
45.858703
36.148267
34.596638
46.595433
38.152715
36.119328
35.027341
40.095870
35.036957
37.293025
37.717413
57.534591
37.050443
37.979986
36.019663
37.313345
34.934810
34.910933
34.625030
50.000743
36.030405
35.592181
35.276104
38.201892
37.955999
36.091983
35.163177
73.289495
36.528616
36.910344
34.211896
37.882380
35.207976
35.803042
34.295185
49.537314
34.613048
34.844367
35.299716
37.262985
33.652386
34.529973
33.803059
57.076773
34.176444
34.620646
33.850322
40.013290
34.032388
44.617065
38.884924
42.477713
33.646174
34.516522
35.144238
37.734286
34.626422
36.335429
37.337111
77.250743
33.314560
35.348593
33.830781
36.383125
34.882535
44.187014
33.722613
44.537817
34.021624
35.067398
33.826924
38.606863
33.671948
35.072472
35.066506
53.114947
35.648086
35.331648
46.023247
40.269295
33.569797
34.154443
37.231353
47.056493
34.971475
35.594737
43.131020
36.570184
33.835676
33.817937
33.662811
67.852964
32.963265
36.304862
33.235496
38.486958
32.763242
42.360075
34.665600
44.013051
32.624999
36.864307
36.025252
36.330738
32.438564
36.148542
32.558055
49.867435
34.052614
33.210597
32.938449
39.094236
37.358066
36.699817
32.299291
42.276409
32.018460
33.450993
33.016519
37.500113
42.164347
33.954228
36.558948
131.003390
33.261839
33.181511
59.044446
36.567458
33.388651
42.255092
32.079953
43.544585
31.910310
33.478699
32.418963
35.037312
31.969452
33.922000
32.887283
50.119661
31.837465
32.488814
32.838500
35.111542
32.231021
32.326866
32.933168
40.119581
31.560710
35.375818
32.112063
37.600739
31.766287
33.105345
31.511084
60.615532
33.001877
32.314038
32.927930
35.091369
35.702463
32.182536
31.352363
42.636032
31.419402
31.698375
34.533370
37.520475
35.380645
32.695455
31.577010
47.790584
31.849881
35.950060
37.956121
36.162096
31.520477
31.461473
35.135948
40.849632
31.650681
31.737241
33.058560
35.338863
32.075882
33.860837
30.826528
62.712570
31.670064
31.888766
31.327914
32.143787
30.935007
32.435301
30.622499
38.081622
30.613326
33.188817
30.657387
32.636674
30.526547
31.411543
31.169995
47.170774
31.960999
35.202816
30.648509
33.989413
30.809678
31.945652
30.618219
39.497790
30.736952
30.836742
30.671657
42.233914
32.670513
32.428557
31.543687
58.533625
32.484933
30.508628
30.508062
32.704300
30.653568
31.022914
30.643397
36.667961
30.133721
32.623982
30.568715
33.881906
30.751818
30.609842
30.971627
43.858938
30.198017
30.611040
32.875433
34.218070
30.122685
32.667747
30.867317
36.797083
32.049965
32.131250
29.873460
36.087483
29.789577
30.222379
29.828523
84.066441
31.208940
30.334346
31.272593
35.066984
29.991495
31.005906
32.790253
38.315209
30.076137
32.091185
30.219812
31.758293
29.756470
30.615740
29.721777
43.159196
29.550285
31.791085
29.715646
32.013789
29.484409
31.023239
29.577883
37.120385
30.362662
30.347488
29.528193
33.555262
32.761365
31.007330
30.889031
54.219423
29.283652
30.333641
37.273912
32.376550
29.385440
29.514302
29.525231
39.920306
29.550609
30.093960
29.324233
35.726170
29.144498
29.445338
29.038305
42.012512
29.217975
29.877263
32.579400
34.177257
30.951619
30.783396
28.898103
38.207171
28.938833
29.467051
29.131300
31.893639
29.539237
30.923923
28.889879
56.410123
28.931694
30.397614
28.930906
41.005088
28.830538
30.782135
29.917309
36.423759
29.404746
29.209662
29.931591
30.954030
29.071522
29.941741
29.125033
39.685275
28.736350
29.175597
31.682806
30.615154
28.856728
36.654446
28.841229
36.242333
28.775648
29.208804
28.574306
29.869842
28.512521
28.652240
28.816013
52.195654
28.365953
30.161245
28.876586
33.000141
30.408229
28.729152
29.273047
36.757980
28.418447
28.736643
28.746609
30.317031
28.260039
30.507225
35.822812
41.736923
28.318556
33.328867
29.938031
30.059296
28.662985
28.659981
29.176224
34.785274
28.032957
29.668047
28.332991
39.764983
28.554380
30.423735
28.507527
142.141237
28.436629
29.877289
28.518681
86.559508
28.401140
30.217429
28.437906
43.272139
28.012926
28.998371
28.039597
30.006931
27.812760
28.618360
27.909567
37.763109
31.643519
28.366697
27.758149
29.431820
27.750277
29.915726
27.703528
35.679554
30.779618
28.261859
29.581022
30.325266
27.734295
28.352089
27.592024
49.938487
27.603388
28.143294
29.177183
31.783712
30.002292
28.091743
27.492583
36.961969
28.420418
28.066003
30.552939
32.063197
27.960455
29.502711
27.926622
38.672141
27.860372
27.693367
29.451428
30.282656
27.566646
27.920528
30.383990
31.420090
27.404953
30.259903
29.188199
33.482216
28.294346
28.089456
27.361755
51.042622
27.548776
27.304307
27.144967
38.387132
27.317663
27.682322
27.420818
31.317182
27.285801
27.388693
27.461008
28.848897
27.727751
29.318496
28.529409
38.535444
27.052874
27.337944
28.993601
28.363909
27.135814
30.105894
30.139715
33.258864
28.163159
27.320966
27.735756
29.079271
28.189657
27.023196
26.915389
45.533343
26.928369
27.227236
28.252024
27.950857
27.129487
28.807761
26.951918
30.771520
26.779192
29.596588
26.860229
28.594102
26.710881
28.145953
26.813281
40.613585
26.760706
29.779292
26.820526
29.733617
27.903326
26.662002
27.461257
30.721978
26.705605
30.191631
26.810442
29.421662
26.648807
27.208840
29.493605
63.594089
26.520476
27.555932
26.685927
28.380084
26.845246
26.841983
26.385891
32.886208
27.036560
27.442007
29.257528
31.152969
27.389887
26.759955
27.014452
38.413541
26.524127
26.715029
26.707724
28.362624
26.260618
26.922704
28.793308
29.857391
27.263801
27.891582
26.621044
27.987371
27.974307
26.480931
26.544831
43.913638
26.128249
26.573035
26.635753
27.669288
31.149461
27.389053
26.262764
29.424296
26.056673
28.666138
26.880507
28.728778
26.191130
27.046873
26.247132
39.326007
25.971163
27.091118
26.071778
28.930097
26.604907
26.414578
26.447743
33.825148
25.915105
26.561999
26.888162
28.156331
25.994093
25.950192
25.802287
46.358205
27.687839
28.374709
25.765429
27.492219
26.085410
26.998461
25.829922
35.651953
25.753971
27.725327
25.884718
27.288260
26.251108
27.780169
27.618139
35.480737
25.661711
26.496280
25.892850
29.358000
25.789589
27.218731
25.858892
28.922237
26.505684
26.591158
25.584190
28.455976
26.134265
28.085369
26.092438
43.985061
25.575151
25.880975
25.491644
27.639543
25.495173
25.656629
25.636840
30.424047
25.425109
27.085075
26.435356
27.623066
25.667528
27.205715
26.818624
32.866051
26.281086
25.666710
25.334059
26.579839
25.819431
26.374758
25.602953
28.050914
25.228869
26.096553
28.866228
26.544343
25.251705
25.407942
26.092081
79.842422
25.255454
25.255527
25.221691
27.361433
39.671928
25.431744
25.328688
34.514708
25.117220
33.039179
25.235095
26.330710
25.572239
25.259480
25.038122
33.545172
25.349412
27.701612
25.013805
26.301527
25.902003
25.549539
25.075504
29.035582
24.977537
25.533108
25.244151
27.099279
25.051271
27.388902
25.100042
41.156571
25.339423
26.925146
24.946645
27.563621
24.927620
26.212336
25.462700
27.100246
26.081005
25.463290
24.794444
25.444766
24.926995
25.245931
25.223930
35.886736
26.014798
26.206707
24.740917
25.903581
24.873205
25.684148
24.949305
27.695872
26.363055
27.523472
25.046242
26.238558
24.849766
25.597672
24.958344
43.764174
24.798579
26.532478
24.607319
26.793534
24.616059
24.892088
24.671404
27.459556
25.181752
25.615750
25.426226
26.023139
24.540892
24.984719
26.438940
35.539197
24.629883
25.172168
24.732745
25.355779
25.248169
25.592344
24.406370
27.016777
25.045749
24.531091
25.588998
25.131519
24.403254
24.629994
24.721753
40.793468
24.750204
24.882446
24.449333
25.185684
24.326597
24.650373
24.997998
28.902485
24.983435
24.775281
24.236929
32.093033
24.373015
28.116529
24.221479
30.603936
24.485177
24.456960
24.311619
25.098227
24.444551
25.527708
24.308568
27.312428
24.244976
25.167969
24.202315
26.343284
24.174452
27.032665
24.392859
54.931627
24.108469
24.252456
26.204636
25.655722
24.263512
24.608906
24.602555
26.365351
24.145259
25.328797
24.173529
31.769873
25.066306
24.526104
25.138188
32.010962
24.631716
24.727872
24.685317
25.447403
23.939349
24.591171
24.001198
27.888556
23.998566
24.480913
24.115694
25.443758
24.163542
25.437770
23.876149
37.983747
23.939633
25.807297
23.821116
25.615443
23.897212
33.029513
23.771367
29.027915
24.016720
24.396114
23.876243
24.797172
23.772958
26.918232
23.972739
33.743443
23.797678
25.354651
23.676666
25.783399
23.787696
31.004905
23.682940
26.453911
23.676461
24.562934
23.678316
24.551524
24.330435
24.407857
24.151344
40.028086
24.974520
23.956174
23.575235
26.260956
23.744578
24.140608
23.654246
27.768219
23.590502
23.807062
23.940174
30.454475
23.477982
25.120537
23.457579
31.602196
23.435090
23.710643
24.826669
26.635535
23.888919
26.053619
24.499480
26.263366
23.371464
23.576100
23.375046
26.134325
23.525286
23.654099
23.400576
35.677268
23.820371
24.681632
23.436893
24.099846
25.135572
23.910552
23.303995
28.166565
23.265849
26.955141
24.189743
26.503966
23.336052
23.462971
23.650859
30.372961
23.201860
23.263971
24.576918
24.252887
23.748455
23.951404
23.174895
27.049901
23.160370
30.286802
25.100461
24.593977
23.427249
26.370863
23.138421
76.088980
23.110986
24.110753
24.666525
24.054745
23.175675
42.085328
23.126657
26.392582
23.325133
24.183664
23.233357
30.341076
23.274057
23.287527
23.030921
31.237103
23.225676
23.126973
23.059202
24.247900
22.957310
23.473495
23.329902
25.322214
23.015551
23.201994
22.941143
24.548298
22.929135
23.831926
22.934713
35.820652
23.630223
23.103602
22.882814
23.553186
22.884491
23.787936
23.014307
25.362658
23.065202
23.346272
25.855779
23.435690
22.973579
23.852015
23.339158
28.833558
22.767222
22.901725
23.129264
25.537701
22.855925
23.280372
23.304151
27.078126
22.950674
23.038899
23.248135
23.961789
23.510150
22.858511
22.670513
34.866509
22.715188
23.886117
22.774705
23.409900
24.190720
23.829502
22.887637
25.327813
23.675436
25.702218
22.581148
23.313644
22.560706
22.739530
23.055388
30.568887
22.931020
22.782621
22.696031
22.974089
22.759175
24.891986
22.535114
27.003394
22.493307
25.517017
22.593348
23.657187
22.481501
22.883364
22.466160
34.161570
23.381026
23.069092
22.487645
25.906061
22.837743
27.298229
22.550026
26.050869
22.399578
22.813680
22.384003
22.794535
24.052804
25.312825
22.344235
29.307084
22.714757
22.887642
22.581051
22.979696
24.062761
23.891287
22.306746
25.470373
22.682900
23.209616
22.402049
24.443472
22.280794
22.344673
22.497983
44.615269
22.307825
22.906971
23.305811
23.074235
22.354583
22.685548
22.362886
23.248022
22.175771
22.411573
22.171060
23.447167
22.192276
22.193259
22.165078
27.363065
22.129470
22.184449
22.138567
23.963910
22.700377
22.212657
30.625638
23.579336
22.104202
22.119707
22.303786
22.729734
22.084378
22.561144
22.067288
33.700586
22.345369
23.105835
22.224398
25.351503
22.017534
22.196535
21.995421
24.507375
22.364284
22.304849
23.834946
23.089526
22.648565
22.170435
22.087230
28.333635
21.926635
22.249149
22.061310
22.318232
21.914514
22.202985
23.158073
30.239009
21.895379
23.582694
21.948860
23.414677
22.024366
22.800647
21.954250
34.608103
22.005912
23.450035
22.425722
22.082183
21.824179
22.078567
24.000375
23.599107
21.974701
22.178578
22.322660
22.433039
22.708979
22.140374
21.754059
26.347663
21.746278
21.814372
21.877911
23.537024
21.821158
22.081703
21.764543
24.407409
21.699419
22.237006
21.711569
22.138478
21.663787
22.387479
21.645180
31.358189
21.736547
21.846830
21.754624
22.134884
21.709996
23.701213
21.645566
24.632833
21.614409
21.793839
21.831715
23.554892
21.595983
22.306697
21.985368
26.422703
21.643267
23.123464
21.540660
23.178874
22.244774
21.613626
21.860546
25.925094
22.380490
21.555042
21.990713
21.853140
21.485831
21.579119
21.775122
59.618402
21.434876
22.532691
21.486619
21.926342
21.680814
22.564902
30.024882
25.207798
21.569562
21.669327
21.382697
22.387012
21.399306
23.622570
21.377481
27.466930
21.368957
21.738504
21.476382
23.135183
21.366670
21.836158
21.832290
22.902398
21.469439
21.513682
21.322268
22.108781
21.296408
21.485871
21.268121
30.844875
21.278031
21.367221
22.081715
22.919361
21.413386
21.448489
21.553420
23.071949
21.242715
21.318615
21.227101
22.383201
21.392410
21.381243
21.280735
26.620716
21.485955
21.922383
21.288373
21.911200
21.238755
21.339322
21.157522
24.135216
21.155270
23.582529
21.740060
22.364566
21.156822
22.281600
21.947649
32.005838
22.366109
21.157850
21.128867
21.893938
21.940961
26.718963
21.060894
23.309172
21.123040
21.234416
21.139135
21.322802
23.036221
21.329333
21.025241
28.563065
21.466319
21.344918
21.256023
21.720392
21.046561
21.186084
21.258057
25.633011
21.075712
21.060210
20.988944
21.267476
20.947002
20.984684
21.351252
30.020620
20.977027
21.106959
21.328643
21.562895
20.899225
23.436614
23.348808
24.547849
21.527248
22.304257
20.884916
22.187500
20.883261
20.880320
20.970404
27.354942
20.899383
20.906406
26.308710
21.271468
20.831199
21.037906
21.468971
22.953155
20.857423
21.315250
20.892948
22.278098
20.789166
20.867241
21.835562
40.114144
21.083700
20.894308
20.740148
21.909492
20.776632
20.891522
21.226454
29.302769
20.706064
20.820445
20.720069
22.172942
20.709669
21.571997
27.081490
26.098674
20.698818
21.214956
20.708292
21.079007
20.655479
21.577645
20.642145
22.287339
20.799595
20.980581
20.625021
21.583119
20.663797
21.015793
20.611008
28.371917
20.968834
20.742807
20.615161
21.048547
20.673339
22.785491
20.560486
22.045552
20.569552
20.824923
20.539941
26.250068
20.790327
20.806847
20.676922
25.961028
20.504580
20.765468
21.499995
21.064875
20.489012
20.624149
20.884916
21.521762
21.020657
20.579719
20.457762
20.675807
20.501181
20.788398
20.461557
30.114115
20.549296
20.474949
21.059396
21.719283
20.510192
20.826774
20.413238
23.692062
21.068235
21.888231
20.537922
20.722547
20.424599
21.098910
20.361053
26.310635
20.459535
20.504481
20.718702
20.724522
20.446783
20.730368
22.579466
21.819797
20.333242
20.390235
20.320132
21.950445
21.025290
25.652932
20.295892
29.789204
20.286350
20.423520
21.744531
23.911359
20.293292
21.550965
20.303459
21.634752
20.285722
20.664373
20.649915
20.661920
20.232017
21.017725
20.656770
24.923113
20.452582
20.224630
20.449862
21.358535
20.192748
20.431038
21.306412
28.401662
21.185619
20.576450
20.228080
21.880736
21.284967
20.549191
20.130070
76.247505
20.131493
20.496382
20.128213
21.498064
20.107699
20.554009
20.101006
61.335579
20.101652
20.441090
21.203891
21.731642
20.125758
20.494846
20.285188
30.852810
20.049633
20.189931
20.038015
20.881790
20.157491
20.215468
20.020443
21.581107
20.016894
20.054422
20.013953
20.615084
19.990145
20.119672
19.976349
26.989686
19.966203
22.716274
19.991740
20.437528
20.205689
20.014640
19.987050
21.175813
19.925879
20.000445
19.935818
21.510832
20.072146
19.973623
20.312938
25.528372
20.986788
22.109430
20.249610
20.359053
20.074330
21.274646
20.684212
21.791698
19.867310
19.990473
19.897491
20.418878
19.987629
19.888787
20.435600
29.867507
19.842644
19.897128
19.825818
20.271145
19.924849
20.986181
20.412406
22.802255
19.778996
21.552059
19.792080
20.232593
20.763824
19.813068
19.762796
26.416337
20.853397
20.458529
19.846090
20.211985
19.829921
21.940548
19.812066
22.992248
19.804320
20.136132
19.740702
21.207771
19.710532
20.111685
19.708805
27.609374
19.683717
20.064411
19.660159
19.947871
19.912365
21.165415
19.679513
21.746775
19.656372
19.857891
19.640455
20.102914
20.880574
21.805004
19.660588
22.536795
19.794054
19.742913
19.877134
21.727268
19.597364
20.980413
19.587688
23.973322
23.608392
20.357787
19.570067
20.215028
19.562897
19.708785
20.017744
36.287205
20.468542
19.837270
19.542527
19.667170
19.839992
19.555659
19.523818
27.400175
20.370962
19.665835
19.767495
19.927068
20.866262
19.744653
19.494435
22.455839
25.433085
19.649689
19.520724
19.720585
19.460842
19.752786
19.471263
20.734281
19.441388
19.953675
19.828866
21.059869
19.532003
20.510145
19.420012
27.498573
19.423940
19.482537
19.469626
19.680281
19.663309
20.830461
19.391630
20.392115
19.550051
19.536132
19.370867
21.603616
19.364109
21.618543
19.488310
23.802545
20.410017
20.225914
19.449062
19.663528
19.334872
19.951069
19.428478
20.885178
19.331632
20.265563
19.474295
19.454237
19.302040
19.378752
19.289999
27.124945
19.271025
19.386542
20.388602
19.593545
19.301183
20.303681
19.325763
20.095371
19.243050
19.489354
19.251264
20.690467
19.220404
19.370039
19.643500
22.057845
19.202193
19.277973
20.252771
21.237654
19.452466
19.332905
20.633931
20.538358
19.166874
19.228224
19.211163
20.225339
19.463596
19.297940
20.122464
28.942236
19.143639
19.260213
19.295372
21.360691
19.122517
19.259639
19.212511
21.327795
19.231503
20.052564
19.114349
19.188984
19.254221
19.741676
19.084309
22.015023
19.089059
19.217128
19.087146
21.644033
19.830799
19.230842
19.466925
21.106154
19.183566
19.175723
19.116438
19.564487
19.110735
21.154496
19.029160
45.107305
19.044052
19.084289
19.209599
19.803690
19.195898
19.173559
19.121591
20.376278
23.269024
19.307373
18.984556
19.304950
19.159056
18.987397
18.955096
23.519004
19.060025
19.438321
18.948876
19.720078
18.988314
20.979345
18.926742
22.306074
19.210280
19.682201
19.001442
19.243508
20.320274
19.419946
18.972760
27.386550
18.880139
19.077847
18.899213
19.210093
18.875284
19.199202
19.077255
20.355809
18.862577
18.892455
18.846585
19.352375
19.566959
20.653124
19.057661
21.396009
18.815207
19.587964
18.980024
20.024649
18.823819
19.139796
19.434659
20.090350
19.000594
20.080408
18.819523
19.040879
19.151428
19.084787
18.759703
25.683888
19.451422
18.793364
19.085740
19.102825
18.874920
19.138512
18.739127
19.864786
18.721150
22.279989
18.815425
19.668640
18.750664
18.861012
18.774018
21.086261
18.880143
18.739829
19.030085
20.556513
18.681434
19.309623
18.683129
20.599242
18.734850
18.813908
18.664194
19.426405
18.701982
18.869335
18.789279
28.015125
18.693042
18.676488
19.545758
19.455222
18.633227
18.745425
22.120982
20.735918
18.604190
19.115208
18.600720
18.982357
18.590190
19.004649
18.754290
24.155688
18.628401
18.633377
18.721713
19.082954
18.651641
19.309165
18.556972
20.192601
18.808617
18.685769
18.546821
18.655309
18.843980
18.551923
18.599547
32.951763
18.534028
19.863582
18.522807
20.342128
19.968207
18.524318
20.516634
19.725981
18.495415
18.745432
18.547111
19.381050
18.785136
18.554444
18.481097
25.429532
18.450130
18.513366
18.587775
19.885693
18.451685
18.603276
19.381180
19.580152
19.628708
18.857277
18.427972
19.922117
18.415696
19.808396
18.477607
25.306668
18.402335
18.445259
19.081951
19.025692
19.221230
18.600303
19.442804
21.020494
18.378944
18.528558
18.364277
19.527149
18.491881
18.579500
18.360153
20.714553
18.352308
19.028982
18.333800
19.088079
18.419197
18.386470
18.366172
20.387409
18.321743
18.768532
18.312343
20.127955
18.317608
18.738021
18.297755
26.143605
18.555451
18.377412
18.768107
18.589901
18.274789
18.318420
18.923221
19.814391
18.262822
18.318096
18.252818
18.431910
20.005686
18.417419
18.231682
21.757334
18.233105
18.261379
18.239474
19.425172
18.221317
18.971445
18.377631
19.799499
18.459657
18.436076
18.199845
19.507574
18.272559
19.237171
18.179448
23.463281
18.209003
18.861817
18.631889
18.433500
18.165279
18.201505
18.159271
19.068693
18.631841
18.538509
18.157931
18.924916
18.369395
18.386594
18.372261
20.093106
18.123466
18.125372
18.139011
18.729354
18.231349
20.661247
18.099473
19.040551
18.130753
18.139600
19.538024
18.248047
18.080727
18.721739
18.312538
47.307358
18.063303
18.113407
18.306393
18.140196
18.043106
18.116206
18.051277
19.607098
18.058355
28.231710
18.083602
18.261151
18.033393
18.188793
18.007400
24.610650
18.131544
18.040837
18.051672
23.575710
18.256538
18.122083
19.279435
18.884982
18.616504
18.355709
17.984577
18.137785
18.642913
17.983241
17.960096
23.928375
18.009488
18.199145
17.960970
19.839025
22.632025
17.964612
17.924635
18.861389
18.103881
18.582480
18.079654
18.336467
17.913853
18.005864
18.042188
20.768700
18.035650
17.936515
17.992650
18.323378
17.903094
18.121567
17.955824
19.414737
18.009591
17.986345
17.879847
19.616135
17.945344
18.019530
17.868671
24.582504
17.955623
18.185023
18.059969
19.290917
17.840362
17.910931
18.224491
19.735880
17.826832
17.897098
17.900038
18.792085
17.802472
18.269077
17.822483
19.410867
17.793139
18.699312
17.797730
18.268299
18.118259
17.801619
18.130417
18.254601
19.056667
17.891109
18.098360
18.115248
17.948115
18.096880
17.838538
25.561378
17.753482
18.650089
17.990475
18.783570
17.804708
17.761407
18.657315
18.571381
18.057911
17.852802
17.761868
18.417601
17.697263
17.905032
17.754462
19.821022
17.710392
18.889744
17.679815
19.699876
17.683190
17.971000
17.675053
18.802062
17.673890
17.833281
17.661737
18.354272
17.673464
17.908227
17.699933
31.094740
17.716921
17.795842
17.786595
19.005004
17.625484
17.661970
17.718155
19.186542
17.715419
17.622209
18.355654
17.859382
17.669164
17.705227
17.760114
19.650345
17.963992
18.059974
17.638273
18.362430
17.873240
18.229862
18.084126
18.645927
18.892227
17.604334
17.584899
17.920941
17.554834
18.934873
17.551458
25.308748
17.557947
17.672369
17.544948
18.050152
17.516650
17.743061
17.656731
18.177470
17.581969
18.102059
17.935926
18.341768
17.500819
17.514468
17.495400
19.335549
17.518186
17.959375
17.504968
17.600327
18.743481
18.337600
17.564408
18.018187
17.540360
17.509826
17.467386
17.667794
17.486571
17.710156
17.460401
24.544988
17.563573
17.748277
17.476170
17.842352
17.440131
17.539811
17.500081
18.053126
17.408436
17.453547
17.983410
17.679116
17.424869
17.909215
17.964965
20.649027
17.508775
17.910302
17.916244
17.764787
18.061538
17.385741
18.826596
22.883111
17.392463
17.483026
19.258059
20.097266
18.237504
17.376404
17.352097
21.838181
17.472228
17.559987
17.355178
17.540025
17.331762
17.438353
18.563291
17.986577
17.857613
17.530099
17.314506
18.285621
17.306776
17.431543
17.296328
19.531820
17.298646
17.389712
17.290813
18.033211
17.472934
17.333430
17.359308
18.853211
17.282029
17.339014
17.325486
19.334365
17.509062
17.489728
17.253316
38.950649
17.305164
17.291860
17.320960
17.391901
17.260427
18.753892
17.246948
18.370403
17.247849
17.383693
21.149084
17.639136
17.208675
17.634332
17.302475
18.864844
17.378300
17.312636
17.320851
18.140204
17.450148
17.333813
17.215179
22.648004
17.344567
17.955764
17.173833
17.578717
19.099208
18.005452
17.252794
22.816093
17.143535
17.651316
17.660898
17.718184
17.144733
17.687868
17.139364
18.219836
17.129956
17.165223
17.132706
17.621500
17.570764
17.204586
17.996058
19.925296
17.114256
17.207126
17.435319
17.543276
17.097067
17.287794
17.087627
18.214797
18.048132
17.307837
17.302677
18.209997
17.093999
17.118351
17.060822
23.312381
17.073390
17.163351
17.050652
18.466931
17.052569
17.079991
17.042658
18.332281
17.034279
17.131079
17.031270
23.525503
17.017725
17.043638
17.021812
20.718660
17.019200
17.207550
17.010732
17.479022
16.994463
17.115903
16.997445
17.758352
17.546365
17.043329
17.036500
19.240142
16.982006
17.181866
17.303661
24.024483
17.188817
17.059301
16.969263
18.145892
16.958772
16.974267
16.946632
18.444907
16.947877
17.051079
16.957111
22.100982
17.048344
16.977382
17.024061
18.912556
16.920725
16.972177
16.915471
17.590558
16.916290
16.972567
17.038780
17.581990
18.469576
17.427322
16.894991
17.481088
17.542465
17.301731
16.897777
28.439753
16.885055
17.875751
16.903244
17.164615
16.874049
16.898529
17.109932
18.774263
16.865555
17.015998
16.948405
17.292133
17.351236
16.952425
17.529964
19.828004
16.909506
16.907346
16.828512
17.058145
16.866255
17.150447
16.901352
21.709659
16.878357
16.827598
16.806807
17.974206
16.791812
16.812580
16.802750
22.514007
17.725503
16.796289
16.785828
16.988473
16.794793
17.767176
16.761275
19.031990
17.026730
17.109371
16.770282
18.624346
16.772720
17.537760
17.948297
18.770535
17.405616
16.749611
16.922948
16.892221
16.773009
16.751578
17.007151
18.679201
17.247740
16.855882
16.814416
16.945488
16.736369
16.768195
16.764983
21.155192
16.698549
17.060471
16.704883
17.661927
16.689206
16.792431
16.679998
17.254969
16.880392
17.978287
16.889188
17.122223
17.180336
16.693935
16.667864
20.099045
17.052757
16.671278
16.664037
19.250052
16.647379
17.315780
16.672274
18.933716
16.916034
16.719080
16.639348
16.807495
16.641196
16.938294
16.622050
21.644300
16.611857
16.624391
17.246239
16.667470
16.609395
17.573777
16.608216
17.357442
16.595777
17.004726
16.588364
17.146299
16.669242
16.600183
16.587712
19.312963
16.736624
16.593192
16.689740
21.581671
16.565283
17.947979
16.736020
17.593652
16.587710
16.778324
16.547463
18.836067
16.830917
16.571419
16.532944
47.964101
16.537209
16.555175
16.519237
17.254379
16.515640
17.642533
16.528167
17.214717
16.528871
16.589807
16.519308
29.876417
16.490833
16.565756
16.777670
18.848844
16.488283
16.683784
16.495112
17.303220
16.633166
16.639133
16.481077
21.615945
16.471167
16.667049
16.554738
16.676185
16.545208
16.496710
16.452822
22.244125
16.448011
16.632195
16.454924
16.563014
16.443625
16.515199
16.436205
17.345535
16.429025
16.443376
16.433889
16.803930
16.420195
16.703323
16.466293
18.095835
16.575168
16.483355
16.453618
16.613269
16.585440
16.429923
16.749654
17.553531
16.391935
16.420640
16.385740
17.052271
22.590214
16.425173
16.369021
22.832115
16.362727
16.910568
16.367944
16.542466
16.365957
16.388024
16.561893
16.855980
16.549399
16.388632
18.116053
17.019506
16.338120
16.478716
16.327779
18.120314
16.392202
16.513837
16.314597
16.709900
16.320858
18.464797
16.311629
16.771863
16.298680
16.448824
16.823529
17.062299
16.299902
16.703666
16.325820
20.550741
16.294015
16.303645
16.274904
16.397368
16.282333
16.556034
16.272184
18.240053
16.265158
16.364602
16.254964
16.660844
16.249458
16.677208
16.254475
19.318172
16.255912
16.429783
16.235135
16.491156
16.240909
16.637081
16.297036
17.135636
16.213823
16.819590
16.309244
16.364160
16.269544
16.232580
16.218256
24.786093
17.965166
16.262912
16.442321
17.081297
16.205003
16.304268
16.457283
16.747923
16.195188
17.293600
16.197249
17.040765
16.237649
16.382277
16.169519
18.088617
16.158442
16.932266
16.159506
18.350341
16.152152
16.167205
16.156445
16.678730
17.280117
16.152302
16.158397
16.277109
16.416672
16.497517
16.134851
21.762669
16.114442
16.410157
16.122127
16.306239
17.859659
16.245510
16.420120
16.439532
16.810641
16.286278
16.111120
17.780429
16.090924
16.130138
16.088041
19.259133
17.197991
16.102460
16.075321
18.217193
16.073254
16.171838
16.155993
16.915164
17.039517
16.093156
16.317375
16.373768
16.139620
16.082000
16.057090
21.617639
16.041850
16.718231
16.039044
16.502633
16.130673
16.096075
16.044627
18.487622
16.036833
16.340232
16.206592
19.463083
16.052810
16.133946
16.103635
18.588267
16.051729
16.032303
16.031649
16.322276
15.996372
16.021087
15.991374
16.308436
16.352990
17.188031
15.981412
18.069982
15.995425
15.992827
16.062815
20.870849
15.973026
16.251479
15.999913
16.372139
16.134367
16.157642
15.961800
16.436036
15.965825
17.193286
15.956830
17.073139
15.946703
15.965011
16.021241
18.178298
15.979350
16.227434
15.946804
16.595453
15.925252
16.030680
15.989476
17.458321
15.911574
15.945561
16.004408
15.989964
16.017349
16.096848
16.021917
31.643062
15.892143
15.963538
15.893871
16.382077
15.885665
16.660762
16.345015
16.498592
17.437564
15.995290
16.041342
16.226401
18.154059
16.000588
15.875421
16.619266
15.862609
15.869262
15.942745
16.034020
15.863902
15.865541
15.842014
16.757719
15.879640
15.880051
15.887704
15.880571
15.880025
15.860639
15.833966
19.500686
15.822954
15.835127
15.875646
15.873529
15.847296
15.841191
15.813127
17.117668
16.019290
16.233449
15.808392
15.892362
15.805146
21.790457
15.819651
16.847693
15.805748
15.815915
15.783882
15.826531
15.861061
15.954965
15.785089
16.252538
15.832622
15.798740
15.816897
16.134232
16.076056
15.788737
15.763301
21.113889
15.827587
15.982724
15.802393
16.514336
15.742819
15.897700
15.733770
18.086438
15.739809
15.752503
18.657126
15.877639
15.728106
15.736862
15.732274
17.494243
15.786352
15.994271
15.708114
15.952508
15.701416
17.022589
15.701606
16.500881
15.714036
16.192149
16.178863
15.857702
15.791315
15.796147
15.672846
20.176390
15.679477
15.686641
15.758851
15.911893
16.186678
15.757112
16.297749
15.959779
15.858462
15.674373
15.756714
15.878787
15.894973
16.546638
15.661343
21.513608
15.758265
15.663115
15.632343
16.843252
15.641982
15.700099
15.723596
16.725247
15.631244
15.751289
15.625779
16.295157
17.307934
15.702246
15.749005
24.585459
16.460460
15.738743
15.619722
16.748838
15.606001
16.031893
16.594954
15.791455
15.662285
15.610882
15.862261
15.788521
15.681516
17.133054
15.580320
16.852062
15.602920
15.715146
15.808611
15.857648
15.564240
15.958141
15.562010
16.035220
15.729470
16.228068
15.568091
15.830133
15.551588
15.559828
15.536398
18.777169
17.197817
15.553930
15.536217
15.601387
15.520732
15.645409
15.649200
16.806341
15.526574
15.605531
15.582254
15.787517
15.797340
15.565550
15.499452
17.415317
15.650034
15.519549
15.514684
15.895355
15.866578
15.527718
15.748663
15.826049
15.493076
15.493713
15.487812
15.999845
15.473587
15.477205
15.473972
18.930406
15.477311
15.543996
17.140089
15.620914
15.455698
15.556171
15.449670
15.821990
15.438949
15.524648
15.445955
16.918050
15.576259
15.479208
15.435961
17.570510
15.434424
15.456924
15.441582
15.582306
15.483970
15.608456
16.295129
16.814488
15.409024
15.442880
15.403953
15.940293
15.651288
15.715304
15.415960
18.824618
15.409872
15.470955
15.395642
16.511270
15.384778
15.403533
15.401052
16.549713
15.378555
15.895589
15.585827
15.453980
15.821084
15.626482
15.557069
18.474160
15.384512
15.989839
15.362827
15.412252
15.444340
15.716754
15.388395
15.620364
15.360727
15.359993
15.346501
15.428333
15.425085
15.564890
15.336302
35.201352
15.657560
15.326898
15.346987
16.094787
15.337064
15.362433
15.308840
15.670092
15.322520
15.498149
15.306143
16.116620
15.303180
21.351794
15.374587
17.968392
15.305465
15.419594
15.293218
15.489191
16.519370
15.288536
15.292429
15.991027
15.284586
15.299780
15.276893
16.856019
15.731573
15.284147
15.608950
19.552935
15.262049
15.277690
15.266523
15.536125
15.436829
15.352564
15.255908
16.513540
15.254395
15.250475
15.248563
15.603729
15.241216
15.600756
15.307744
16.349808
15.234542
15.346633
15.225166
15.377400
15.416585
15.243261
15.307311
15.793454
15.223934
15.224883
15.211077
15.357226
15.210836
15.204737
15.209117
19.458592
15.281357
15.211181
15.195053
15.273511
15.184909
15.773273
19.776370
16.359667
15.185734
15.305250
15.187145
15.329647
15.185388
15.402757
15.182859
16.465898
15.397612
15.185117
15.170262
15.238084
15.169342
15.173893
15.161867
15.982822
15.226357
15.289160
15.155461
15.281190
15.139360
15.210702
15.129406
18.954064
15.245104
15.313738
15.127450
15.659183
15.157810
15.215343
15.127256
15.651015
15.120159
15.175122
15.118820
15.250463
15.111552
15.123089
15.106654
17.208633
15.398339
15.121111
15.099213
16.820820
15.108711
15.529844
15.104127
15.967109
15.205638
15.121376
15.076766
15.908677
15.077438
15.671636
15.105659
22.738240
15.135327
15.967185
15.068590
15.121428
15.222752
15.100980
15.060156
15.636246
15.059514
15.669002
15.123375
19.020017
15.103233
15.052741
15.045219
16.627026
15.035563
15.095807
15.049902
15.173634
15.096541
15.106728
15.031595
15.235146
15.230971
16.434943
15.015745
15.239380
15.118808
15.026436
15.006839
20.314592
15.002293
15.328259
15.027722
15.249621
15.007757
15.183679
15.189544
15.512116
15.002678
15.040252
14.979738
15.137801
15.045362
15.187932
14.984562
18.254959
15.047955
15.060070
14.974137
15.049057
15.099926
14.998955
14.954001
15.193771
14.967339
14.969347
14.964020
14.995546
15.214282
15.251916
15.313381
18.780109
15.485929
14.988598
14.948185
15.080450
15.896669
15.235372
15.111057
15.399268
14.923927
14.934312
15.153176
16.711848
15.758013
16.649880
14.974724
17.491057
15.015450
15.373514
14.915549
15.917562
14.912125
14.923071
14.905774
15.835457
14.907723
14.920953
14.896419
14.919895
14.890679
14.982755
14.962598
19.461401
14.897372
14.932556
14.901717
14.937502
14.879587
18.725901
14.869405
15.192700
15.327467
14.884391
14.858305
15.028893
14.931343
15.330507
14.855816
16.370247
15.872524
14.887096
14.853700
15.222409
15.062448
14.926625
14.857405
15.896512
14.844190
14.853642
14.908942
14.908175
14.847585
15.585216
14.827186
28.444606
14.815183
15.059160
14.816009
14.926488
15.144212
14.818440
14.831195
15.637055
14.806063
14.825604
14.802139
14.923910
14.903234
15.158224
16.710015
20.828156
14.812647
14.793641
14.790852
14.873536
14.779776
14.803129
14.780547
15.820463
14.783558
14.795537
14.781964
15.399145
14.768669
19.265437
14.783885
18.574696
14.839804
14.787304
14.759090
15.148496
14.758961
14.793642
14.743802
15.053002
14.810899
14.756090
14.738056
15.401911
14.740033
14.746676
14.734607
15.898903
14.742358
14.856438
14.905174
14.983181
15.537892
14.734128
14.726540
15.404862
14.718689
14.760945
14.826846
15.007233
14.720665
14.719792
15.214712
16.794533
14.875930
14.973887
14.695259
14.815511
14.692794
14.726007
14.686275
15.029274
14.699297
14.766395
14.681254
16.246193
14.686692
14.686003
14.684132
15.727168
14.677282
14.692934
16.072030
14.871802
14.707071
14.672149
14.660942
18.677687
14.655410
14.847135
14.725931
14.858554
14.760414
14.757111
14.655576
18.474115
14.639215
14.646447
14.878315
14.828992
14.638730
15.343031
14.638470
15.038366
14.688878
14.633327
14.660365
14.729462
14.734303
14.911901
14.668472
15.357856
14.613148
15.006676
14.983314
14.697769
14.798220
14.612176
14.651421
14.764751
14.598436
14.608297
15.320319
14.843300
14.663513
14.614314
14.598270
21.393135
14.582782
14.674435
14.593581
14.623252
14.579712
15.032317
14.571870
15.494607
14.574991
14.647233
14.573591
14.869028
14.817541
14.579323
14.559141
16.877772
14.568501
15.036946
15.262716
15.612213
14.547232
14.666025
14.549292
14.795183
14.548095
14.586360
14.605511
15.058522
14.539220
14.541635
14.631814
18.716130
14.846597
14.610300
14.527641
14.641629
14.515916
14.787216
14.536901
14.795439
14.598522
14.600803
15.332692
14.799254
14.506261
16.095026
14.508024
15.562370
14.505599
14.520721
14.501940
14.560502
14.569501
14.511276
14.483359
15.653440
14.604803
15.004683
14.584587
18.252327
14.651474
14.493724
14.472793
18.819411
14.465435
14.486591
14.478276
14.582688
14.491794
15.508046
14.467464
17.028304
14.459556
14.484728
14.456613
15.372071
14.448438
14.497904
14.484091
15.430545
14.462595
14.485224
14.445754
14.750274
14.441166
14.740011
14.438100
14.748285
14.427778
14.445649
14.689195
14.997294
14.425282
14.744188
14.725769
17.737510
14.425519
14.600978
14.416055
14.441204
14.404274
14.598802
14.422246
15.235358
14.401514
14.418383
14.403603
14.585212
14.465720
15.197208
14.389352
20.182519
14.451373
15.113396
14.394404
14.686530
14.375750
14.442393
14.390096
15.600465
14.376714
15.182629
14.370835
14.666902
14.370060
14.373217
14.479921
50.621279
14.505929
14.373943
14.356344
14.629379
14.344260
14.371309
14.353436
15.331129
14.342823
14.354707
14.351669
14.669222
14.338232
14.351787
15.664199
43.416257
15.019544
14.351956
14.334674
14.589591
14.368159
15.123997
14.318235
15.493921
14.316454
14.368205
14.318198
14.626728
14.332361
14.479709
14.316249
21.905757
14.301404
14.314463
14.299531
14.412609
14.326197
14.306079
14.304230
14.897103
14.365647
14.385715
14.285090
14.429973
14.294888
14.293246
14.291621
15.386882
14.764213
14.288118
14.271888
14.316651
14.584309
14.287266
14.262287
14.709179
14.274546
14.271241
14.261036
14.361833
14.252996
14.261285
14.253329
16.258736
14.242039
14.253953
14.263949
16.182131
14.609298
14.271579
14.250614
14.583749
15.866618
14.421173
14.976939
14.287232
14.234920
14.267779
14.227872
15.100738
14.357925
14.224491
14.224588
14.276776
14.239553
14.231180
14.212616
15.335192
14.208544
14.326603
14.205365
14.257478
14.206743
14.495067
14.238651
18.156115
14.334839
14.967118
14.189129
15.754423
14.260224
14.449684
14.212690
14.526758
14.187357
14.326890
14.201730
15.168364
14.181187
14.754278
14.172546
15.530804
14.196396
14.181432
14.173046
14.267767
14.175874
14.202138
14.200000
14.567698
14.158660
14.265399
14.193927
14.196032
14.298979
14.550186
14.157553
21.207836
14.144797
14.157068
14.142332
14.201377
14.147460
14.151232
14.130185
14.463190
14.131172
14.209725
14.130270
14.964193
14.129286
14.561828
14.121755
16.238275
14.126217
14.117738
14.116740
15.360625
14.440181
14.126624
14.128208
14.435204
14.115244
14.807414
14.101846
14.141007
14.098041
14.105617
14.103906
18.777480
14.099172
14.869752
14.155678
14.592845
14.090376
14.163531
14.081769
14.419802
14.082424
14.151446
14.122032
15.631873
14.169313
14.118173
14.343530
16.369989
14.072207
14.130310
14.162967
14.365927
14.056534
14.088676
14.417564
15.117074
14.264958
14.067348
14.061768
14.348320
14.089455
14.065897
14.067321
18.227764
14.041719
14.047831
14.989539
14.314717
14.096537
14.031319
14.044113
14.232809
14.021930
14.207809
14.026789
15.086244
14.018513
14.044234
14.018382
15.493927
14.011820
14.027915
14.572625
14.169047
14.010405
14.016442
14.173176
14.340533
14.006177
14.885623
13.996485
15.534148
13.990156
14.030174
13.989111
16.047666
13.984625
14.123491
14.046187
14.087538
13.985352
14.164631
13.986145
15.478951
13.975751
13.985136
14.112868
14.954702
13.970193
13.977890
13.977677
17.056019
13.968043
16.799425
13.971383
14.517607
13.960882
13.965373
13.947031
14.417292
13.992206
13.960117
13.977940
14.062227
13.946026
14.278476
14.002915
25.727462
13.949140
14.594471
13.939292
14.151814
14.634890
13.945148
13.955402
14.032375
13.935041
14.153364
13.916843
13.954004
13.923012
13.927401
13.918631
19.464858
15.256804
14.525003
13.927332
14.030753
13.907590
14.101823
13.915232
14.213625
13.894346
14.871966
13.901763
14.085540
13.896528
13.908924
13.950494
15.987582
13.982691
18.080037
14.815059
14.018532
13.885956
13.927975
13.871132
14.067997
13.875629
13.885834
13.871445
14.090344
13.867543
13.891683
13.871233
14.778377
13.868006
13.871537
13.860588
14.230726
13.866946
14.143055
13.860287
15.006392
13.849963
13.934820
13.850464
14.620518
14.162363
13.856112
13.842321
17.764110
13.842301
13.858642
13.832371
13.899596
13.836738
13.889541
16.047541
14.037973
13.837259
14.025967
13.824960
14.844388
13.816862
13.835331
13.894986
14.536672
13.809545
13.945462
13.818583
13.936276
13.873818
13.820338
13.804684
15.386408
13.812427
13.815381
13.796931
15.396690
13.833653
13.902145
13.914013
16.930797
13.801281
14.548287
13.812491
14.419051
13.806695
13.874265
13.782950
14.024492
13.775727
13.793835
13.773848
14.225883
13.767445
13.858869
13.767669
14.880944
13.770073
13.791308
13.756699
14.446027
13.768959
13.890732
14.172253
13.876919
13.757955
13.769956
13.754252
13.823793
13.773712
13.761478
13.742581
19.266671
13.742182
13.747948
13.809098
13.828824
13.834338
14.530431
13.736722
13.973724
13.729335
13.768446
13.725796
14.471534
13.727659
13.785510
14.120870
14.325211
13.719423
13.727500
13.828656
13.900046
13.715652
13.733044
13.709225
14.742310
13.846689
13.710456
13.704412
13.815982
13.702850
14.007534
13.699526
15.701929
13.686395
13.697947
13.919672
13.751023
13.682495
14.434507
13.684032
15.125598
13.696086
13.873018
13.710408
13.789111
13.681400
14.660256
13.829065
14.634387
13.670311
13.672364
13.669154
13.715311
13.673969
13.702958
13.660324
14.414365
13.847971
13.880010
13.656102
13.763767
13.937481
14.341834
13.643241
17.529592
13.645210
13.655290
13.642841
13.736905
13.639572
13.761450
13.633935
15.210475
13.630299
13.639893
13.630081
13.736091
13.874324
13.702917
13.633457
15.187006
13.629040
13.716011
13.622549
14.291772
13.621578
13.631621
13.675541
13.685943
14.327705
13.731577
13.605025
14.073301
13.604400
13.612257
13.603148
15.668949
13.836574
13.615238
13.592810
13.705063
13.595594
13.613837
13.590110
15.407994
13.593375
14.135124
13.593702
13.714274
13.581953
13.878585
13.587816
15.029905
13.576283
13.680811
13.579647
13.675227
13.569996
13.616466
13.566454
13.947643
13.576977
13.629315
13.567482
15.063301
13.562345
13.571956
13.708784
26.635904
13.549051
13.582147
13.553765
13.610321
13.580072
13.697843
13.542439
14.114652
14.456468
13.688228
13.541791
13.672513
13.542074
13.635945
13.537118
14.516056
13.937602
16.548129
13.527850
13.765953
13.518539
13.539311
13.526880
13.764059
13.780935
13.661654
13.510143
13.541197
13.571945
13.518453
13.506315
16.723332
13.634288
13.590730
13.515280
13.857016
13.499938
13.513634
13.494499
14.054470
13.496953
13.541136
13.493526
14.938158
13.489640
13.497786
13.839252
15.870011
13.632863
13.695295
13.484441
14.027332
13.476710
13.526416
14.511644
13.719423
13.470997
14.474819
13.468270
13.842982
13.857375
13.529098
13.466399
16.200904
13.458177
13.464136
13.455298
13.602671
13.452231
13.477189
14.378897
13.695224
13.445483
13.460330
13.453981
13.687396
13.437806
13.601778
13.443829
14.498773
13.445024
13.450195
13.446899
13.471904
13.431633
13.439646
13.435496
13.794268
13.464566
13.944650
14.225396
14.706979
13.420296
13.587246
13.425316
15.228556
13.419771
13.416991
13.410125
13.958989
13.409193
13.532376
13.407297
14.265251
13.417947
13.422713
13.399013
13.644226
13.602045
13.850896
13.392130
14.311010
13.435818
13.546175
13.390206
14.303855
13.384795
13.419149
13.380682
13.574289
13.374817
13.651736
13.523417
13.604900
13.374662
13.376636
13.498065
18.242938
13.857933
13.861808
13.360696
13.400149
13.373768
13.605046
13.455827
13.616999
13.355101
13.457062
13.359873
13.641849
13.354000
13.361649
13.366267
14.151275
13.488662
13.348747
13.343427
15.847641
13.378716
13.414610
13.403257
14.013262
13.348584
13.364344
13.379467
13.446478
13.339942
13.385313
13.329150
15.008303
13.328572
13.459620
13.318005
13.361124
13.403570
13.564610
13.315381
14.635889
13.320703
13.319898
13.311015
13.760451
13.320137
13.320808
13.316833
14.665563
13.613424
13.356992
13.305489
13.412347
13.297590
13.307243
13.431514
13.841866
13.291033
13.332544
13.308975
13.450862
13.288813
13.394559
13.432770
16.632831
13.290437
13.307273
13.321814
13.315245
13.335795
13.925016
13.280475
13.861391
13.350897
13.280487
13.298712
13.363234
14.344959
15.733523
13.265845
14.760247
13.298978
13.263785
13.271613
13.622282
13.330805
13.261297
13.248181
13.528901
13.249970
13.251950
13.244063
13.544365
13.375958
13.349091
13.250937
17.164072
13.240506
13.280175
13.245590
13.283576
13.263362
13.345446
13.225040
13.598782
13.231098
13.296073
13.227348
13.757345
13.493585
13.228718
13.219606
14.377360
13.223928
13.405695
13.442405
13.319618
13.214059
13.221885
13.209121
13.298077
13.206757
13.430172
13.206249
13.225387
13.200537
13.258702
13.340548
23.360835
13.209303
13.201400
14.234775
14.145515
13.192199
13.204511
13.199274
14.481406
13.831840
14.218733
13.183556
13.205324
13.181534
14.603699
13.235953
14.048416
13.175675
13.184775
13.845934
13.360084
13.176613
13.220816
13.164373
13.805948
13.168932
13.387683
13.155734
13.225762
13.156864
13.174011
13.156781
18.058601
13.156528
13.152164
13.151604
13.196604
13.144400
13.248699
13.147131
14.159585
13.140724
13.152895
13.134784
13.259332
13.153215
13.797949
13.137815
13.944735
13.130952
13.978744
13.150172
13.437202
13.133843
13.135888
14.465551
14.184528
13.119284
13.127153
13.119835
14.104512
13.131493
13.170396
13.120427
15.942127
13.117915
13.117441
13.116179
13.147466
13.103092
13.594112
13.104361
13.554560
13.114930
13.691382
13.097654
13.255898
13.101288
13.845833
13.096841
14.955246
13.088782
13.100357
13.086672
13.205230
13.238823
13.089808
13.087458
13.905925
13.079240
13.179249
13.212857
13.240638
13.438428
13.086441
13.089288
14.739659
13.070955
13.080725
13.071014
13.555734
13.064385
13.067852
13.066357
13.597053
13.275460
13.127425
13.171609
13.104551
13.102149
13.090229
13.090439
14.509205
13.114382
13.058311
13.054329
13.372298
13.536259
13.052136
13.036092
14.326634
13.048716
13.055664
13.031330
13.350564
13.176733
13.041558
13.413249
18.558572
13.045088
13.222208
13.055910
13.097210
13.117875
13.361547
13.156424
13.246139
13.021307
13.024969
13.014952
13.055496
13.023765
13.479620
13.004368
14.105478
13.015808
13.016232
13.012239
13.054944
13.098117
13.008836
12.997039
13.134636
12.998813
14.239460
12.995375
13.124307
12.990374
12.993914
12.984869
15.470402
12.988011
12.994734
12.989083
13.014505
12.981042
12.997909
12.988346
13.831227
12.974049
12.986004
13.296002
13.512507
12.972451
13.092122
12.972181
14.093825
12.972064
13.153068
12.965770
13.136442
12.966680
12.970611
12.955665
13.888493
12.967886
13.021468
12.961525
13.698457
12.955196
12.955874
13.280257
15.363751
12.967959
12.976558
12.954972
13.434626
17.815848
13.272740
12.950482
13.133847
12.999159
12.945563
12.955690
12.970901
12.955534
12.941099
12.939096
13.579408
13.059652
13.272645
12.925891
13.207076
12.922576
12.939660
12.924627
13.478162
12.939823
13.088160
12.968665
13.100152
12.906913
13.067963
12.909517
14.298355
12.908146
12.915221
13.087226
12.916540
12.905665
12.926031
12.897800
13.340269
12.899218
12.990668
12.900117
14.697209
12.899998
12.897811
12.889697
13.558454
12.994698
12.919771
12.886686
12.925901
12.878838
13.907608
12.927402
13.001845
12.883111
12.884299
12.943013
13.334172
13.072908
13.046664
12.872700
30.451587
12.867129
12.871779
12.875879
12.906904
12.863595
13.040237
12.854950
12.925549
12.863188
12.857345
12.890372
12.908562
12.936979
12.862925
13.095706
13.955204
12.851337
12.867738
12.845572
20.025967
12.842294
12.885136
12.839350
13.009824
12.914468
12.849751
12.837025
12.958892
13.292846
12.831526
12.837697
17.474408
12.830268
12.918490
12.927674
12.854761
12.822797
12.862289
12.824098
16.745511
12.820744
12.985952
12.822377
12.911474
12.814645
13.723979
12.825187
13.446882
12.810441
13.257629
12.809270
13.075149
12.804597
12.814589
12.892826
12.922045
13.042013
13.276552
12.850666
12.813441
12.788912
12.797125
12.892752
15.395434
12.787251
12.831636
12.887210
12.964667
12.785306
12.797258
12.778810
14.116224
12.774608
16.080320
12.774672
12.799771
12.778472
12.771448
12.772527
13.429174
12.914034
12.896201
12.777953
13.233186
12.762611
12.880139
12.758300
13.060328
12.755481
12.763632
12.857598
12.828131
12.756391
12.853550
12.747921
14.768922
13.029742
12.848800
12.759653
12.779168
12.758942
12.818491
12.864041
13.050563
12.754385
12.746520
12.738818
12.908755
12.734240
12.753807
12.732578
13.816752
12.727284
12.829929
12.725069
12.813556
12.810503
12.738741
12.717072
13.957993
12.803868
12.784547
12.715953
12.836558
12.714210
12.725036
12.712257
17.451978
12.739037
12.773218
12.709645
12.952437
12.740013
12.864584
12.710734
13.728953
12.700626
12.710260
12.702110
12.759760
12.691572
12.979541
13.047376
14.041353
12.687481
12.700521
12.693427
12.749765
12.695389
12.751757
12.686498
13.378005
12.705953
12.683093
12.683523
13.010602
12.671303
12.697024
12.681836
13.812437
13.404327
12.676211
12.680166
13.312440
12.666454
12.677456
13.110991
13.009638
12.736624
12.893854
12.680500
12.681897
12.661289
12.912626
12.704101
12.999743
12.654743
13.562763
12.655701
12.744426
12.651083
12.889842
12.657242
12.901629
12.640226
12.784068
12.640860
12.888595
12.649792
12.707174
12.698747
15.289639
12.635063
12.641754
12.633331
13.276789
12.729447
12.813388
12.624496
13.370413
12.622680
12.683009
12.639160
12.652547
12.625655
13.281532
12.617965
13.221109
12.622666
12.860392
12.627287
12.716421
12.644040
12.652462
12.610960
13.112841
12.609746
12.606977
12.604432
12.752810
12.969747
12.646884
12.598490
14.098654
12.603236
12.615960
12.598330
13.444080
12.791754
12.594374
12.592488
14.013249
12.856656
12.596605
12.780466
12.798575
12.638274
12.590756
12.735460
13.382093
12.591536
12.588602
12.578643
12.701620
12.802148
12.580911
12.569903
13.067302
12.571789
12.589021
12.595230
12.753964
12.569532
12.607656
12.567316
22.039720
12.584461
12.619077
12.552955
12.674795
12.574089
12.668235
12.829583
13.523907
12.552839
12.555004
12.554196
12.580547
13.016312
12.619905
12.672307
13.651222
12.695460
12.617805
12.546084
12.552366
12.648336
13.067291
12.542034
12.718732
12.533543
12.547029
12.530444
12.610374
12.536766
12.648839
12.528843
13.976718
12.523476
12.791850
12.528026
12.859182
12.626664
12.563037
12.523112
13.071469
12.616786
12.727706
12.514369
12.978230
12.508348
12.874513
12.509510
13.270361
12.548553
13.443348
12.500161
12.538745
12.505568
12.525020
12.507304
12.760900
12.530252
12.503753
12.506166
13.473006
12.496350
12.501280
12.487962
16.658905
12.493308
12.504850
12.482821
12.585979
12.482298
12.496459
12.490700
12.851119
12.476546
12.476447
12.555689
12.635349
12.471256
12.573812
12.473824
12.940281
12.470145
12.511735
12.659784
12.887189
12.470211
12.770410
12.462983
13.055433
12.464273
12.464823
12.452834
12.474339
12.452073
12.460844
12.606088
13.753520
12.508414
12.476739
12.447122
12.786473
12.444882
12.467344
12.447043
12.534227
12.915834
13.337110
15.366862
13.051882
12.437619
12.508814
12.509468
12.827398
12.428183
12.491787
12.432281
12.470300
12.432862
12.440338
12.428494
12.581083
12.421360
12.453780
12.419192
12.610701
12.417537
12.435279
12.423887
17.419241
12.421282
12.507586
12.418342
12.637216
12.411850
12.446093
12.520250
12.703154
12.417245
12.420663
12.402283
12.490583
12.448794
12.462625
12.404193
12.850941
12.398225
12.398140
12.398596
12.429762
12.395114
12.801788
12.395998
12.588020
12.392299
12.409423
12.398929
12.749491
12.389589
12.788586
12.383735
14.675405
12.530784
12.468096
12.376584
12.750007
12.373361
12.754120
12.374018
12.647685
12.367576
12.856011
12.376977
12.381396
12.380121
13.393497
12.361742
16.247530
12.561991
12.385926
13.766392
12.449451
12.359050
13.696554
12.356770
14.286625
12.356413
12.979189
12.347689
12.374338
12.464515
12.357194
12.359966
14.269231
12.344752
12.441390
12.347656
12.502996
12.342041
12.359093
12.341573
12.488855
12.334449
12.342557
12.345329
12.417337
12.332924
13.207315
12.330397
12.802250
12.328032
12.711543
12.329384
12.481516
12.322737
12.330025
12.327501
13.012108
12.320801
12.324517
12.347426
12.412062
12.314284
12.317057
12.310200
13.887869
12.306393
12.318562
12.311623
12.382444
12.316687
12.312939
12.303046
12.834298
12.310401
12.440658
12.298054
12.342679
12.300863
12.360789
12.292648
13.410316
12.303042
12.306389
12.294689
12.346356
12.288653
12.336782
12.284544
13.748368
12.423671
12.465547
12.334142
12.451951
12.324963
12.285819
12.286463
22.908786
12.282925
12.322162
12.320983
12.312759
12.267454
12.333133
12.689721
12.382890
12.267038
12.290506
12.260139
13.339719
12.260497
12.280920
12.262502
13.070071
12.264389
12.281115
12.270399
12.376766
12.254336
15.024259
12.252214
12.556057
12.253944
12.253684
12.320501
12.552565
12.332543
12.319418
12.241628
13.417164
12.236107
12.372563
12.246045
12.326389
12.238410
12.331927
12.233658
12.907624
12.230177
12.422787
12.291437
12.341024
12.239247
12.257654
12.224337
16.078976
12.311813
12.348399
12.222512
12.777685
12.221543
12.228367
12.216099
12.512684
12.223620
13.581096
12.219316
12.812371
12.216825
12.283552
12.223590
14.311720
12.206470
12.206593
12.444347
12.563336
12.205710
12.570010
12.201415
12.610198
12.196561
12.207357
12.196393
12.588785
12.202327
12.203411
12.191145
12.962466
12.194267
12.195912
12.188545
12.221452
12.191235
12.198516
12.182403
12.541819
15.302327
12.505967
12.179365
12.248863
12.180867
12.804819
12.176030
14.161272
12.481528
12.185224
12.176181
12.250415
12.174387
12.405349
12.202324
12.486413
12.169814
12.172949
12.176483
12.306841
12.157682
12.166204
12.162454
12.958048
12.215849
12.840808
12.317595
12.320690
12.159611
12.316105
12.154908
12.954458
12.539796
12.170332
12.151456
12.187377
12.618142
12.146861
12.145949
16.545209
12.150557
12.155629
12.136959
12.218753
12.142413
12.139489
12.138751
13.134633
12.129960
12.140735
12.901055
12.159979
12.128771
12.133689
12.145391
13.039767
12.122658
12.127547
12.922689
12.195632
12.119320
12.125320
12.114826
16.694861
12.118239
12.115680
12.110025
12.133993
12.109901
12.118593
12.113471
14.718005
12.105976
12.116489
12.104756
12.248893
12.099147
12.110457
12.102419
12.439488
12.100745
12.099061
12.096451
12.184297
12.383347
12.101042
12.095858
12.635538
12.096038
12.486528
12.097399
12.133100
12.091832
12.128247
12.089055
13.677112
12.084758
12.089862
12.079039
12.230184
12.075967
12.315491
12.076197
16.824943
12.226197
12.234579
12.075703
12.143872
12.075208
12.080478
12.065264
12.907275
12.067969
12.073084
12.149243
12.083925
12.063988
12.064446
12.126071
13.117278
12.056917
12.065223
12.056655
12.137654
12.052278
12.059590
12.053026
15.690030
12.048637
12.135512
12.047343
12.085671
12.047468
12.118247
12.040815
13.445720
12.294067
12.045711
12.044201
12.081794
12.038588
12.041911
12.072770
12.516132
12.031420
12.042376
12.029581
12.081849
12.028153
12.128304
12.027194
12.509901
12.024649
13.132467
12.070050
12.401112
12.021404
12.026932
12.020363
12.438785
12.093282
12.481835
12.018084
12.312656
12.013990
12.028798
12.018155
20.157721
12.009780
12.019627
12.012899
12.715839
12.003001
12.017254
12.143979
12.216002
11.999012
12.008814
12.366432
12.028976
12.001821
12.177426
12.035548
13.347284
12.100213
12.005653
11.988887
12.111276
11.987648
12.063741
12.020291
12.305172
12.556362
12.346649
11.987205
12.066405
11.979564
12.472100
11.981600
14.088224
11.981986
12.035998
12.011516
12.034525
11.979065
11.979096
11.969109
12.140355
12.130671
12.005501
12.029323
12.205098
11.963177
12.030034
11.975435
15.412579
11.962721
12.013789
11.988181
11.978081
11.958507
11.963269
11.954213
12.783735
12.377694
11.952784
11.988822
11.967320
11.949078
11.960361
12.772592
14.243553
11.947015
12.608604
11.998855
11.955665
12.000071
11.948263
12.198860
12.090568
11.934955
11.954441
11.939639
12.637701
11.937257
11.930735
11.930437
13.527048
11.928984
12.117118
11.927897
12.175199
11.924929
11.936923
12.172456
13.240122
11.922576
11.920835
11.919556
12.476045
17.075895
12.764585
11.918400
13.342758
11.998040
12.374248
11.913167
11.922036
11.907628
12.043756
11.941713
12.022117
11.924937
11.938316
11.902208
11.923210
11.905181
12.102710
11.897185
13.278142
11.895088
12.271653
11.893721
11.996278
11.892228
11.966942
11.889784
12.059131
11.890532
11.907679
11.892735
11.934469
11.885033
11.932162
11.940501
15.020453
11.885623
11.885389
11.923522
12.139617
11.881404
11.889638
11.872565
12.562240
11.902916
11.878620
11.871933
11.951086
11.869081
11.871951
12.046182
12.275999
11.872849
12.012733
12.005155
12.784371
11.874743
12.018758
11.860173
12.182511
11.906827
12.223233
11.856954
11.881483
11.859678
11.863116
11.854994
14.276179
11.904775
12.133406
11.846719
11.865362
11.851313
11.860225
11.842465
13.678484
11.848369
11.848421
11.841213
12.318051
11.838448
11.865809
11.851380
13.455730
11.838940
12.036797
11.881351
11.898542
11.828348
11.842421
11.830645
11.960562
12.187608
11.837542
11.828261
12.052370
11.824892
11.829969
11.906962
13.847517
11.823556
11.822861
11.828158
11.831617
12.656966
12.268530
11.810294
11.861782
11.817707
11.820932
12.157685
12.498642
11.974863
11.818351
11.804697
12.346468
11.805537
11.811012
11.803474
12.098466
11.810213
11.805760
11.800932
12.197867
11.943462
11.862581
11.793465
11.814012
11.799581
11.805159
11.791098
13.721544
11.789471
11.909728
11.817980
11.808902
11.783862
11.876673
11.786787
15.318782
11.780782
11.789091
11.788321
12.761014
11.781752
11.908859
11.775128
12.511774
11.803777
11.804706
11.769991
11.938591
11.769551
11.776317
11.767601
13.385450
11.765237
11.975403
11.771886
11.793016
11.763904
11.765934
11.758526
25.945734
11.759307
11.768778
11.761043
11.781407
11.758284
11.754836
11.803251
12.272699
11.754344
11.753484
11.749596
12.545499
11.747422
11.762188
11.742373
12.244632
11.741707
11.762586
12.247292
11.805352
11.739342
11.755770
11.740128
21.167271
11.733816
11.735183
11.736192
11.788260
11.730296
11.937124
11.813253
13.393586
11.727499
11.733640
11.725238
11.871004
12.553306
11.738384
11.748988
12.306294
11.722546
11.835278
11.723295
11.839438
11.719371
11.728330
11.715461
15.341584
11.712504
11.721271
11.711092
11.858865
11.712685
11.779719
11.709400
11.865190
11.705276
11.773105
11.705314
11.738980
11.708256
11.707944
11.767176
13.403548
11.696823
11.704468
11.700318
11.833994
11.700343
11.707925
11.701207
11.785286
11.696984
11.701348
11.693930
11.751593
11.688636
11.696025
11.732576
12.335137
11.683374
11.690845
11.683817
11.700936
11.695562
11.694223
11.678258
11.954222
12.093597
11.684506
11.737843
11.883421
11.672944
11.716791
11.714933
12.862450
11.759593
11.793205
11.666539
11.728653
11.665504
11.707519
11.815656
11.819855
11.670541
11.800183
11.657422
11.690920
11.677938
11.915515
11.659570
12.480684
11.658182
11.664087
11.656809
11.684211
11.675385
11.659572
11.652159
12.128061
11.649227
16.026740
11.643431
11.687210
11.646816
11.647707
11.638599
16.197169
11.640684
11.643191
11.640372
12.028178
11.637076
11.646764
11.724625
11.769360
11.633717
11.645221
11.635049
11.660735
11.630909
11.782835
11.630189
11.989536
11.669708
11.774004
12.122084
11.660979
11.955702
12.875511
11.668599
12.104315
11.618305
11.625346
11.615623
11.724102
11.640078
11.617988
11.720316
12.878326
11.725962
11.663167
11.606433
11.748603
11.882854
11.608487
11.608166
11.886316
11.601695
11.612782
11.603074
13.120457
11.608613
11.606123
11.610002
11.929694
11.618091
11.597083
11.605380
11.702551
11.739259
11.965881
11.589557
12.133701
11.590148
11.597610
11.591093
11.881490
11.620050
11.615882
11.588200
13.775217
11.589839
11.591754
11.583036
11.600164
12.572641
11.579881
11.575629
11.665939
11.572996
11.584957
11.574572
11.777365
11.575044
11.577830
11.624706
12.961593
11.565022
11.572653
11.701475
11.642643
11.566679
11.565495
11.559441
11.850773
11.561495
11.561590
11.556940
11.862189
11.557512
11.560992
13.253121
13.720084
11.554335
11.565947
11.552326
11.688098
11.560326
11.551257
12.100392
11.731147
11.545545
11.555185
11.606786
11.833633
11.546436
11.594378
11.545708
12.184072
11.544627
11.536013
11.537184
11.961766
11.539104
11.602984
11.538785
11.641536
11.569929
11.574995
11.534745
11.548973
11.530375
11.538862
11.581948
17.572809
11.522831
12.767184
11.607916
11.570114
11.567818
11.696167
11.526942
12.145357
11.577385
11.529271
11.560472
11.599005
11.523928
11.706218
11.511758
11.910783
11.513790
11.522211
11.531691
12.294413
11.516902
11.523572
11.503402
12.116522
11.564387
11.551878
11.505831
11.653487
11.505131
11.503909
11.496576
12.853454
11.500949
11.496037
11.491504
12.039978
11.491945
11.496698
11.489479
13.037475
11.489135
11.491443
11.490035
11.501979
11.494039
11.494373
11.487229
11.861462
11.482175
12.284281
11.483467
11.491332
11.479671
11.495572
11.481558
11.578965
11.475767
11.676970
11.481120
11.733812
11.472122
11.478851
11.504446
13.288522
11.467294
11.464421
11.466634
11.672231
11.469399
11.468766
11.461987
11.599099
11.460049
12.691537
11.460942
11.556328
11.485060
11.678879
11.462281
11.692629
11.462513
11.953493
11.452540
11.584814
11.461724
11.461618
11.447152
12.635520
11.444319
11.447325
11.450060
11.474897
11.453200
11.445214
11.440333
13.676174
11.989290
12.225593
11.440648
11.455274
11.438708
11.436144
11.440478
12.942558
11.431185
11.432926
12.127230
11.503868
11.431331
11.492542
11.434433
12.026399
11.426505
12.113801
11.424329
11.448397
11.441978
11.605948
11.418757
11.645564
11.422156
11.480889
11.420426
11.440388
11.419126
11.422837
11.414646
15.337090
12.205226
11.411264
11.410682
11.887510
11.419671
11.409985
11.412207
11.735834
11.408096
11.474306
11.405661
11.449946
11.407879
11.413743
11.408300
13.132160
11.398337
11.408034
11.400838
11.621412
11.393262
11.527424
11.391101
13.818811
11.393537
11.419245
11.474986
11.476234
11.396769
11.454887
11.427438
13.202719
11.389629
11.418319
11.381637
11.404624
11.397098
11.404122
11.380581
11.608382
11.378079
11.379163
11.378375
11.396574
11.375019
11.375635
11.369658
11.598489
11.377469
11.629760
14.780219
12.216986
11.370124
11.368428
11.362282
12.837476
11.398250
11.378249
11.363309
11.376382
11.365785
11.425537
11.361250
12.959695
11.949158
11.362274
11.354187
11.558043
11.351311
11.381144
11.355137
11.642796
11.350208
11.475538
11.354246
11.491913
11.892800
11.354192
11.394170
11.687564
11.344632
11.356899
11.344669
12.220074
11.346773
11.350402
11.342279
12.135479
11.335947
11.343296
11.333561
11.356177
11.336427
11.395518
11.338465
12.912994
11.338704
11.366136
11.328544
11.540499
12.542047
11.342978
11.321998
11.799195
11.321896
11.327947
11.319970
11.402017
11.327107
11.373012
11.326099
12.406019
11.318801
11.318131
11.315627
11.342022
11.311736
11.383336
11.362448
11.373155
11.308745
11.392300
11.408322
11.448215
11.596072
11.395498
11.306285
18.780400
11.306918
11.303874
11.300231
11.354339
11.301849
11.305327
11.297065
11.648527
11.295934
11.298749
11.305224
11.844435
11.291630
11.622350
11.288855
11.730308
11.351934
12.390624
11.288034
11.376344
11.287570
11.394864
11.285144
11.538753
11.281046
12.894914
11.282190
11.379912
11.381384
11.291881
11.276362
11.814872
11.283139
11.282756
11.371358
11.287433
11.279250
11.338906
11.273041
11.403181
11.278383
11.282237
11.269820
11.284660
12.092646
11.268082
11.262749
11.911954
11.363503
11.268374
11.287414
11.294703
11.256552
11.299899
11.254457
11.294991
11.256811
11.294568
11.260167
11.280900
11.257016
11.262111
11.296567
12.576856
11.248203
11.254279
11.249089
11.262810
11.248414
11.291256
11.246708
11.289729
11.252969
11.271248
11.243140
11.266917
11.241212
11.247150
11.236339
12.164591
11.250850
11.391297
11.233294
11.542560
11.239991
11.243653
11.233552
11.302659
11.230480
11.241307
11.226775
15.455640
11.227203
11.231830
11.223435
11.974366
11.222782
11.241576
11.223659
11.248685
11.425041
11.226127
11.217831
11.256071
11.216599
11.263567
11.215804
11.346291
11.295084
11.226808
11.210352
11.555459
11.210995
11.260162
11.207896
11.236304
11.410835
11.249030
11.206153
11.472115
11.687693
11.422467
11.202687
11.229119
11.204608
11.211198
11.199435
14.978232
11.216740
11.256160
11.194566
11.365356
11.192555
11.238529
11.198410
11.739145
11.192388
11.196571
11.186709
11.305423
11.186739
11.190133
11.187256
12.845314
11.185156
11.194040
11.179337
11.203190
11.179436
13.247041
11.184408
11.291094
11.179500
11.185924
11.176827
11.192042
11.736320
11.183663
11.169644
12.428193
11.171333
11.226724
11.168703
11.372879
11.167452
11.171498
11.221690
11.343439
11.255437
11.166859
11.165421
12.096071
11.162007
11.166917
11.159014
11.728961
11.158541
11.175581
11.156691
11.511740
11.209007
11.502360
11.155733
11.276480
11.168449
11.229752
11.219697
11.233126
11.150492
11.146385
11.151699
13.490007
11.149211
11.150986
11.141552
11.155986
12.174962
11.206705
11.139791
11.314291
11.141576
11.506241
11.140624
11.205384
11.138155
11.585393
11.134182
11.347818
11.134136
11.276537
11.135005
11.147064
11.127791
11.204920
11.144632
11.290720
11.129035
11.295846
11.126598
11.760373
11.125914
11.137705
11.119858
15.258662
11.119985
11.205778
11.118296
11.138854
11.113525
11.117182
11.123644
11.968852
11.113574
11.123886
11.111836
11.164711
11.118452
11.181196
11.169843
11.885686
11.118590
11.116189
11.114962
11.200559
11.108127
11.112261
11.150808
11.582979
11.107358
12.295431
11.123015
11.165930
11.100946
11.198759
11.098719
17.424652
11.100155
11.699088
11.094176
11.191448
11.091313
11.107724
11.217185
11.901877
11.088091
11.097862
11.084749
11.397458
11.396125
11.793503
11.083408
11.228298
11.081097
11.137370
11.078904
11.101256
11.082102
11.277946
11.073284
11.226093
11.089866
11.150671
11.075451
12.171920
11.078257
11.079574
11.068445
11.974108
11.075648
11.095406
11.682313
11.174282
11.064721
11.239972
11.063160
11.274421
11.062861
11.068065
11.060157
11.345027
11.058871
11.066374
11.061691
11.399169
11.131097
11.184068
11.053860
11.534749
11.054252
11.070416
11.053047
11.254790
11.053127
11.058884
11.049547
11.064642
11.047461
11.047067
11.046505
12.675486
11.148965
12.216838
11.044776
11.060352
11.047141
11.047863
11.039365
11.093651
11.069469
11.036891
11.039105
11.124536
11.180701
11.127167
11.065908
11.941143
11.066501
11.040870
11.029090
11.096354
11.197095
11.076907
11.836633
11.224262
11.025919
11.231136
11.027198
11.068100
11.036642
11.021575
11.017222
12.369509
11.021391
11.127404
11.017882
11.035613
11.013454
11.032158
11.032013
11.299831
11.013754
11.274515
11.128210
11.041218
11.006045
11.196558
11.009488
11.250949
11.010434
11.016754
11.032360
11.017167
10.999979
11.012983
11.008527
11.373055
11.004976
11.002911
11.000432
11.005420
10.995656
11.003112
10.994317
13.435994
10.992696
11.005390
10.995944
11.052248
10.990191
12.175161
10.990843
11.106270
13.817091
10.989950
10.985746
11.060671
11.118391
10.985694
10.984060
11.247550
10.982288
10.978138
10.978182
11.038366
10.977728
10.982944
10.978448
12.018606
11.071038
11.074417
10.975272
11.006276
10.975051
10.975830
10.975063
12.477783
10.970358
10.974668
10.969649
10.990468
11.248375
10.979633
10.970139
11.078572
11.360704
11.009385
10.966277
11.096895
10.957883
11.579896
10.958015
11.945339
10.965752
10.956507
10.964145
10.980319
10.959928
10.952911
10.960291
11.330097
10.950686
11.126783
10.948350
11.171774
10.949873
10.961218
10.948516
11.947520
10.949164
10.956870
11.333564
10.999790
10.942969
10.946436
10.948321
11.731569
11.123426
10.939088
10.938276
10.952243
10.945720
10.950452
10.930932
11.758496
10.937763
10.934551
10.937053
11.298191
10.930168
11.080276
10.926674
10.987517
10.926057
11.245546
10.923001
11.108770
10.926004
11.059917
10.943960
13.113242
10.973310
10.938483
11.588149
11.364235
10.915601
10.923180
10.916218
10.957904
10.933809
10.980437
10.915491
11.172001
10.927968
10.941027
11.060288
11.104137
10.909681
10.921452
10.905482
10.920953
10.922424
10.911278
10.903865
10.968947
11.092486
10.966629
10.914919
11.064923
10.901730
10.904075
10.899649
22.368102
10.897557
11.129868
10.893929
10.897413
10.897967
10.906677
10.892102
11.437498
11.194566
10.904450
10.889689
10.922271
10.888061
10.884548
10.891254
11.138594
10.883183
10.894103
11.019446
11.017589
10.888661
10.882520
10.881618
11.452608
10.879802
10.880358
10.885472
15.140595
10.875406
10.930472
10.876007
12.756105
10.874832
10.881846
10.888330
10.962079
10.873467
10.873167
10.872957
11.010963
11.387296
11.723549
10.868991
10.869777
10.860814
10.872482
10.864595
11.363865
10.862442
10.866901
10.866143
10.877553
10.986086
10.861374
10.853273
11.972502
10.879645
11.181172
10.852469
10.866429
10.856031
11.094798
10.861245
12.523894
10.848054
10.850765
10.851042
10.861758
10.986044
10.853872
10.841988
11.043462
10.843054
10.973562
11.142148
10.914288
10.922126
10.846226
10.838371
11.731077
10.838712
10.845008
10.834281
10.842359
10.837117
10.840969
10.832357
11.090764
10.834836
10.835751
10.828717
11.088609
10.829785
10.882413
10.880077
11.615601
10.829632
10.830776
10.828374
10.909732
10.824359
10.824258
10.836805
10.931309
10.822938
10.958663
10.930952
10.836901
10.818141
10.881916
10.815172
11.223864
10.814261
10.823212
10.817909
10.823848
10.857555
10.814106
10.807672
10.916866
10.808440
10.813873
10.810729
10.809552
10.804796
10.812562
10.800032
13.804760
10.806382
10.863345
10.797865
10.813956
10.795932
10.802569
10.856739
10.857732
10.800755
10.795244
10.794070
11.209236
10.841886
14.028564
11.631215
11.621828
10.793338
10.795838
10.788774
10.879867
10.784274
10.796767
10.791125
10.896965
10.786299
10.795468
10.787450
10.948329
10.786524
10.793627
11.069453
11.696366
10.789823
10.943670
10.779512
10.795121
10.776299
10.784641
10.782826
10.832313
10.770621
10.776789
10.774849
10.787101
10.778264
10.778561
10.775687
11.356143
10.767207
10.823908
10.763102
10.868052
10.767113
10.773981
11.130295
10.862384
10.759161
10.762582
10.760645
10.812742
10.760929
10.755493
10.756539
11.899868
10.798105
10.836847
10.759759
10.885093
10.756925
10.753981
10.749420
11.128057
10.757859
10.774642
10.760878
10.815759
10.744966
10.753732
10.756201
11.122190
10.746978
10.748717
10.746672
10.787345
10.740805
10.747714
10.737940
10.840279
10.744218
10.742540
10.846291
10.750624
10.734156
10.738932
10.732101
12.218396
10.734269
10.944027
10.728258
10.749109
10.728814
10.733639
10.727531
11.945210
10.729510
10.737918
10.721337
11.036519
10.725408
10.728153
11.194972
11.344148
10.731565
10.805555
10.717650
10.749051
11.331516
10.717644
10.797178
11.302911
10.712856
10.718055
10.714032
11.136048
10.710704
10.737844
10.709779
16.115953
10.707132
10.758502
10.711665
11.343913
10.705625
10.711649
10.779067
10.748785
10.709422
10.820028
10.708235
10.734341
10.700931
10.703963
10.697485
11.110854
10.703448
10.705084
10.694489
11.133844
10.695341
10.749943
10.701427
13.493810
10.691043
10.735715
10.692084
10.700169
10.690401
10.694848
10.730139
11.807998
10.771988
10.687958
10.691940
10.730341
10.704454
10.698021
10.687374
10.785028
10.678922
10.730330
10.679702
10.737903
10.683577
10.685024
10.690241
10.828181
10.676098
10.825215
10.749106
11.672492
10.671304
10.673668
10.681152
10.831043
10.698822
10.746056
10.683732
10.681186
10.665935
10.667359
11.637806
12.982295
10.664130
10.664115
10.663848
10.893396
10.661651
10.681942
10.660857
10.838012
10.661439
10.667839
11.075421
10.791563
10.702538
10.790781
10.653680
11.022585
10.651550
10.664148
10.649595
10.690549
10.654068
10.647953
10.647939
10.759113
10.677446
10.694043
10.644809
10.794322
10.646357
10.651090
11.480360
12.953812
10.640119
10.695700
10.637595
10.704255
10.682250
10.643727
10.636834
10.696449
10.650885
10.732205
10.726723
10.661147
10.631542
10.629346
10.631569
10.798139
10.626453
10.638582
10.629851
10.640202
10.688077
10.631825
10.625102
10.658574
10.635280
10.812426
10.626743
10.838875
10.621671
10.882093
10.622386
13.323504
10.618102
11.003401
10.623653
10.653511
10.619483
10.625053
10.614367
10.718070
10.611170
11.292395
10.616285
10.827007
10.612891
10.739516
10.609797
10.942271
10.613713
10.607815
10.604955
10.615092
10.722466
10.769034
10.608831
11.866129
10.608901
11.194572
10.603012
11.822442
10.598491
10.643363
10.610079
12.414837
10.596173
10.671969
10.617830
10.923868
10.594541
10.601633
11.093858
11.306706
10.590448
10.599018
10.642487
10.606838
10.589765
10.594381
10.589379
11.248805
10.583129
10.595955
10.593577
10.605234
10.581654
10.587946
10.580401
10.604432
10.580590
10.583851
10.646056
10.648597
10.578112
10.634388
10.625234
11.700645
10.579471
10.588408
10.572760
10.613168
10.576264
10.591308
10.703456
10.616591
10.572277
10.575684
10.617723
13.284427
10.694828
10.568588
10.585966
10.796026
10.562688
10.890768
10.564505
10.579058
10.558660
10.560679
10.605405
10.680661
10.556842
10.611967
10.554371
10.892830
10.552447
10.558765
10.550672
11.624664
10.552144
11.274229
10.561848
10.580735
10.548671
10.557213
10.548992
10.816599
10.554064
10.703982
10.565708
10.608432
10.545224
10.559669
10.542302
11.290931
10.664492
10.550354
10.541906
10.556975
10.542586
10.589242
10.538468
10.595284
10.559299
10.551235
10.532101
11.071653
10.533105
10.538224
10.534319
17.016238
10.530130
10.529724
10.526115
10.701347
10.526812
10.530249
10.528397
10.607945
10.526511
10.761013
10.526947
10.531875
10.664694
10.540821
10.523250
11.107875
10.518241
10.523085
10.714454
10.536804
10.516031
10.520268
10.515754
10.605911
10.511996
10.591337
10.512472
10.770725
10.515774
11.863151
10.511747
14.765755
10.510546
10.517590
10.506915
10.514096
10.508602
10.512058
10.508881
10.570251
11.039404
10.504210
10.500553
10.520661
10.500108
10.504747
10.500254
11.236564
10.505266
10.506810
10.496012
10.515210
10.495198
10.505634
10.490984
10.939898
10.498510
10.496225
10.492463
13.663525
11.344932
10.506863
10.487441
11.881017
10.490741
10.546163
10.514671
10.509199
11.222002
10.489187
10.485281
10.763289
10.483512
10.489177
10.481792
10.513549
10.477539
10.478457
10.803012
10.695984
10.475702
10.517723
10.552391
10.487021
10.471863
10.474306
10.853825
10.941426
10.589398
10.475643
10.473440
10.480289
10.472892
10.471771
10.465231
11.291176
10.464599
10.477170
10.498677
10.557407
10.463607
10.591671
10.463332
10.646534
10.464358
11.036906
10.464329
10.471245
10.457598
10.465879
10.774999
10.943192
10.453738
10.460301
10.456619
10.490004
10.451157
10.536345
10.450787
10.663247
10.452356
10.461058
10.449288
10.460943
10.448024
10.809180
10.454629
11.921503
10.521488
10.570722
10.446857
10.639624
10.444664
10.443549
10.439639
10.528129
10.811054
10.441761
10.440120
10.465102
10.438663
10.437121
10.446952
10.678443
10.435912
10.446229
10.433232
10.493412
10.430358
10.433481
10.427753
11.535024
10.429067
10.437255
10.426122
10.436743
10.423715
10.435400
10.427978
11.169470
10.444089
10.430491
10.425089
10.441513
10.421278
11.412178
10.421382
10.567318
10.428671
10.450589
10.416063
10.426784
10.414420
10.418836
10.413559
13.247971
10.416524
10.413705
10.411827
10.549803
10.408096
10.464493
10.450152
10.557786
10.411571
10.488704
10.414729
10.486353
10.409244
10.414874
10.403002
11.740287
10.406235
10.403274
10.400166
10.408384
10.404546
10.571379
10.396856
10.536777
10.525910
10.402876
10.399576
10.898503
10.500813
10.402641
10.393415
10.684017
10.413143
10.437922
10.409048
10.398944
10.391759
10.417747
11.722313
10.466534
10.389238
10.467133
10.390044
10.594864
10.388206
10.423542
10.415457
10.908690
10.391351
10.384563
10.378017
10.661460
10.383551
10.644732
10.377283
10.444027
10.376922
10.514686
10.622031
10.383750
10.387576
10.411204
10.370350
10.491057
10.375420
10.373713
10.368927
10.380917
10.370162
10.881995
10.370619
10.546231
10.370272
10.419559
10.366144
10.385048
10.361724
10.373697
10.518907
15.162195
10.358640
10.362651
10.357664
10.427249
10.358293
10.370283
10.359749
10.391183
10.403779
10.360521
11.085673
10.679005
10.357371
10.354952
10.352133
11.004373
10.412215
10.356272
10.353928
10.407904
10.350769
10.356024
10.350501
10.563933
10.346871
10.527638
10.354381
10.360018
10.341433
10.345791
10.342454
11.978321
10.341933
10.352314
10.343669
10.681966
10.338734
10.840860
10.580975
11.086887
10.338192
10.337259
10.332992
10.420823
10.333723
10.338609
10.334502
10.511665
10.592928
10.337753
10.358093
10.364664
10.864486
10.378115
10.327258
10.696907
10.323579
10.331334
10.328296
10.333093
10.333131
10.396523
10.326671
11.817463
10.319315
10.547625
10.318825
10.381309
10.350200
10.323083
10.313379
10.403305
10.313447
10.314819
10.311398
10.505710
10.345130
10.329535
10.365553
10.511448
10.315076
10.372846
10.310876
10.374426
10.309264
10.889545
10.512621
10.514035
10.304205
10.307825
10.302196
11.426280
10.302678
10.308943
10.303813
11.051135
10.301008
10.307259
10.326360
10.317875
10.294796
10.304634
10.305303
10.345818
10.294229
10.352126
10.295546
10.311129
10.290970
10.291460
10.294690
11.115075
10.290357
10.376869
10.288934
10.658284
10.288212
10.362593
10.287394
12.946099
10.285598
10.409615
10.286458
10.298580
10.281973
10.283826
10.443891
13.345817
10.278398
10.278551
10.280730
10.293462
10.277539
10.287586
10.275193
10.361036
10.275861
10.297049
10.486146
11.012375
10.272823
10.279843
10.270334
12.083179
10.271726
10.274253
10.268046
10.291954
10.315932
10.272013
10.265941
10.916497
10.264094
10.266199
10.260175
10.301128
10.261473
10.265504
10.333664
10.957576
10.685226
10.276160
10.258599
10.292107
10.258572
10.264308
10.260650
10.478593
10.260479
10.261030
10.251383
10.471321
10.251274
10.250191
10.248085
10.477097
10.247640
10.251512
10.253194
10.264063
10.245801
10.435437
10.245633
10.652278
10.242604
10.249658
10.239949
10.474070
10.245598
10.461083
10.245118
11.134705
10.236241
10.249728
10.260449
10.373182
10.525127
10.243020
10.235865
10.260693
10.234583
10.234681
10.241547
10.371555
10.237230
10.247280
10.362175
10.819599
10.227732
10.232642
10.231984
10.244489
10.225330
10.234064
10.226583
10.361847
10.223517
10.277729
10.230309
10.792602
10.225711
10.223939
10.271328
14.306249
10.261989
10.267513
10.226876
10.733504
10.219082
10.227399
