Starting the test of the hash function bad hash with the word lexikon OnlyB
Starting to load map from OnlyB
Loading finished. Loaded 8167 words from file.
Started measuring access times
accessing: Bewegungslehre
3383141
3503756
3523731
3571029
3590944
accessing: Betrunkener
10273385
10347334
10136971
10223046
10173583
accessing: Besetzer
9507464
9561266
9458752
9412525
9372225
accessing: Begriffs-
4429281
4488804
4508413
4505646
4512737
Finished measuring access times
Starting to calculate: 8167 Collisions
4083.500000
3849.960721
3536.414736
3266.800000
3043.661195
2857.854676
2700.981370
2566.640481
2450.100000
2347.847423
2257.239555
2176.255222
2103.324090
2037.207725
1976.915937
1921.647059
1870.744647
1823.665605
1779.956384
1739.234969
1701.177077
1665.505457
1631.981502
1600.398618
1570.576923
1542.358977
1515.606316
1490.196618
1466.021366
1442.983912
1420.997861
1399.985717
1379.877739
1360.610975
1342.128433
1324.378378
1307.313726
1290.891517
1275.072466
1259.820568
1245.102754
1230.888588
1217.150010
1203.861096
1190.997859
1178.538063
1166.461065
1154.747669
1143.380000
1132.341389
1121.616269
1111.190086
1101.049212
1091.180876
1081.573090
1072.214592
1063.094790
1054.203711
1045.531955
1037.070655
1028.811437
1020.746386
1012.868014
1005.169231
997.643319
990.283905
983.084942
976.040685
969.145673
962.394709
955.782850
949.305383
942.957819
936.735873
930.635457
924.652667
918.783771
913.025202
907.373548
901.825539
896.378049
891.028077
885.772750
880.609311
875.535111
870.547612
865.644372
860.823045
856.081377
851.417197
846.828419
842.313033
837.869104
833.494766
829.188223
824.947741
820.771650
816.658335
812.606240
808.613861
804.679747
800.802494
796.980744
793.213188
789.498556
785.835620
782.223193
778.660125
775.145302
771.677645
768.256109
764.879680
761.547376
758.258244
755.011361
751.805829
748.640778
745.515364
742.428765
739.380186
736.368852
733.394012
730.454933
727.550905
724.681237
721.845257
719.042311
716.271762
713.532992
710.825397
708.148390
705.501401
702.883871
700.295259
697.735037
695.202688
692.697711
690.219617
687.767928
685.342179
682.941914
680.566692
678.216080
675.889655
673.587006
671.307731
669.051437
666.817739
664.606265
662.416647
660.248527
658.101558
655.975396
653.869708
651.784167
649.718454
647.672258
645.645272
643.637197
641.647743
639.676622
637.723555
635.788268
633.870493
631.969967
630.086433
628.219640
626.369341
624.535294
622.717264
620.915018
619.128329
617.356974
615.600737
613.859402
612.132761
610.420607
608.722740
607.038961
605.369078
603.712899
602.070239
600.440914
598.824746
597.221557
595.631176
594.053432
592.488160
590.935195
589.394378
587.865550
586.348557
584.843248
583.349472
581.867084
580.395939
578.935896
577.486817
576.048564
574.621003
573.204003
571.797434
570.401169
569.015083
567.639052
566.272955
564.916674
563.570091
562.233092
560.905563
559.587394
558.278474
556.978696
555.687954
554.406144
553.133163
551.868911
550.613287
549.366195
548.127539
546.897223
545.675154
544.461241
543.255393
542.057522
540.867540
539.685360
538.510898
537.344070
536.184794
535.032989
533.888575
532.751472
531.621605
530.498895
529.383269
528.274651
527.172969
526.078150
524.990124
523.908821
522.834172
521.766109
520.704564
519.649472
518.600768
517.558388
516.522268
515.492345
514.468559
513.450848
512.439153
511.433415
510.433575
509.439576
508.451362
507.468876
506.492063
505.520870
504.555242
503.595126
502.640470
501.691223
500.747333
499.808751
498.875427
497.947312
497.024358
496.106516
495.193741
494.285985
493.383204
492.485350
491.592381
490.704251
489.820918
488.942337
488.068468
487.199267
486.334693
485.474706
484.619265
483.768329
482.921861
482.079820
481.242169
480.408869
479.579882
478.755172
477.934703
477.118437
476.306338
475.498373
474.694505
473.894701
473.098926
472.307146
471.519328
470.735439
469.955447
469.179319
468.407024
467.638530
466.873806
466.112821
465.355545
464.601948
463.852001
463.105673
462.362937
461.623762
460.888121
460.155986
459.427329
458.702123
457.980339
457.261953
456.546936
455.835263
455.126908
454.421844
453.720048
453.021493
452.326154
451.634007
450.945028
450.259193
449.576477
448.896857
448.220310
447.546813
446.876343
446.208877
445.544392
444.882868
444.224281
443.568611
442.915835
442.265933
441.618883
440.974665
440.333258
439.694642
439.058796
438.425700
437.795336
437.167682
436.542720
435.920431
435.300796
434.683795
434.069411
433.457624
432.848417
432.241771
431.637669
431.036092
430.437024
429.840447
429.246343
428.654696
428.065489
427.478704
426.894326
426.312339
425.732724
425.155468
424.580553
424.007965
423.437686
422.869703
422.303999
421.740559
421.179368
420.620412
420.063675
419.509143
418.956802
418.406636
417.858632
417.312776
416.769053
416.227450
415.687953
415.150548
414.615222
414.081962
413.550754
413.021585
412.494442
411.969313
411.446184
410.925043
410.405877
409.888673
409.373421
408.860106
408.348717
407.839243
407.331671
406.825989
406.322186
405.820250
405.320169
404.821932
404.325529
403.830947
403.338175
402.847203
402.358020
401.870614
401.384975
400.901093
400.418956
399.938555
399.459879
398.982917
398.507660
398.034097
397.562218
397.092014
396.623474
396.156588
395.691348
395.227742
394.765763
394.305399
393.846643
393.389484
392.933913
392.479921
392.027500
391.576639
391.127330
390.679564
390.233333
389.788627
389.345438
388.903758
388.463577
388.024887
387.587680
387.151948
386.717682
386.284874
385.853516
385.423600
384.995117
384.568061
384.142422
383.718194
383.295368
382.873937
382.453892
382.035228
381.617935
381.202006
380.787435
380.374213
379.962333
379.551789
379.142572
378.734677
378.328094
377.922819
377.518843
377.116160
376.714762
376.314644
375.915798
375.518217
375.121895
374.726826
374.333002
373.940417
373.549064
373.158938
372.770032
372.382339
371.995853
371.610567
371.226477
370.843575
370.461856
370.081312
369.701940
369.323731
368.946681
368.570783
368.196032
367.822421
367.449946
367.078600
366.708377
366.339272
365.971280
365.604394
365.238610
364.873921
364.510323
364.147809
363.786375
363.426015
363.066723
362.708495
362.351326
361.995209
361.640141
361.286115
360.933126
360.581171
360.230243
359.880338
359.531450
359.183575
358.836708
358.490843
358.145977
357.802105
357.459221
357.117320
356.776399
356.436453
356.097476
355.759465
355.422414
355.086320
354.751177
354.416981
354.083728
353.751413
353.420033
353.089581
352.760055
352.431450
352.103762
351.776985
351.451117
351.126153
350.802089
350.478920
350.156642
349.835252
349.514746
349.195119
348.876367
348.558486
348.241472
347.925322
347.610032
347.295597
346.982014
346.669278
346.357387
346.046336
345.736122
345.426740
345.118188
344.810461
344.503555
344.197468
343.892194
343.587732
343.284077
342.981226
342.679175
342.377920
342.077459
341.777787
341.478901
341.180798
340.883475
340.586927
340.291152
339.996146
339.701906
339.408429
339.115711
338.823749
338.532540
338.242081
337.952367
337.663397
337.375167
337.087674
336.800915
336.514886
336.229584
335.945007
335.661152
335.378015
335.095592
334.813883
334.532882
334.252588
333.972997
333.694107
333.415914
333.138416
332.861609
332.585492
332.310060
332.035312
331.761244
331.487853
331.215137
330.943093
330.671719
330.401010
330.130966
329.861583
329.592858
329.324789
329.057372
328.790606
328.524488
328.259015
327.994185
327.729994
327.466441
327.203523
326.941237
326.679581
326.418551
326.158147
325.898365
325.639202
325.380657
325.122727
324.865409
324.608701
324.352601
324.097106
323.842213
323.587922
323.334228
323.081130
322.828625
322.576712
322.325387
322.074649
321.824495
321.574923
321.325931
321.077516
320.829677
320.582410
320.335715
320.089588
319.844027
319.599031
319.354597
319.110723
318.867407
318.624646
318.382439
318.140784
317.899678
317.659119
317.419106
317.179636
316.940707
316.702317
316.464464
316.227146
315.990362
315.754108
315.518384
315.283187
315.048515
314.814366
314.580739
314.347631
314.115040
313.882965
313.651403
313.420353
313.189814
312.959782
312.730256
312.501234
312.272715
312.044696
311.817177
311.590154
311.363626
311.137592
310.912049
310.686996
310.462431
310.238352
310.014758
309.791646
309.569016
309.346864
309.125191
308.903993
308.683269
308.463018
308.243238
308.023926
307.805082
307.586704
307.368791
307.151339
306.934349
306.717817
306.501743
306.286126
306.070962
305.856252
305.641993
305.428183
305.214822
305.001907
304.789437
304.577410
304.365825
304.154681
303.943975
303.733707
303.523874
303.314476
303.105511
302.896976
302.688872
302.481196
302.273947
302.067123
301.860724
301.654746
301.449190
301.244054
301.039335
300.835034
300.631148
300.427676
300.224616
300.021968
299.819729
299.617899
299.416476
299.215459
299.014845
298.814635
298.614827
298.415419
298.216409
298.017798
297.819582
297.621762
297.424335
297.227301
297.030658
296.834404
296.638539
296.443061
296.247970
296.053262
295.858939
295.664997
295.471436
295.278255
295.085453
294.893027
294.700978
294.509303
294.318001
294.127072
293.936515
293.746327
293.556507
293.367055
293.177970
292.989250
292.800893
292.612900
292.425268
292.237996
292.051084
291.864530
291.678334
291.492493
291.307006
291.121874
290.937094
290.752665
290.568587
290.384858
290.201477
290.018442
289.835754
289.653411
289.471411
289.289754
289.108439
288.927464
288.746828
288.566531
288.386571
288.206947
288.027659
287.848705
287.670084
287.491795
287.313837
287.136209
286.958910
286.781939
286.605296
286.428978
286.252985
286.077317
285.901971
285.726947
285.552245
285.377862
285.203799
285.030053
284.856625
284.683513
284.510716
284.338234
284.166065
283.994208
283.822662
283.651428
283.480502
283.309885
283.139576
282.969574
282.799878
282.630486
282.461399
282.292614
282.124132
281.955951
281.788071
281.620490
281.453208
281.286223
281.119536
280.953144
280.787047
280.621245
280.455736
280.290519
280.125595
279.960961
279.796616
279.632561
279.468795
279.305315
279.142122
278.979215
278.816593
278.654255
278.492200
278.330427
278.168936
278.007726
277.846796
277.686145
277.525772
277.365677
277.205858
277.046316
276.887048
276.728055
276.569336
276.410889
276.252715
276.094811
275.937178
275.779815
275.622721
275.465894
275.309336
275.153044
274.997017
274.841256
274.685759
274.530526
274.375556
274.220848
274.066401
273.912215
273.758289
273.604622
273.451213
273.298063
273.145169
272.992532
272.840150
272.688023
272.536151
272.384531
272.233165
272.082051
271.931188
271.780575
271.630213
271.480100
271.330235
271.180619
271.031250
270.882127
270.733250
270.584618
270.436231
270.288088
270.140188
269.992530
269.845114
269.697940
269.551006
269.404312
269.257857
269.111641
268.965662
268.819921
268.674417
268.529149
268.384116
268.239317
268.094753
267.950423
267.806325
267.662459
267.518825
267.375422
267.232250
267.089307
266.946593
266.804108
266.661851
266.519821
266.378018
266.236440
266.095089
265.953962
265.813060
265.672381
265.531925
265.391692
265.251681
265.111891
264.972322
264.832973
264.693844
264.554934
264.416242
264.277769
264.139512
264.001472
263.863649
263.726041
263.588648
263.451470
263.314506
263.177755
263.041217
262.904891
262.768777
262.632874
262.497182
262.361699
262.226427
262.091363
261.956508
261.821861
261.687421
261.553189
261.419162
261.285341
261.151726
261.018316
260.885109
260.752107
260.619307
260.486711
260.354316
260.222123
260.090132
259.958341
259.826750
259.695358
259.564166
259.433173
259.302377
259.171780
259.041379
258.911175
258.781167
258.651355
258.521738
258.392315
258.263087
258.134053
258.005211
257.876563
257.748106
257.619842
257.491769
257.363886
257.236194
257.108692
256.981379
256.854255
256.727320
256.600572
256.474013
256.347640
256.221454
256.095454
255.969639
255.844010
255.718566
255.593306
255.468230
255.343338
255.218628
255.094101
254.969756
254.845593
254.721611
254.597809
254.474189
254.350747
254.227486
254.104403
253.981499
253.858774
253.736226
253.613855
253.491661
253.369643
253.247802
253.126136
253.004646
252.883330
252.762188
252.641221
252.520427
252.399806
252.279357
252.159081
252.038977
251.919045
251.799283
251.679692
251.560271
251.441020
251.321939
251.203026
251.084283
250.965707
250.847299
250.729059
250.610986
250.493079
250.375338
250.257764
250.140355
250.023111
249.906032
249.789117
249.672366
249.555779
249.439354
249.323093
249.206994
249.091057
248.975281
248.859667
248.744214
248.628922
248.513789
248.398817
248.284003
248.169349
248.054854
247.940517
247.826337
247.712316
247.598451
247.484744
247.371193
247.257798
247.144559
247.031476
246.918547
246.805773
246.693154
246.580689
246.468377
246.356219
246.244213
246.132360
246.020660
245.909111
245.797715
245.686469
245.575374
245.464430
245.353636
245.242992
245.132497
245.022152
244.911956
244.801908
244.692008
244.582256
244.472652
244.363195
244.253885
244.144721
244.035704
243.926832
243.818107
243.709526
243.601090
243.492799
243.384653
243.276650
243.168791
243.061075
242.953502
242.846072
242.738784
242.631639
242.524635
242.417772
242.311051
242.204471
242.098031
241.991731
241.885571
241.779551
241.673670
241.567928
241.462324
241.356860
241.251533
241.146344
241.041292
240.936378
240.831600
240.726959
240.622454
240.518086
240.413853
240.309755
240.205792
240.101965
239.998271
239.894712
239.791287
239.687996
239.584838
239.481813
239.378921
239.276161
239.173534
239.071038
238.968675
238.866442
238.764341
238.662370
238.560530
238.458820
238.357241
238.255791
238.154470
238.053279
237.952216
237.851282
237.750476
237.649799
237.549249
237.448827
237.348532
237.248364
237.148322
237.048407
236.948619
236.848956
236.749419
236.650007
236.550720
236.451559
236.352521
236.253609
236.154820
236.056155
235.957613
235.859195
235.760900
235.662728
235.564679
235.466751
235.368946
235.271262
235.173700
235.076259
234.978939
234.881740
234.784662
234.687704
234.590866
234.494147
234.397548
234.301069
234.204708
234.108466
234.012343
233.916338
233.820451
233.724682
233.629031
233.533496
233.438079
233.342779
233.247596
233.152529
233.057578
232.962742
232.868023
232.773419
232.678930
232.584556
232.490297
232.396153
232.302122
232.208206
232.114404
232.020715
231.927139
231.833677
231.740328
231.647091
231.553967
231.460954
231.368054
231.275266
231.182589
231.090024
230.997569
230.905226
230.812993
230.720870
230.628858
230.536956
230.445164
230.353481
230.261907
230.170443
230.079087
229.987841
229.896702
229.805672
229.714750
229.623936
229.533229
229.442630
229.352138
229.261753
229.171475
229.081304
228.991238
228.901279
228.811426
228.721678
228.632037
228.542500
228.453068
228.363742
228.274520
228.185402
228.096389
228.007480
227.918675
227.829974
227.741376
227.652881
227.564489
227.476201
227.388015
227.299931
227.211950
227.124071
227.036293
226.948618
226.861043
226.773571
226.686199
226.598928
226.511758
226.424688
226.337719
226.250850
226.164081
226.077412
225.990842
225.904371
225.818000
225.731728
225.645554
225.559479
225.473503
225.387625
225.301844
225.216162
225.130577
225.045090
224.959701
224.874408
224.789212
224.704113
224.619111
224.534205
224.449395
224.364681
224.280063
224.195541
224.111114
224.026783
223.942546
223.858405
223.774358
223.690406
223.606549
223.522785
223.439116
223.355541
223.272059
223.188671
223.105376
223.022174
222.939066
222.856050
222.773127
222.690296
222.607558
222.524912
222.442358
222.359895
222.277525
222.195246
222.113058
222.030961
221.948955
221.867040
221.785216
221.703482
221.621838
221.540285
221.458821
221.377447
221.296163
221.214969
221.133863
221.052847
220.971920
220.891082
220.810332
220.729671
220.649098
220.568613
220.488216
220.407908
220.327686
220.247553
220.167506
220.087547
220.007675
219.927890
219.848192
219.768580
219.689055
219.609616
219.530263
219.450996
219.371814
219.292719
219.213709
219.134784
219.055944
218.977190
218.898520
218.819935
218.741435
218.663019
218.584687
218.506440
218.428276
218.350197
218.272201
218.194288
218.116459
218.038713
217.961050
217.883470
217.805973
217.728558
217.651226
217.573977
217.496809
217.419724
217.342720
217.265798
217.188958
217.112199
217.035522
216.958926
216.882411
216.805977
216.729623
216.653350
216.577158
216.501046
216.425014
216.349062
216.273190
216.197398
216.121685
216.046052
215.970498
215.895024
215.819628
215.744312
215.669074
215.593915
215.518835
215.443833
215.368909
215.294063
215.219295
215.144605
215.069993
214.995458
214.921001
214.846621
214.772318
214.698093
214.623944
214.549872
214.475876
214.401957
214.328115
214.254349
214.180658
214.107044
214.033506
213.960043
213.886656
213.813345
213.740109
213.666948
213.593862
213.520851
213.447914
213.375053
213.302266
213.229554
213.156915
213.084351
213.011861
212.939445
212.867103
212.794835
212.722640
212.650518
212.578470
212.506495
212.434593
212.362764
212.291008
212.219324
212.147713
212.076175
212.004708
211.933314
211.861993
211.790743
211.719564
211.648458
211.577423
211.506460
211.435568
211.364747
211.293997
211.223319
211.152711
211.082174
211.011708
210.941312
210.870986
210.800731
210.730546
210.660431
210.590386
210.520411
210.450506
210.380670
210.310904
210.241207
210.171579
210.102020
210.032531
209.963110
209.893758
209.824475
209.755260
209.686114
209.617036
209.548026
209.479085
209.410211
209.341405
209.272668
209.203997
209.135395
209.066859
208.998392
208.929991
208.861657
208.793391
208.725191
208.657058
208.588992
208.520993
208.453059
208.385193
208.317392
208.249658
208.181989
208.114387
208.046850
207.979379
207.911974
207.844634
207.777359
207.710150
207.643006
207.575927
207.508913
207.441964
207.375080
207.308260
207.241505
207.174814
207.108188
207.041626
206.975128
206.908694
206.842324
206.776018
206.709775
206.643596
206.577481
206.511429
206.445441
206.379515
206.313653
206.247854
206.182117
206.116444
206.050833
205.985285
205.919799
205.854376
205.789015
205.723717
205.658480
205.593305
205.528193
205.463142
205.398153
205.333225
205.268359
205.203555
205.138812
205.074130
205.009509
204.944949
204.880451
204.816013
204.751636
204.687319
204.623063
204.558868
204.494733
204.430658
204.366644
204.302689
204.238795
204.174960
204.111185
204.047470
203.983815
203.920219
203.856683
203.793206
203.729788
203.666429
203.603130
203.539889
203.476708
203.413585
203.350520
203.287515
203.224568
203.161679
203.098849
203.036077
202.973363
202.910708
202.848110
202.785570
202.723088
202.660664
202.598297
202.535988
202.473736
202.411542
202.349405
202.287325
202.225302
202.163337
202.101428
202.039576
201.977781
201.916042
201.854360
201.792735
201.731166
201.669653
201.608196
201.546796
201.485452
201.424163
201.362931
201.301754
201.240634
201.179568
201.118559
201.057604
200.996706
200.935862
200.875074
200.814341
200.753662
200.693039
200.632471
200.571958
200.511499
200.451095
200.390745
200.330450
200.270210
200.210023
200.149891
200.089813
200.029789
199.969819
199.909903
199.850041
199.790233
199.730478
199.670777
199.611129
199.551535
199.491994
199.432506
199.373072
199.313690
199.254362
199.195087
199.135864
199.076694
199.017577
198.958513
198.899501
198.840542
198.781635
198.722780
198.663978
198.605228
198.546530
198.487883
198.429289
198.370747
198.312256
198.253818
198.195430
198.137095
198.078811
198.020578
197.962396
197.904266
197.846187
197.788159
197.730183
197.672257
197.614382
197.556557
197.498784
197.441061
197.383389
197.325767
197.268196
197.210675
197.153204
197.095784
197.038414
196.981093
196.923823
196.866603
196.809432
196.752312
196.695241
196.638219
196.581248
196.524325
196.467452
196.410629
196.353855
196.297130
196.240454
196.183827
196.127249
196.070720
196.014240
195.957809
195.901426
195.845092
195.788807
195.732570
195.676381
195.620241
195.564150
195.508106
195.452111
195.396163
195.340264
195.284413
195.228609
195.172853
195.117146
195.061485
195.005873
194.950308
194.894790
194.839320
194.783897
194.728521
194.673193
194.617911
194.562677
194.507490
194.452350
194.397256
194.342210
194.287210
194.232257
194.177350
194.122490
194.067676
194.012909
193.958188
193.903514
193.848885
193.794303
193.739767
193.685277
193.630833
193.576434
193.522082
193.467775
193.413514
193.359299
193.305129
193.251005
193.196926
193.142892
193.088904
193.034961
192.981063
192.927211
192.873403
192.819640
192.765923
192.712250
192.658622
192.605039
192.551500
192.498006
192.444557
192.391152
192.337792
192.284476
192.231204
192.177976
192.124793
192.071654
192.018559
191.965508
191.912501
191.859537
191.806618
191.753742
191.700910
191.648122
191.595377
191.542676
191.490018
191.437404
191.384833
191.332305
191.279821
191.227379
191.174981
191.122626
191.070314
191.018045
190.965818
190.913635
190.861494
190.809396
190.757340
190.705327
190.653357
190.601429
190.549544
190.497701
190.445900
190.394141
190.342425
190.290750
190.239118
190.187528
190.135980
190.084473
190.033009
189.981586
189.930205
189.878865
189.827568
189.776311
189.725097
189.673923
189.622791
189.571701
189.520652
189.469643
189.418677
189.367751
189.316866
189.266022
189.215219
189.164457
189.113736
189.063056
189.012416
188.961817
188.911259
188.860741
188.810264
188.759827
188.709431
188.659075
188.608759
188.558484
188.508248
188.458053
188.407898
188.357783
188.307708
188.257672
188.207677
188.157721
188.107806
188.057930
188.008093
187.958296
187.908539
187.858821
187.809143
187.759504
187.709904
187.660344
187.610823
187.561341
187.511898
187.462494
187.413130
187.363804
187.314517
187.265269
187.216060
187.166890
187.117758
187.068665
187.019611
186.970595
186.921618
186.872679
186.823779
186.774917
186.726093
186.677308
186.628561
186.579852
186.531181
186.482548
186.433953
186.385397
186.336878
186.288397
186.239954
186.191548
186.143180
186.094850
186.046558
185.998303
185.950086
185.901906
185.853764
185.805659
185.757591
185.709561
185.661568
185.613612
185.565693
185.517811
185.469966
185.422159
185.374388
185.326654
185.278957
185.231297
185.183674
185.136087
185.088537
185.041024
184.993547
184.946106
184.898703
184.851335
184.804004
184.756710
184.709451
184.662229
184.615043
184.567893
184.520780
184.473702
184.426660
184.379655
184.332685
184.285751
184.238853
184.191991
184.145165
184.098374
184.051619
184.004899
183.958215
183.911567
183.864954
183.818376
183.771834
183.725327
183.678856
183.632419
183.586018
183.539652
183.493322
183.447026
183.400765
183.354539
183.308349
183.262193
183.216072
183.169985
183.123934
183.077917
183.031935
182.985987
182.940074
182.894196
182.848352
182.802543
182.756768
182.711027
182.665321
182.619649
182.574011
182.528408
182.482838
182.437303
182.391802
182.346334
182.300901
182.255502
182.210136
182.164805
182.119507
182.074243
182.029013
181.983817
181.938654
181.893524
181.848429
181.803367
181.758338
181.713343
181.668381
181.623452
181.578557
181.533695
181.488867
181.444071
181.399309
181.354580
181.309884
181.265221
181.220590
181.175993
181.131429
181.086898
181.042399
180.997933
180.953500
180.909100
180.864733
180.820398
180.776095
180.731825
180.687588
180.643383
180.599211
180.555070
180.510963
180.466887
180.422844
180.378833
180.334854
180.290908
180.246993
180.203111
180.159261
180.115442
180.071656
180.027901
179.984179
179.940488
179.896829
179.853202
179.809606
179.766043
179.722511
179.679010
179.635541
179.592104
179.548698
179.505323
179.461980
179.418669
179.375388
179.332139
179.288921
179.245735
179.202580
179.159455
179.116362
179.073300
179.030269
178.987270
178.944301
178.901363
178.858455
178.815579
178.772734
178.729919
178.687135
178.644382
178.601659
178.558967
178.516306
178.473675
178.431075
178.388505
178.345966
178.303457
178.260979
178.218531
178.176113
178.133725
178.091368
178.049041
178.006744
177.964477
177.922241
177.880034
177.837857
177.795711
177.753594
177.711507
177.669450
177.627423
177.585426
177.543458
177.501521
177.459613
177.417734
177.375886
177.334066
177.292277
177.250517
177.208786
177.167085
177.125414
177.083771
177.042158
177.000575
176.959021
176.917496
176.876000
176.834533
176.793096
176.751687
176.710308
176.668958
176.627637
176.586344
176.545081
176.503847
176.462641
176.421464
176.380317
176.339198
176.298107
176.257046
176.216013
176.175008
176.134033
176.093086
176.052167
176.011277
175.970415
175.929582
175.888778
175.848001
175.807253
175.766534
175.725842
175.685179
175.644544
175.603937
175.563359
175.522808
175.482286
175.441792
175.401325
175.360887
175.320477
175.280094
175.239740
175.199413
175.159114
175.118843
175.078600
175.038384
174.998196
174.958036
174.917903
174.877798
174.837721
174.797671
174.757649
174.717654
174.677686
174.637746
174.597834
174.557949
174.518091
174.478260
174.438457
174.398680
174.358931
174.319210
174.279515
174.239847
174.200207
174.160593
174.121007
174.081448
174.041915
174.002410
173.962931
173.923479
173.884054
173.844656
173.805284
173.765940
173.726622
173.687330
173.648066
173.608828
173.569616
173.530431
173.491273
173.452141
173.413036
173.373957
173.334904
173.295878
173.256878
173.217904
173.178957
173.140036
173.101141
173.062273
173.023431
172.984614
172.945824
172.907060
172.868322
172.829610
172.790924
172.752264
172.713630
172.675022
172.636440
172.597883
172.559353
172.520848
172.482369
172.443916
172.405488
172.367086
172.328710
172.290359
172.252034
172.213735
172.175461
172.137212
172.098989
172.060792
172.022620
171.984473
171.946352
171.908256
171.870185
171.832139
171.794119
171.756124
171.718155
171.680210
171.642291
171.604396
171.566527
171.528683
171.490864
171.453070
171.415301
171.377556
171.339837
171.302143
171.264473
171.226829
171.189209
171.151614
171.114043
171.076498
171.038977
171.001481
170.964009
170.926562
170.889140
170.851742
170.814369
170.777020
170.739696
170.702396
170.665121
170.627870
170.590644
170.553441
170.516264
170.479110
170.441981
170.404876
170.367795
170.330738
170.293706
170.256698
170.219713
170.182753
170.145817
170.108905
170.072017
170.035153
169.998313
169.961497
169.924705
169.887937
169.851192
169.814472
169.777775
169.741102
169.704453
169.667827
169.631225
169.594647
169.558093
169.521562
169.485055
169.448571
169.412111
169.375674
169.339261
169.302871
169.266505
169.230162
169.193843
169.157547
169.121274
169.085025
169.048799
169.012596
168.976417
168.940261
168.904127
168.868018
168.831931
168.795867
168.759827
168.723809
168.687815
168.651843
168.615895
168.579970
168.544067
168.508188
168.472331
168.436497
168.400686
168.364898
168.329133
168.293391
168.257671
168.221974
168.186300
168.150648
168.115019
168.079413
168.043830
168.008268
167.972730
167.937214
167.901721
167.866250
167.830801
167.795375
167.759972
167.724590
167.689232
167.653895
167.618581
167.583289
167.548020
167.512772
167.477547
167.442344
167.407164
167.372005
167.336869
167.301755
167.266663
167.231593
167.196545
167.161519
167.126515
167.091533
167.056573
167.021635
166.986718
166.951824
166.916952
166.882101
166.847272
166.812465
166.777680
166.742917
166.708175
166.673455
166.638757
166.604080
166.569425
166.534792
166.500180
166.465589
166.431021
166.396474
166.361948
166.327444
166.292961
166.258500
166.224060
166.189641
166.155244
166.120869
166.086514
166.052181
166.017869
165.983579
165.949309
165.915061
165.880834
165.846629
165.812444
165.778280
165.744138
165.710017
165.675917
165.641837
165.607779
165.573742
165.539726
165.505731
165.471756
165.437803
165.403871
165.369959
165.336068
165.302198
165.268349
165.234521
165.200713
165.166927
165.133160
165.099415
165.065690
165.031986
164.998303
164.964640
164.930998
164.897376
164.863775
164.830195
164.796635
164.763095
164.729576
164.696077
164.662599
164.629141
164.595704
164.562287
164.528890
164.495514
164.462158
164.428822
164.395506
164.362211
164.328936
164.295681
164.262446
164.229232
164.196038
164.162863
164.129709
164.096575
164.063461
164.030367
163.997293
163.964239
163.931205
163.898191
163.865197
163.832223
163.799269
163.766334
163.733420
163.700525
163.667650
163.634795
163.601960
163.569144
163.536348
163.503572
163.470816
163.438079
163.405362
163.372665
163.339987
163.307329
163.274690
163.242071
163.209472
163.176892
163.144331
163.111790
163.079269
163.046766
163.014284
162.981821
162.949377
162.916952
162.884547
162.852161
162.819795
162.787448
162.755120
162.722811
162.690521
162.658251
162.626000
162.593768
162.561555
162.529362
162.497187
162.465032
162.432896
162.400779
162.368680
162.336601
162.304541
162.272500
162.240478
162.208474
162.176490
162.144525
162.112578
162.080651
162.048742
162.016852
161.984981
161.953129
161.921295
161.889480
161.857684
161.825907
161.794148
161.762408
161.730687
161.698985
161.667301
161.635635
161.603989
161.572361
161.540751
161.509160
161.477587
161.446033
161.414498
161.382981
161.351482
161.320002
161.288541
161.257097
161.225672
161.194266
161.162877
161.131508
161.100156
161.068823
161.037508
161.006211
160.974932
160.943672
160.912430
160.881206
160.850000
160.818813
160.787643
160.756492
160.725359
160.694244
160.663147
160.632068
160.601007
160.569964
160.538939
160.507932
160.476942
160.445971
160.415018
160.384083
160.353165
160.322266
160.291384
160.260520
160.229674
160.198846
160.168036
160.137243
160.106468
160.075711
160.044972
160.014250
159.983546
159.952859
159.922191
159.891540
159.860906
159.830290
159.799692
159.769111
159.738548
159.708002
159.677474
159.646963
159.616470
159.585995
159.555536
159.525096
159.494672
159.464266
159.433878
159.403506
159.373152
159.342816
159.312497
159.282195
159.251910
159.221643
159.191393
159.161160
159.130944
159.100745
159.070564
159.040400
159.010253
158.980123
158.950011
158.919915
158.889836
158.859775
158.829731
158.799703
158.769693
158.739700
158.709723
158.679764
158.649821
158.619896
158.589987
158.560096
158.530221
158.500363
158.470522
158.440698
158.410891
158.381100
158.351327
158.321570
158.291830
158.262106
158.232400
158.202710
158.173037
158.143380
158.113740
158.084117
158.054511
158.024921
157.995347
157.965791
157.936251
157.906727
157.877220
157.847730
157.818256
157.788798
157.759357
157.729933
157.700525
157.671133
157.641758
157.612399
157.583057
157.553731
157.524421
157.495128
157.465851
157.436591
157.407346
157.378119
157.348907
157.319711
157.290532
157.261369
157.232222
157.203092
157.173977
157.144879
157.115797
157.086731
157.057682
157.028648
156.999630
156.970629
156.941643
156.912674
156.883721
156.854783
156.825862
156.796957
156.768067
156.739194
156.710337
156.681495
156.652669
156.623860
156.595066
156.566288
156.537526
156.508780
156.480049
156.451335
156.422636
156.393953
156.365286
156.336635
156.307999
156.279379
156.250775
156.222186
156.193613
156.165056
156.136514
156.107989
156.079478
156.050984
156.022505
155.994041
155.965593
155.937161
155.908744
155.880343
155.851957
155.823587
155.795232
155.766893
155.738569
155.710261
155.681968
155.653690
155.625428
155.597181
155.568950
155.540734
155.512533
155.484348
155.456178
155.428023
155.399884
155.371760
155.343651
155.315557
155.287479
155.259416
155.231368
155.203335
155.175318
155.147315
155.119328
155.091356
155.063399
155.035457
155.007530
154.979619
154.951722
154.923840
154.895974
154.868122
154.840286
154.812465
154.784658
154.756867
154.729090
154.701329
154.673582
154.645850
154.618133
154.590432
154.562745
154.535072
154.507415
154.479773
154.452145
154.424532
154.396934
154.369351
154.341783
154.314229
154.286690
154.259166
154.231657
154.204162
154.176682
154.149217
154.121766
154.094330
154.066908
154.039502
154.012110
153.984732
153.957369
153.930021
153.902687
153.875368
153.848063
153.820773
153.793498
153.766237
153.738990
153.711758
153.684540
153.657337
153.630148
153.602974
153.575814
153.548668
153.521537
153.494421
153.467318
153.440230
153.413156
153.386097
153.359052
153.332021
153.305005
153.278003
153.251015
153.224041
153.197082
153.170136
153.143205
153.116289
153.089386
153.062497
153.035623
153.008763
152.981917
152.955085
152.928267
152.901464
152.874674
152.847899
152.821137
152.794390
152.767657
152.740937
152.714232
152.687541
152.660863
152.634200
152.607551
152.580915
152.554294
152.527686
152.501093
152.474513
152.447947
152.421395
152.394857
152.368333
152.341823
152.315326
152.288843
152.262375
152.235919
152.209478
152.183051
152.156637
152.130237
152.103850
152.077478
152.051119
152.024774
151.998442
151.972125
151.945820
151.919530
151.893253
151.866990
151.840740
151.814504
151.788282
151.762073
151.735878
151.709696
151.683528
151.657374
151.631233
151.605105
151.578991
151.552890
151.526803
151.500730
151.474670
151.448623
151.422590
151.396570
151.370563
151.344570
151.318591
151.292624
151.266671
151.240732
151.214806
151.188893
151.162993
151.137107
151.111234
151.085374
151.059528
151.033695
151.007875
150.982068
150.956274
150.930494
150.904727
150.878973
150.853233
150.827505
150.801791
150.776090
150.750402
150.724727
150.699065
150.673416
150.647780
150.622158
150.596548
150.570952
150.545369
150.519798
150.494241
150.468697
150.443165
150.417647
150.392142
150.366649
150.341170
150.315704
150.290250
150.264810
150.239382
150.213967
150.188565
150.163176
150.137800
150.112437
150.087086
150.061749
150.036424
150.011112
149.985813
149.960527
149.935253
149.909993
149.884745
149.859509
149.834287
149.809077
149.783880
149.758696
149.733524
149.708365
149.683219
149.658085
149.632964
149.607856
149.582760
149.557677
149.532607
149.507549
149.482504
149.457471
149.432451
149.407444
149.382449
149.357466
149.332496
149.307539
149.282594
149.257662
149.232742
149.207834
149.182939
149.158057
149.133187
149.108329
149.083484
149.058651
149.033831
149.009023
148.984227
148.959444
148.934673
148.909915
148.885169
148.860435
148.835714
148.811004
148.786308
148.761623
148.736951
148.712291
148.687643
148.663007
148.638384
148.613773
148.589174
148.564588
148.540013
148.515451
148.490901
148.466363
148.441837
148.417324
148.392822
148.368333
148.343856
148.319391
148.294938
148.270497
148.246068
148.221652
148.197247
148.172854
148.148474
148.124105
148.099749
148.075404
148.051072
148.026751
148.002443
147.978146
147.953862
147.929589
147.905328
147.881080
147.856843
147.832618
147.808405
147.784204
147.760014
147.735837
147.711672
147.687518
147.663376
147.639246
147.615128
147.591022
147.566927
147.542844
147.518774
147.494714
147.470667
147.446631
147.422607
147.398595
147.374595
147.350606
147.326629
147.302664
147.278710
147.254768
147.230838
147.206920
147.183013
147.159117
147.135234
147.111362
147.087501
147.063653
147.039815
147.015990
146.992176
146.968373
146.944582
146.920803
146.897035
146.873279
146.849534
146.825801
146.802079
146.778369
146.754670
146.730983
146.707307
146.683643
146.659990
146.636348
146.612718
146.589099
146.565492
146.541896
146.518312
146.494739
146.471177
146.447627
146.424088
146.400560
146.377044
146.353539
146.330046
146.306563
146.283092
146.259632
146.236184
146.212747
146.189321
146.165906
146.142503
146.119111
146.095730
146.072360
146.049002
146.025654
146.002318
145.978993
145.955680
145.932377
145.909086
145.885805
145.862536
145.839278
145.816031
145.792796
145.769571
145.746357
145.723155
145.699964
145.676783
145.653614
145.630456
145.607309
145.584172
145.561047
145.537933
145.514830
145.491738
145.468657
145.445587
145.422528
145.399480
145.376442
145.353416
145.330401
145.307396
145.284403
145.261420
145.238449
145.215488
145.192538
145.169599
145.146671
145.123753
145.100847
145.077951
145.055067
145.032193
145.009330
144.986477
144.963636
144.940805
144.917985
144.895176
144.872378
144.849590
144.826813
144.804047
144.781292
144.758547
144.735813
144.713090
144.690377
144.667675
144.644984
144.622304
144.599634
144.576974
144.554326
144.531688
144.509061
144.486444
144.463838
144.441243
144.418658
144.396084
144.373520
144.350967
144.328424
144.305892
144.283371
144.260860
144.238360
144.215870
144.193391
144.170922
144.148464
144.126016
144.103579
144.081152
144.058735
144.036330
144.013934
143.991549
143.969175
143.946810
143.924457
143.902113
143.879781
143.857458
143.835146
143.812844
143.790553
143.768272
143.746001
143.723741
143.701491
143.679251
143.657022
143.634803
143.612594
143.590396
143.568208
143.546030
143.523862
143.501705
143.479558
143.457421
143.435295
143.413178
143.391072
143.368976
143.346891
143.324815
143.302750
143.280695
143.258650
143.236615
143.214591
143.192576
143.170572
143.148578
143.126594
143.104620
143.082657
143.060703
143.038760
143.016826
142.994903
142.972990
142.951086
142.929193
142.907310
142.885437
142.863574
142.841721
142.819878
142.798045
142.776223
142.754410
142.732607
142.710814
142.689031
142.667258
142.645495
142.623742
142.601999
142.580266
142.558543
142.536829
142.515126
142.493433
142.471749
142.450075
142.428412
142.406758
142.385114
142.363480
142.341855
142.320241
142.298636
142.277042
142.255457
142.233882
142.212316
142.190761
142.169215
142.147679
142.126153
142.104637
142.083130
142.061633
142.040146
142.018669
141.997201
141.975744
141.954296
141.932857
141.911428
141.890010
141.868600
141.847201
141.825811
141.804431
141.783060
141.761699
141.740348
141.719006
141.697674
141.676352
141.655039
141.633736
141.612443
141.591159
141.569884
141.548620
141.527364
141.506119
141.484883
141.463656
141.442440
141.421232
141.400034
141.378846
141.357667
141.336498
141.315338
141.294188
141.273047
141.251916
141.230794
141.209682
141.188579
141.167486
141.146402
141.125327
141.104262
141.083207
141.062161
141.041124
141.020096
140.999078
140.978070
140.957071
140.936081
140.915100
140.894129
140.873168
140.852215
140.831272
140.810339
140.789414
140.768499
140.747594
140.726697
140.705810
140.684932
140.664064
140.643205
140.622355
140.601514
140.580683
140.559861
140.539048
140.518244
140.497450
140.476664
140.455888
140.435122
140.414364
140.393616
140.372877
140.352147
140.331426
140.310714
140.290012
140.269319
140.248635
140.227960
140.207294
140.186637
140.165990
140.145351
140.124722
140.104102
140.083490
140.062888
140.042295
140.021712
140.001137
139.980571
139.960014
139.939467
139.918928
139.898399
139.877878
139.857367
139.836864
139.816371
139.795887
139.775411
139.754945
139.734487
139.714039
139.693599
139.673169
139.652747
139.632335
139.611931
139.591536
139.571151
139.550774
139.530406
139.510047
139.489697
139.469356
139.449023
139.428700
139.408385
139.388080
139.367783
139.347495
139.327216
139.306946
139.286685
139.266432
139.246188
139.225954
139.205727
139.185510
139.165302
139.145102
139.124911
139.104729
139.084556
139.064392
139.044236
139.024089
139.003951
138.983821
138.963701
138.943589
138.923485
138.903391
138.883305
138.863228
138.843160
138.823100
138.803049
138.783007
138.762973
138.742948
138.722932
138.702924
138.682925
138.662935
138.642953
138.622980
138.603016
138.583060
138.563113
138.543174
138.523244
138.503323
138.483410
138.463506
138.443610
138.423723
138.403845
138.383975
138.364113
138.344261
138.324416
138.304581
138.284753
138.264935
138.245125
138.225323
138.205530
138.185745
138.165969
138.146201
138.126442
138.106692
138.086949
138.067216
138.047490
138.027773
138.008065
137.988365
137.968674
137.948991
137.929316
137.909650
137.889992
137.870342
137.850701
137.831069
137.811444
137.791828
137.772221
137.752622
137.733031
137.713449
137.693874
137.674309
137.654751
137.635202
137.615662
137.596129
137.576605
137.557089
137.537582
137.518083
137.498592
137.479109
137.459635
137.440169
137.420711
137.401261
137.381820
137.362387
137.342962
137.323546
137.304137
137.284737
137.265345
137.245962
137.226586
137.207219
137.187860
137.168509
137.149167
137.129832
137.110506
137.091188
137.071878
137.052576
137.033282
137.013997
136.994719
136.975450
136.956189
136.936936
136.917691
136.898454
136.879226
136.860005
136.840793
136.821588
136.802392
136.783204
136.764024
136.744851
136.725687
136.706531
136.687384
136.668244
136.649112
136.629988
136.610872
136.591765
136.572665
136.553573
136.534489
136.515414
136.496346
136.477286
136.458234
136.439191
136.420155
136.401127
136.382107
136.363095
136.344091
136.325095
136.306107
136.287127
136.268155
136.249190
136.230234
136.211285
136.192345
136.173412
136.154487
136.135570
136.116661
136.097760
136.078867
136.059982
136.041104
136.022234
136.003372
135.984518
135.965672
135.946834
135.928003
135.909181
135.890366
135.871559
135.852760
135.833968
135.815185
135.796409
135.777641
135.758880
135.740128
135.721383
135.702646
135.683917
135.665195
135.646482
135.627776
135.609077
135.590387
135.571704
135.553029
135.534362
135.515702
135.497050
135.478406
135.459769
135.441140
135.422519
135.403906
135.385300
135.366702
135.348111
135.329528
135.310953
135.292386
135.273826
135.255274
135.236729
135.218192
135.199663
135.181141
135.162627
135.144120
135.125621
135.107130
135.088646
135.070170
135.051701
135.033240
135.014787
134.996341
134.977902
134.959472
134.941048
134.922633
134.904225
134.885824
134.867431
134.849045
134.830667
134.812297
134.793934
134.775578
134.757230
134.738889
134.720556
134.702231
134.683913
134.665602
134.647299
134.629003
134.610715
134.592434
134.574161
134.555895
134.537636
134.519385
134.501142
134.482905
134.464677
134.446455
134.428241
134.410035
134.391836
134.373644
134.355459
134.337282
134.319113
134.300950
134.282796
134.264648
134.246508
134.228375
134.210249
134.192131
134.174021
134.155917
134.137821
134.119732
134.101651
134.083576
134.065509
134.047450
134.029397
134.011352
133.993315
133.975284
133.957261
133.939245
133.921237
133.903235
133.885241
133.867254
133.849275
133.831302
133.813337
133.795379
133.777428
133.759485
133.741549
133.723620
133.705698
133.687783
133.669876
133.651976
133.634083
133.616197
133.598318
133.580447
133.562582
133.544725
133.526875
133.509032
133.491197
133.473368
133.455547
133.437733
133.419925
133.402125
133.384333
133.366547
133.348768
133.330997
133.313232
133.295475
133.277725
133.259981
133.242245
133.224516
133.206794
133.189080
133.171372
133.153671
133.135977
133.118291
133.100611
133.082939
133.065273
133.047615
133.029963
133.012319
132.994682
132.977051
132.959428
132.941812
132.924202
132.906600
132.889004
132.871416
132.853835
132.836260
132.818693
132.801132
132.783579
132.766032
132.748493
132.730960
132.713434
132.695916
132.678404
132.660899
132.643401
132.625910
132.608426
132.590948
132.573478
132.556015
132.538558
132.521109
132.503666
132.486230
132.468801
132.451379
132.433964
132.416555
132.399154
132.381759
132.364372
132.346991
132.329617
132.312249
132.294889
132.277535
132.260189
132.242849
132.225516
132.208189
132.190870
132.173557
132.156251
132.138952
132.121660
132.104375
132.087096
132.069824
132.052559
132.035300
132.018049
132.000804
131.983566
131.966334
131.949110
131.931892
131.914681
131.897476
131.880279
131.863088
131.845904
131.828726
131.811555
131.794391
131.777234
131.760083
131.742939
131.725802
131.708671
131.691547
131.674430
131.657320
131.640216
131.623119
131.606028
131.588944
131.571867
131.554796
131.537732
131.520675
131.503624
131.486580
131.469543
131.452512
131.435487
131.418470
131.401459
131.384454
131.367457
131.350465
131.333481
131.316503
131.299531
131.282567
131.265608
131.248657
131.231711
131.214773
131.197841
131.180915
131.163996
131.147084
131.130178
131.113279
131.096386
131.079500
131.062620
131.045747
131.028880
131.012020
130.995166
130.978319
130.961479
130.944644
130.927817
130.910996
130.894181
130.877373
130.860571
130.843775
130.826987
130.810204
130.793428
130.776659
130.759896
130.743139
130.726389
130.709646
130.692908
130.676177
130.659453
130.642735
130.626023
130.609318
130.592620
130.575927
130.559241
130.542562
130.525889
130.509222
130.492561
130.475907
130.459260
130.442618
130.425984
130.409355
130.392733
130.376117
130.359507
130.342904
130.326308
130.309717
130.293133
130.276555
130.259984
130.243419
130.226860
130.210307
130.193761
130.177221
130.160688
130.144160
130.127639
130.111125
130.094616
130.078114
130.061618
130.045129
130.028645
130.012168
129.995697
129.979233
129.962775
129.946323
129.929877
129.913437
129.897004
129.880577
129.864156
129.847742
129.831333
129.814931
129.798535
129.782145
129.765762
129.749384
129.733013
129.716648
129.700290
129.683937
129.667591
129.651251
129.634917
129.618589
129.602267
129.585951
129.569642
129.553339
129.537042
129.520751
129.504466
129.488188
129.471915
129.455649
129.439389
129.423135
129.406887
129.390645
129.374409
129.358179
129.341956
129.325739
129.309527
129.293322
129.277123
129.260930
129.244743
129.228562
129.212387
129.196218
129.180056
129.163899
129.147749
129.131604
129.115466
129.099333
129.083207
129.067087
129.050973
129.034864
129.018762
129.002666
128.986576
128.970492
128.954414
128.938342
128.922275
128.906215
128.890161
128.874113
128.858071
128.842035
128.826005
128.809981
128.793963
128.777951
128.761944
128.745944
128.729950
128.713961
128.697979
128.682003
128.666032
128.650068
128.634109
128.618157
128.602210
128.586269
128.570334
128.554405
128.538482
128.522565
128.506654
128.490749
128.474849
128.458956
128.443068
128.427187
128.411311
128.395441
128.379577
128.363719
128.347867
128.332020
128.316180
128.300345
128.284516
128.268693
128.252876
128.237065
128.221259
128.205460
128.189666
128.173878
128.158096
128.142320
128.126550
128.110785
128.095026
128.079273
128.063526
128.047785
128.032049
128.016320
128.000596
127.984878
127.969165
127.953459
127.937758
127.922063
127.906374
127.890690
127.875013
127.859341
127.843675
127.828014
127.812360
127.796711
127.781068
127.765430
127.749798
127.734173
127.718552
127.702938
127.687329
127.671726
127.656129
127.640537
127.624951
127.609371
127.593797
127.578228
127.562665
127.547108
127.531556
127.516010
127.500470
127.484935
127.469406
127.453883
127.438365
127.422853
127.407347
127.391846
127.376351
127.360862
127.345378
127.329900
127.314428
127.298961
127.283500
127.268045
127.252595
127.237151
127.221712
127.206279
127.190852
127.175430
127.160014
127.144603
127.129198
127.113799
127.098405
127.083017
127.067635
127.052258
127.036886
127.021520
127.006160
126.990805
126.975456
126.960113
126.944775
126.929442
126.914116
126.898794
126.883478
126.868168
126.852864
126.837564
126.822271
126.806983
126.791700
126.776423
126.761152
126.745886
126.730625
126.715370
126.700121
126.684877
126.669638
126.654405
126.639178
126.623956
126.608740
126.593529
126.578323
126.563123
126.547928
126.532739
126.517556
126.502378
126.487205
126.472038
126.456876
126.441719
126.426569
126.411423
126.396283
126.381149
126.366019
126.350896
126.335778
126.320665
126.305557
126.290455
126.275359
126.260268
126.245182
126.230101
126.215026
126.199957
126.184893
126.169834
126.154781
126.139733
126.124690
126.109653
126.094621
126.079595
126.064573
126.049558
126.034547
126.019542
126.004543
125.989548
125.974559
125.959576
125.944598
125.929625
125.914657
125.899695
125.884738
125.869786
125.854840
125.839899
125.824964
125.810033
125.795108
125.780189
125.765274
125.750365
125.735462
125.720563
125.705670
125.690782
125.675900
125.661022
125.646150
125.631284
125.616422
125.601566
125.586715
125.571869
125.557029
125.542194
125.527364
125.512539
125.497720
125.482906
125.468097
125.453294
125.438495
125.423702
125.408914
125.394131
125.379354
125.364582
125.349815
125.335053
125.320296
125.305545
125.290799
125.276058
125.261322
125.246591
125.231866
125.217146
125.202431
125.187721
125.173017
125.158317
125.143623
125.128934
125.114250
125.099571
125.084898
125.070229
125.055566
125.040908
125.026255
125.011607
124.996964
124.982327
124.967695
124.953067
124.938445
124.923828
124.909216
124.894610
124.880008
124.865412
124.850820
124.836234
124.821653
124.807077
124.792506
124.777940
124.763380
124.748824
124.734274
124.719728
124.705188
124.690653
124.676122
124.661597
124.647077
124.632562
124.618052
124.603548
124.589048
124.574553
124.560064
124.545579
124.531100
124.516625
124.502156
124.487691
124.473232
124.458778
124.444328
124.429884
124.415445
124.401011
124.386582
124.372157
124.357738
124.343324
124.328915
124.314511
124.300112
124.285718
124.271329
124.256945
124.242566
124.228191
124.213822
124.199458
124.185099
124.170745
124.156396
124.142051
124.127712
124.113378
124.099049
124.084724
124.070405
124.056090
124.041781
124.027476
124.013177
123.998882
123.984593
123.970308
123.956028
123.941753
123.927483
123.913218
123.898958
123.884703
123.870452
123.856207
123.841967
123.827731
123.813501
123.799275
123.785054
123.770838
123.756627
123.742421
123.728220
123.714023
123.699832
123.685645
123.671464
123.657287
123.643115
123.628948
123.614786
123.600628
123.586476
123.572328
123.558185
123.544048
123.529915
123.515786
123.501663
123.487544
123.473431
123.459322
123.445218
123.431119
123.417025
123.402935
123.388850
123.374770
123.360695
123.346625
123.332560
123.318499
123.304443
123.290392
123.276346
123.262305
123.248268
123.234236
123.220209
123.206187
123.192170
123.178157
123.164149
123.150146
123.136148
123.122154
123.108166
123.094182
123.080202
123.066228
123.052258
123.038293
123.024333
123.010378
122.996427
122.982481
122.968540
122.954603
122.940671
122.926744
122.912822
122.898905
122.884992
122.871084
122.857180
122.843282
122.829388
122.815499
122.801614
122.787734
122.773859
122.759989
122.746123
122.732262
122.718406
122.704554
122.690707
122.676865
122.663027
122.649194
122.635366
122.621543
122.607724
122.593910
122.580100
122.566295
122.552495
122.538700
122.524909
122.511123
122.497341
122.483564
122.469792
122.456024
122.442261
122.428503
122.414749
122.401000
122.387256
122.373516
122.359781
122.346050
122.332324
122.318603
122.304886
122.291174
122.277467
122.263764
122.250066
122.236372
122.222683
122.208999
122.195319
122.181643
122.167973
122.154307
122.140645
122.126988
122.113336
122.099688
122.086045
122.072406
122.058772
122.045143
122.031518
122.017898
122.004282
121.990671
121.977064
121.963462
121.949864
121.936271
121.922683
121.909099
121.895519
121.881944
121.868374
121.854808
121.841247
121.827690
121.814138
121.800590
121.787047
121.773509
121.759974
121.746445
121.732920
121.719399
121.705883
121.692371
121.678864
121.665362
121.651863
121.638370
121.624881
121.611396
121.597916
121.584440
121.570969
121.557502
121.544040
121.530582
121.517129
121.503680
121.490236
121.476796
121.463360
121.449929
121.436503
121.423081
121.409663
121.396250
121.382841
121.369437
121.356037
121.342641
121.329250
121.315864
121.302482
121.289104
121.275731
121.262362
121.248997
121.235637
121.222282
121.208930
121.195584
121.182241
121.168903
121.155570
121.142240
121.128916
121.115595
121.102279
121.088968
121.075660
121.062358
121.049059
121.035765
121.022475
121.009190
120.995909
120.982633
120.969360
120.956093
120.942829
120.929570
120.916315
120.903065
120.889819
120.876577
120.863340
120.850107
120.836878
120.823654
120.810434
120.797219
120.784007
120.770800
120.757598
120.744400
120.731206
120.718016
120.704831
120.691650
120.678473
120.665301
120.652133
120.638969
120.625809
120.612654
120.599504
120.586357
120.573215
120.560077
120.546943
120.533814
120.520689
120.507568
120.494452
120.481340
120.468232
120.455128
120.442029
120.428934
120.415843
120.402756
120.389674
120.376596
120.363522
120.350453
120.337387
120.324326
120.311270
120.298217
120.285169
120.272125
120.259085
120.246050
120.233018
120.219991
120.206969
120.193950
120.180936
120.167926
120.154920
120.141918
120.128921
120.115927
120.102938
120.089954
120.076973
120.063997
120.051024
120.038056
120.025093
120.012133
119.999178
119.986227
119.973280
119.960337
119.947398
119.934464
119.921533
119.908607
119.895686
119.882768
119.869854
119.856945
119.844040
119.831139
119.818242
119.805349
119.792461
119.779576
119.766696
119.753820
119.740948
119.728080
119.715217
119.702357
119.689502
119.676651
119.663804
119.650961
119.638122
119.625287
119.612457
119.599630
119.586808
119.573990
119.561176
119.548366
119.535560
119.522759
119.509961
119.497168
119.484378
119.471593
119.458812
119.446035
119.433262
119.420493
119.407729
119.394968
119.382211
119.369459
119.356710
119.343966
119.331226
119.318490
119.305758
119.293030
119.280306
119.267586
119.254870
119.242159
119.229451
119.216747
119.204048
119.191352
119.178661
119.165974
119.153290
119.140611
119.127936
119.115265
119.102598
119.089934
119.077275
119.064620
119.051969
119.039323
119.026680
119.014041
119.001406
118.988775
118.976148
118.963525
118.950907
118.938292
118.925681
118.913074
118.900472
118.887873
118.875278
118.862688
118.850101
118.837518
118.824939
118.812365
118.799794
118.787227
118.774664
118.762106
118.749551
118.737000
118.724453
118.711910
118.699371
118.686836
118.674306
118.661779
118.649256
118.636737
118.624221
118.611710
118.599203
118.586700
118.574201
118.561705
118.549214
118.536727
118.524243
118.511764
118.499288
118.486816
118.474349
118.461885
118.449425
118.436969
118.424517
118.412069
118.399625
118.387185
118.374749
118.362316
118.349888
118.337463
118.325043
118.312626
118.300213
118.287804
118.275399
118.262998
118.250601
118.238208
118.225818
118.213433
118.201051
118.188673
118.176300
118.163930
118.151564
118.139201
118.126843
118.114489
118.102138
118.089791
118.077449
118.065110
118.052775
118.040443
118.028116
118.015793
118.003473
117.991157
117.978845
117.966537
117.954233
117.941933
117.929636
117.917344
117.905055
117.892770
117.880489
117.868211
117.855938
117.843668
117.831402
117.819140
117.806882
117.794628
117.782378
117.770131
117.757888
117.745649
117.733414
117.721182
117.708955
117.696731
117.684511
117.672295
117.660082
117.647874
117.635669
117.623468
117.611271
117.599078
117.586888
117.574702
117.562520
117.550342
117.538168
117.525997
117.513830
117.501667
117.489508
117.477352
117.465200
117.453052
117.440908
117.428767
117.416631
117.404498
117.392369
117.380243
117.368122
117.356004
117.343889
117.331779
117.319672
117.307569
117.295470
117.283375
117.271283
117.259195
117.247111
117.235030
117.222954
117.210881
117.198811
117.186746
117.174684
117.162626
117.150572
117.138521
117.126474
117.114431
117.102391
117.090355
117.078323
117.066295
117.054270
117.042249
117.030232
117.018218
117.006209
116.994202
116.982200
116.970201
116.958206
116.946215
116.934227
116.922243
116.910262
116.898286
116.886313
116.874343
116.862378
116.850416
116.838458
116.826503
116.814552
116.802605
116.790661
116.778721
116.766785
116.754852
116.742923
116.730998
116.719076
116.707158
116.695244
116.683333
116.671426
116.659523
116.647623
116.635727
116.623834
116.611945
116.600060
116.588179
116.576301
116.564426
116.552556
116.540689
116.528825
116.516965
116.505109
116.493256
116.481407
116.469562
116.457720
116.445882
116.434048
116.422217
116.410389
116.398566
116.386746
116.374929
116.363116
116.351307
116.339501
116.327699
116.315900
116.304105
116.292314
116.280526
116.268742
116.256962
116.245185
116.233411
116.221641
116.209875
116.198112
116.186353
116.174597
116.162845
116.151097
116.139352
116.127611
116.115873
116.104139
116.092408
116.080681
116.068957
116.057237
116.045521
116.033808
116.022099
116.010393
115.998691
115.986992
115.975297
115.963605
115.951917
115.940232
115.928551
115.916874
115.905200
115.893529
115.881863
115.870199
115.858539
115.846883
115.835230
115.823581
115.811935
115.800292
115.788654
115.777018
115.765387
115.753758
115.742134
115.730512
115.718894
115.707280
115.695669
115.684062
115.672458
115.660858
115.649261
115.637668
115.626078
115.614492
115.602909
115.591329
115.579753
115.568181
115.556612
115.545047
115.533485
115.521926
115.510371
115.498819
115.487271
115.475726
115.464185
115.452648
115.441113
115.429582
115.418055
115.406531
115.395011
115.383493
115.371980
115.360470
115.348963
115.337460
115.325960
115.314464
115.302971
115.291481
115.279995
115.268512
115.257033
115.245557
115.234085
115.222616
115.211151
115.199689
115.188230
115.176775
115.165323
115.153874
115.142429
115.130988
115.119550
115.108115
115.096683
115.085256
115.073831
115.062410
115.050992
115.039578
115.028167
115.016759
115.005355
114.993954
114.982557
114.971163
114.959772
114.948385
114.937001
114.925621
114.914244
114.902870
114.891500
114.880133
114.868769
114.857409
114.846052
114.834699
114.823348
114.812002
114.800658
114.789318
114.777982
114.766648
114.755318
114.743992
114.732669
114.721349
114.710032
114.698719
114.687409
114.676103
114.664799
114.653500
114.642203
114.630910
114.619620
114.608334
114.597051
114.585771
114.574494
114.563221
114.551952
114.540685
114.529422
114.518162
114.506906
114.495652
114.484402
114.473156
114.461913
114.450673
114.439436
114.428203
114.416973
114.405746
114.394523
114.383303
114.372086
114.360872
114.349662
114.338455
114.327252
114.316051
114.304854
114.293660
114.282470
114.271283
114.260099
114.248918
114.237741
114.226567
114.215396
114.204229
114.193065
114.181904
114.170746
114.159592
114.148441
114.137293
114.126148
114.115007
114.103869
114.092734
114.081602
114.070474
114.059349
114.048227
114.037109
114.025993
114.014881
114.003773
113.992667
113.981565
113.970466
113.959370
113.948277
113.937188
113.926102
113.915019
113.903940
113.892863
113.881790
113.870720
113.859654
113.848590
113.837530
113.826473
113.815419
113.804368
113.793321
113.782277
113.771236
113.760198
113.749164
113.738132
113.727104
113.716080
113.705058
113.694039
113.683024
113.672012
113.661003
113.649998
113.638995
113.627996
113.617000
113.606007
113.595017
113.584031
113.573047
113.562067
113.551090
113.540116
113.529146
113.518178
113.507214
113.496253
113.485295
113.474341
113.463389
113.452441
113.441495
113.430553
113.419615
113.408679
113.397746
113.386817
113.375891
113.364968
113.354048
113.343131
113.332217
113.321307
113.310400
113.299496
113.288595
113.277697
113.266802
113.255910
113.245022
113.234137
113.223255
113.212376
113.201500
113.190627
113.179757
113.168891
113.158028
113.147167
113.136310
113.125456
113.114605
113.103758
113.092913
113.082072
113.071233
113.060398
113.049566
113.038737
113.027911
113.017088
113.006269
112.995452
112.984638
112.973828
112.963021
112.952217
112.941416
112.930618
112.919823
112.909031
112.898242
112.887457
112.876674
112.865895
112.855118
112.844345
112.833575
112.822808
112.812044
112.801283
112.790525
112.779770
112.769019
112.758270
112.747525
112.736782
112.726043
112.715306
112.704573
112.693843
112.683116
112.672392
112.661671
112.650953
112.640238
112.629526
112.618817
112.608112
112.597409
112.586709
112.576013
112.565319
112.554629
112.543941
112.533257
112.522576
112.511897
112.501222
112.490550
112.479881
112.469215
112.458551
112.447891
112.437234
112.426580
112.415929
112.405281
112.394636
112.383994
112.373356
112.362720
112.352087
112.341457
112.330830
112.320206
112.309586
112.298968
112.288353
112.277741
112.267132
112.256527
112.245924
112.235324
112.224728
112.214134
112.203543
112.192955
112.182371
112.171789
112.161210
112.150634
112.140062
112.129492
112.118925
112.108361
112.097800
112.087243
112.076688
112.066136
112.055587
112.045041
112.034498
112.023958
112.013421
112.002887
111.992356
111.981828
111.971303
111.960781
111.950262
111.939745
111.929232
111.918722
111.908215
111.897710
111.887209
111.876710
111.866215
111.855722
111.845233
111.834746
111.824262
111.813782
111.803304
111.792829
111.782357
111.771888
111.761422
111.750959
111.740499
111.730042
111.719587
111.709136
111.698688
111.688242
111.677800
111.667360
111.656923
111.646490
111.636059
111.625631
111.615206
111.604784
111.594365
111.583948
111.573535
111.563125
111.552717
111.542313
111.531911
111.521512
111.511116
111.500723
111.490333
111.479946
111.469562
111.459181
111.448802
111.438427
111.428054
111.417684
111.407317
111.396953
111.386592
111.376234
111.365879
111.355527
111.345177
111.334830
111.324487
111.314146
111.303808
111.293473
111.283141
111.272811
111.262485
111.252161
111.241840
111.231523
111.221208
111.210896
111.200586
111.190280
111.179976
111.169676
111.159378
111.149083
111.138791
111.128502
111.118215
111.107932
111.097651
111.087374
111.077099
111.066827
111.056557
111.046291
111.036027
111.025767
111.015509
111.005254
110.995002
110.984752
110.974506
110.964262
110.954022
110.943784
110.933548
110.923316
110.913087
110.902860
110.892636
110.882415
110.872197
110.861982
110.851769
110.841559
110.831353
110.821149
110.810947
110.800749
110.790553
110.780360
110.770171
110.759983
110.749799
110.739617
110.729439
110.719263
110.709090
110.698919
110.688752
110.678587
110.668425
110.658266
110.648110
110.637956
110.627805
110.617657
110.607512
110.597370
110.587230
110.577094
110.566960
110.556828
110.546700
110.536574
110.526451
110.516331
110.506214
110.496100
110.485988
110.475879
110.465773
110.455669
110.445569
110.435471
110.425376
110.415283
110.405194
110.395107
110.385023
110.374942
110.364863
110.354787
110.344714
110.334644
110.324577
110.314512
110.304450
110.294391
110.284334
110.274280
110.264229
110.254181
110.244136
110.234093
110.224053
110.214016
110.203981
110.193949
110.183920
110.173894
110.163871
110.153850
110.143832
110.133816
110.123804
110.113794
110.103787
110.093782
110.083781
110.073782
110.063785
110.053792
110.043801
110.033813
110.023827
110.013845
110.003865
109.993888
109.983913
109.973941
109.963972
109.954006
109.944042
109.934081
109.924123
109.914168
109.904215
109.894265
109.884317
109.874372
109.864430
109.854491
109.844554
109.834620
109.824689
109.814761
109.804835
109.794912
109.784991
109.775073
109.765158
109.755246
109.745336
109.735429
109.725525
109.715623
109.705724
109.695828
109.685934
109.676043
109.666155
109.656269
109.646386
109.636506
109.626628
109.616753
109.606881
109.597011
109.587145
109.577280
109.567419
109.557560
109.547703
109.537850
109.527999
109.518151
109.508305
109.498462
109.488622
109.478784
109.468949
109.459116
109.449287
109.439460
109.429635
109.419813
109.409994
109.400178
109.390364
109.380552
109.370744
109.360938
109.351135
109.341334
109.331536
109.321740
109.311948
109.302158
109.292370
109.282585
109.272803
109.263023
109.253246
109.243472
109.233700
109.223931
109.214164
109.204400
109.194639
109.184881
109.175124
109.165371
109.155620
109.145872
109.136126
109.126383
109.116643
109.106905
109.097170
109.087438
109.077708
109.067980
109.058255
109.048533
109.038814
109.029097
109.019382
109.009671
108.999962
108.990255
108.980551
108.970850
108.961151
108.951455
108.941761
108.932070
108.922381
108.912696
108.903012
108.893332
108.883653
108.873978
108.864305
108.854635
108.844967
108.835302
108.825639
108.815979
108.806321
108.796666
108.787014
108.777364
108.767717
108.758072
108.748430
108.738791
108.729154
108.719519
108.709887
108.700258
108.690631
108.681007
108.671386
108.661767
108.652150
108.642536
108.632925
108.623316
108.613710
108.604106
108.594505
108.584906
108.575310
108.565716
108.556125
108.546537
108.536951
108.527367
108.517786
108.508208
108.498632
108.489059
108.479488
108.469920
108.460354
108.450791
108.441231
108.431673
108.422117
108.412564
108.403014
108.393466
108.383920
108.374377
108.364837
108.355299
108.345763
108.336231
108.326700
108.317172
108.307647
108.298124
108.288604
108.279086
108.269571
108.260058
108.250548
108.241040
108.231535
108.222032
108.212532
108.203034
108.193539
108.184046
108.174556
108.165068
108.155583
108.146100
108.136620
108.127142
108.117667
108.108194
108.098724
108.089256
108.079791
108.070328
108.060867
108.051410
108.041954
108.032501
108.023051
108.013603
108.004157
107.994714
107.985274
107.975836
107.966400
107.956967
107.947537
107.938109
107.928683
107.919260
107.909839
107.900421
107.891005
107.881592
107.872181
107.862772
107.853366
107.843963
107.834562
107.825163
107.815767
107.806373
107.796982
107.787593
107.778207
107.768823
107.759442
107.750063
107.740686
107.731312
107.721941
107.712572
107.703205
107.693841
107.684479
107.675119
107.665762
107.656408
107.647056
107.637706
107.628359
107.619014
107.609672
107.600332
107.590995
107.581660
107.572327
107.562997
107.553669
107.544344
107.535021
107.525700
107.516382
107.507067
107.497753
107.488443
107.479134
107.469828
107.460525
107.451224
107.441925
107.432629
107.423335
107.414043
107.404754
107.395468
107.386183
107.376901
107.367622
107.358345
107.349070
107.339798
107.330528
107.321261
107.311996
107.302733
107.293473
107.284215
107.274960
107.265707
107.256456
107.247208
107.237962
107.228719
107.219478
107.210239
107.201003
107.191769
107.182537
107.173308
107.164081
107.154857
107.145635
107.136415
107.127198
107.117983
107.108771
107.099561
107.090353
107.081148
107.071945
107.062744
107.053546
107.044350
107.035157
107.025965
107.016777
107.007590
106.998406
106.989225
106.980045
106.970868
106.961694
106.952522
106.943352
106.934184
106.925019
106.915856
106.906696
106.897538
106.888382
106.879229
106.870078
106.860929
106.851783
106.842639
106.833497
106.824358
106.815221
106.806087
106.796954
106.787824
106.778697
106.769572
106.760449
106.751328
106.742210
106.733094
106.723981
106.714869
106.705761
106.696654
106.687550
106.678448
106.669348
106.660251
106.651156
106.642064
106.632974
106.623886
106.614800
106.605717
106.596636
106.587557
106.578481
106.569407
106.560335
106.551266
106.542199
106.533134
106.524072
106.515012
106.505954
106.496898
106.487845
106.478794
106.469746
106.460700
106.451656
106.442614
106.433575
106.424538
106.415503
106.406471
106.397440
106.388413
106.379387
106.370364
106.361343
106.352324
106.343308
106.334294
106.325282
106.316273
106.307265
106.298261
106.289258
106.280258
106.271260
106.262264
106.253270
106.244279
106.235290
106.226304
106.217319
106.208337
106.199357
106.190380
106.181405
106.172432
106.163461
106.154493
106.145527
106.136563
106.127601
106.118642
106.109685
106.100730
106.091778
106.082827
106.073879
106.064934
106.055990
106.047049
106.038110
106.029173
106.020239
106.011307
106.002377
105.993449
105.984524
105.975601
105.966680
105.957761
105.948845
105.939931
105.931019
105.922109
105.913202
105.904297
105.895394
105.886493
105.877595
105.868699
105.859805
105.850913
105.842024
105.833136
105.824251
105.815369
105.806488
105.797610
105.788734
105.779860
105.770989
105.762119
105.753252
105.744387
105.735525
105.726664
105.717806
105.708950
105.700097
105.691245
105.682396
105.673549
105.664704
105.655861
105.647021
105.638183
105.629347
105.620513
105.611682
105.602852
105.594025
105.585200
105.576378
105.567557
105.558739
105.549923
105.541109
105.532297
105.523488
105.514681
105.505876
105.497073
105.488272
105.479474
105.470678
105.461884
105.453092
105.444303
105.435515
105.426730
105.417947
105.409166
105.400388
105.391611
105.382837
105.374065
105.365295
105.356527
105.347762
105.338999
105.330238
105.321479
105.312722
105.303967
105.295215
105.286465
105.277717
105.268971
105.260227
105.251486
105.242747
105.234010
105.225275
105.216542
105.207811
105.199083
105.190357
105.181633
105.172911
105.164191
105.155473
105.146758
105.138045
105.129334
105.120625
105.111918
105.103214
105.094511
105.085811
105.077113
105.068417
105.059723
105.051032
105.042342
105.033655
105.024970
105.016287
105.007606
104.998927
104.990251
104.981576
104.972904
104.964234
104.955566
104.946900
104.938237
104.929575
104.920916
104.912259
104.903604
104.894951
104.886300
104.877651
104.869005
104.860361
104.851718
104.843078
104.834440
104.825805
104.817171
104.808539
104.799910
104.791283
104.782657
104.774034
104.765414
104.756795
104.748178
104.739564
104.730951
104.722341
104.713733
104.705127
104.696523
104.687921
104.679321
104.670724
104.662129
104.653535
104.644944
104.636355
104.627768
104.619183
104.610600
104.602020
104.593441
104.584865
104.576291
104.567718
104.559148
104.550580
104.542015
104.533451
104.524889
104.516330
104.507772
104.499217
104.490664
104.482112
104.473563
104.465016
104.456472
104.447929
104.439388
104.430850
104.422313
104.413779
104.405247
104.396716
104.388188
104.379662
104.371138
104.362616
104.354097
104.345579
104.337064
104.328550
104.320039
104.311529
104.303022
104.294517
104.286014
104.277513
104.269014
104.260517
104.252022
104.243530
104.235039
104.226550
104.218064
104.209580
104.201097
104.192617
104.184139
104.175663
104.167189
104.158717
104.150247
104.141779
104.133313
104.124849
104.116388
104.107928
104.099471
104.091015
104.082562
104.074110
104.065661
104.057214
104.048769
104.040326
104.031885
104.023446
104.015009
104.006574
103.998141
103.989710
103.981281
103.972855
103.964430
103.956007
103.947587
103.939168
103.930752
103.922337
103.913925
103.905515
103.897106
103.888700
103.880296
103.871894
103.863494
103.855096
103.846699
103.838305
103.829913
103.821523
103.813136
103.804750
103.796366
103.787984
103.779604
103.771226
103.762851
103.754477
103.746105
103.737736
103.729368
103.721002
103.712639
103.704277
103.695918
103.687560
103.679205
103.670851
103.662500
103.654150
103.645803
103.637457
103.629114
103.620773
103.612433
103.604096
103.595761
103.587427
103.579096
103.570767
103.562439
103.554114
103.545791
103.537470
103.529150
103.520833
103.512518
103.504204
103.495893
103.487584
103.479277
103.470971
103.462668
103.454367
103.446068
103.437770
103.429475
103.421182
103.412891
103.404601
103.396314
103.388029
103.379746
103.371464
103.363185
103.354908
103.346632
103.338359
103.330087
103.321818
103.313551
103.305285
103.297022
103.288760
103.280501
103.272243
103.263988
103.255734
103.247483
103.239233
103.230986
103.222740
103.214496
103.206255
103.198015
103.189777
103.181542
103.173308
103.165076
103.156846
103.148618
103.140392
103.132169
103.123947
103.115727
103.107509
103.099292
103.091078
103.082866
103.074656
103.066448
103.058242
103.050037
103.041835
103.033635
103.025436
103.017240
103.009045
103.000853
102.992662
102.984473
102.976287
102.968102
102.959919
102.951738
102.943559
102.935383
102.927208
102.919035
102.910863
102.902694
102.894527
102.886362
102.878198
102.870037
102.861878
102.853720
102.845565
102.837411
102.829259
102.821110
102.812962
102.804816
102.796672
102.788530
102.780390
102.772252
102.764116
102.755981
102.747849
102.739719
102.731590
102.723464
102.715339
102.707216
102.699096
102.690977
102.682860
102.674745
102.666632
102.658521
102.650412
102.642304
102.634199
102.626096
102.617994
102.609894
102.601797
102.593701
102.585607
102.577515
102.569425
102.561337
102.553251
102.545166
102.537084
102.529004
102.520925
102.512848
102.504774
102.496701
102.488630
102.480561
102.472494
102.464429
102.456365
102.448304
102.440244
102.432187
102.424131
102.416077
102.408025
102.399975
102.391927
102.383881
102.375837
102.367794
102.359754
102.351715
102.343679
102.335644
102.327611
102.319580
102.311551
102.303523
102.295498
102.287474
102.279453
102.271433
102.263415
102.255399
102.247385
102.239373
102.231363
102.223354
102.215348
102.207343
102.199340
102.191340
102.183341
102.175343
102.167348
102.159355
102.151363
102.143374
102.135386
102.127400
102.119416
102.111434
102.103454
102.095475
102.087499
102.079524
102.071551
102.063580
102.055611
102.047644
102.039679
102.031715
102.023754
102.015794
102.007836
101.999880
101.991926
101.983974
101.976023
101.968075
101.960128
101.952183
101.944240
101.936299
101.928360
101.920423
101.912487
101.904553
101.896621
101.888691
101.880763
101.872837
101.864912
101.856990
101.849069
101.841150
101.833233
101.825318
101.817405
101.809493
101.801583
101.793675
101.785769
101.777865
101.769963
101.762063
101.754164
101.746267
101.738372
101.730479
101.722588
101.714698
101.706811
101.698925
101.691041
101.683159
101.675279
101.667400
101.659524
101.651649
101.643776
101.635905
101.628035
101.620168
101.612302
101.604438
101.596576
101.588716
101.580858
101.573001
101.565147
101.557294
101.549443
101.541594
101.533746
101.525901
101.518057
101.510215
101.502375
101.494536
101.486700
101.478865
101.471032
101.463201
101.455372
101.447545
101.439719
101.431895
101.424073
101.416253
101.408434
101.400618
101.392803
101.384990
101.377179
101.369370
101.361562
101.353756
101.345952
101.338150
101.330350
101.322551
101.314755
101.306960
101.299167
101.291375
101.283586
101.275798
101.268012
101.260228
101.252445
101.244665
101.236886
101.229109
101.221334
101.213561
101.205789
101.198019
101.190251
101.182485
101.174720
101.166958
101.159197
101.151438
101.143680
101.135925
101.128171
101.120419
101.112669
101.104921
101.097174
101.089429
101.081686
101.073945
101.066205
101.058468
101.050732
101.042998
101.035265
101.027535
101.019806
101.012079
101.004353
100.996630
100.988908
100.981188
100.973470
100.965753
100.958039
100.950326
100.942615
100.934905
100.927198
100.919492
100.911788
100.904086
100.896385
100.888686
100.880989
100.873294
100.865600
100.857909
100.850219
100.842530
100.834844
100.827159
100.819476
100.811795
100.804116
100.796438
100.788762
100.781088
100.773416
100.765745
100.758076
100.750409
100.742743
100.735080
100.727418
100.719758
100.712099
100.704443
100.696788
100.689134
100.681483
100.673833
100.666185
100.658539
100.650895
100.643252
100.635611
100.627972
100.620334
100.612698
100.605064
100.597432
100.589802
100.582173
100.574546
100.566920
100.559297
100.551675
100.544055
100.536436
100.528820
100.521205
100.513591
100.505980
100.498370
100.490762
100.483156
100.475551
100.467948
100.460347
100.452748
100.445150
100.437554
100.429960
100.422367
100.414777
100.407188
100.399600
100.392015
100.384431
100.376848
100.369268
100.361689
100.354112
100.346537
100.338963
100.331391
100.323821
100.316253
100.308686
100.301121
100.293558
100.285996
100.278436
100.270878
100.263321
100.255767
100.248213
100.240662
100.233112
100.225564
100.218018
100.210474
100.202931
100.195390
100.187850
100.180313
100.172776
100.165242
100.157710
100.150179
100.142649
100.135122
100.127596
100.120072
100.112549
100.105029
100.097510
100.089992
100.082476
100.074963
100.067450
100.059940
100.052431
100.044924
100.037418
100.029914
100.022412
100.014912
100.007413
99.999916
99.992420
99.984927
99.977435
99.969944
99.962456
99.954969
99.947483
99.940000
99.932518
99.925037
99.917559
99.910082
99.902607
99.895133
99.887661
99.880191
99.872723
99.865256
99.857791
99.850327
99.842865
99.835405
99.827947
99.820490
99.813035
99.805581
99.798129
99.790679
99.783231
99.775784
99.768339
99.760896
99.753454
99.746014
99.738575
99.731138
99.723703
99.716270
99.708838
99.701408
99.693979
99.686552
99.679127
99.671704
99.664282
99.656862
99.649443
99.642026
99.634611
99.627198
99.619786
99.612375
99.604967
99.597560
99.590155
99.582751
99.575349
99.567949
99.560550
99.553153
99.545757
99.538364
99.530972
99.523581
99.516192
99.508805
99.501420
99.494036
99.486654
99.479273
99.471894
99.464517
99.457141
99.449767
99.442395
99.435024
99.427655
99.420287
99.412921
99.405557
99.398195
99.390834
99.383475
99.376117
99.368761
99.361406
99.354054
99.346703
99.339353
99.332005
99.324659
99.317314
99.309971
99.302630
99.295290
99.287952
99.280616
99.273281
99.265948
99.258616
99.251286
99.243958
99.236631
99.229306
99.221983
99.214661
99.207341
99.200022
99.192705
99.185390
99.178076
99.170764
99.163453
99.156144
99.148837
99.141531
99.134227
99.126925
99.119624
99.112325
99.105027
99.097731
99.090437
99.083144
99.075853
99.068564
99.061276
99.053989
99.046705
99.039421
99.032140
99.024860
99.017582
99.010305
99.003030
98.995756
98.988485
98.981214
98.973946
98.966679
98.959413
98.952149
98.944887
98.937626
98.930367
98.923110
98.915854
98.908599
98.901347
98.894096
98.886846
98.879598
98.872352
98.865107
98.857864
98.850623
98.843383
98.836144
98.828908
98.821672
98.814439
98.807207
98.799976
98.792748
98.785520
98.778295
98.771071
98.763848
98.756627
98.749408
98.742190
98.734974
98.727759
98.720546
98.713335
98.706125
98.698917
98.691710
98.684505
98.677302
98.670100
98.662899
98.655701
98.648503
98.641308
98.634114
98.626921
98.619730
98.612541
98.605353
98.598167
98.590982
98.583799
98.576618
98.569438
98.562260
98.555083
98.547908
98.540734
98.533562
98.526391
98.519222
98.512055
98.504889
98.497725
98.490562
98.483401
98.476242
98.469084
98.461927
98.454772
98.447619
98.440467
98.433317
98.426168
98.419021
98.411876
98.404732
98.397589
98.390448
98.383309
98.376171
98.369035
98.361901
98.354767
98.347636
98.340506
98.333377
98.326251
98.319125
98.312001
98.304879
98.297758
98.290639
98.283522
98.276406
98.269291
98.262178
98.255067
98.247957
98.240848
98.233742
98.226636
98.219533
98.212430
98.205330
98.198231
98.191133
98.184037
98.176943
98.169850
98.162758
98.155669
98.148580
98.141493
98.134408
98.127324
98.120242
98.113162
98.106082
98.099005
98.091929
98.084854
98.077781
98.070710
98.063640
98.056571
98.049505
98.042439
98.035375
98.028313
98.021252
98.014193
98.007135
98.000079
97.993024
97.985971
97.978920
97.971869
97.964821
97.957774
97.950728
97.943684
97.936642
97.929601
97.922561
97.915523
97.908487
97.901452
97.894419
97.887387
97.880356
97.873327
97.866300
97.859274
97.852250
97.845227
97.838206
97.831186
97.824168
97.817151
97.810136
97.803122
97.796110
97.789099
97.782090
97.775082
97.768076
97.761071
97.754068
97.747066
97.740066
97.733068
97.726070
97.719075
97.712081
97.705088
97.698097
97.691107
97.684119
97.677132
97.670147
97.663163
97.656181
97.649200
97.642221
97.635244
97.628267
97.621293
97.614320
97.607348
97.600378
97.593409
97.586442
97.579476
97.572512
97.565549
97.558588
97.551628
97.544670
97.537713
97.530758
97.523804
97.516851
97.509901
97.502951
97.496003
97.489057
97.482112
97.475169
97.468227
97.461286
97.454347
97.447410
97.440474
97.433539
97.426606
97.419675
97.412745
97.405816
97.398889
97.391963
97.385039
97.378116
97.371195
97.364275
97.357357
97.350440
97.343525
97.336611
97.329699
97.322788
97.315878
97.308970
97.302064
97.295159
97.288255
97.281353
97.274453
97.267554
97.260656
97.253760
97.246865
97.239972
97.233080
97.226189
97.219301
97.212413
97.205527
97.198643
97.191760
97.184878
97.177998
97.171119
97.164242
97.157367
97.150492
97.143619
97.136748
97.129878
97.123010
97.116143
97.109277
97.102413
97.095551
97.088690
97.081830
97.074972
97.068115
97.061259
97.054406
97.047553
97.040702
97.033853
97.027005
97.020158
97.013313
97.006469
96.999627
96.992786
96.985947
96.979109
96.972272
96.965437
96.958603
96.951771
96.944941
96.938111
96.931283
96.924457
96.917632
96.910809
96.903987
96.897166
96.890347
96.883529
96.876713
96.869898
96.863084
96.856272
96.849462
96.842653
96.835845
96.829039
96.822234
96.815431
96.808629
96.801828
96.795029
96.788231
96.781435
96.774640
96.767847
96.761055
96.754265
96.747476
96.740688
96.733902
96.727117
96.720334
96.713552
96.706771
96.699992
96.693215
96.686438
96.679664
96.672890
96.666118
96.659348
96.652579
96.645811
96.639045
96.632280
96.625516
96.618755
96.611994
96.605235
96.598477
96.591721
96.584966
96.578212
96.571460
96.564710
96.557960
96.551213
96.544466
96.537721
96.530978
96.524235
96.517495
96.510755
96.504017
96.497281
96.490546
96.483812
96.477080
96.470349
96.463619
96.456891
96.450165
96.443439
96.436716
96.429993
96.423272
96.416553
96.409834
96.403117
96.396402
96.389688
96.382975
96.376264
96.369554
96.362846
96.356139
96.349433
96.342729
96.336026
96.329325
96.322625
96.315926
96.309229
96.302533
96.295839
96.289146
96.282454
96.275764
96.269075
96.262388
96.255702
96.249017
96.242334
96.235652
96.228971
96.222292
96.215615
96.208938
96.202263
96.195590
96.188918
96.182247
96.175578
96.168910
96.162243
96.155578
96.148914
96.142252
96.135591
96.128931
96.122273
96.115616
96.108960
96.102306
96.095653
96.089002
96.082352
96.075703
96.069056
96.062410
96.055766
96.049123
96.042481
96.035841
96.029202
96.022564
96.015928
96.009293
96.002660
95.996028
95.989397
95.982768
95.976140
95.969513
95.962888
95.956264
95.949642
95.943020
95.936401
95.929782
95.923165
95.916550
95.909935
95.903323
95.896711
95.890101
95.883492
95.876885
95.870279
95.863674
95.857071
95.850469
95.843868
95.837269
95.830671
95.824075
95.817479
95.810886
95.804293
95.797702
95.791112
95.784524
95.777937
95.771352
95.764767
95.758184
95.751603
95.745023
95.738444
95.731866
95.725290
95.718715
95.712142
95.705570
95.698999
95.692430
95.685862
95.679295
95.672730
95.666166
95.659603
95.653042
95.646482
95.639924
95.633367
95.626811
95.620256
95.613703
95.607151
95.600601
95.594052
95.587504
95.580958
95.574413
95.567869
95.561326
95.554785
95.548246
95.541707
95.535170
95.528635
95.522100
95.515567
95.509036
95.502505
95.495976
95.489449
95.482922
95.476398
95.469874
95.463352
95.456831
95.450311
95.443793
95.437276
95.430760
95.424246
95.417733
95.411221
95.404711
95.398202
95.391695
95.385188
95.378683
95.372180
95.365678
95.359177
95.352677
95.346179
95.339682
95.333186
95.326692
95.320199
95.313707
95.307217
95.300728
95.294240
95.287754
95.281269
95.274785
95.268303
95.261822
95.255342
95.248863
95.242386
95.235911
95.229436
95.222963
95.216491
95.210021
95.203552
95.197084
95.190617
95.184152
95.177688
95.171226
95.164764
95.158304
95.151846
95.145388
95.138932
95.132478
95.126024
95.119572
95.113121
95.106672
95.100224
95.093777
95.087332
95.080887
95.074444
95.068003
95.061563
95.055124
95.048686
95.042250
95.035815
95.029381
95.022948
95.016517
95.010088
95.003659
94.997232
94.990806
94.984381
94.977958
94.971536
94.965115
94.958696
94.952278
94.945861
94.939446
94.933032
94.926619
94.920207
94.913797
94.907388
94.900980
94.894574
94.888169
94.881765
94.875362
94.868961
94.862561
94.856163
94.849765
94.843369
94.836975
94.830581
94.824189
94.817798
94.811409
94.805020
94.798633
94.792248
94.785863
94.779480
94.773098
94.766718
94.760339
94.753961
94.747584
94.741209
94.734835
94.728462
94.722090
94.715720
94.709351
94.702983
94.696617
94.690252
94.683888
94.677526
94.671164
94.664804
94.658446
94.652088
94.645732
94.639377
94.633024
94.626672
94.620321
94.613971
94.607622
94.601275
94.594929
94.588585
94.582241
94.575899
94.569559
94.563219
94.556881
94.550544
94.544208
94.537874
94.531541
94.525209
94.518878
94.512549
94.506221
94.499894
94.493569
94.487244
94.480921
94.474600
94.468279
94.461960
94.455642
94.449326
94.443010
94.436696
94.430383
94.424072
94.417762
94.411452
94.405145
94.398838
94.392533
94.386229
94.379926
94.373625
94.367325
94.361026
94.354728
94.348432
94.342137
94.335843
94.329550
94.323259
94.316969
94.310680
94.304392
94.298106
94.291821
94.285537
94.279254
94.272973
94.266693
94.260414
94.254137
94.247860
94.241585
94.235312
94.229039
94.222768
94.216498
94.210229
94.203961
94.197695
94.191430
94.185166
94.178904
94.172643
94.166383
94.160124
94.153866
94.147610
94.141355
94.135101
94.128849
94.122597
94.116347
94.110098
94.103851
94.097605
94.091360
94.085116
94.078873
94.072632
94.066392
94.060153
94.053915
94.047679
94.041444
94.035210
94.028977
94.022746
94.016516
94.010287
94.004059
93.997832
93.991607
93.985383
93.979160
93.972939
93.966719
93.960500
93.954282
93.948065
93.941850
93.935636
93.929423
93.923211
93.917001
93.910792
93.904584
93.898377
93.892171
93.885967
93.879764
93.873562
93.867362
93.861162
93.854964
93.848767
93.842572
93.836377
93.830184
93.823992
93.817801
93.811612
93.805424
93.799237
93.793051
93.786866
93.780683
93.774500
93.768319
93.762140
93.755961
93.749784
93.743608
93.737433
93.731259
93.725087
93.718916
93.712746
93.706577
93.700409
93.694243
93.688078
93.681914
93.675751
93.669590
93.663430
93.657271
93.651113
93.644956
93.638801
93.632647
93.626494
93.620342
93.614192
93.608042
93.601894
93.595747
93.589601
93.583457
93.577314
93.571172
93.565031
93.558891
93.552753
93.546616
93.540480
93.534345
93.528211
93.522079
93.515948
93.509818
93.503689
93.497561
93.491435
93.485310
93.479186
93.473063
93.466941
93.460821
93.454702
93.448584
93.442467
93.436352
93.430237
93.424124
93.418012
93.411901
93.405792
93.399684
93.393576
93.387471
93.381366
93.375262
93.369160
93.363059
93.356959
93.350860
93.344762
93.338666
93.332571
93.326477
93.320384
93.314292
93.308202
93.302113
93.296025
93.289938
93.283852
93.277768
93.271685
93.265602
93.259522
93.253442
93.247363
93.241286
93.235210
93.229135
93.223061
93.216989
93.210917
93.204847
93.198778
93.192710
93.186644
93.180578
93.174514
93.168451
93.162389
93.156328
93.150269
93.144210
93.138153
93.132097
93.126042
93.119989
93.113936
93.107885
93.101835
93.095786
93.089738
93.083692
93.077646
93.071602
93.065559
93.059517
93.053476
93.047437
93.041399
93.035362
93.029326
93.023291
93.017257
93.011225
93.005193
92.999163
92.993134
92.987107
92.981080
92.975055
92.969030
92.963007
92.956985
92.950965
92.944945
92.938927
92.932910
92.926894
92.920879
92.914865
92.908852
92.902841
92.896831
92.890822
92.884814
92.878807
92.872802
92.866797
92.860794
92.854792
92.848791
92.842791
92.836793
92.830795
92.824799
92.818804
92.812810
92.806817
92.800826
92.794835
92.788846
92.782858
92.776871
92.770885
92.764901
92.758917
92.752935
92.746954
92.740974
92.734995
92.729017
92.723041
92.717065
92.711091
92.705118
92.699146
92.693175
92.687206
92.681237
92.675270
92.669304
92.663339
92.657375
92.651412
92.645451
92.639490
92.633531
92.627573
92.621616
92.615660
92.609705
92.603752
92.597800
92.591848
92.585898
92.579949
92.574002
92.568055
92.562109
92.556165
92.550222
92.544280
92.538339
92.532399
92.526461
92.520523
92.514587
92.508652
92.502718
92.496785
92.490853
92.484922
92.478993
92.473065
92.467137
92.461211
92.455286
92.449363
92.443440
92.437519
92.431598
92.425679
92.419761
92.413844
92.407928
92.402013
92.396100
92.390188
92.384276
92.378366
92.372457
92.366549
92.360643
92.354737
92.348832
92.342929
92.337027
92.331126
92.325226
92.319327
92.313429
92.307533
92.301637
92.295743
92.289850
92.283958
92.278067
92.272177
92.266289
92.260401
92.254515
92.248629
92.242745
92.236862
92.230980
92.225100
92.219220
92.213341
92.207464
92.201588
92.195713
92.189839
92.183966
92.178094
92.172223
92.166354
92.160485
92.154618
92.148752
92.142887
92.137023
92.131160
92.125298
92.119438
92.113578
92.107720
92.101863
92.096007
92.090152
92.084298
92.078445
92.072593
92.066743
92.060894
92.055045
92.049198
92.043352
92.037507
92.031663
92.025821
92.019979
92.014138
92.008299
92.002461
91.996624
91.990788
91.984953
91.979119
91.973286
91.967454
91.961624
91.955795
91.949966
91.944139
91.938313
91.932488
91.926664
91.920841
91.915020
91.909199
91.903380
91.897561
91.891744
91.885928
91.880113
91.874299
91.868486
91.862675
91.856864
91.851055
91.845246
91.839439
91.833633
91.827828
91.822024
91.816221
91.810419
91.804618
91.798819
91.793020
91.787223
91.781427
91.775631
91.769837
91.764044
91.758252
91.752461
91.746672
91.740883
91.735096
91.729309
91.723524
91.717740
91.711957
91.706174
91.700394
91.694614
91.688835
91.683057
91.677281
91.671505
91.665731
91.659957
91.654185
91.648414
91.642644
91.636875
91.631107
91.625340
91.619575
91.613810
91.608047
91.602284
91.596523
91.590763
91.585004
91.579245
91.573488
91.567733
91.561978
91.556224
91.550471
91.544720
91.538969
91.533220
91.527472
91.521724
91.515978
91.510233
91.504489
91.498746
91.493005
91.487264
91.481524
91.475786
91.470048
91.464312
91.458576
91.452842
91.447109
91.441377
91.435646
91.429916
91.424187
91.418459
91.412732
91.407007
91.401282
91.395559
91.389836
91.384115
91.378395
91.372675
91.366957
91.361240
91.355524
91.349809
91.344096
91.338383
91.332671
91.326961
91.321251
91.315543
91.309835
91.304129
91.298424
91.292719
91.287016
91.281314
91.275613
91.269913
91.264214
91.258517
91.252820
91.247124
91.241430
91.235736
91.230044
91.224352
91.218662
91.212973
91.207285
91.201597
91.195911
91.190226
91.184542
91.178860
91.173178
91.167497
91.161817
91.156139
91.150461
91.144785
91.139109
91.133435
91.127762
91.122089
91.116418
91.110748
91.105079
91.099411
91.093744
91.088078
91.082413
91.076749
91.071087
91.065425
91.059764
91.054105
91.048446
91.042789
91.037132
91.031477
91.025823
91.020169
91.014517
91.008866
91.003216
90.997567
90.991919
90.986272
90.980626
90.974981
90.969337
90.963695
90.958053
90.952412
90.946773
90.941134
90.935497
90.929860
90.924225
90.918591
90.912957
90.907325
90.901694
90.896064
90.890435
90.884806
90.879179
90.873553
90.867929
90.862305
90.856682
90.851060
90.845439
90.839820
90.834201
90.828583
90.822967
90.817351
90.811737
90.806123
90.800511
90.794899
90.789289
90.783680
90.778071
90.772464
90.766858
90.761253
90.755649
90.750046
90.744444
90.738843
90.733243
90.727644
90.722046
90.716449
90.710853
90.705259
90.699665
90.694072
90.688480
90.682890
90.677300
90.671712
90.666124
90.660538
90.654952
90.649368
90.643784
90.638202
90.632621
90.627040
90.621461
90.615883
90.610306
90.604729
90.599154
90.593580
90.588007
90.582435
90.576864
90.571294
90.565725
90.560157
90.554590
90.549024
90.543459
90.537895
90.532332
90.526771
90.521210
90.515650
90.510091
90.504534
90.498977
90.493421
90.487867
90.482313
90.476760
90.471209
90.465658
90.460109
90.454560
90.449013
90.443466
90.437921
90.432376
90.426833
90.421291
90.415749
90.410209
90.404670
90.399131
90.393594
90.388058
90.382522
90.376988
90.371455
