Starting the test of the hash function HighWay with the word lexikon OnlyB
Starting to load map from OnlyB
Loading finished. Loaded 8167 words from file.
Started measuring access times
accessing: buschelig
72864
73330
70502
69753
71905
accessing: britisches
70775
72347
71317
70897
73080
accessing: biegend
71949
71249
74357
73044
72648
accessing: Begleitpapier
72752
72344
73642
71826
71824
Finished measuring access times
Starting to calculate: 8167 Collisions
26.500000
26.549744
27.770263
42.410376
19.861325
38.842960
18.428494
23.333862
24.649746
16.455801
16.357762
21.551919
25.736597
21.602058
18.758227
17.046852
17.999400
22.999458
19.548082
17.473530
17.547162
13.812134
13.293103
17.054548
17.648985
14.573874
19.701439
18.855922
13.999246
15.322003
13.116627
18.162768
14.120864
17.335254
11.628874
16.145703
15.594165
13.211724
11.640205
14.231911
11.822502
12.790613
13.078810
13.681492
11.274647
12.125606
10.523762
13.486785
11.404578
13.023387
12.365295
12.934179
11.434087
11.791943
13.385462
13.247647
14.294268
11.863923
11.650596
12.641460
10.830318
11.670478
10.194388
10.512163
12.434447
11.154457
10.066163
8.694444
11.614918
11.276264
9.045911
11.760096
11.052179
9.738683
10.704697
8.701900
9.372777
10.635865
10.217869
9.194456
9.406614
10.543015
9.262509
9.112644
8.682310
9.174934
9.360043
9.425071
9.855130
9.040317
9.140335
8.233091
9.049340
10.902875
8.720480
8.396906
9.415515
9.493617
9.118174
9.229773
9.214502
9.634718
8.885984
8.779826
9.294330
7.778205
8.308538
7.806968
7.989978
9.292591
9.180860
7.725659
8.992323
8.313407
9.484996
7.680856
8.542865
8.293832
8.234375
7.747166
8.438106
7.404393
8.257289
7.493938
7.944651
7.572757
8.307619
7.882665
8.182970
7.755590
7.874398
8.411447
7.933791
6.901287
7.028639
7.638023
7.657747
7.598601
8.202448
7.287482
8.133339
7.390321
7.287416
7.466599
7.207514
7.014203
8.295258
7.144124
7.141929
6.898450
7.299937
7.352921
6.780816
7.073410
6.816086
7.116386
7.053953
7.405948
6.979745
6.548422
6.859836
7.237948
6.768092
7.070746
7.481882
7.437752
6.797168
6.630172
6.630017
7.678164
6.683435
6.497002
6.958128
7.017031
6.450140
6.503137
6.355800
6.838080
6.672523
6.622132
6.468900
6.884977
6.540677
6.472837
5.997063
6.445619
6.561638
6.300892
7.129240
6.328247
6.203051
6.693017
6.158198
6.521085
6.669854
6.034959
6.686665
5.801437
6.340960
5.746189
6.455303
6.412011
6.584578
6.659557
6.720903
6.091617
6.623986
6.315006
6.230677
6.204181
6.301723
5.967825
5.996602
5.823352
6.026645
6.097608
6.059418
6.586723
6.249977
6.561077
6.389409
6.024747
6.193184
5.967709
5.582347
6.311618
6.102066
6.056902
6.122476
5.638800
6.099561
5.810078
5.691777
6.094883
5.919070
5.564683
5.987159
6.031288
5.801866
5.966009
5.966028
5.760608
6.249852
5.880634
5.172331
6.007069
5.821898
5.690815
5.513418
5.568262
5.717177
5.618671
5.529097
5.636300
5.813024
6.162633
5.516114
5.965302
5.615557
4.998034
5.518626
5.152154
5.468888
5.865571
5.673291
5.195317
5.769457
5.943983
5.492208
5.447484
5.221850
5.312596
5.097856
5.352297
5.617240
5.099436
5.633067
5.251829
5.605836
5.196785
5.155927
5.265511
5.628222
5.699585
5.059991
5.622629
5.294180
5.437769
5.440393
5.065129
5.151381
5.164306
5.274321
5.387896
5.537201
5.430383
4.970338
4.995131
5.357872
5.235543
5.198841
5.333546
5.104652
5.347848
5.273409
5.147188
5.173898
5.460584
4.943574
5.098989
5.093770
4.921204
5.204411
5.210283
5.116182
5.128400
5.298309
5.042900
5.248168
4.827615
4.758284
5.084973
4.974982
5.119667
5.512427
4.796726
4.943485
4.790370
5.046488
4.664827
5.013151
5.098146
5.041960
4.743842
4.977158
4.961119
5.030690
4.914059
4.686293
4.832731
5.055275
4.673192
4.731136
4.721824
4.674601
4.938906
4.928411
5.067973
4.904193
4.489566
4.470446
4.458011
4.716013
5.142474
4.538772
4.904288
4.798877
4.377531
4.722150
4.622828
4.723622
4.854565
4.644371
4.798852
4.801772
4.940362
4.776898
4.576508
4.551516
4.800307
4.768350
4.368705
4.548330
4.628212
4.601017
4.741660
4.598788
4.530124
4.924957
4.662261
4.435684
4.729181
4.569878
4.590372
4.782676
4.852306
4.573024
4.728079
4.560602
4.420670
4.713263
4.465639
4.360628
4.815198
4.582834
4.681063
4.286633
4.756043
4.750599
4.307713
4.411901
4.427130
4.578865
4.568252
4.730042
4.812251
4.398886
4.500635
4.478769
4.376493
4.569333
4.561142
4.523198
4.531118
4.598999
4.444496
4.378036
4.265844
4.451255
4.573226
4.440868
4.284241
4.357259
4.310885
4.238348
4.545160
4.230546
4.393098
4.249481
4.170073
4.404624
4.121057
4.260152
4.260463
4.264641
4.172393
4.294030
4.378721
4.318129
4.201848
4.518507
4.189344
4.591420
4.133614
4.194188
4.230032
4.397980
4.238152
4.286678
4.216869
4.027800
4.224554
4.290894
3.991154
4.231594
4.194761
3.984154
4.369467
4.354718
4.105384
4.043311
4.261629
4.340874
4.069921
4.243195
4.199186
4.075639
4.104123
4.272212
4.128418
4.138921
4.036942
3.880584
4.146827
4.242438
4.100659
4.088325
4.281045
4.027742
4.134383
4.060100
3.884990
4.064387
3.857636
4.179715
4.093427
4.224950
3.987303
4.190070
3.914049
3.864083
4.162790
4.171666
4.138938
4.015448
4.158333
4.081863
3.950061
4.025226
4.115956
3.984706
4.079929
4.038002
4.082809
4.021444
3.884180
4.142160
4.172122
3.956356
4.057522
4.150908
4.027131
4.202713
4.010823
3.937410
4.128421
4.193379
3.872445
3.872482
3.941068
3.816037
3.932449
3.947928
3.834578
3.989799
3.724310
3.895280
4.081924
4.059964
3.908356
4.026993
3.924832
3.634222
3.765637
4.075525
3.928277
4.025825
3.718660
3.979272
3.737951
3.966761
3.852030
3.721685
3.849909
3.789815
3.857460
3.684618
3.905434
3.784292
3.936559
3.946166
3.777341
3.870673
3.739495
3.921709
3.794200
3.708739
3.868358
3.964137
3.930403
3.657957
3.611883
3.715213
3.742627
3.844291
3.911840
3.925723
3.625238
3.879693
3.840193
3.605261
3.749184
3.878625
3.788126
3.737150
3.770099
3.865666
3.809037
3.854507
3.952629
3.545090
3.727639
3.538163
3.766269
3.646651
3.727189
3.764725
3.758500
3.766566
3.689200
3.891317
3.617054
3.862019
3.623533
3.646372
3.621519
3.727491
3.632751
3.809750
3.565757
3.646288
3.527101
3.673045
3.671928
3.609480
3.555283
3.709260
3.582335
3.659911
3.587549
3.676069
3.623389
3.669857
3.770208
3.529550
3.752353
3.786874
3.494916
3.656310
3.533546
3.500678
3.481798
3.758783
3.664571
3.715019
3.712901
3.710243
3.881357
3.612184
3.492792
3.575408
3.747127
3.726901
3.650867
3.647382
3.560554
3.586748
3.594320
3.612137
3.461176
3.408595
3.694110
3.499721
3.436764
3.493558
3.462759
3.525277
3.659564
3.679002
3.342096
3.776858
3.551679
3.488601
3.532425
3.643475
3.506267
3.459577
3.525586
3.585020
3.427100
3.310215
3.564076
3.616678
3.547405
3.534688
3.481191
3.553034
3.474468
3.529603
3.513502
3.567632
3.476240
3.466187
3.398115
3.481253
3.537156
3.389552
3.535319
3.328780
3.497212
3.397553
3.592690
3.470541
3.398346
3.504441
3.324377
3.298495
3.291850
3.477567
3.549197
3.330512
3.305722
3.423021
3.391470
3.387313
3.354972
3.456322
3.353116
3.522468
3.508574
3.364155
3.416983
3.303932
3.346053
3.298046
3.546591
3.309829
3.236994
3.528854
3.382678
3.299511
3.359851
3.442564
3.388265
3.388019
3.420069
3.223395
3.277907
3.391219
3.348619
3.306772
3.361292
3.351029
3.412584
3.411994
3.429833
3.370092
3.295246
3.225602
3.436801
3.482378
3.454093
3.395625
3.336227
3.384377
3.391088
3.192077
3.206059
3.314182
3.294713
3.462733
3.336642
3.327268
3.263989
3.210439
3.288179
3.286259
3.281839
3.252858
3.342467
3.197476
3.381092
3.463644
3.252870
3.345935
3.184379
3.299561
3.296175
3.246453
3.265178
3.276084
3.239472
3.142655
3.320289
3.384311
3.261916
3.286689
3.266873
3.268060
3.328554
3.315879
3.122333
3.323519
3.120924
3.243458
3.283310
3.289481
3.179392
3.235287
3.251674
3.211836
3.138757
3.337444
3.097356
3.128115
3.255123
3.120765
3.124325
3.206947
3.207430
3.186930
3.159918
3.245633
3.161436
3.045132
3.249227
3.221400
3.180784
3.283317
3.162717
3.055606
3.165353
3.163642
3.187708
3.185107
3.288171
3.149657
3.223000
3.186673
3.179193
3.318162
3.055315
3.291360
3.163954
3.057645
3.181377
3.175932
3.146864
3.148300
3.118595
3.086266
3.280743
3.220937
3.087148
3.192858
3.222535
3.186168
3.054935
3.170209
3.026238
3.187050
3.267047
3.230385
3.181702
3.105491
3.034207
3.024731
3.149385
3.111494
3.200919
3.226041
3.103771
3.088868
3.100720
3.062301
3.231451
3.052116
3.112745
3.102284
2.975962
3.032830
3.080119
3.131035
3.162173
3.070924
3.133269
2.968012
3.084510
3.114294
3.070043
3.040893
3.151376
3.165946
3.085544
2.985791
3.150434
3.135535
3.134910
3.049489
3.097068
3.058359
3.078566
2.993383
3.019660
3.028701
3.046653
3.103936
3.075730
2.986270
3.018991
3.063490
2.998525
3.081223
2.974068
3.047954
2.895362
3.162725
2.960749
2.978067
3.063015
3.012556
3.049622
3.040484
3.123167
3.114475
2.923809
3.043295
2.969548
3.019936
2.935161
2.968859
2.976138
2.906724
2.955931
3.007499
2.877503
2.976222
3.058251
2.968409
3.121203
2.991794
3.069702
2.957243
3.068427
2.974148
2.995805
3.034150
2.991506
3.021862
2.993630
2.997900
2.933493
2.909340
3.033331
3.011297
2.952078
2.947478
2.994341
2.885017
2.980374
2.968467
2.901251
3.031216
2.959300
2.903070
3.041247
2.867429
2.824679
2.983941
2.911934
2.931693
2.821560
2.937978
2.939803
2.886089
2.982910
2.868141
3.046636
2.982509
2.985492
2.979991
2.944326
2.947652
2.863049
2.888305
2.923645
3.012656
2.949258
2.921178
2.961116
2.902146
2.825193
2.926528
2.989090
2.803705
2.945366
2.851735
3.022322
2.870437
2.956089
2.995146
2.916135
2.844466
2.867476
2.987157
2.853807
2.906643
2.745294
2.950595
2.879728
2.750765
2.942930
2.816285
2.892556
2.977954
2.835331
3.009598
2.844336
2.924880
2.911989
2.873546
2.810017
2.890785
2.809162
2.957062
2.811784
2.900737
2.911842
2.860264
2.793911
2.850613
2.760029
2.896771
2.749030
2.856565
2.952918
2.865447
2.794951
2.841612
2.870228
2.854858
2.917267
2.799341
2.837612
2.872196
2.943929
2.847548
2.742244
2.824777
2.855138
2.832734
2.815041
2.872008
2.886459
2.846523
2.892535
2.878513
2.750898
2.880100
2.888594
2.759291
2.766466
2.900066
2.846247
2.918598
2.842872
2.767294
2.818672
2.816929
2.719358
2.872798
2.816021
2.728840
2.850225
2.832544
2.845140
2.780121
2.718916
2.817513
2.843481
2.832132
2.733541
2.706443
2.805607
2.756574
2.717890
2.821673
2.732858
2.846808
2.761299
2.771437
2.763518
2.758639
2.745888
2.740624
2.700861
2.683337
2.788514
2.690700
2.852892
2.901517
2.740899
2.718791
2.725349
2.840273
2.775709
2.722691
2.841602
2.756448
2.653777
2.736081
2.790123
2.704332
2.795725
2.737949
2.763202
2.663747
2.745102
2.738854
2.680433
2.723947
2.712918
2.711978
2.778564
2.654606
2.669746
2.762666
2.755351
2.773370
2.756845
2.857280
2.760566
2.748589
2.780525
2.673236
2.731952
2.730121
2.731578
2.716153
2.715608
2.689756
2.702862
2.626815
2.641930
2.698080
2.715976
2.721903
2.685863
2.692172
2.703065
2.756888
2.660121
2.622355
2.619959
2.587520
2.638434
2.662434
2.653985
2.750471
2.756992
2.750014
2.599960
2.744363
2.674497
2.743159
2.624884
2.639683
2.616715
2.727110
2.652468
2.708680
2.687890
2.625670
2.708199
2.664919
2.596590
2.676854
2.649961
2.658391
2.703971
2.631241
2.610607
2.627368
2.614011
2.690515
2.653092
2.646043
2.722970
2.653738
2.653492
2.723339
2.542404
2.592066
2.558479
2.634541
2.620203
2.522999
2.597258
2.629638
2.552812
2.613928
2.644035
2.648452
2.613734
2.699428
2.576542
2.664248
2.660892
2.671835
2.552668
2.550225
2.614579
2.657955
2.596033
2.565111
2.560640
2.651839
2.629894
2.590979
2.637286
2.630283
2.565752
2.545803
2.633418
2.601431
2.647874
2.640219
2.513251
2.689139
2.514246
2.621783
2.605125
2.643305
2.641261
2.560429
2.686940
2.584957
2.485613
2.610393
2.724729
2.593163
2.534747
2.538461
2.570483
2.551624
2.623794
2.577404
2.542197
2.630988
2.658834
2.563185
2.658095
2.579080
2.615825
2.599492
2.581494
2.587418
2.547087
2.594154
2.602801
2.523828
2.523754
2.506592
2.619298
2.631753
2.527187
2.563864
2.598403
2.581380
2.507059
2.537542
2.410187
2.540306
2.588636
2.490397
2.489548
2.634761
2.464539
2.555479
2.576370
2.545485
2.616914
2.559857
2.614346
2.607252
2.576165
2.673907
2.589239
2.557060
2.524198
2.483300
2.573745
2.479042
2.545059
2.634601
2.553152
2.604377
2.434325
2.526615
2.483102
2.605627
2.527022
2.620757
2.493499
2.476276
2.528041
2.504794
2.509866
2.552222
2.537831
2.471839
2.448146
2.462182
2.588582
2.546433
2.543962
2.504557
2.516285
2.504207
2.474300
2.526898
2.485165
2.472021
2.493434
2.508786
2.543790
2.583332
2.477286
2.519370
2.423119
2.433163
2.458797
2.575364
2.384492
2.476089
2.446080
2.450925
2.485428
2.543523
2.471175
2.580808
2.433798
2.427338
2.463212
2.466060
2.555931
2.478145
2.370924
2.531735
2.480664
2.486457
2.495553
2.425855
2.466295
2.495762
2.443534
2.508897
2.492271
2.503337
2.471230
2.525249
2.458595
2.486709
2.400770
2.529457
2.468239
2.429047
2.517718
2.517841
2.471324
2.481999
2.494395
2.505219
2.496690
2.445976
2.460020
2.443785
2.477033
2.459099
2.476574
2.433549
2.454497
2.483570
2.466901
2.427153
2.480066
2.464585
2.422739
2.420343
2.461907
2.450536
2.360862
2.413730
2.369620
2.501008
2.499466
2.448262
2.460408
2.402698
2.464106
2.429760
2.441348
2.338321
2.401816
2.363919
2.443916
2.396720
2.469348
2.496047
2.459924
2.462408
2.381325
2.407154
2.380158
2.366643
2.437936
2.477903
2.471861
2.365743
2.422926
2.409335
2.407635
2.419902
2.399143
2.435664
2.394205
2.387387
2.408611
2.452436
2.443980
2.420812
2.393579
2.393003
2.371505
2.387666
2.384392
2.382005
2.309074
2.367048
2.462711
2.334784
2.424303
2.491844
2.505862
2.350105
2.374262
2.325276
2.435083
2.466572
2.395501
2.375347
2.405235
2.387231
2.380338
2.417341
2.395637
2.493745
2.395336
2.344421
2.384482
2.362543
2.449400
2.425720
2.468511
2.319322
2.366687
2.343459
2.393448
2.352840
2.360879
2.399705
2.412708
2.404973
2.444103
2.302177
2.319907
2.320272
2.265554
2.412479
2.359604
2.360201
2.333816
2.379073
2.313438
2.406298
2.372353
2.372608
2.330892
2.361527
2.418474
2.391366
2.349477
2.435082
2.327175
2.373271
2.315023
2.341299
2.387002
2.369438
2.365020
2.365481
2.350678
2.360067
2.304709
2.280079
2.346430
2.289076
2.326761
2.377471
2.324740
2.348849
2.377501
2.437768
2.289377
2.396649
2.351388
2.344320
2.386146
2.330995
2.298338
2.273519
2.308713
2.333022
2.353350
2.313861
2.330893
2.385851
2.355177
2.355760
2.308925
2.383870
2.368731
2.305848
2.322523
2.373152
2.348100
2.363839
2.346072
2.301869
2.317905
2.338899
2.375585
2.251316
2.335643
2.318861
2.317102
2.358468
2.268165
2.329091
2.339713
2.287939
2.396366
2.366746
2.350217
2.303913
2.354426
2.307403
2.244066
2.320736
2.307908
2.383200
2.341048
2.335874
2.316954
2.357197
2.297186
2.258500
2.274993
2.322027
2.321567
2.362916
2.323705
2.308689
2.336921
2.269301
2.323173
2.301726
2.246442
2.225195
2.305847
2.311205
2.236779
2.358966
2.310493
2.306349
2.257120
2.220770
2.268002
2.299479
2.294752
2.325251
2.247445
2.278277
2.286963
2.292539
2.241862
2.303891
2.237908
2.231933
2.209297
2.235363
2.291533
2.314388
2.263845
2.220225
2.268805
2.291271
2.239767
2.265017
2.263840
2.297039
2.293098
2.272542
2.316182
2.271539
2.296279
2.267744
2.275403
2.258093
2.220094
2.197830
2.335671
2.295412
2.255594
2.263513
2.185118
2.264074
2.211672
2.335804
2.246464
2.211593
2.287451
2.222859
2.220471
2.216674
2.265946
2.236481
2.308515
2.249982
2.281849
2.288158
2.278712
2.297185
2.297496
2.247429
2.229260
2.265632
2.287652
2.264082
2.266842
2.239511
2.260095
2.334634
2.210592
2.200603
2.199538
2.313638
2.236713
2.259109
2.184600
2.238666
2.230995
2.219447
2.298512
2.242741
2.305580
2.226859
2.201769
2.207572
2.218025
2.262046
2.251475
2.228887
2.247857
2.310706
2.284712
2.214768
2.190490
2.211653
2.167055
2.262143
2.203801
2.260617
2.225226
2.238132
2.244230
2.215729
2.180538
2.220977
2.218978
2.213444
2.201627
2.245044
2.245183
2.276380
2.232856
2.296261
2.267204
2.216020
2.246195
2.207632
2.260734
2.144202
2.161836
2.165571
2.250245
2.198624
2.174770
2.183908
2.192723
2.222720
2.247261
2.245210
2.212789
2.208306
2.200585
2.150560
2.210937
2.229922
2.204901
2.172559
2.235876
2.296602
2.216329
2.211307
2.218528
2.152539
2.190283
2.180093
2.263744
2.142935
2.219447
2.172150
2.177576
2.153783
2.148100
2.220242
2.245390
2.208598
2.209910
2.169885
2.154772
2.154782
2.191813
2.110524
2.234666
2.180831
2.141509
2.221721
2.192180
2.161730
2.219462
2.190992
2.179802
2.194589
2.157275
2.225890
2.186484
2.180861
2.142851
2.128476
2.250716
2.195083
2.197098
2.195435
2.135524
2.156375
2.149620
2.185865
2.156133
2.204491
2.186081
2.150801
2.140290
2.145810
2.110476
2.124173
2.197377
2.108592
2.187727
2.112191
2.169908
2.123294
2.124791
2.156598
2.225304
2.139905
2.137644
2.100235
2.132049
2.182683
2.207323
2.169317
2.142342
2.135566
2.125048
2.170714
2.196166
2.086471
2.127596
2.110382
2.160405
2.114855
2.151658
2.222524
2.166909
2.154990
2.148256
2.147268
2.166328
2.138473
2.089715
2.103431
2.113862
2.190921
2.141071
2.129322
2.105871
2.178679
2.118133
2.174076
2.096506
2.130834
2.099249
2.135835
2.144689
2.124633
2.165076
2.123088
2.122574
2.096272
2.079022
2.100532
2.101332
2.080683
2.079900
2.111582
2.080452
2.113392
2.084438
2.099210
2.097619
2.074879
2.147938
2.104378
2.119205
2.107192
2.126376
2.113108
2.133238
2.185540
2.091308
2.105116
2.151153
2.140868
2.082734
2.083211
2.089188
2.154037
2.070689
2.133733
2.112575
2.120995
2.119108
2.136936
2.158381
2.130612
2.077790
2.153998
2.086759
2.078066
2.063568
2.116931
2.143535
2.092250
2.098088
2.051025
2.099152
2.128698
2.119917
2.099823
2.068886
2.079435
2.098669
2.079451
2.033764
2.128064
2.117012
2.097213
2.170353
2.065959
2.054359
2.065167
2.030463
2.027167
2.077669
2.115308
1.995651
2.084397
2.069823
2.136216
2.068726
2.103098
2.114550
2.069513
2.119201
2.043269
2.049086
2.088512
2.097972
2.065099
2.074407
2.086462
2.068386
2.076379
2.130599
2.062923
2.129151
2.068669
2.058211
2.016234
2.068298
2.098497
2.061479
2.029286
2.055923
2.110589
2.080440
2.123031
2.044515
2.117067
2.038919
2.105608
2.058455
2.105595
2.106331
2.065361
2.067902
2.075233
2.046792
2.034499
2.102988
2.064095
2.087482
2.124142
2.020385
2.045526
2.058723
2.055414
2.101233
2.095486
1.973257
2.063909
2.055049
2.061074
2.007209
2.043310
2.050371
2.056642
2.007156
2.022038
2.030179
2.039039
2.013234
2.045528
2.046991
2.087376
2.063945
2.099781
2.024493
2.041917
2.058673
2.076762
2.031120
2.039389
2.037051
2.044275
2.039172
2.057373
2.111386
2.099104
1.990565
2.036759
2.045944
2.032312
2.037998
1.989462
2.066909
2.088164
1.978956
2.025970
2.044394
2.020989
2.057326
2.035332
1.972298
2.061402
2.060042
2.026623
2.033256
2.051755
2.034755
2.047782
2.085866
2.060570
2.048609
2.006073
2.002924
2.043243
2.106119
2.022599
1.995854
2.054218
2.039539
1.977461
2.045637
2.037346
1.996303
2.007207
2.080053
2.075038
2.076065
2.017315
2.032008
2.013012
2.026484
2.014173
1.987501
2.021764
1.994961
1.971623
1.983079
1.995457
1.938483
2.004333
2.015556
2.022277
1.988075
1.993144
1.960256
1.981520
1.987096
2.056173
1.990214
2.037561
1.979836
1.979394
2.041290
1.971738
1.938897
2.015999
1.988377
2.017526
2.019508
1.988993
2.006561
1.985588
2.008817
2.035874
2.055135
2.018645
1.996356
1.988231
2.028136
1.982083
2.003044
1.945641
1.991268
1.981406
1.981665
1.998163
2.036258
2.000851
1.954359
2.009856
2.028712
2.033496
1.961637
1.978724
1.945169
1.972049
2.011416
2.056390
1.936163
2.023863
1.986487
2.014639
1.965794
1.996892
1.953874
1.981708
2.104573
1.938637
2.016735
1.956255
1.975670
1.979057
1.939548
1.987015
1.992549
2.018727
1.978839
1.979521
1.995715
1.983793
1.963978
1.965154
1.946411
1.974811
1.989298
1.943801
1.980211
1.995832
1.951283
2.018607
1.909463
1.943972
1.973969
1.975590
1.919524
2.004022
1.949300
2.012632
1.950135
1.985940
1.985367
2.016244
1.996664
2.010585
1.970784
1.969000
2.003855
1.962521
1.958063
1.968368
1.983878
1.929705
1.996047
1.988316
1.942403
1.929340
1.990103
1.950365
1.939317
1.992343
1.983899
1.975903
1.991954
1.959109
1.968831
1.952601
1.986441
1.944382
1.936500
1.934193
1.946913
1.959298
1.928476
1.925429
1.981992
1.950835
1.980039
1.962296
1.977844
1.917354
1.954211
1.969562
1.875540
1.900421
1.968385
1.977220
1.907871
2.017759
1.972714
1.957847
1.969545
1.951568
1.963293
1.935686
1.954648
1.967750
1.965450
1.946762
1.962026
1.957116
1.937177
2.014406
1.918091
1.956166
1.964011
1.877860
1.942332
1.966271
1.873449
1.947245
1.957694
1.969014
1.932178
1.934375
1.994682
1.955305
1.995180
1.940973
1.965961
1.922974
1.882706
1.931640
1.963022
1.924101
1.986053
1.873982
1.938444
1.958680
1.945332
1.944648
1.922439
1.901913
1.948927
1.925132
1.913980
1.901332
1.911171
1.880180
1.913125
1.945716
1.924552
1.947594
1.974264
1.977472
1.924594
1.936129
1.932844
1.979923
1.935891
1.927673
1.934242
1.908305
1.947522
1.947043
1.929760
1.899051
1.932312
1.920340
1.902379
1.917496
1.896433
1.933394
1.904960
1.927516
1.923753
1.883541
1.949722
1.950148
1.906054
1.938287
1.894909
1.911870
1.913251
1.861184
1.877483
1.915970
1.920605
1.943505
1.908845
1.940183
1.919517
1.891807
1.866821
1.936753
1.935316
1.942394
1.880051
1.947088
1.961839
1.921872
1.942318
1.889076
1.926325
1.866262
1.894341
1.870465
1.935727
1.871091
1.877907
1.877622
1.887222
1.867112
1.876288
1.918676
1.893076
1.938473
1.916842
1.936254
1.884165
1.846960
1.865682
1.972907
1.890437
1.907762
1.857628
1.968463
1.898035
1.883301
1.869873
1.870506
1.884234
1.841500
1.937803
1.856787
1.910020
1.886841
1.863628
1.882714
1.863936
1.915705
1.902545
1.874441
1.824029
1.881699
1.919043
1.863565
1.878392
1.840785
1.901710
1.884806
1.933727
1.886211
1.854709
1.890370
1.847706
1.892213
1.859926
1.875161
1.856215
1.839919
1.883821
1.852626
1.904621
1.898118
1.926054
1.883222
1.891575
1.869847
1.852784
1.855928
1.881218
1.909994
1.860445
1.898848
1.893484
1.859609
1.883633
1.912516
1.841794
1.840503
1.856883
1.862527
1.868607
1.860412
1.893419
1.851126
1.893347
1.885940
1.827430
1.808462
1.847431
1.847986
1.855464
1.848397
1.842698
1.834892
1.851655
1.875545
1.866270
1.883621
1.843908
1.884426
1.837130
1.872769
1.872833
1.902179
1.838375
1.835446
1.842910
1.885558
1.869792
1.855277
1.882558
1.864060
1.895659
1.855065
1.863090
1.803615
1.839902
1.820101
1.862388
1.905918
1.806338
1.828235
1.863709
1.869399
1.841961
1.833991
1.850500
1.877639
1.893956
1.875237
1.890003
1.841610
1.866795
1.878260
1.881857
1.859681
1.856779
1.839119
1.826127
1.780422
1.821390
1.838807
1.838385
1.827698
1.840493
1.860387
1.842364
1.861321
1.814579
1.814155
1.842235
1.863172
1.892020
1.817039
1.804659
1.838942
1.848881
1.836488
1.854289
1.845092
1.866798
1.877879
1.826822
1.834763
1.813874
1.880497
1.799471
1.823938
1.825989
1.804354
1.825327
1.828952
1.840663
1.898087
1.825801
1.844909
1.828062
1.798968
1.810394
1.804246
1.844198
1.820831
1.832763
1.811315
1.831398
1.854794
1.817647
1.829122
1.841630
1.817849
1.813549
1.844462
1.849320
1.856367
1.828790
1.839034
1.833664
1.856243
1.838735
1.823762
1.837791
1.867942
1.822573
1.818067
1.837669
1.833641
1.753437
1.822885
1.787684
1.796521
1.843203
1.830103
1.840473
1.836011
1.845675
1.803815
1.866565
1.770626
1.859491
1.816893
1.858509
1.836318
1.795259
1.820955
1.807089
1.813969
1.789481
1.800246
1.789634
1.828412
1.837162
1.798956
1.828028
1.791010
1.867152
1.817254
1.836145
1.756587
1.814207
1.810824
1.808992
1.822648
1.790139
1.754082
1.810090
1.772649
1.812623
1.831470
1.803413
1.776062
1.859444
1.804998
1.849572
1.824688
1.832915
1.799190
1.814369
1.833984
1.775778
1.786462
1.805261
1.816408
1.783137
1.852492
1.777861
1.817840
1.808107
1.877267
1.798472
1.811157
1.824613
1.808137
1.813092
1.813879
1.786933
1.747393
1.797821
1.818100
1.788601
1.784088
1.798134
1.813368
1.803222
1.817094
1.821986
1.795924
1.797369
1.822764
1.757931
1.758746
1.803115
1.821482
1.832577
1.792969
1.769913
1.803265
1.828909
1.772962
1.788303
1.842253
1.758454
1.773020
1.799477
1.789104
1.783956
1.799368
1.790753
1.791519
1.818923
1.774855
1.725855
1.811029
1.792706
1.777944
1.809591
1.779915
1.759313
1.746088
1.794617
1.747219
1.849077
1.828837
1.837404
1.772206
1.764397
1.772849
1.794720
1.775675
1.734875
1.764915
1.730629
1.789323
1.791792
1.772756
1.797356
1.747217
1.792131
1.756472
1.745310
1.765880
1.784899
1.797483
1.781816
1.818969
1.789969
1.748428
1.755121
1.819013
1.794781
1.769149
1.776392
1.752712
1.786689
1.749373
1.737782
1.781304
1.759039
1.746860
1.783881
1.771871
1.737871
1.732436
1.757326
1.776037
1.727385
1.760594
1.757622
1.752685
1.782804
1.774918
1.764625
1.780195
1.764971
1.756805
1.813886
1.783845
1.761333
1.708720
1.742116
1.728370
1.733058
1.774752
1.768153
1.759591
1.766112
1.790927
1.737624
1.745094
1.757496
1.719612
1.740270
1.771394
1.764372
1.766350
1.766610
1.752685
1.790507
1.781867
1.774681
1.724427
1.721418
1.736971
1.739410
1.776991
1.754397
1.754439
1.757913
1.736619
1.772064
1.779934
1.764472
1.784842
1.731213
1.726478
1.760767
1.779250
1.722699
1.751249
1.711873
1.766446
1.751134
1.703243
1.723396
1.758477
1.742259
1.746365
1.749602
1.745995
1.758813
1.756285
1.760978
1.754417
1.763345
1.753822
1.743184
1.753650
1.753669
1.758140
1.735359
1.755842
1.750129
1.786307
1.695812
1.726242
1.722174
1.709652
1.703375
1.748111
1.699512
1.733230
1.728966
1.750274
1.751551
1.767544
1.740335
1.730543
1.720701
1.715556
1.763357
1.762518
1.730815
1.712176
1.691602
1.750331
1.722524
1.761662
1.694083
1.728100
1.728105
1.690006
1.736606
1.710584
1.716384
1.717032
1.769285
1.745877
1.746921
1.696632
1.721744
1.712993
1.720892
1.711286
1.692787
1.744967
1.724920
1.738012
1.688706
1.737990
1.702509
1.734179
1.733114
1.701435
1.730139
1.713818
1.723145
1.704207
1.745388
1.736373
1.765875
1.697335
1.685501
1.721574
1.706927
1.654377
1.729525
1.723826
1.731161
1.703247
1.720608
1.735903
1.741298
1.754536
1.704451
1.757149
1.683263
1.728637
1.705016
1.698410
1.733564
1.701986
1.699417
1.713781
1.715860
1.689133
1.726281
1.687600
1.734338
1.722422
1.721134
1.756092
1.715832
1.679782
1.702935
1.743787
1.730712
1.709791
1.672602
1.724148
1.703591
1.692150
1.732533
1.687635
1.715192
1.705939
1.714694
1.685813
1.677697
1.712482
1.677211
1.690974
1.705035
1.717516
1.685365
1.737668
1.756402
1.681653
1.720183
1.698449
1.660649
1.691427
1.683367
1.695544
1.755697
1.725393
1.723687
1.706433
1.699707
1.699239
1.689342
1.659197
1.721076
1.699244
1.698566
1.721103
1.672610
1.689836
1.698351
1.722502
1.690934
1.745824
1.672116
1.757180
1.702582
1.664134
1.717324
1.697418
1.752771
1.658844
1.687029
1.716168
1.687746
1.711511
1.709179
1.720806
1.701203
1.704028
1.696932
1.706364
1.747985
1.692380
1.709646
1.702581
1.631819
1.694801
1.717535
1.695074
1.690036
1.734949
1.682631
1.680689
1.675201
1.664664
1.704643
1.691395
1.701410
1.682967
1.695293
1.700559
1.668592
1.672488
1.677618
1.707191
1.671437
1.662591
1.715279
1.672464
1.687915
1.663975
1.705373
1.670704
1.665212
1.692438
1.669016
1.695136
1.653827
1.689020
1.689344
1.701724
1.638584
1.683539
1.675001
1.693612
1.722683
1.693635
1.677960
1.658193
1.692135
1.660525
1.649596
1.649096
1.694207
1.715551
1.702136
1.669949
1.683623
1.656101
1.688131
1.676990
1.737942
1.696577
1.686926
1.667774
1.662109
1.692118
1.670577
1.687649
1.686938
1.659371
1.662579
1.663720
1.661975
1.654029
1.648336
1.676651
1.668572
1.690261
1.671237
1.656963
1.693776
1.691447
1.692346
1.651407
1.668573
1.664375
1.659758
1.672543
1.669173
1.665798
1.637032
1.679423
1.673223
1.682236
1.661173
1.703097
1.666880
1.669417
1.683888
1.667566
1.705880
1.682330
1.669262
1.646452
1.645932
1.661597
1.655562
1.670717
1.662885
1.637554
1.645275
1.684758
1.657740
1.682105
1.693588
1.643277
1.639669
1.688221
1.637797
1.670299
1.676421
1.694687
1.667509
1.651153
1.655106
1.662288
1.659735
1.654946
1.650757
1.653077
1.701817
1.646521
1.638019
1.662303
1.663588
1.625326
1.656062
1.656340
1.691637
1.634919
1.702215
1.667110
1.627783
1.699434
1.645516
1.643763
1.626060
1.664710
1.617577
1.659019
1.647988
1.679336
1.684550
1.654660
1.643818
1.623499
1.620292
1.668550
1.633132
1.679203
1.649083
1.646930
1.603648
1.643225
1.659181
1.704447
1.629633
1.655757
1.617106
1.646237
1.647306
1.624276
1.657851
1.628690
1.664738
1.630042
1.611945
1.653935
1.641552
1.654046
1.637843
1.597275
1.611547
1.632168
1.660286
1.643765
1.644422
1.620654
1.650131
1.650382
1.661172
1.635860
1.659480
1.650782
1.661157
1.656048
1.651922
1.650974
1.626976
1.667096
1.629504
1.660076
1.658536
1.637289
1.608661
1.623318
1.639833
1.637081
1.653640
1.615647
1.634221
1.626847
1.598516
1.633959
1.608818
1.615152
1.665752
1.642105
1.625973
1.651099
1.597949
1.625105
1.606192
1.639362
1.604671
1.643405
1.623920
1.619952
1.641928
1.636410
1.619478
1.616910
1.661923
1.622007
1.632220
1.639198
1.620524
1.649911
1.656214
1.632593
1.603193
1.642743
1.636256
1.634506
1.597298
1.628621
1.670982
1.614133
1.597266
1.634091
1.623414
1.635727
1.638710
1.586527
1.643280
1.626939
1.599801
1.643543
1.631963
1.557285
1.628063
1.651244
1.650286
1.624183
1.618260
1.628777
1.615930
1.596765
1.585500
1.596428
1.609669
1.611687
1.637174
1.645977
1.629557
1.615758
1.601449
1.623511
1.597301
1.624140
1.619229
1.614701
1.621634
1.637532
1.602650
1.623457
1.636592
1.599530
1.622128
1.608720
1.627063
1.578967
1.661765
1.601850
1.605046
1.574231
1.621451
1.616551
1.624022
1.626770
1.568300
1.612272
1.582264
1.622895
1.599860
1.617036
1.620181
1.618427
1.591179
1.612362
1.599749
1.587243
1.608457
1.613770
1.601379
1.615547
1.622192
1.617122
1.647132
1.593123
1.608127
1.605383
1.614406
1.629579
1.598906
1.605799
1.651663
1.638246
1.575518
1.583305
1.580729
1.621422
1.615394
1.602690
1.608761
1.601125
1.600342
1.572628
1.588926
1.632002
1.604850
1.591700
1.579242
1.586576
1.618068
1.602692
1.610293
1.582240
1.593872
1.610471
1.587774
1.543232
1.588759
1.638719
1.603241
1.574935
1.598548
1.568983
1.611561
1.572365
1.612121
1.581066
1.615767
1.570187
1.599857
1.565621
1.627420
1.608170
1.607190
1.599225
1.586921
1.603860
1.578859
1.593733
1.611930
1.587076
1.602437
1.613802
1.571536
1.598713
1.614898
1.620241
1.597505
1.611960
1.580137
1.571881
1.579332
1.590442
1.596247
1.616430
1.608167
1.619627
1.594628
1.578268
1.578646
1.587011
1.556784
1.579773
1.588900
1.592561
1.546029
1.609252
1.587079
1.594216
1.580825
1.554719
1.547176
1.549549
1.562373
1.593115
1.574090
1.597684
1.604940
1.614819
1.605455
1.573798
1.578250
1.553773
1.580339
1.555318
1.568237
1.576196
1.560177
1.608414
1.649112
1.590961
1.571027
1.609038
1.640017
1.562773
1.580420
1.554703
1.569520
1.565799
1.552874
1.574482
1.556945
1.571716
1.562364
1.622536
1.573759
1.578169
1.591184
1.575021
1.557725
1.604197
1.545341
1.614493
1.567717
1.558564
1.570555
1.545220
1.541857
1.590780
1.555500
1.556639
1.586278
1.573789
1.569711
1.588258
1.558233
1.600691
1.567836
1.556002
1.562748
1.591621
1.569232
1.565729
1.595088
1.569695
1.567158
1.537218
1.527751
1.560108
1.559492
1.562540
1.547795
1.549703
1.545586
1.550213
1.582796
1.567872
1.551846
1.584744
1.566596
1.596160
1.578150
1.563976
1.541727
1.582752
1.584218
1.587569
1.564907
1.583123
1.555994
1.577532
1.535393
1.566017
1.532588
1.550580
1.557458
1.546636
1.540402
1.557896
1.569681
1.543760
1.548924
1.567249
1.576112
1.539525
1.574493
1.565715
1.554214
1.541668
1.594373
1.556936
1.557840
1.554351
1.543172
1.589406
1.557636
1.569925
1.558103
1.572836
1.539996
1.558325
1.570023
1.555552
1.527435
1.528745
1.543925
1.554765
1.552806
1.555987
1.526958
1.567237
1.508945
1.533379
1.555896
1.556409
1.533033
1.582622
1.521529
1.571081
1.509170
1.564373
1.538667
1.555562
1.556070
1.551841
1.536722
1.542400
1.535844
1.532336
1.532473
1.573491
1.539058
1.535560
1.549212
1.560668
1.547003
1.538763
1.561037
1.536355
1.544479
1.515104
1.552302
1.541444
1.564761
1.564880
1.529056
1.569037
1.492734
1.538978
1.538724
1.558475
1.517567
1.562455
1.556956
1.523724
1.547794
1.523410
1.516633
1.562588
1.543561
1.527745
1.529586
1.581564
1.533258
1.539821
1.553860
1.541195
1.550531
1.541810
1.549262
1.543554
1.529684
1.527717
1.561291
1.572882
1.540750
1.540490
1.541735
1.537521
1.549091
1.546395
1.536928
1.560968
1.533766
1.540659
1.513878
1.528638
1.546803
1.522621
1.540660
1.515443
1.569110
1.508429
1.533220
1.554079
1.515662
1.547596
1.522162
1.558016
1.541388
1.551739
1.511805
1.502757
1.540698
1.532193
1.543523
1.509348
1.540379
1.533755
1.541336
1.514754
1.543593
1.556104
1.523029
1.517856
1.548086
1.498119
1.464572
1.509216
1.521804
1.517578
1.510882
1.532435
1.523364
1.519522
1.540933
1.540105
1.523414
1.514868
1.537063
1.518661
1.532427
1.508125
1.533187
1.528443
1.526305
1.512147
1.534143
1.525116
1.512654
1.521393
1.531751
1.553066
1.530646
1.512050
1.543236
1.526290
1.513300
1.516029
1.513505
1.520719
1.517455
1.522222
1.511849
1.531149
1.509987
1.550102
1.494535
1.517028
1.487149
1.502786
1.526248
1.519095
1.517701
1.533184
1.527918
1.551142
1.545568
1.497194
1.551574
1.519482
1.517345
1.504179
1.504652
1.514277
1.525685
1.511671
1.494142
1.520220
1.534508
1.551924
1.539622
1.507759
1.502808
1.533466
1.500002
1.511484
1.528213
1.527563
1.480410
1.510732
1.514348
1.478816
1.498139
1.482616
1.508024
1.478838
1.483100
1.502711
1.518189
1.519933
1.509114
1.519549
1.534288
1.506966
1.513717
1.495039
1.506115
1.526648
1.507215
1.498571
1.495117
1.526966
1.520821
1.521084
1.516943
1.492016
1.513611
1.500570
1.503437
1.515142
1.511728
1.506277
1.496169
1.491228
1.500977
1.506236
1.485889
1.503445
1.498903
1.476217
1.472731
1.483896
1.523095
1.486870
1.485650
1.487600
1.520840
1.495013
1.495465
1.495176
1.484295
1.491817
1.511792
1.506552
1.497425
1.496027
1.514280
1.519270
1.518432
1.487273
1.498262
1.494651
1.499336
1.497019
1.468461
1.483485
1.504591
1.500631
1.503639
1.496738
1.519082
1.485631
1.505757
1.498321
1.490483
1.523752
1.479346
1.502640
1.464764
1.492514
1.520105
1.522153
1.484995
1.476550
1.502400
1.486142
1.473066
1.471097
1.493166
1.497814
1.496969
1.490259
1.517617
1.472491
1.483851
1.471900
1.490977
1.525466
1.499701
1.472758
1.504558
1.502444
1.488459
1.480811
1.474793
1.528245
1.484148
1.488983
1.495985
1.508919
1.507716
1.513182
1.481989
1.495214
1.501087
1.488416
1.493767
1.491100
1.498433
1.488492
1.483257
1.489167
1.507523
1.463754
1.496804
1.489237
1.466925
1.488633
1.476819
1.490030
1.504739
1.485421
1.461237
1.468693
1.484878
1.497993
1.473670
1.498648
1.430822
1.477706
1.488874
1.470321
1.512907
1.461614
1.482207
1.481174
1.499325
1.499919
1.488430
1.469360
1.442601
1.480619
1.471926
1.500235
1.495797
1.507492
1.476180
1.488931
1.480659
1.486149
1.461050
1.484089
1.445473
1.467102
1.477548
1.465574
1.465085
1.474992
1.480127
1.447230
1.473524
1.473943
1.463426
1.497116
1.479002
1.423383
1.450995
1.464445
1.445395
1.463098
1.457117
1.499097
1.482305
1.460950
1.459362
1.474514
1.464037
1.477689
1.496027
1.463654
1.485033
1.488664
1.488531
1.438181
1.485938
1.453577
1.463300
1.474578
1.472461
1.451236
1.480479
1.470442
1.461069
1.487060
1.482992
1.459588
1.460911
1.489372
1.491371
1.479813
1.493939
1.477214
1.455217
1.470115
1.454409
1.489169
1.497361
1.488361
1.478238
1.450657
1.455074
1.439787
1.461151
1.465710
1.479563
1.472808
1.493139
1.473431
1.470785
1.448607
1.469615
1.467325
1.480241
1.478677
1.451936
1.465341
1.468255
1.467759
1.463672
1.449449
1.476990
1.485547
1.464020
1.433228
1.436939
1.463605
1.460774
1.452346
1.456179
1.496731
1.440328
1.476332
1.465140
1.478178
1.458766
1.450163
1.436053
1.453854
1.483828
1.485446
1.450013
1.453477
1.461588
1.481166
1.480492
1.440820
1.457802
1.486043
1.463774
1.481354
1.430129
1.438357
1.444370
1.433540
1.442825
1.467397
1.476455
1.460347
1.462698
1.482703
1.444506
1.481881
1.467801
1.394434
1.453449
1.455450
1.422443
1.464946
1.435613
1.458971
1.445420
1.443301
1.482350
1.475009
1.452185
1.443805
1.456171
1.443875
1.458545
1.440714
1.471329
1.451700
1.441179
1.431308
1.460497
1.443612
1.471837
1.446897
1.456538
1.439265
1.451802
1.448628
1.435416
1.454732
1.454938
1.459920
1.445395
1.467193
1.443672
1.451355
1.453511
1.466938
1.439866
1.470139
1.443496
1.467732
1.477359
1.434114
1.449475
1.459043
1.445269
1.439957
1.444791
1.460896
1.452993
1.451251
1.457448
1.453066
1.443355
1.467155
1.442165
1.464574
1.449656
1.417715
1.442624
1.433753
1.447985
1.455056
1.471329
1.437068
1.461953
1.444568
1.425725
1.420730
1.446404
1.445897
1.438488
1.468350
1.435341
1.418031
1.445477
1.424007
1.433840
1.450115
1.465854
1.424471
1.441371
1.468154
1.451964
1.433650
1.440750
1.416932
1.423758
1.442750
1.433586
1.450512
1.432389
1.444585
1.426753
1.426064
1.463650
1.429484
1.419183
1.457789
1.440318
1.449103
1.426398
1.448609
1.438279
1.459949
1.437083
1.449019
1.440984
1.413370
1.395218
1.418413
1.428903
1.439135
1.435110
1.469365
1.424201
1.445494
1.443063
1.438526
1.445708
1.442929
1.413838
1.454431
1.431932
1.435986
1.422263
1.447012
1.436729
1.437443
1.407762
1.421466
1.416346
1.435396
1.439079
1.462631
1.435434
1.440509
1.446777
1.454914
1.436182
1.438287
1.451311
1.426937
1.427126
1.439374
1.433106
1.437130
1.427704
1.442364
1.436811
1.405493
1.397481
1.424608
1.400378
1.449496
1.415672
1.407548
1.433403
1.403850
1.429934
1.421719
1.463914
1.401959
1.419647
1.435546
1.423876
1.412115
1.423895
1.424080
1.437660
1.419547
1.411471
1.425164
1.410261
1.405328
1.418895
1.395951
1.431292
1.411552
1.423300
1.431309
1.430967
1.419831
1.394808
1.436690
1.435831
1.388794
1.429956
1.404965
1.443070
1.437741
1.420767
1.388168
1.408709
1.408015
1.423920
1.409262
1.426357
1.429649
1.407531
1.420467
1.403153
1.412981
1.426376
1.423087
1.410377
1.407758
1.415451
1.411094
1.384828
1.406907
1.422933
1.439798
1.434827
1.442185
1.426049
1.409563
1.405897
1.404677
1.447103
1.407660
1.399258
1.434810
1.407148
1.398223
1.404186
1.411165
1.407685
1.375068
1.412214
1.420008
1.412390
1.393172
1.429979
1.413087
1.430143
1.405791
1.417585
1.426018
1.432178
1.400742
1.372526
1.392695
1.403539
1.409274
1.411872
1.423586
1.413598
1.427859
1.381458
1.412556
1.433469
1.417722
1.408227
1.384833
1.394833
1.405970
1.414261
1.420100
1.427960
1.432548
1.426069
1.385563
1.382930
1.415950
1.405605
1.411986
1.435874
1.413008
1.401958
1.412654
1.417452
1.408513
1.388205
1.382602
1.431387
1.395348
1.418264
1.426945
1.392733
1.385756
1.397416
1.414976
1.406732
1.403453
1.397574
1.404993
1.412882
1.423614
1.411839
1.375239
1.417628
1.413694
1.395114
1.421849
1.402524
1.441212
1.376991
1.414660
1.399741
1.407292
1.393341
1.403158
1.374529
1.408281
1.415434
1.416273
1.376096
1.409778
1.397255
1.395352
1.412131
1.398606
1.407504
1.418376
1.404920
1.389094
1.438672
1.412045
1.396480
1.399560
1.380916
1.387320
1.412149
1.419753
1.396936
1.385214
1.384169
1.388824
1.401513
1.396711
1.405240
1.398571
1.386537
1.383247
1.383929
1.408570
1.395774
1.386489
1.398997
1.411219
1.389726
1.391088
1.418423
1.392435
1.376228
1.396514
1.397183
1.409397
1.385338
1.395776
1.396104
1.415566
1.388724
1.393159
1.402507
1.387999
1.391409
1.425160
1.372287
1.376944
1.394933
1.372429
1.393028
1.394375
1.405719
1.402320
1.387505
1.376506
1.390548
1.396317
1.398336
1.386063
1.386560
1.370394
1.399111
1.372959
1.392120
1.419539
1.384246
1.380124
1.414128
1.381463
1.405701
1.395726
1.405658
1.397041
1.423643
1.376917
1.383400
1.411079
1.391188
1.390661
1.390981
1.394178
1.360101
1.380721
1.423215
1.405370
1.399807
1.382865
1.385397
1.379080
1.372736
1.366193
1.406543
1.372343
1.391205
1.402454
1.390656
1.389621
1.395164
1.375997
1.371023
1.374424
1.371159
1.385603
1.380666
1.387251
1.381473
1.404162
1.372244
1.378355
1.375274
1.364660
1.364127
1.405670
1.377572
1.395263
1.397582
1.361120
1.399702
1.365369
1.383872
1.382836
1.357938
1.401402
1.377693
1.385271
1.393306
1.411406
1.361087
1.370794
1.409002
1.387644
1.374971
1.381706
1.371364
1.371341
1.362294
1.391841
1.374661
1.391619
1.380521
1.373236
1.366255
1.380612
1.407415
1.383417
1.353873
1.369196
1.374079
1.380120
1.360115
1.365708
1.359730
1.371251
1.395683
1.403433
1.376065
1.364886
1.396887
1.382196
1.382168
1.384815
1.383115
1.361684
1.382890
1.368240
1.353439
1.380294
1.385943
1.345325
1.392365
1.394156
1.377972
1.374422
1.383761
1.372518
1.352180
1.363700
1.387962
1.394555
1.365982
1.386040
1.387502
1.361510
1.384116
1.399624
1.362273
1.375184
1.363736
1.385449
1.358783
1.374393
1.367660
1.353959
1.398482
1.370924
1.365358
1.377042
1.358223
1.369630
1.332084
1.376414
1.366689
1.354871
1.362262
1.355152
1.365225
1.382027
1.376184
1.363790
1.369785
1.368249
1.379536
1.359132
1.352865
1.358398
1.344675
1.379197
1.365684
1.370658
1.395871
1.372753
1.389733
1.343460
1.348007
1.364953
1.339295
1.355673
1.377482
1.353592
1.353055
1.373567
1.364052
1.369845
1.380565
1.387431
1.374050
1.378804
1.379261
1.376089
1.376217
1.360909
1.356863
1.365171
1.358802
1.373058
1.357397
1.376449
1.327251
1.366949
1.342987
1.377941
1.356856
1.363151
1.342522
1.340464
1.335525
1.371449
1.377338
1.374503
1.349386
1.371790
1.348814
1.335644
1.350754
1.375910
1.364991
1.365615
1.355953
1.359075
1.370284
1.346324
1.376282
1.357099
1.320173
1.369097
1.359807
1.336705
1.359233
1.361347
1.357001
1.345634
1.358085
1.326530
1.350699
1.356975
1.345285
1.363014
1.357355
1.353668
1.331878
1.359882
1.344229
1.341015
1.362401
1.363677
1.321692
1.356171
1.345673
1.347633
1.355390
1.338377
1.370108
1.352622
1.369857
1.358818
1.361903
1.376247
1.337614
1.358981
1.336702
1.346997
1.346127
1.356343
1.361891
1.343349
1.380377
1.349407
1.326336
1.364623
1.344478
1.355840
1.375724
1.338038
1.352749
1.354188
1.336086
1.347009
1.361770
1.382824
1.338093
1.357051
1.343490
1.361710
1.340257
1.340713
1.348115
1.364302
1.338100
1.343032
1.360902
1.326974
1.344888
1.322033
1.342819
1.364744
1.363721
1.335069
1.365090
1.329494
1.372607
1.343673
1.343959
1.354424
1.346999
1.328414
1.329706
1.340110
1.332947
1.346118
1.353447
1.319311
1.312214
1.351509
1.336334
1.357126
1.334592
1.354587
1.337315
1.336940
1.330110
1.330233
1.351577
1.347935
1.351319
1.360377
1.342058
1.331958
1.338514
1.341919
1.326689
1.309944
1.348979
1.364019
1.360091
1.322650
1.336830
1.326215
1.305960
1.346684
1.336974
1.330338
1.333590
1.331732
1.371321
1.317721
1.308486
1.366031
1.329357
1.341137
1.330254
1.351785
1.336407
1.330279
1.355517
1.327384
1.351531
1.333872
1.357247
1.325713
1.329950
1.354186
1.339358
1.348581
1.350797
1.329054
1.334584
1.298699
1.337918
1.336562
1.333733
1.342491
1.320150
1.353395
1.335334
1.323309
1.322767
1.326668
1.301077
1.338017
1.302829
1.345382
1.327900
1.351573
1.322546
1.337060
1.339447
1.322893
1.311122
1.346899
1.337290
1.313300
1.328875
1.333393
1.341136
1.319212
1.332587
1.320758
1.322186
1.314567
1.338065
1.298370
1.346197
1.313052
1.347214
1.313449
1.335963
1.322715
1.349241
1.328981
1.363013
1.338286
1.334833
1.329096
1.341028
1.346925
1.319472
1.334240
1.330132
1.307973
1.333106
1.324441
1.337363
1.319438
1.340476
1.342350
1.346624
1.327701
1.331215
1.338426
1.333855
1.322445
1.337453
1.313844
1.315593
1.327917
1.309586
1.368345
1.327267
1.319737
1.322288
1.319141
1.317458
1.311519
1.315066
1.323803
1.328120
1.317678
1.321528
1.320174
1.315397
1.341502
1.321471
1.310663
1.316159
1.312191
1.330301
1.330082
1.333403
1.323351
1.317457
1.300395
1.345156
1.310942
1.311051
1.320586
1.326507
1.338801
1.337943
1.317607
1.320951
1.321864
1.332427
1.306642
1.335190
1.309144
1.317860
1.334851
1.300970
1.327524
1.300206
1.326442
1.291382
1.306908
1.319988
1.321865
1.320195
1.332175
1.332594
1.317278
1.316412
1.328416
1.319201
1.340087
1.311165
1.295947
1.279061
1.304170
1.304765
1.311687
1.322107
1.317706
1.284707
1.310808
1.316885
1.315214
1.301544
1.321527
1.313909
1.313043
1.319261
1.335475
1.305751
1.305693
1.300437
1.321684
1.328488
1.287515
1.304915
1.309063
1.309811
1.294169
1.315487
1.319115
1.348348
1.342003
1.288489
1.296109
1.329644
1.303298
1.304048
1.304473
1.305060
1.334391
1.323383
1.301486
1.300779
1.299747
1.334067
1.311882
1.307965
1.311759
1.314262
1.329951
1.304823
1.330770
1.308723
1.337886
1.299900
1.305002
1.288581
1.318169
1.316671
1.319952
1.318615
1.321095
1.307142
1.308363
1.327078
1.310160
1.315844
1.309874
1.288361
1.308148
1.313676
1.287207
1.313230
1.313963
1.323894
1.308889
1.309464
1.301391
1.316821
1.307836
1.291045
1.308666
1.290600
1.318872
1.314207
1.288635
1.311692
1.307324
1.310607
1.289523
1.306493
1.274109
1.295146
1.324836
1.314029
1.315389
1.313580
1.328960
1.293803
1.294384
1.285932
1.277102
1.307149
1.296539
1.291815
1.294485
1.296507
1.315854
1.296219
1.314930
1.304874
1.295225
1.280653
1.302447
1.303656
1.319723
1.300656
1.301547
1.284968
1.301734
1.309605
1.287677
1.324102
1.316502
1.291500
1.283394
1.297926
1.303588
1.310486
1.299798
1.311139
1.295522
1.295935
1.300963
1.294686
1.287578
1.298695
1.295603
1.313581
1.310522
1.319713
1.303595
1.307635
1.296636
1.306709
1.296184
1.286698
1.275855
1.305329
1.300200
1.298070
1.294984
1.309935
1.307978
1.294623
1.293601
1.284597
1.281324
1.291011
1.267803
1.290717
1.293036
1.285797
1.301135
1.296797
1.274205
1.283451
1.312012
1.292241
1.292490
1.296225
1.293939
1.292919
1.292691
1.308852
1.302660
1.287561
1.314417
1.300560
1.307869
1.291257
1.283238
1.281574
1.294531
1.273433
1.294391
1.305488
1.296145
1.284671
1.286827
1.274635
1.287006
1.306308
1.299969
1.281871
1.317448
1.272787
1.285320
1.290002
1.285022
1.310714
1.301119
1.293507
1.297525
1.292577
1.263179
1.313686
1.290156
1.306078
1.278923
1.284568
1.278307
1.304538
1.312854
1.289972
1.292419
1.298622
1.302611
1.311860
1.290716
1.279425
1.308691
1.293955
1.282066
1.304118
1.297025
1.278050
1.266185
1.273937
1.303279
1.278718
1.292201
1.278576
1.304999
1.270171
1.291282
1.306324
1.256989
1.272119
1.269342
1.289034
1.275399
1.268335
1.285516
1.271376
1.287255
1.278364
1.291494
1.289229
1.269908
1.283118
1.295253
1.270489
1.286666
1.285651
1.278028
1.276377
1.289812
1.280802
1.265220
1.275770
1.298229
1.290375
1.280906
1.300788
1.297614
1.293967
1.281239
1.293194
1.284538
1.266498
1.280942
1.276153
1.285959
1.280091
1.294369
1.299710
1.266467
1.279166
1.264736
1.261805
1.283013
1.286527
1.281768
1.286843
1.286767
1.301708
1.287704
1.292441
1.277402
1.267415
1.255121
1.273097
1.299774
1.300157
1.280236
1.263336
1.295454
1.278915
1.282428
1.269511
1.285698
1.295217
1.276503
1.273138
1.287406
1.266701
1.296210
1.283138
1.270721
1.279092
1.265697
1.266252
1.288796
1.273633
1.283528
1.276292
1.267448
1.292877
1.282752
1.265964
1.275596
1.279412
1.278868
1.285459
1.261495
1.287311
1.296309
1.288850
1.270765
1.297599
1.295068
1.240330
1.279021
1.297583
1.289218
1.276457
1.282270
1.256257
1.289667
1.263030
1.256188
1.282184
1.263898
1.299366
1.266405
1.273499
1.268749
1.262887
1.266408
1.278458
1.263438
1.274891
1.268594
1.261484
1.290066
1.249525
1.263756
1.273487
1.264225
1.272243
1.294924
1.294690
1.268744
1.272391
1.268275
1.263523
1.282649
1.261336
1.258442
1.280099
1.255151
1.277781
1.272449
1.274843
1.274763
1.264762
1.282911
1.249265
1.283208
1.285117
1.270726
1.273427
1.270875
1.265060
1.289286
1.268468
1.249827
1.278177
1.251555
1.268611
1.275934
1.270150
1.258744
1.256638
1.273146
1.254449
1.277594
1.287748
1.277583
1.267804
1.268804
1.243154
1.275413
1.275945
1.265699
1.290874
1.274163
1.268543
1.280123
1.278206
1.254818
1.266674
1.219436
1.236542
1.285563
1.250051
1.258223
1.269879
1.265948
1.258911
1.272241
1.289367
1.274372
1.273065
1.248240
1.251902
1.238205
1.255781
1.270351
1.274553
1.253675
1.250173
1.289636
1.255604
1.275965
1.241261
1.274577
1.254813
1.267832
1.262679
1.261981
1.245471
1.255797
1.255870
1.269475
1.253849
1.256705
1.270904
1.245529
1.264767
1.238495
1.243571
1.230639
1.260595
1.271990
1.268702
1.266631
1.261029
1.270127
1.238865
1.274066
1.248198
1.232672
1.258838
1.263968
1.267855
1.259047
1.249871
1.236418
1.254644
1.237505
1.256785
1.262833
1.260146
1.269221
1.243323
1.258667
1.235842
1.273279
1.270463
1.263223
1.244068
1.242590
1.267993
1.257684
1.254225
1.264236
1.252673
1.257345
1.244642
1.252267
1.234852
1.247943
1.261045
1.255151
1.267414
1.252835
1.234980
1.235831
1.259921
1.235355
1.270225
1.244018
1.259272
1.259339
1.247771
1.249530
1.256183
1.244901
1.271186
1.256688
1.244955
1.244870
1.249395
1.235277
1.264767
1.257999
1.237813
1.233857
1.228176
1.232913
1.265452
1.245251
1.248387
1.243544
1.249899
1.238907
1.245284
1.245812
1.258086
1.251911
1.240794
1.257672
1.249209
1.248817
1.241375
1.235744
1.235505
1.260178
1.251740
1.266340
1.269708
1.261035
1.244369
1.246883
1.250456
1.237666
1.259989
1.233797
1.251629
1.228836
1.251301
1.235612
1.265182
1.246166
1.241801
1.231108
1.244226
1.241081
1.249384
1.262000
1.242656
1.243180
1.264736
1.242700
1.277097
1.227010
1.236624
1.253140
1.226444
1.220782
1.241630
1.247632
1.255415
1.238006
1.247974
1.251673
1.247797
1.242998
1.248378
1.254186
1.244406
1.239293
1.252560
1.252772
1.241011
1.253799
1.239311
1.252715
1.235624
1.223404
1.235143
1.221378
1.234815
1.245832
1.226514
1.240495
1.241774
1.242140
1.244174
1.249376
1.237465
1.240114
1.246086
1.234151
1.231772
1.227244
1.237237
1.231813
1.235995
1.248023
1.246274
1.235271
1.230761
1.243587
1.235005
1.226519
1.233000
1.212015
1.230382
1.235167
1.248683
1.250244
1.249853
1.231920
1.256706
1.232046
1.224782
1.225612
1.222461
1.242294
1.228553
1.240755
1.265033
1.213870
1.214091
1.233734
1.224508
1.234161
1.230275
1.234133
1.227965
1.239848
1.218616
1.234529
1.220278
1.214664
1.255120
1.234167
1.240717
1.248726
1.220357
1.254358
1.233109
1.248058
1.221375
1.242631
1.232595
1.240645
1.207663
1.241062
1.217323
1.235613
1.236426
1.239493
1.221547
1.226475
1.232742
1.233406
1.217066
1.235333
1.201816
1.242354
1.216860
1.249777
1.230502
1.222684
1.233485
1.218851
1.245587
1.218975
1.232214
1.217118
1.231578
1.213732
1.237705
1.243145
1.226382
1.215661
1.237334
1.248425
1.223746
1.233907
1.230808
1.220896
1.213045
1.233236
1.230288
1.242767
1.211309
1.228054
1.243378
1.225156
1.215215
1.216796
1.216249
1.211133
1.222732
1.236460
1.229627
1.231485
1.216915
1.216216
1.221122
1.223143
1.226966
1.212812
1.231581
1.238652
1.230345
1.218813
1.210529
1.238870
1.210346
1.217386
1.235609
1.236260
1.211500
1.213230
1.217226
1.223465
1.216739
1.224481
1.223035
1.216008
1.224951
1.218389
1.239970
1.212763
1.235327
1.232405
1.229476
1.224595
1.214267
1.246094
1.222814
1.214743
1.219171
1.209565
1.215671
1.199947
1.222550
1.212826
1.224009
1.211128
1.237214
1.210186
1.218234
1.231737
1.226878
1.233772
1.217558
1.214456
1.228733
1.209139
1.224668
1.218139
1.214890
1.219899
1.232910
1.218961
1.219914
1.213819
1.224802
1.195909
1.217289
1.236966
1.220990
1.209792
1.223634
1.238053
1.224932
1.213477
1.210376
1.238253
1.238891
1.225346
1.190891
1.226045
1.220742
1.213171
1.222934
1.210279
1.204159
1.225765
1.219722
1.215745
1.217293
1.194446
1.231052
1.215663
1.214072
1.220688
1.216720
1.230861
1.235032
1.212399
1.229537
1.205306
1.208817
1.224369
1.206525
1.226099
1.223338
1.241032
1.222552
1.214131
1.204603
1.228319
1.227780
1.201007
1.207523
1.209075
1.217328
1.201983
1.216689
1.204947
1.208596
1.226754
1.217639
1.203815
1.216257
1.206321
1.207572
1.213589
1.212600
1.227148
1.229693
1.199146
1.225088
1.210330
1.223125
1.217414
1.210934
1.230323
1.190938
1.220128
1.208611
1.204186
1.200046
1.221064
1.205092
1.230263
1.220033
1.196714
1.202615
1.204012
1.221260
1.224689
1.192172
1.226691
1.219689
1.219591
1.216544
1.193952
1.176438
1.212259
1.192461
1.204789
1.196924
1.205190
1.218410
1.219341
1.205493
1.212363
1.201426
1.199837
1.228070
1.211527
1.219824
1.199150
1.209753
1.192371
1.212069
1.190977
1.180169
1.206894
1.208572
1.189088
1.197380
1.200711
1.209361
1.206157
1.207686
1.202401
1.203046
1.199976
1.192418
1.218523
1.194317
1.236057
1.189333
1.182922
1.225757
1.216313
1.208127
1.207143
1.201867
1.188054
1.224281
1.205271
1.194340
1.201819
1.210280
1.204580
1.202411
1.221102
1.223475
1.212278
1.213205
1.209289
1.213151
1.203935
1.209431
1.193661
1.215530
1.216598
1.194258
1.199943
1.200878
1.189944
1.219300
1.215119
1.208139
1.201859
1.192876
1.199150
1.191638
1.198656
1.201804
1.185530
1.192284
1.201505
1.201110
1.212013
1.188022
1.217928
1.202331
1.199580
1.199185
1.211846
1.198396
1.189265
1.183207
1.218712
1.211924
1.190354
1.222169
1.183014
1.198334
1.208355
1.203864
1.206107
1.175939
1.216099
1.197292
1.196161
1.202967
1.197433
1.202766
1.191184
1.207826
1.202171
1.196785
1.214355
1.198935
1.211103
1.204445
1.206533
1.198973
1.188707
1.197744
1.202478
1.191066
1.191556
1.183762
1.202073
1.200802
1.213504
1.182770
1.197423
1.193651
1.209907
1.195066
1.206071
1.211194
1.175973
1.184639
1.200271
1.191080
1.209813
1.195578
1.197234
1.193469
1.192340
1.185168
1.213245
1.186886
1.192816
1.184027
1.197152
1.198073
1.195926
1.199182
1.182342
1.187994
1.187893
1.196440
1.197068
1.196674
1.211944
1.202874
1.201029
1.192759
1.196747
1.203044
1.201345
1.200952
1.183588
1.182750
1.187357
1.207779
1.199131
1.199755
1.197181
1.177271
1.193625
1.182088
1.176673
1.193755
1.217901
1.193551
1.194031
1.191449
1.204125
1.176705
1.182941
1.184308
1.189477
1.191710
1.198730
1.175360
1.183652
1.176634
1.191780
1.204283
1.183390
1.214836
1.199062
1.189226
1.188540
1.173313
1.191685
1.180181
1.186816
1.178214
1.202564
1.178157
1.168756
1.173682
1.186929
1.199448
1.194428
1.165284
1.201587
1.169823
1.200946
1.189848
1.182018
1.177666
1.196636
1.172166
1.171769
1.179163
1.191301
1.202308
1.182219
1.193162
1.177771
1.201889
1.179615
1.164351
1.180286
1.187902
1.201509
1.169411
1.188027
1.172298
1.182877
1.173268
1.191376
1.199340
1.180277
1.181632
1.194855
1.179821
1.169906
1.173034
1.217259
1.179408
1.191200
1.187192
1.179098
1.192473
1.197688
1.194711
1.182321
1.201096
1.188054
1.203741
1.175352
1.191347
1.198852
1.180577
1.196636
1.161179
1.175752
1.181177
1.185997
1.182129
1.188819
1.187416
1.180221
1.174735
1.169518
1.178456
1.174423
1.171547
1.188123
1.182822
1.176482
1.176669
1.187271
1.172238
1.181576
1.174652
1.172510
1.191487
1.185488
1.170302
1.196177
1.172281
1.192820
1.163009
1.175022
1.169678
1.179306
1.181513
1.174749
1.183178
1.177005
1.186133
1.176651
1.179727
1.179478
1.182114
1.173332
1.206286
1.162041
1.182988
1.182594
1.180761
1.183821
1.189879
1.187626
1.176588
1.185981
1.166219
1.197748
1.175010
1.173313
1.171469
1.185918
1.183519
1.177227
1.177987
1.169784
1.189817
1.181553
1.193447
1.190352
1.192096
1.180842
1.157830
1.169089
1.146441
1.177687
1.168048
1.187502
1.168563
1.184290
1.169511
1.178345
1.177233
1.171363
1.184614
1.169707
1.156222
1.168194
1.178319
1.169573
1.164109
1.172393
1.188745
1.184367
1.177825
1.183867
1.167099
1.166270
1.176682
1.165334
1.161894
1.178941
1.179120
1.163028
1.174321
1.190043
1.174682
1.180015
1.170301
1.187912
1.171240
1.175869
1.183328
1.158344
1.174976
1.183006
1.190413
1.160535
1.169813
1.160903
1.173475
1.170499
1.173261
1.169711
1.180046
1.177943
1.156681
1.188376
1.175480
1.178512
1.163639
1.158183
1.173479
1.173515
1.173265
1.183124
1.163721
1.161307
1.176974
1.184108
1.159399
1.168936
1.177398
1.180700
1.173192
1.162762
1.188996
1.191560
1.171620
1.172654
1.173830
1.169010
1.186935
1.180894
1.179227
1.170153
1.175035
1.161192
1.171400
1.156509
1.175598
1.167936
1.159362
1.169149
1.158428
1.164643
1.176794
1.158683
1.168040
1.175050
1.170534
1.185007
1.162888
1.160772
1.159803
1.153935
1.161311
1.170347
1.149855
1.144523
1.156571
1.167351
1.152465
1.151636
1.175124
1.173316
1.157797
1.169408
1.161310
1.159626
1.167233
1.170395
1.173264
1.172730
1.174603
1.173221
1.169426
1.178791
1.173319
1.151221
1.155860
1.166042
1.162371
1.157975
1.173089
1.155178
1.143968
1.170074
1.187118
1.142197
1.154640
1.171337
1.162429
1.156895
1.166335
1.182854
1.172627
1.158178
1.148747
1.151516
1.162841
1.166566
1.174930
1.169038
1.146805
1.159451
1.152339
1.160516
1.179184
1.149001
1.158766
1.152515
1.168619
1.156301
1.151187
1.157510
1.151974
1.160992
1.166550
1.157645
1.158533
1.152004
1.164982
1.169107
1.169702
1.171000
1.177761
1.153354
1.162344
1.160676
1.161842
1.159181
1.158646
1.163212
1.159137
1.153910
1.153801
1.155543
1.164783
1.163262
1.168366
1.165159
1.143134
1.148615
1.158044
1.160059
1.170233
1.160406
1.163826
1.162306
1.156395
1.160956
1.152056
1.164403
1.168088
1.136690
1.165620
1.149089
1.165119
1.154559
1.136869
1.149365
1.157770
1.180341
1.153018
1.145791
1.182638
1.146287
1.163313
1.148064
1.139091
1.151825
1.164557
1.160088
1.153056
1.151245
1.150284
1.148469
1.156153
1.167704
1.158330
1.145470
1.170860
1.161376
1.155210
1.151281
1.162448
1.158262
1.143279
1.160010
1.151440
1.155144
1.158132
1.155628
1.149725
1.138801
1.147379
1.154341
1.142611
1.148609
1.153023
1.150511
1.153648
1.150574
1.144087
1.154444
1.156162
1.145461
1.154956
1.135697
1.152764
1.163311
1.169326
1.147491
1.149360
1.156990
1.165542
1.151708
1.120036
1.165347
1.156014
1.174410
1.143809
1.162254
1.158931
1.147438
1.143651
1.159016
1.156247
1.159492
1.143493
1.147763
1.150047
1.146836
1.156839
1.135842
1.148899
1.150617
1.146987
1.163529
1.153231
1.144962
1.167492
1.144741
1.137695
1.142825
1.144691
1.146694
1.156256
1.153489
1.149173
1.149623
1.163599
1.134855
1.142958
1.148757
1.141324
1.144598
1.130033
1.126495
1.131095
1.148089
1.142070
1.142664
1.144243
1.131682
1.155221
1.143628
1.135043
1.160998
1.132125
1.160912
1.151062
1.150810
1.138480
1.140344
1.115873
1.137582
1.148154
1.145522
1.143024
1.135018
1.144766
1.133947
1.144823
1.124916
1.134604
1.134635
1.146477
1.133847
1.146113
1.139830
1.139297
1.148014
1.149297
1.141772
1.146281
1.129702
1.128315
1.141325
1.150016
1.145861
1.148120
1.141719
1.143428
1.157774
1.144741
1.144070
1.139758
1.146638
1.134615
1.148780
1.137205
1.145492
1.147051
1.129966
1.142642
1.137208
1.150216
1.147881
1.145820
1.137322
1.139732
1.140180
1.135021
1.137295
1.118526
1.145033
1.135416
1.130381
1.145669
1.153869
1.136230
1.133311
1.129259
1.135473
1.155922
1.126242
1.143516
1.148124
1.127319
1.143039
1.140419
1.136256
1.141170
1.137011
1.140805
1.145696
1.135135
1.145054
1.143553
1.129047
1.136782
1.152342
1.126881
1.143266
1.146618
1.142346
1.120504
1.135436
1.133367
1.134932
1.144416
1.139862
1.142110
1.137689
1.142162
1.123312
1.140270
1.136541
1.137820
1.140625
1.142868
1.133301
1.140424
1.126214
1.127645
1.141887
1.139556
1.144150
1.156130
1.125540
1.127952
1.157563
1.134430
1.126353
1.116241
1.132140
1.133142
1.126183
1.136115
1.144719
1.135333
1.158327
1.127999
1.124105
1.124413
1.136294
1.125169
1.137592
1.139693
1.151269
1.127236
1.115325
1.144341
1.126059
1.139149
1.134328
1.117583
1.135765
1.135928
1.137060
1.140537
1.137110
1.128252
1.126326
1.140082
1.136102
1.148231
1.130051
1.112992
1.124949
1.142013
1.142449
1.112683
1.133116
1.138115
1.122455
1.130835
1.124323
1.141238
1.119624
1.124680
1.131376
1.116060
1.148197
1.123948
1.133550
1.109838
1.129169
1.126278
1.120870
1.120198
1.118127
1.128600
1.136224
1.129481
1.124510
1.125648
1.116608
1.136753
1.122386
1.136112
1.137784
1.143833
1.130393
1.117075
1.116542
1.126037
1.123425
1.125255
1.113429
1.127659
1.140340
1.133364
1.118846
1.138627
1.145883
1.120037
1.114343
1.118417
1.147461
1.122917
1.106312
1.130293
1.147950
1.127029
1.118179
1.136429
1.142051
1.119923
1.128941
1.115102
1.133525
1.126805
1.136720
1.121044
1.120930
1.138834
1.128026
1.124877
1.121720
1.132355
1.133200
1.135002
1.126512
1.115181
1.126972
1.144211
1.123986
1.126904
1.139789
1.124194
1.125320
1.134125
1.126193
1.130062
1.122794
1.116453
1.134643
1.117056
1.115694
1.127864
1.132679
1.116738
1.108417
1.130146
1.121649
1.123463
1.105446
1.129959
1.128064
1.114021
1.112796
1.119467
1.127604
1.118271
1.135973
1.118318
1.133428
1.127439
1.126091
1.122406
1.116087
1.114727
1.128232
1.131530
1.119217
1.113300
1.107910
1.126425
1.116137
1.108818
1.125121
1.109145
1.131852
1.099572
1.115310
1.112154
1.124566
1.131682
1.119810
1.129001
1.124516
1.135969
1.124969
1.134789
1.124191
1.111422
1.117514
1.120147
1.094357
1.107778
1.110849
1.129247
1.113381
1.122332
1.117968
1.135022
1.119658
1.131811
1.120523
1.121366
1.119607
1.124140
1.134614
1.111565
1.118187
1.118482
1.109425
1.116057
1.108643
1.118979
1.122007
1.102897
1.099863
1.134011
1.110988
1.117054
1.115019
1.125419
1.121218
1.101007
1.119759
1.129161
1.146243
1.116130
1.130976
1.108618
1.106158
1.123716
1.139258
1.118034
1.137951
1.120258
1.113446
1.101341
1.124669
1.121020
1.112024
1.109437
1.119038
1.117422
1.098872
1.123856
1.119664
1.109705
1.102842
1.107413
1.118247
1.121395
1.112554
1.104059
1.105597
1.111796
1.134308
1.109373
1.108297
1.116658
1.124008
1.121182
1.116854
1.114149
1.114169
1.119089
1.102559
1.103821
1.123211
1.121336
1.094771
1.111583
1.126255
1.132723
1.120483
1.109343
1.088101
1.123918
1.109815
1.104495
1.095973
1.127492
1.113034
1.122273
1.128216
1.112549
1.114745
1.105625
1.114241
1.102788
1.128588
1.113212
1.119467
1.127298
1.117611
1.095208
1.119946
1.112242
1.110901
1.118515
1.109988
1.121521
1.107438
1.111136
1.101324
1.115651
1.098070
1.121089
1.107014
1.097448
1.105143
1.120756
1.089787
1.109699
1.121616
1.119615
1.102396
1.104330
1.114810
1.114964
1.095760
1.108631
1.089737
1.118813
1.113028
1.117637
1.111034
1.101118
1.105095
1.110548
1.102135
1.100242
1.096840
1.115892
1.101669
1.102917
1.109596
1.123079
1.118402
1.115728
1.106280
1.105484
1.081883
1.093091
1.118504
1.116909
1.107886
1.109664
1.114540
1.105637
1.109448
1.111493
1.103929
1.107880
1.093871
1.107105
1.116022
1.085959
1.106483
1.111230
1.111652
1.101927
1.114647
1.113723
1.110510
1.111201
1.107171
1.112582
1.105990
1.099497
1.093104
1.106720
1.097104
1.078433
1.084261
1.098116
1.097455
1.111543
1.101163
1.095197
1.114143
1.097959
1.088967
1.102610
1.101274
1.087795
1.106448
1.099160
1.110251
1.119365
1.092822
1.119795
1.114606
1.099272
1.104970
1.097953
1.092939
1.105966
1.102611
1.098027
1.101431
1.101448
1.097947
1.111036
1.107833
1.104353
1.111085
1.093423
1.088262
1.118868
1.102553
1.108755
1.103935
1.095981
1.089881
1.104121
1.119237
1.115929
1.112078
1.120341
1.095025
1.101530
1.107862
1.092502
1.104810
1.123467
1.089022
1.100151
1.097740
1.109579
1.099125
1.102643
1.106818
1.098772
1.083857
1.105259
1.096260
1.099515
1.107582
1.102373
1.104669
1.096348
1.105371
1.106190
1.094510
1.092228
1.089127
1.099281
1.102654
1.090945
1.091911
1.085550
1.082297
1.112737
1.102081
1.105710
1.096337
1.099850
1.082822
1.099882
1.104184
1.082880
1.086299
1.099277
1.101304
1.090014
1.087051
1.111478
1.099894
1.117194
1.095765
1.098065
1.105169
1.101312
1.099454
1.103481
1.103496
1.115848
1.081431
1.092417
1.089601
1.090563
1.087879
1.088438
1.098541
1.080881
1.091861
1.086480
1.120198
1.098085
1.083282
1.097313
1.082911
1.099350
1.097092
1.098579
1.100731
1.085438
1.096084
1.088712
1.101590
1.100805
1.105208
1.090260
1.089066
1.079482
1.095540
1.099029
1.071908
1.091836
1.094532
1.094816
1.098704
1.081524
1.094327
1.089650
1.097297
1.098644
1.082018
1.095340
1.099753
1.104413
1.066021
1.087227
1.094347
1.097963
1.090766
1.098391
1.100798
1.091348
1.084786
1.097385
1.110626
1.081735
1.095298
1.084195
1.078002
1.090669
1.092957
1.088692
1.087367
1.097661
1.086997
1.092898
1.092379
1.091994
1.086792
1.086405
1.095502
1.094452
1.090333
1.072166
1.094096
1.096237
1.089191
1.087334
1.088018
1.099474
1.095776
1.081897
1.074901
1.087827
1.085969
1.092790
1.087338
1.095741
1.089904
1.080682
1.089267
1.098047
1.087295
1.085706
1.078342
1.095983
1.093610
1.104582
1.107481
1.061338
1.088880
1.094739
1.083033
1.078891
1.091066
1.079326
1.102326
1.076938
1.094039
1.071576
1.083155
1.082100
1.082116
1.092517
1.093722
1.087099
1.087778
1.091511
1.094304
1.083958
1.091021
1.086652
1.081464
1.086547
1.081628
1.085910
1.073073
1.093100
1.097861
1.081836
1.075961
1.087457
1.093693
1.081761
1.077096
1.085254
1.090838
1.103083
1.083034
1.091670
1.102201
1.085869
1.078422
1.084435
1.081521
1.106563
1.099388
1.082496
1.076238
1.092985
1.091547
1.080822
1.071472
1.089341
1.066522
1.062753
1.080094
1.090844
1.087819
1.085582
1.095223
1.085344
1.074174
1.067746
1.082732
1.090021
1.092272
1.079717
1.088212
1.093885
1.076563
1.089041
1.082708
1.085898
1.096695
1.074099
1.082231
1.079856
1.081993
1.080282
1.091125
1.073386
1.073934
1.075016
1.065120
1.079434
1.078252
1.068926
1.080933
1.075367
1.080827
1.074197
1.075543
1.090490
1.075970
1.076914
1.088292
1.070948
1.087658
1.088853
1.075653
1.069269
1.076079
1.090080
1.087467
1.086953
1.076399
1.074154
1.080399
1.071120
1.082405
1.071281
1.092536
1.072109
1.074117
1.092568
1.081424
1.072430
1.078014
1.082910
1.081209
1.074477
1.081234
1.067050
1.086910
1.073867
1.083257
1.067775
1.071650
1.072858
1.072872
1.072620
1.082408
1.070521
1.089637
1.079811
1.070695
1.074421
1.074964
1.066877
1.079081
1.076587
1.071306
1.085943
1.070935
1.071213
1.074933
1.077453
1.063937
1.076422
1.080778
1.064646
1.083293
1.076867
1.073183
1.081360
1.072547
1.095974
1.082050
1.082585
1.070216
1.074723
1.089014
1.074615
1.074759
1.065904
1.067643
1.070041
1.052710
1.056619
1.074436
1.070357
1.073010
1.068662
1.082094
1.081974
1.073190
1.067786
1.075715
1.078876
1.064111
1.087640
1.085569
1.082581
1.079455
1.053639
1.067900
1.078048
1.084197
1.072950
1.077688
1.066376
1.083326
1.077589
1.068132
1.068541
1.063790
1.066848
1.077251
1.071488
1.072289
1.071643
1.074150
1.061494
1.060179
1.068134
1.083594
1.067763
1.079708
1.068973
1.084671
1.069128
1.077923
1.044655
1.067319
1.062179
1.074566
1.051961
1.079027
1.085273
1.078005
1.073966
1.084912
1.080899
1.071772
1.086750
1.077283
1.073245
1.063398
1.077053
1.084725
1.077594
1.063183
1.082809
1.061226
1.064010
1.070854
1.078304
1.063518
1.073110
1.071682
1.065660
1.046698
1.069096
1.049667
1.094497
1.068736
1.074236
1.070328
1.066014
1.066813
1.052959
1.070763
1.060927
1.058695
1.066737
1.079131
1.056352
1.064670
1.060339
1.078908
1.055342
1.072952
1.078935
1.069842
1.060673
1.073511
1.072089
1.074181
1.076138
1.047755
1.084167
1.066919
1.061554
1.067593
1.064725
1.070875
1.068538
1.078808
1.065684
1.072865
1.064135
1.057709
1.076135
1.071083
1.047156
1.060386
1.070981
1.058173
1.069179
1.077489
1.062146
1.056244
1.066481
1.062702
1.065196
1.062068
1.064956
1.067313
1.070964
1.061194
1.073575
1.062001
1.064886
1.067502
1.071797
1.052321
1.062314
1.064153
1.084068
1.052631
1.077017
1.055025
1.071997
1.057937
1.058996
1.072928
1.053766
1.062296
1.078239
1.061402
1.059321
1.068838
1.068069
1.072608
1.054644
1.064849
1.054141
1.065908
1.067215
1.062023
1.078586
1.052356
1.056305
1.067260
1.065323
1.062082
1.057263
1.076969
1.036683
1.060557
1.061479
1.057967
1.083019
1.072771
1.066062
1.068271
1.059452
1.061545
1.065967
1.052815
1.048886
1.061583
1.063410
1.060431
1.072856
1.056410
1.049347
1.054993
1.060868
1.050561
1.071359
1.058685
1.057131
1.066096
1.067783
1.062489
1.059642
1.076540
1.061089
1.052108
1.067315
1.072469
1.077979
1.045590
1.066960
1.055953
1.054790
1.066726
1.065057
1.054298
1.057432
1.060815
1.058360
1.045437
1.060193
1.057997
1.054495
1.046137
1.071692
1.051264
1.063090
1.067736
1.056372
1.071855
1.043980
1.059382
1.052376
1.048600
1.054998
1.065095
1.051111
1.053205
1.063573
1.045126
1.051150
1.056748
1.074877
1.062581
1.060267
1.058336
1.060154
1.061452
1.062878
1.057335
1.056308
1.061613
1.054381
1.044092
1.072911
1.058936
1.063710
1.048314
1.048715
1.048464
1.060394
1.073717
1.090762
1.057709
1.041717
1.048390
1.059024
1.051529
1.051019
1.056596
1.054277
1.043882
1.050405
1.058563
1.056636
1.047312
1.057297
1.064500
1.058472
1.047739
1.057328
1.045023
1.063382
1.070155
1.049603
1.058396
1.063537
1.064311
1.049508
1.058555
1.061002
1.059597
1.052261
1.057556
1.054343
1.058856
1.045684
1.047511
1.051922
1.064899
1.055292
1.062357
1.031744
1.064924
1.045755
1.045504
1.049661
1.040446
1.054322
1.054716
1.039953
1.060888
1.049451
1.041154
1.052823
1.055789
1.042224
1.049750
1.055682
1.038212
1.059668
1.053776
1.057761
1.042547
1.047481
1.050716
1.038800
1.055104
1.050095
1.046875
1.051656
1.042617
1.054369
1.049489
1.039265
1.059253
1.046415
1.046681
1.047077
1.047214
1.037367
1.049550
1.060316
1.025080
1.052014
1.054330
1.051001
1.058944
1.059459
1.049609
1.052698
1.053473
1.063297
1.054511
1.045911
1.045532
1.052098
1.046450
1.053008
1.056210
1.057109
1.060552
1.061066
1.058783
1.057643
1.051774
1.031611
1.041106
1.042794
1.037885
1.037374
1.041526
1.030755
1.064416
1.046961
1.056433
1.052357
1.052491
1.056832
1.045712
1.047645
1.044440
1.063067
1.043296
1.036456
1.045883
1.041128
1.040103
1.044619
1.047194
1.069525
1.034570
1.044648
1.046708
1.059836
1.041325
1.042491
1.043655
1.043919
1.030742
1.042005
1.046249
1.043305
1.043826
1.064551
1.032094
1.042948
1.054958
1.046679
1.042327
1.043489
1.040927
1.057645
1.051686
1.033725
1.057280
1.042761
1.023084
1.043928
1.049938
1.047138
1.035719
1.054021
1.023924
1.040505
1.031743
1.044236
1.040911
1.069274
1.048722
1.046050
1.054573
1.051662
1.040054
1.044031
1.043398
1.048379
1.055360
1.058898
1.046359
1.037277
1.052596
1.029421
1.059548
1.067322
1.048556
1.038859
1.049837
1.049207
1.050228
1.058065
1.049984
1.027948
1.032737
1.030034
1.049370
1.047090
1.026564
1.038426
1.032910
1.039975
1.047371
1.041648
1.048777
1.050808
1.025593
1.041672
1.038356
1.041811
1.051463
1.045259
1.040298
1.037748
1.049964
1.040954
1.037511
1.034699
1.033037
1.053393
1.034719
1.036775
1.048104
1.049121
1.054923
1.035520
1.044322
1.042422
1.053052
1.035546
1.051801
1.033894
1.038885
1.047650
1.039024
1.038520
1.039799
1.046150
1.046535
1.046918
1.062479
1.024575
1.049834
1.056369
1.037297
1.050727
1.032326
1.036549
1.041770
1.032345
1.030173
1.035552
1.038615
1.051135
1.043953
1.028410
1.046488
1.040293
1.037757
1.037508
1.041196
1.032675
1.033703
1.032048
1.034097
1.027579
1.034491
1.042242
1.036539
1.037942
1.032473
1.015882
1.050449
1.030192
1.038729
1.040634
1.039879
1.032514
1.036338
1.033545
1.031511
1.046588
1.051859
1.027567
1.039031
1.037516
1.029632
1.046862
1.036262
1.028244
1.042595
1.028895
1.033743
1.037554
1.032482
1.045886
1.032620
1.048902
1.037451
1.029580
1.022164
1.031375
1.042265
1.026667
1.040887
1.031778
1.044669
1.026436
1.021832
1.033449
1.049566
1.029647
1.031052
1.032581
1.044069
1.031321
1.032596
1.042196
1.026883
1.041072
1.018059
1.018323
1.028943
1.043096
1.039833
1.016679
1.048361
1.029478
1.038464
1.029742
1.024145
1.031021
1.037346
1.017633
1.040247
1.037358
1.030665
1.037869
1.030168
1.033969
1.024967
1.034608
1.041279
1.035500
1.038650
1.035256
1.041417
1.030084
1.019012
1.029967
1.025530
1.032126
1.031498
1.038054
1.017897
1.032396
1.032147
1.034169
1.024682
1.029000
1.036446
1.024825
1.033559
1.026992
1.028264
1.034955
1.039726
1.042229
1.030304
1.049697
1.035476
1.045852
1.028047
1.025265
1.009296
1.041252
1.023122
1.021984
1.026682
1.033372
1.021999
1.026696
1.046371
1.032758
1.019985
1.024182
1.024187
1.038912
1.032399
1.040789
1.021034
1.018495
1.046761
1.038054
1.031666
1.031544
1.031925
1.029791
1.007144
1.022347
1.026778
1.015491
1.023374
1.041693
1.030320
1.030575
1.022886
1.036843
1.034096
1.029835
1.028078
1.028836
1.022660
1.021272
1.018487
1.025956
1.032242
1.022682
1.030744
1.015207
1.031503
1.003955
1.026109
1.021697
1.029635
1.026120
1.028512
1.023230
1.027389
1.019066
1.026642
1.038145
1.017560
1.016549
1.014649
1.017954
1.025532
1.029551
1.025665
1.023277
1.024414
1.037171
1.036925
1.023545
1.022163
1.018126
1.022549
1.020535
1.022052
1.019028
1.023319
1.040412
1.031469
1.029473
1.031723
1.022331
1.022460
1.035464
1.045846
1.030738
1.031114
1.034974
1.012248
1.031495
1.019090
1.038452
1.026133
1.016704
1.017087
1.005153
1.021756
1.026273
1.014323
1.024651
1.030524
1.010915
1.021777
1.013206
1.017758
1.019399
1.020409
1.008531
1.018529
1.028427
1.029426
1.029429
1.032290
1.015524
1.022067
1.014775
1.029191
1.020195
1.025955
1.014413
1.014543
1.014547
1.024717
1.012535
1.025222
1.018464
1.015071
1.021480
1.029215
1.024985
1.026981
1.032940
1.014716
1.019870
1.023625
1.021003
1.015737
1.030844
1.013856
1.019638
1.013990
1.025511
1.014752
1.026511
1.023275
1.010352
1.011619
1.018534
1.023285
1.020042
1.022417
1.020047
1.001128
1.026282
1.024046
1.025168
1.003817
1.026538
1.008132
1.021940
1.030135
1.018825
1.025057
1.017580
1.020705
1.012947
1.025437
1.017716
1.028290
1.020842
1.034090
1.018726
1.018229
1.027926
1.014106
1.009964
1.010471
1.034585
1.014118
1.025335
1.018125
1.024842
1.022486
1.016759
1.020128
1.017513
1.008746
1.018765
1.023242
1.016275
1.010268
1.027577
1.017780
1.015162
1.031767
1.000574
1.022635
1.007275
1.008662
1.010924
1.029803
1.026970
1.005657
1.018675
1.025121
1.021906
1.012697
1.018061
1.016944
1.024509
1.018440
1.005941
1.032386
1.020927
1.021424
1.015465
1.012848
1.017211
1.030425
1.011107
1.006223
1.019948
1.003211
1.019208
1.004226
1.008497
1.016607
1.012002
1.021196
1.017729
1.015496
1.015249
1.030427
1.016744
1.012518
1.020215
1.025027
1.016130
1.021207
1.012653
1.023799
1.010165
1.016883
1.013408
1.021831
1.017011
1.002667
1.019982
1.015777
1.013047
1.013546
1.010189
1.009318
1.011190
1.014919
1.002696
1.017151
1.015791
1.019253
1.016660
1.019379
0.998946
1.003846
1.002219
1.012330
1.012083
1.021355
1.017041
1.020618
1.007239
1.028098
1.008116
1.022464
1.017788
1.013215
1.011853
1.012102
1.004887
1.016682
1.004642
1.015450
1.017918
1.024795
1.002153
1.009510
1.016689
1.017675
1.005909
1.016075
1.009643
1.010761
1.000298
1.016078
0.997797
1.010891
1.009033
1.004932
1.007795
1.010030
1.023202
1.020386
1.011148
1.015471
0.999831
1.004576
1.013130
1.004829
1.023323
1.012763
0.997219
1.001723
1.018916
1.026126
0.997356
1.009062
1.012523
0.997990
1.004353
1.005970
1.015850
0.995120
1.001374
1.013269
1.013269
1.009446
1.007344
1.019162
1.003254
1.009327
1.002138
1.007599
1.015118
1.013767
1.018917
1.009951
1.016591
1.000535
0.998419
1.004638
1.009092
1.011927
0.994180
1.014385
1.001420
0.999431
1.018059
0.993443
1.007742
1.007002
0.992324
0.995205
1.017446
1.008240
1.015244
1.008489
1.002433
0.995095
1.011566
1.006149
1.014265
1.003927
1.000210
1.013897
0.999841
1.005538
1.011569
1.006896
1.013040
1.008499
1.000224
0.997493
1.005174
1.012795
1.005300
1.009608
1.004685
0.985126
1.013651
1.017921
1.002960
1.006414
0.983759
1.011204
1.011571
1.005062
1.003584
1.004448
1.014625
0.989053
1.011693
0.995915
1.018760
1.004083
0.996169
1.003715
1.012181
1.003224
0.997664
1.006669
0.990206
1.004581
1.009612
0.999403
1.019232
0.997426
1.006794
1.000025
0.995696
0.999287
0.995079
1.005323
1.007040
0.999785
1.001635
1.000403
0.999294
0.995709
1.014726
1.007897
0.994722
1.004957
1.014601
0.986391
1.005448
1.000042
1.019200
1.001520
1.000414
1.015807
0.997827
1.010091
1.002997
1.015680
1.023886
1.019185
0.979160
1.004347
1.003979
0.991900
1.000789
0.997467
0.980685
1.009109
1.003735
1.003122
0.996238
1.000178
1.009350
1.013842
0.988070
1.004713
1.003612
0.993899
0.996861
0.988452
1.012015
0.997601
0.981730
1.001040
0.999569
0.983735
0.989084
0.995759
0.989211
1.002754
0.983497
1.006414
1.004219
0.988723
0.983256
1.007628
0.991820
1.002263
0.995643
0.999204
