Starting the test of the hash function MurMur 3 with the word lexikon OnlyB
Starting to load map from OnlyB
Loading finished. Loaded 8167 words from file.
Started measuring access times
accessing: Bruce
9488
9534
9812
9007
9280
accessing: Bunden
9529
10054
9273
9398
9278
accessing: buffeln
9822
9544
11318
9803
10826
accessing: Brasilianische
11094
11366
10529
11093
10933
Finished measuring access times
Starting to calculate: 8167 Collisions
48.500000
55.799243
27.634896
7.002857
35.262902
8.729495
18.837712
32.138973
13.266876
16.450276
29.696965
20.759257
12.527724
24.565197
22.011272
20.044242
20.267120
15.755578
10.001375
16.681626
17.199186
17.692821
18.959341
14.457441
14.066673
15.673451
17.687876
16.760820
14.467627
15.330422
18.837686
13.038687
16.572087
13.619194
15.000283
12.975338
10.623662
15.483188
8.188063
13.754324
12.467486
13.345839
12.351327
13.902234
12.463349
14.361907
14.449610
12.848231
12.352506
12.309760
12.040658
8.681501
12.420018
9.851392
11.971360
11.297810
11.883714
12.283658
11.207277
13.339327
11.265376
12.795462
12.101933
10.950842
10.087963
12.406227
10.553978
11.696613
9.447179
10.593609
9.801965
8.299109
10.394352
9.855724
9.642888
9.377145
9.970609
10.390239
8.309924
9.984915
9.856111
10.208595
10.615971
9.599279
8.755660
9.991726
8.913547
10.638094
8.790855
9.501409
9.188962
9.057696
9.065784
8.409835
10.045983
8.993284
9.516842
8.171611
7.443192
8.975246
8.895096
9.580148
8.603395
8.170774
7.661940
8.260678
8.445597
8.884278
8.335233
8.185407
8.504346
8.152580
8.146819
8.332214
8.941359
8.168356
8.769025
8.330228
7.611719
7.365459
8.904133
7.945689
8.302093
7.756230
8.821331
8.211296
8.692722
8.457645
7.638431
8.689531
7.536181
7.759581
8.355280
7.760178
7.716788
7.322845
7.779791
7.828965
8.126333
7.438705
7.980377
7.625963
7.525570
7.567519
6.388370
7.072154
7.514884
7.735015
7.971229
7.486801
7.270136
7.543344
6.694075
7.013874
7.308938
6.521372
7.149313
6.527563
7.282983
6.704025
7.194515
6.827060
7.097904
6.961909
6.978642
6.797528
7.122170
6.485806
6.785240
6.662793
6.047750
7.294985
6.970506
6.677372
6.550658
6.916560
7.041020
6.428777
6.466177
6.722324
6.663041
7.211380
6.451156
7.067650
6.487145
6.032489
6.694058
6.985069
5.998663
6.770324
6.683992
6.579809
6.782763
6.635679
6.817386
6.117663
6.063999
6.228351
5.800670
6.427071
6.414529
5.835224
6.296887
6.180097
6.772708
6.263657
5.854180
6.359552
5.741445
6.301953
5.769504
6.767771
6.116958
5.908196
5.773991
6.015433
6.348519
5.503547
5.711904
6.023163
6.582481
6.379043
6.319485
5.909333
6.088124
6.202490
5.889191
6.036682
5.870147
5.773087
5.901300
5.621610
5.736649
5.818417
5.871632
5.739371
5.997677
5.944642
5.776676
5.594149
5.537858
5.937209
6.268186
5.486367
5.541140
5.998975
5.971652
5.553667
5.784615
5.679484
6.294020
5.173311
5.718809
5.599302
5.757657
5.212361
5.687706
5.993069
5.543869
5.503002
6.042240
5.458887
5.392161
5.114281
5.282094
5.399640
5.903078
5.430885
5.250176
5.326931
5.447888
5.581583
5.389483
5.497751
5.494640
5.424632
5.450015
5.216907
5.566838
5.433797
5.559661
5.345434
5.594966
5.125889
5.147681
5.108306
5.474741
5.628504
5.351565
5.096242
4.549847
5.201840
5.282054
5.187887
5.106811
4.818682
5.565917
5.317494
5.280163
5.462857
5.075731
5.145203
5.174415
5.498387
5.276507
5.286427
4.834575
5.203233
4.964411
4.916637
5.059677
5.222314
4.753467
5.090708
4.906532
5.085160
4.942093
4.776654
5.002452
4.966926
4.897232
4.945460
4.953844
5.000484
5.004940
5.080335
4.802083
5.082832
5.000644
5.071918
4.791974
4.583897
4.842654
4.907154
4.839515
4.861427
4.486683
4.951137
4.695071
4.791902
4.865466
4.805452
4.342186
4.978792
4.972977
4.752157
4.982340
4.523051
4.718319
4.953006
4.885240
4.636190
5.066015
4.955574
4.939454
4.849146
4.627601
4.582101
4.529389
4.823983
4.790980
4.560203
4.656777
4.194444
4.750285
4.824278
4.648311
4.546804
4.894296
4.790189
4.932944
4.592488
4.794452
4.662082
4.834956
4.840758
4.825052
4.583395
4.388675
4.713769
4.645541
4.822124
4.870557
4.513914
4.701824
4.757658
4.675575
4.691509
4.505735
4.359500
4.610387
4.619127
4.454491
4.684616
4.323105
4.639987
4.381132
4.485387
4.030285
4.593477
4.726573
4.535657
4.469441
4.451083
4.234959
4.197580
4.433849
4.547652
4.295870
4.263283
4.596871
4.366408
4.408533
4.497490
4.268266
4.338558
4.351177
4.302056
4.464607
4.338131
4.350843
4.347779
4.192294
4.393601
4.682023
4.134498
4.548323
4.412687
4.079723
4.272851
4.244580
4.384964
4.116008
4.414689
4.322865
4.424726
4.064589
4.483082
4.089438
4.327858
4.240047
4.399086
4.580615
4.310324
4.288811
4.450636
4.276002
4.151611
4.297034
3.978232
4.338772
4.352216
4.266183
4.380235
4.161044
4.293240
4.230286
4.154777
4.169569
4.057016
4.033664
4.293439
4.242447
4.210682
4.005948
4.344059
4.174063
4.450091
3.933041
4.031102
4.134312
4.199677
4.132799
4.257051
4.255294
3.909068
4.118405
4.234957
4.205378
4.172425
4.060100
4.188615
4.023514
3.970888
4.100193
3.888128
4.166833
3.961060
4.116363
4.143557
4.153097
3.940508
4.129234
3.917779
4.332784
3.892931
3.984780
4.121377
3.952524
4.121771
4.065376
4.208022
4.335611
4.004456
3.760897
4.090937
3.892251
3.916105
3.872706
3.932613
4.059561
3.887232
3.787312
4.008886
4.032246
4.030751
4.251444
4.173694
3.801311
4.004839
3.820051
4.125134
4.089909
3.856866
3.952457
3.660587
3.801279
3.853718
3.689391
4.058229
4.000298
3.898933
3.866412
3.733734
3.996479
3.964141
3.800193
3.995249
3.860696
4.004850
3.523373
3.939484
4.015345
3.888794
3.873936
4.018549
3.903460
3.984391
4.006920
3.941167
3.807379
3.921096
3.863204
3.900340
3.809108
3.827179
3.701484
3.920266
3.823811
3.589539
3.725913
4.069714
3.810397
3.595991
3.794797
3.864210
3.797613
3.871394
3.688210
3.956547
3.772092
3.841154
3.809740
3.811925
3.829840
3.621922
3.807947
3.613583
3.695568
3.805767
3.698328
3.441986
3.472707
3.769444
3.777214
3.633220
3.790387
3.649872
3.648157
3.547986
3.705426
3.591320
3.557045
3.752948
3.821617
3.581521
3.753866
3.565961
3.748004
3.838132
3.784880
3.732246
3.669888
3.725110
3.678763
3.729420
3.837410
3.566256
3.773271
3.545791
3.711899
3.867724
3.714848
3.573592
3.492562
3.655650
3.688602
3.647368
3.607907
3.639064
3.547213
3.755483
3.566258
3.517085
3.562687
3.698698
3.441269
3.614104
3.583064
3.611907
3.424410
3.510743
3.579236
3.662924
3.559238
3.563199
3.646555
3.638459
3.702707
3.612470
3.625174
3.680614
3.601618
3.566928
3.517404
3.598038
3.484771
3.502953
3.381803
3.457313
3.525663
3.659141
3.635411
3.609806
3.446972
3.434337
3.540772
3.517398
3.485155
3.570651
3.521166
3.497003
3.491677
3.558410
3.555864
3.475588
3.520017
3.547693
3.410022
3.553989
3.472942
3.574862
3.413131
3.610755
3.209759
3.289630
3.652207
3.408053
3.352551
3.453693
3.431050
3.480918
3.577574
3.648597
3.433848
3.667468
3.307296
3.362517
3.422960
3.369306
3.515424
3.517625
3.318286
3.505379
3.437418
3.421872
3.452589
3.334719
3.335404
3.365380
3.396603
3.279331
3.396781
3.298663
3.367323
3.345470
3.471864
3.353417
3.477391
3.359313
3.343907
3.563641
3.501858
3.400214
3.428180
3.351690
3.162326
3.392174
3.287237
3.306102
3.368191
3.279227
3.395659
3.511391
3.321164
3.304003
3.312537
3.331265
3.167318
3.408423
3.423028
3.503116
3.294206
3.297258
3.350890
3.393088
3.254712
3.242572
3.405880
3.307794
3.266873
3.240049
3.436562
3.431975
3.227097
3.272262
3.412000
3.329497
3.425749
3.349232
3.254771
3.356255
3.507402
3.219719
3.370749
3.267910
3.368021
3.376732
3.099658
3.205882
3.313921
3.295228
3.167547
3.226849
3.336918
3.288983
3.328027
3.269261
3.149885
3.153677
3.282900
3.322656
3.262312
3.269927
3.185327
3.346593
3.227950
3.151410
3.245968
3.198874
3.242742
3.218711
3.282726
3.139027
3.294897
3.228864
3.156347
3.295300
3.335798
3.207036
3.067418
3.236022
3.244080
3.040144
3.222715
3.292573
3.121833
3.237335
3.152408
3.223708
3.220503
3.105779
3.273392
3.169340
3.111014
3.015314
3.199944
3.269455
3.058576
3.096674
3.183679
3.172630
3.047959
3.247773
3.143804
3.142668
3.203908
3.182744
3.068660
3.182387
3.018512
3.086477
3.193693
3.143565
3.117654
3.134659
3.141890
3.127903
3.125813
3.106298
3.058890
3.125449
3.106641
3.141168
3.131573
3.130336
3.111466
3.052916
3.077640
3.036204
3.062489
3.006704
3.092319
2.988384
3.106373
3.153793
3.129943
3.167509
3.087459
3.238421
3.275450
3.149745
3.018306
3.016414
3.144229
3.159230
3.015152
3.108197
3.009479
3.016615
3.065968
3.175551
3.126584
3.118341
3.039832
3.097638
2.936307
3.021259
3.062652
2.972218
3.023665
2.996737
3.088574
3.063995
2.930234
3.044781
3.122229
2.982208
2.992352
2.943221
3.171504
3.091139
3.003888
3.039829
3.018184
3.135395
3.111753
3.040596
3.006604
2.940376
3.029626
2.945392
3.150339
2.977379
3.000216
3.056172
3.089416
2.917397
2.962359
2.792146
2.932035
3.124622
2.969598
2.907309
3.042889
2.897359
2.965472
2.980277
3.096687
3.001441
2.948973
2.950720
3.069436
3.067714
3.063471
2.968746
2.983464
3.036275
2.923875
2.906401
2.884694
3.010772
2.898905
2.971397
3.098262
3.016779
3.042465
3.033272
2.948061
2.939732
2.794191
2.892000
3.074006
2.911570
2.911155
2.966279
3.046963
2.874015
2.839252
2.911934
2.916445
2.874802
2.978798
2.968816
2.958793
2.906892
2.938625
2.961041
2.981097
2.876793
2.952013
2.843894
2.884385
2.904805
2.874873
2.873172
2.866715
2.843044
2.902935
2.954432
2.976414
2.838395
2.915519
2.903624
2.914854
2.865640
2.937742
2.982450
2.917107
2.865514
2.828739
2.928444
2.878908
2.907613
2.942577
3.017672
2.846931
2.845416
2.953015
2.860193
2.931413
2.917587
2.874149
2.945422
2.829512
2.831397
2.959749
2.904836
2.827244
2.925472
2.968451
2.932081
2.830649
2.904153
2.762202
2.921646
2.812697
2.781381
2.785159
2.906080
2.921502
2.879191
2.928573
2.785705
2.923974
2.806710
2.891297
2.808393
2.857248
2.773484
2.754088
2.810761
2.829476
2.808997
2.768549
2.915401
2.816678
2.754384
2.759822
2.826868
2.754275
2.830969
2.873367
2.805559
2.725120
2.721880
2.708583
2.698827
2.860821
2.788127
2.831051
2.891034
2.868885
2.847605
2.889013
2.751164
2.841836
2.736198
2.699446
2.819941
2.824283
2.906824
2.711586
2.878954
2.858080
2.713523
2.732695
2.698504
2.751847
2.767856
2.795648
2.786529
2.690269
2.868749
2.705603
2.814677
2.833039
2.768902
2.683383
2.742805
2.877126
2.774728
2.838566
2.850911
2.819915
2.732598
2.678098
2.718874
2.707320
2.880252
2.847648
2.748030
2.840716
2.755222
2.694179
2.755228
2.824696
2.772265
2.646424
2.756034
2.684935
2.789130
2.581465
2.708656
2.745674
2.809754
2.791787
2.688658
2.764858
2.853998
2.743042
2.750763
2.735804
2.654514
2.775584
2.717128
2.700990
2.660595
2.782533
2.716353
2.748500
2.671779
2.693328
2.811275
2.701498
2.673799
2.719522
2.737184
2.780727
2.681922
2.706421
2.726690
2.699620
2.684363
2.764676
2.724533
2.728140
2.801810
2.813476
2.687177
2.643339
2.733751
2.650029
2.691585
2.809345
2.752659
2.722362
2.745198
2.632094
2.733157
2.637866
2.776595
2.721778
2.674826
2.601853
2.653212
2.736767
2.687557
2.650443
2.596702
2.761506
2.666649
2.640609
2.625342
2.676681
2.645487
2.682381
2.817114
2.732270
2.690119
2.721409
2.603954
2.661123
2.612686
2.664345
2.672243
2.604929
2.700379
2.582617
2.678369
2.659388
2.572662
2.629252
2.570529
2.517005
2.618240
2.535186
2.611382
2.594628
2.681695
2.673634
2.636285
2.639431
2.664684
2.606149
2.563649
2.657549
2.651632
2.587072
2.592494
2.574657
2.588259
2.584163
2.622231
2.564453
2.694344
2.532003
2.594153
2.640135
2.729590
2.707298
2.529561
2.546460
2.572008
2.625426
2.639342
2.583007
2.577150
2.596433
2.553677
2.672384
2.573019
2.633546
2.594344
2.649868
2.587029
2.595504
2.635184
2.642176
2.637881
2.568226
2.620777
2.593991
2.518405
2.657709
2.599884
2.523321
2.535735
2.697139
2.579726
2.522313
2.655325
2.597388
2.527257
2.670381
2.593777
2.580169
2.588911
2.514906
2.532245
2.491785
2.487501
2.595225
2.580681
2.616646
2.594739
2.496503
2.525632
2.578879
2.597667
2.551149
2.506081
2.561734
2.564007
2.604137
2.589646
2.523222
2.590301
2.580711
2.484443
2.581318
2.509176
2.543606
2.569772
2.533532
2.526902
2.532840
2.678205
2.645838
2.552938
2.506485
2.592748
2.489233
2.531667
2.472513
2.437384
2.537505
2.520525
2.585149
2.550007
2.561504
2.426479
2.511871
2.477089
2.593451
2.621413
2.583528
2.480096
2.579322
2.489696
2.506000
2.532341
2.571720
2.540025
2.560137
2.629569
2.522472
2.420104
2.464580
2.408626
2.433273
2.420847
2.578818
2.584972
2.495526
2.392599
2.513498
2.512769
2.426678
2.539591
2.408735
2.587164
2.441459
2.523449
2.580571
2.570533
2.537969
2.506242
2.526056
2.504899
2.465721
2.528345
2.512685
2.469687
2.574010
2.568378
2.520343
2.565661
2.475146
2.526024
2.512183
2.450317
2.515727
2.470270
2.434887
2.522742
2.461630
2.507321
2.484646
2.458122
2.525844
2.470770
2.427214
2.466029
2.479547
2.536388
2.481706
2.411974
2.396353
2.527121
2.510951
2.542586
2.385956
2.399815
2.454769
2.471461
2.414467
2.515637
2.489932
2.460983
2.427463
2.412891
2.392386
2.491312
2.525138
2.443547
2.443882
2.472643
2.456828
2.489212
2.414010
2.527459
2.446913
2.463895
2.457603
2.400333
2.530771
2.460408
2.471878
2.430727
2.481112
2.465395
2.545179
2.465764
2.379546
2.446293
2.440228
2.452552
2.452113
2.439826
2.464464
2.394346
2.425991
2.458939
2.432195
2.348768
2.432419
2.478260
2.446473
2.399372
2.462712
2.333749
2.431141
2.397050
2.407264
2.444211
2.359661
2.452431
2.422546
2.446607
2.448060
2.449504
2.421996
2.436638
2.363114
2.390049
2.469835
2.434455
2.338714
2.443934
2.419397
2.394342
2.325970
2.407478
2.436852
2.450037
2.412210
2.424061
2.451393
2.394620
2.399794
2.323499
2.358821
2.384756
2.444458
2.313493
2.448116
2.360611
2.394592
2.343392
2.418629
2.382093
2.343546
2.362931
2.312707
2.325756
2.327380
2.398379
2.436931
2.396472
2.384630
2.394254
2.378333
2.445235
2.327868
2.290829
2.398138
2.384290
2.454985
2.356097
2.413580
2.394081
2.377916
2.321445
2.359607
2.271255
2.344108
2.364756
2.269836
2.290565
2.360273
2.391861
2.390636
2.423163
2.436803
2.343119
2.325828
2.384434
2.413810
2.339879
2.355408
2.310773
2.414348
2.320540
2.352905
2.343254
2.323109
2.315400
2.380879
2.340948
2.299787
2.357278
2.285986
2.226750
2.315533
2.400076
2.427138
2.413571
2.409430
2.371584
2.265545
2.396683
2.332161
2.404245
2.380782
2.399245
2.356289
2.323811
2.340428
2.286016
2.358600
2.410495
2.254232
2.320233
2.396540
2.290014
2.406102
2.352278
2.302157
2.381281
2.372310
2.348443
2.352883
2.343824
2.335302
2.291930
2.336016
2.328602
2.294945
2.278497
2.310514
2.336995
2.349494
2.268439
2.370365
2.364418
2.264459
2.302470
2.282113
2.275702
2.340641
2.256774
2.350341
2.268364
2.323257
2.305103
2.270559
2.281268
2.274561
2.318491
2.300617
2.297621
2.299131
2.354855
2.296783
2.266841
2.312646
2.337423
2.362450
2.276581
2.295259
2.313200
2.386629
2.245565
2.260757
2.285960
2.185812
2.307257
2.236736
2.319741
2.311997
2.300064
2.315302
2.259416
2.254905
2.279127
2.270710
2.274630
2.227076
2.267872
2.325465
2.249535
2.235920
2.271405
2.213642
2.293545
2.327493
2.240616
2.317228
2.166180
2.271303
2.313121
2.214006
2.272459
2.317158
2.342733
2.268577
2.293310
2.167134
2.273249
2.308506
2.274947
2.281156
2.266408
2.233417
2.201391
2.248542
2.254243
2.275628
2.282597
2.256024
2.240331
2.279083
2.242806
2.192384
2.227446
2.281083
2.295556
2.252190
2.220358
2.213188
2.250515
2.151506
2.229101
2.261154
2.254363
2.267541
2.294931
2.227525
2.233394
2.241988
2.206853
2.283972
2.275612
2.161408
2.229788
2.167517
2.190120
2.306143
2.191605
2.245225
2.223297
2.216688
2.221105
2.285398
2.169625
2.195383
2.228212
2.175576
2.290473
2.252063
2.223457
2.228341
2.212421
2.162391
2.269781
2.254414
2.264808
2.238076
2.268381
2.181221
2.262050
2.227478
2.183009
2.209347
2.219353
2.250570
2.217271
2.177146
2.237620
2.178372
2.196158
2.189207
2.158162
2.203491
2.208001
2.218715
2.219125
2.258841
2.217774
2.184208
2.264697
2.186138
2.182997
2.204077
2.185175
2.128663
2.142488
2.179270
2.144443
2.206343
2.177432
2.183531
2.177099
2.142323
2.203277
2.206578
2.251273
2.121963
2.149216
2.181518
2.160367
2.193799
2.186582
2.252257
2.273364
2.223596
2.227058
2.197294
2.210663
2.276931
2.237366
2.212835
2.171642
2.161390
2.210730
2.135835
2.204362
2.158245
2.175795
2.227534
2.230648
2.224328
2.192079
2.194452
2.192569
2.209469
2.200195
2.099279
2.114465
2.172448
2.160092
2.137117
2.193587
2.177894
2.114715
2.180979
2.169489
2.173161
2.127429
2.135247
2.163925
2.186660
2.193159
2.127476
2.144133
2.180257
2.178847
2.130206
2.146521
2.129523
2.164453
2.139575
2.114972
2.109470
2.229958
2.192818
2.089888
2.157350
2.183023
2.086361
2.106682
2.127050
2.149586
2.228799
2.197508
2.172878
2.187851
2.154717
2.147177
2.105659
2.169482
2.254910
2.233240
2.175496
2.136998
2.142917
2.106565
2.159651
2.104649
2.124773
2.095736
2.161258
2.202124
2.224044
2.152578
2.137959
2.073155
2.103655
2.151765
2.101147
2.178285
2.150603
2.117569
2.098770
2.181206
2.213040
2.162703
2.126777
2.085993
2.099118
2.092778
2.138407
2.087272
2.163806
2.082019
2.083930
2.143920
2.140029
2.197379
2.019142
2.175235
2.129623
2.168287
2.175650
2.151826
2.074853
2.075930
2.060445
2.138054
2.132336
2.154948
2.073018
2.106758
2.108822
2.141423
2.089366
2.095908
2.157113
2.171509
2.101818
2.099685
2.106418
2.122433
2.113319
2.060540
2.132521
2.121391
2.117965
2.127667
2.153088
2.053648
2.127412
2.096615
2.113099
2.078987
2.127801
2.149819
2.112213
2.118278
2.060752
2.090734
2.132500
2.055240
2.135558
2.087740
2.066270
2.071662
2.092587
2.085229
2.166147
2.028052
2.163589
2.067094
2.121010
2.090432
2.118177
2.097099
2.121174
2.123044
2.085107
2.063224
2.008004
2.051480
2.090164
2.094103
2.124903
2.093012
2.089266
2.049582
2.070953
2.095649
2.139573
2.075087
2.144151
2.025363
2.062980
2.042843
2.037199
2.086538
2.048047
2.043195
2.049243
2.094383
2.080970
2.111360
2.112898
2.006260
2.067902
2.081461
2.057750
2.081283
2.031248
2.040638
2.092499
2.105078
2.108341
2.067745
2.101603
2.035232
2.039916
2.079747
2.047435
2.096107
2.018059
2.085565
2.027715
2.092329
2.066891
2.052664
2.036811
2.012033
2.075454
2.053180
2.067866
2.070624
2.049091
2.058723
2.105483
2.050071
2.097472
2.051555
2.125445
2.116811
2.026780
2.109320
2.051922
2.051635
2.048059
1.993434
2.073850
2.027630
2.033961
2.081886
2.104523
2.072307
2.083912
2.056184
2.050850
2.075262
2.059494
2.146548
2.000560
2.078659
1.995063
1.978729
2.019262
2.038417
2.023190
2.085249
2.102518
2.027521
2.096684
2.075729
2.043851
1.985419
1.996893
2.018429
2.094020
2.037111
2.039759
2.027128
2.054967
2.048898
2.001818
2.014128
2.063373
2.000253
2.027875
2.008905
2.001207
2.077157
2.047535
2.001380
2.056145
1.986687
2.053890
2.034464
1.983796
2.007959
2.039492
2.000649
2.042653
2.040033
2.065635
2.007643
2.043509
2.065861
2.047362
1.965844
2.011154
2.026161
2.056219
2.007938
1.990486
1.983275
2.042549
2.013259
1.937660
2.029237
2.023880
2.024686
2.044615
1.961248
2.036654
2.016298
2.055738
2.009244
1.974335
2.002420
2.041805
2.030374
2.001102
2.022862
2.040967
2.012866
1.994607
2.034971
2.035727
2.041576
1.989576
2.043063
1.966934
2.002318
2.016350
2.024186
1.968378
2.002182
1.984908
1.964491
1.983973
1.905334
2.039257
2.012570
1.986044
1.969929
1.968208
1.981640
1.937880
1.987836
1.947524
2.036739
2.003539
2.039574
2.017380
1.966598
2.039729
1.998851
2.012457
1.953922
1.985103
2.003652
1.959650
1.990688
1.923566
1.969035
1.961850
1.968756
1.988122
2.055764
1.961786
2.053985
2.001594
1.975493
1.988160
1.962895
2.009849
2.004738
1.965995
2.002460
2.034919
1.970533
1.962642
2.015419
2.013916
1.990036
1.957302
1.994741
1.957941
1.994846
1.996942
1.947453
2.009967
2.017744
2.042922
1.951902
1.962606
2.035809
2.015155
1.968237
1.953289
1.949545
2.000255
1.975910
1.932118
1.942633
1.915128
1.978688
1.949499
1.974163
1.940770
1.925683
1.958642
1.976416
1.956269
2.022731
1.905461
1.999370
2.002567
2.012826
1.929586
1.986771
1.959559
1.930030
1.957405
1.977937
1.976142
1.951989
1.915526
1.974092
1.954530
1.945470
2.028753
1.956325
1.960041
1.932856
1.970777
1.997390
1.999589
1.960328
1.991524
1.993489
1.989805
1.963583
1.934854
1.961381
1.933854
2.021883
1.972098
1.924229
2.034705
1.990230
1.998014
1.961100
1.952365
1.909997
2.008004
1.951883
1.963598
1.929754
1.922599
1.929195
1.896266
1.969816
1.950706
1.941480
1.952020
2.048861
1.922024
1.938637
1.920721
1.919587
1.891280
1.888428
1.965886
1.940172
1.881568
1.952355
1.892226
1.914319
1.938752
1.916835
1.954670
1.970400
1.953560
1.924214
1.932115
1.979087
1.955552
1.930326
1.998024
1.975198
1.946016
1.950501
1.932377
1.908833
1.913412
1.906029
1.898381
1.899618
1.924465
1.939356
1.921898
1.929487
1.926902
1.911738
1.883224
1.963176
1.929775
1.965472
1.921295
1.915386
1.966356
1.931434
1.957542
1.924142
1.934470
1.913758
1.983193
1.922010
1.895000
1.865927
1.914687
1.878016
1.920083
1.866707
1.915354
1.873232
1.965010
1.934489
1.912940
1.921836
1.898509
1.904403
1.897057
1.950262
1.909050
1.906203
1.879884
1.875572
1.937826
1.892418
1.905593
1.947826
1.896824
1.937597
1.934547
1.866104
1.929362
1.861749
1.909274
1.953322
1.907549
1.877849
1.901376
1.949179
1.888605
1.977353
1.924648
1.930348
1.960413
1.940994
1.907722
1.830311
1.904577
1.864548
1.905383
1.908337
1.875998
1.889334
1.949616
1.884994
1.880944
1.886273
1.954911
1.896402
1.909306
1.944224
1.861006
1.875557
1.905752
1.873305
1.930575
1.905731
1.922630
1.892838
1.904315
1.865818
1.854660
1.922830
1.870044
1.868088
1.922753
1.901592
1.901494
1.930833
1.870005
1.885968
1.886797
1.921543
1.881042
1.900549
1.864082
1.844011
1.834689
1.847609
1.940343
1.895765
1.890140
1.901034
1.875611
1.895309
1.858188
1.907168
1.852368
1.823965
1.880711
1.860217
1.843978
1.875978
1.877932
1.871815
1.858488
1.936235
1.830866
1.826272
1.865892
1.893528
1.816952
1.916328
1.871152
1.850897
1.854024
1.884958
1.843770
1.849463
1.842586
1.863314
1.822892
1.924878
1.796341
1.851917
1.839011
1.864780
1.827300
1.850208
1.854686
1.884500
1.859231
1.914551
1.906562
1.853728
1.909136
1.888304
1.872727
1.875979
1.868083
1.899338
1.864571
1.886411
1.853500
1.882464
1.846982
1.838065
1.861772
1.864111
1.852532
1.847785
1.862240
1.840564
1.830944
1.856263
1.855407
1.858878
1.848214
1.867372
1.839394
1.853397
1.887287
1.830601
1.826509
1.884482
1.861801
1.902556
1.816805
1.829325
1.837863
1.908374
1.851849
1.840285
1.881610
1.861003
1.913049
1.812673
1.817802
1.863820
1.864744
1.860723
1.851280
1.851082
1.854944
1.844575
1.866215
1.833959
1.857955
1.833335
1.848314
1.835207
1.858693
1.783229
1.837771
1.859402
1.857622
1.864780
1.829231
1.872128
1.821534
1.818818
1.803259
1.846469
1.832049
1.840186
1.821868
1.837497
1.858780
1.829159
1.806187
1.843132
1.840888
1.826697
1.809898
1.839986
1.844909
1.811292
1.858918
1.852687
1.841749
1.816985
1.819475
1.841272
1.844384
1.821271
1.842571
1.797426
1.842984
1.801532
1.807213
1.813549
1.843796
1.831736
1.829256
1.816663
1.798085
1.825841
1.836314
1.832279
1.827342
1.835123
1.835317
1.870083
1.856469
1.845196
1.838302
1.805852
1.832464
1.836424
1.844125
1.846729
1.841176
1.796679
1.807697
1.834864
1.784134
1.807829
1.770168
1.820497
1.836854
1.845386
1.817258
1.748668
1.831587
1.829771
1.882208
1.821926
1.808305
1.834416
1.802404
1.801017
1.836007
1.787674
1.817805
1.855034
1.840587
1.816756
1.825095
1.823713
1.802370
1.790688
1.811154
1.768706
1.823843
1.844554
1.776039
1.793283
1.763034
1.720915
1.806678
1.792828
1.839679
1.828045
1.789745
1.807011
1.799412
1.837326
1.809451
1.810700
1.807982
1.806585
1.791896
1.805113
1.792200
1.766859
1.772864
1.795972
1.784128
1.774901
1.855350
1.815670
1.837743
1.742587
1.814098
1.804370
1.745578
1.826234
1.827872
1.799410
1.778537
1.798794
1.771693
1.815668
1.774649
1.758251
1.773370
1.757195
1.764729
1.777775
1.793793
1.802023
1.812381
1.789991
1.802379
1.779662
1.841017
1.779913
1.744826
1.807085
1.770113
1.794014
1.753895
1.804914
1.830673
1.802522
1.831931
1.746046
1.808040
1.740249
1.792171
1.806395
1.813185
1.773655
1.763173
1.760854
1.787350
1.769698
1.807286
1.742635
1.783177
1.794160
1.807005
1.794133
1.805891
1.783240
1.797874
1.775577
1.794378
1.772273
1.746577
1.805200
1.790839
1.761039
1.722224
1.762995
1.761994
1.799241
1.769851
1.765569
1.811462
1.791594
1.827096
1.823989
1.793767
1.772431
1.719302
1.810244
1.782001
1.773197
1.767407
1.750208
1.747437
1.766128
1.767948
1.781016
1.735883
1.801730
1.844727
1.711900
1.725384
1.725476
1.758121
1.735174
1.770208
1.767897
1.796728
1.800823
1.763339
1.773779
1.782435
1.780350
1.791522
1.783893
1.765683
1.774361
1.730492
1.758519
1.782670
1.696283
1.763028
1.755086
1.733568
1.729027
1.819255
1.760080
1.784556
1.734782
1.751387
1.755769
1.800170
1.759542
1.769897
1.738647
1.772126
1.770461
1.755919
1.772469
1.757736
1.727213
1.755464
1.743643
1.710923
1.804969
1.752849
1.745350
1.758729
1.764329
1.754522
1.784973
1.760595
1.725026
1.781046
1.765390
1.742721
1.773094
1.746243
1.772089
1.746746
1.753637
1.728698
1.750706
1.748811
1.767793
1.777739
1.749545
1.755123
1.728536
1.742996
1.749870
1.732524
1.733203
1.715924
1.717916
1.777264
1.749374
1.778124
1.703904
1.791701
1.747540
1.692844
1.762411
1.720800
1.762434
1.736968
1.733136
1.744258
1.772340
1.741947
1.689886
1.784023
1.770679
1.750485
1.727286
1.737557
1.692047
1.733745
1.758528
1.734195
1.732287
1.727602
1.768580
1.729759
1.759788
1.749910
1.734253
1.720822
1.710311
1.725968
1.734907
1.725766
1.751368
1.762037
1.711022
1.710816
1.757832
1.734062
1.706757
1.782872
1.714915
1.739747
1.729389
1.738047
1.747913
1.722588
1.743906
1.716412
1.761613
1.760763
1.724895
1.697568
1.715114
1.738988
1.718714
1.719342
1.741245
1.749788
1.735131
1.753694
1.738869
1.771195
1.720532
1.760010
1.728722
1.692807
1.746662
1.728034
1.717901
1.727782
1.713426
1.704710
1.714448
1.711044
1.701686
1.742042
1.701441
1.727381
1.722322
1.702662
1.709844
1.732699
1.738494
1.735343
1.698101
1.720452
1.706743
1.694635
1.692272
1.705820
1.725314
1.759369
1.707001
1.727500
1.709888
1.696349
1.689742
1.733161
1.730216
1.665699
1.711157
1.712378
1.733981
1.671845
1.708494
1.686300
1.701067
1.749983
1.747884
1.679372
1.713692
1.727359
1.667963
1.698908
1.693396
1.717007
1.711549
1.720025
1.674393
1.694457
1.729994
1.701085
1.662085
1.723233
1.675023
1.689149
1.756781
1.724044
1.748132
1.712562
1.709603
1.723195
1.734012
1.659761
1.711663
1.728295
1.684218
1.712111
1.679277
1.697879
1.667340
1.667506
1.692915
1.692650
1.699051
1.721702
1.709702
1.696586
1.684005
1.676394
1.696197
1.714114
1.696489
1.690812
1.710414
1.686312
1.698513
1.709385
1.663883
1.661291
1.696177
1.683226
1.688367
1.700313
1.706626
1.720060
1.684566
1.664411
1.696449
1.705640
1.662541
1.681938
1.655458
1.691956
1.647927
1.700255
1.723033
1.702768
1.686209
1.666988
1.677765
1.669149
1.667615
1.676297
1.651310
1.643634
1.644416
1.643926
1.696753
1.654545
1.658880
1.704063
1.690469
1.694898
1.692763
1.702081
1.680664
1.686143
1.674299
1.721160
1.687735
1.683128
1.661931
1.706233
1.682868
1.686269
1.720476
1.648160
1.658319
1.696119
1.694599
1.690836
1.680305
1.714345
1.684629
1.675305
1.654731
1.676560
1.680364
1.670822
1.704970
1.658241
1.643366
1.666331
1.694450
1.685611
1.638416
1.631824
1.675716
1.660404
1.686328
1.667629
1.667326
1.619083
1.682460
1.650110
1.685301
1.663750
1.668985
1.654280
1.632770
1.670315
1.654810
1.697472
1.688088
1.719408
1.639711
1.668666
1.650699
1.639833
1.662213
1.681044
1.667519
1.694927
1.674628
1.663928
1.667491
1.654907
1.646778
1.646466
1.624366
1.700180
1.688450
1.648509
1.678550
1.654650
1.672048
1.663406
1.667965
1.652361
1.699071
1.641461
1.644230
1.685115
1.676351
1.653722
1.666010
1.674173
1.621863
1.662813
1.686843
1.597673
1.631366
1.620899
1.656732
1.669761
1.692645
1.711676
1.647292
1.697999
1.696875
1.695355
1.674100
1.691916
1.636345
1.674512
1.657882
1.636597
1.643013
1.658510
1.686209
1.655627
1.637823
1.689763
1.643076
1.664775
1.637526
1.665312
1.638089
1.681798
1.642309
1.617210
1.624903
1.628671
1.665767
1.630460
1.660887
1.685027
1.629664
1.689867
1.624294
1.621501
1.640729
1.640392
1.699525
1.683870
1.681357
1.629092
1.618950
1.669040
1.654333
1.650783
1.654250
1.644069
1.659361
1.654023
1.654879
1.623667
1.656188
1.664403
1.666239
1.644543
1.616048
1.646662
1.647519
1.641958
1.649427
1.622280
1.648333
1.644584
1.632782
1.635659
1.631080
1.648190
1.644044
1.627011
1.613274
1.650377
1.619491
1.639694
1.623451
1.665994
1.646827
1.632476
1.650894
1.656090
1.604497
1.664651
1.656607
1.604876
1.621964
1.627048
1.654195
1.614037
1.640986
1.626637
1.638083
1.625124
1.651062
1.618983
1.634463
1.626509
1.632152
1.606040
1.652458
1.641621
1.636695
1.628564
1.599998
1.615617
1.668309
1.625328
1.635725
1.608540
1.603330
1.628275
1.617920
1.642623
1.639098
1.626029
1.592448
1.656485
1.623545
1.652425
1.652059
1.601386
1.611691
1.630271
1.623350
1.619398
1.590055
1.652806
1.643233
1.654603
1.647004
1.639965
1.623596
1.635290
1.639052
1.653546
1.645564
1.642844
1.608636
1.610864
1.595456
1.607729
1.602756
1.616156
1.641801
1.602248
1.579287
1.627726
1.633056
1.586686
1.609775
1.614965
1.605842
1.615209
1.571245
1.631412
1.608926
1.618853
1.642197
1.569592
1.625800
1.592481
1.616577
1.613631
1.653098
1.595584
1.618616
1.596429
1.564401
1.601651
1.597491
1.603279
1.613780
1.600932
1.623630
1.601365
1.594621
1.601002
1.614057
1.613281
1.616634
1.605616
1.621550
1.605840
1.621370
1.636355
1.621774
1.581246
1.600961
1.595032
1.623549
1.547150
1.612810
1.620441
1.597864
1.622201
1.608324
1.588582
1.620843
1.603429
1.600680
1.631315
1.588042
1.636707
1.614614
1.608559
1.595396
1.635335
1.626649
1.567375
1.575391
1.610323
1.565811
1.627973
1.632203
1.610123
1.589922
1.628906
1.567483
1.607578
1.546166
1.596033
1.650061
1.586390
1.617265
1.581059
1.590923
1.597983
1.591314
1.609667
1.594253
1.609457
1.607896
1.575335
1.613883
1.602429
1.605725
1.609400
1.600847
1.589316
1.626690
1.575730
1.614170
1.613192
1.621448
1.626409
1.547852
1.600174
1.610033
1.585136
1.615585
1.589421
1.556868
1.580987
1.582351
1.593663
1.591315
1.555070
1.582312
1.551877
1.596312
1.605380
1.601890
1.587133
1.582243
1.591383
1.609703
1.601025
1.591916
1.582370
1.579036
1.606713
1.584466
1.587948
1.588706
1.551009
1.605829
1.607529
1.586885
1.572842
1.613946
1.586825
1.591061
1.575900
1.551916
1.558027
1.562736
1.561739
1.590150
1.624856
1.610224
1.540527
1.615293
1.570054
1.576652
1.578571
1.534697
1.583169
1.559196
1.594091
1.597701
1.585959
1.610971
1.584747
1.578154
1.562773
1.587548
1.584826
1.609050
1.552306
1.555424
1.593908
1.584098
1.571910
1.568004
1.585540
1.554112
1.577012
1.574473
1.546196
1.547745
1.554185
1.600557
1.570456
1.572163
1.601765
1.564944
1.600168
1.611830
1.574889
1.542593
1.571162
1.571321
1.552880
1.565078
1.591302
1.585359
1.575373
1.558944
1.560461
1.630655
1.566573
1.579967
1.581644
1.618927
1.606347
1.537836
1.561919
1.593772
1.544781
1.582302
1.595520
1.599805
1.566117
1.589144
1.570446
1.580896
1.541977
1.563225
1.571232
1.594517
1.569233
1.526939
1.575250
1.589040
1.576490
1.536200
1.554002
1.576728
1.586524
1.552527
1.572402
1.556676
1.565253
1.551972
1.567259
1.582956
1.564875
1.543307
1.539004
1.532550
1.553392
1.557756
1.549456
1.578191
1.533319
1.559666
1.528177
1.519344
1.559900
1.508850
1.537713
1.544999
1.560649
1.543942
1.551764
1.547881
1.553576
1.572326
1.532317
1.616312
1.517248
1.545855
1.558978
1.576313
1.574185
1.532761
1.567848
1.564578
1.507899
1.570689
1.542132
1.557908
1.549101
1.531400
1.535779
1.563354
1.553066
1.552629
1.567697
1.555360
1.576575
1.550687
1.616677
1.544861
1.542706
1.533270
1.551152
1.549954
1.549515
1.526128
1.573864
1.543252
1.579692
1.534545
1.556713
1.547003
1.506192
1.517588
1.551361
1.537821
1.532032
1.525456
1.563519
1.529558
1.546249
1.540307
1.565490
1.510266
1.544856
1.557981
1.551710
1.515448
1.581591
1.548305
1.571627
1.555316
1.582211
1.505245
1.535106
1.530858
1.529079
1.584034
1.528759
1.562784
1.559354
1.547105
1.559767
1.538671
1.536333
1.531528
1.527091
1.542165
1.552602
1.526319
1.553576
1.574462
1.549314
1.565252
1.566099
1.535941
1.540577
1.531832
1.508717
1.534898
1.566547
1.558691
1.519150
1.514887
1.532271
1.549636
1.526836
1.596476
1.546231
1.528129
1.523138
1.535326
1.554846
1.533858
1.525870
1.519362
1.536068
1.525834
1.528774
1.556309
1.538750
1.547245
1.513153
1.520470
1.495238
1.533114
1.527028
1.545452
1.502043
1.540823
1.524645
1.491092
1.527118
1.511758
1.516224
1.522180
1.500117
1.535131
1.548599
1.528426
1.545282
1.562312
1.499475
1.506435
1.530442
1.524187
1.530088
1.531309
1.491571
1.508235
1.510045
1.506939
1.526407
1.513760
1.488434
1.522039
1.573829
1.541199
1.537042
1.504211
1.546089
1.512342
1.517137
1.498202
1.524252
1.521926
1.517354
1.527337
1.506105
1.515410
1.512513
1.516358
1.557217
1.488645
1.552650
1.485815
1.515356
1.529583
1.520584
1.513968
1.501311
1.522542
1.516312
1.513236
1.521524
1.492383
1.510163
1.508577
1.513902
1.531963
1.500809
1.508028
1.507189
1.505976
1.538272
1.506542
1.539539
1.493787
1.534214
1.522889
1.525929
1.528777
1.492020
1.516030
1.491462
1.534618
1.524974
1.518050
1.479954
1.513970
1.544498
1.522824
1.504951
1.525750
1.515148
1.529216
1.508284
1.530659
1.538579
1.506507
1.566293
1.490265
1.530511
1.505744
1.516183
1.515161
1.496893
1.491940
1.503951
1.496973
1.486969
1.506431
1.507625
1.530271
1.471516
1.513958
1.525396
1.502494
1.484320
1.536707
1.506626
1.500422
1.509738
1.487757
1.511185
1.513101
1.525604
1.495732
1.471126
1.481551
1.524807
1.485836
1.516386
1.492519
1.520550
1.518801
1.538974
1.489322
1.508968
1.523094
1.488268
1.509562
1.500454
1.517925
1.516722
1.505096
1.518866
1.514205
1.498155
1.522523
1.536834
1.489711
1.488494
1.486535
1.507225
1.472172
1.506638
1.505979
1.514978
1.473064
1.487452
1.477886
1.509433
1.508046
1.500811
1.492257
1.514248
1.490932
1.499997
1.469581
1.474691
1.482003
1.493135
1.507636
1.475002
1.509766
1.495801
1.505721
1.480309
1.504581
1.496444
1.481638
1.500230
1.507022
1.515402
1.491665
1.514624
1.499104
1.509331
1.511380
1.481916
1.506623
1.508494
1.516484
1.469271
1.489964
1.489116
1.500112
1.485406
1.460535
1.487919
1.490359
1.515030
1.486471
1.495467
1.490070
1.491955
1.498012
1.460269
1.478441
1.488018
1.474716
1.496683
1.466741
1.463666
1.492331
1.487665
1.494446
1.486150
1.481835
1.467772
1.488517
1.484211
1.463361
1.462505
1.495817
1.482633
1.466947
1.501032
1.476065
1.446583
1.455763
1.521767
1.483598
1.447797
1.484623
1.519475
1.484376
1.469118
1.459437
1.475456
1.481157
1.462208
1.456375
1.496494
1.466434
1.499647
1.489994
1.493288
1.481790
1.453501
1.484794
1.452521
1.462886
1.473719
1.469039
1.484700
1.517587
1.497735
1.479076
1.487610
1.473201
1.482849
1.462926
1.487632
1.488760
1.450809
1.483285
1.476477
1.478156
1.498653
1.511995
1.503897
1.480523
1.483812
1.482422
1.495181
1.444836
1.438984
1.475774
1.467683
1.485759
1.468149
1.442057
1.458620
1.475168
1.480253
1.474724
1.468634
1.490405
1.474147
1.475275
1.489999
1.452350
1.507428
1.468796
1.455609
1.451101
1.479723
1.440948
1.482850
1.509436
1.446065
1.488854
1.497045
1.486979
1.480068
1.473129
1.442171
1.462778
1.449219
1.432040
1.442381
1.479645
1.462467
1.482219
1.482614
1.444281
1.454515
1.504431
1.461835
1.462419
1.466598
1.517970
1.474199
1.447041
1.455063
1.449133
1.445546
1.487527
1.482076
1.463385
1.478067
1.480411
1.485050
1.446960
1.447549
1.482501
1.476332
1.456347
1.455849
1.465754
1.478070
1.436964
1.449345
1.484886
1.481213
1.456133
1.436101
1.435782
1.444900
1.434780
1.470432
1.461916
1.439274
1.480970
1.451097
1.470425
1.459777
1.455699
1.460384
1.449673
1.440697
1.460491
1.483173
1.511714
1.466641
1.456526
1.467770
1.462654
1.430150
1.467510
1.492301
1.468811
1.487467
1.406928
1.452908
1.458469
1.459924
1.445851
1.455006
1.491293
1.454180
1.454034
1.467898
1.484942
1.431880
1.448633
1.450095
1.454759
1.434557
1.436035
1.436971
1.429432
1.440812
1.470307
1.474542
1.437684
1.460518
1.469880
1.442264
1.440328
1.448750
1.434833
1.452185
1.427699
1.478261
1.446762
1.446792
1.455335
1.480605
1.431685
1.426137
1.442842
1.463919
1.422269
1.428612
1.451654
1.423635
1.434985
1.441261
1.458281
1.452488
1.458503
1.439058
1.468009
1.465233
1.452079
1.470160
1.443282
1.418438
1.454638
1.462030
1.466941
1.444117
1.405924
1.430472
1.466143
1.435697
1.442645
1.430760
1.446580
1.435266
1.470244
1.462257
1.458607
1.458101
1.461437
1.445851
1.439692
1.442189
1.446442
1.429289
1.444722
1.455447
1.421689
1.430098
1.451650
1.432099
1.452036
1.461818
1.452770
1.423475
1.440343
1.424593
1.472784
1.442337
1.444639
1.437443
1.427553
1.450469
1.438382
1.450675
1.438771
1.436500
1.469441
1.444617
1.444282
1.417254
1.428295
1.442403
1.450630
1.454991
1.404116
1.406657
1.446674
1.441094
1.441635
1.424043
1.436055
1.429206
1.415756
1.463393
1.438921
1.444351
1.417437
1.466175
1.441773
1.430572
1.417514
1.432535
1.458640
1.432388
1.425367
1.462104
1.422576
1.422946
1.444327
1.412176
1.461789
1.445919
1.424257
1.455100
1.444559
1.418305
1.431509
1.416568
1.424869
1.412706
1.448417
1.463036
1.442372
1.423529
1.449997
1.398037
1.432318
1.415129
1.435996
1.430079
1.423790
1.434804
1.436724
1.439508
1.424185
1.412591
1.428226
1.406960
1.452122
1.420558
1.431049
1.439731
1.400825
1.422350
1.420258
1.409544
1.456926
1.428665
1.444246
1.448716
1.433027
1.425559
1.453683
1.402043
1.438751
1.420879
1.419839
1.416524
1.414605
1.443067
1.404601
1.427707
1.388303
1.428410
1.431530
1.418157
1.429115
1.429118
1.409955
1.411015
1.432756
1.446322
1.456874
1.391120
1.416641
1.411058
1.392397
1.439125
1.393128
1.424826
1.411438
1.415978
1.433800
1.408833
1.403056
1.424837
1.416345
1.402901
1.406936
1.405892
1.431044
1.400820
1.409750
1.427256
1.411674
1.434124
1.404177
1.405755
1.398053
1.414466
1.430854
1.401925
1.443308
1.405776
1.423456
1.405956
1.427578
1.424311
1.430657
1.384909
1.400035
1.416720
1.426015
1.402139
1.407190
1.418956
1.403539
1.435049
1.403541
1.403890
1.412907
1.431786
1.408924
1.407017
1.429208
1.412551
1.402675
1.392032
1.415301
1.406317
1.394312
1.437656
1.411841
1.376922
1.404229
1.388370
1.405956
1.402490
1.416632
1.399362
1.396579
1.391524
1.391873
1.405243
1.410585
1.411612
1.402120
1.439678
1.385757
1.402800
1.399163
1.435919
1.402615
1.415162
1.399667
1.394116
1.396022
1.404488
1.412898
1.388017
1.429896
1.400499
1.419692
1.420363
1.402378
1.403233
1.403054
1.394936
1.402352
1.403549
1.426050
1.408508
1.406958
1.390575
1.411045
1.424124
1.390560
1.418166
1.398836
1.391927
1.398476
1.395885
1.406521
1.398451
1.396895
1.389467
1.389633
1.400991
1.382340
1.420548
1.399419
1.385619
1.398198
1.402471
1.379873
1.415216
1.399015
1.407374
1.400534
1.412786
1.400682
1.397247
1.403050
1.424706
1.374943
1.400793
1.396163
1.389972
1.392024
1.378729
1.395260
1.396617
1.378012
1.396250
1.409680
1.420626
1.416740
1.380564
1.389680
1.368749
1.409583
1.367690
1.397326
1.380159
1.402740
1.396771
1.379437
1.396572
1.422718
1.379921
1.406369
1.387973
1.395304
1.392391
1.413376
1.393895
1.377428
1.391137
1.405212
1.393492
1.409895
1.383210
1.386620
1.404781
1.384538
1.398996
1.397792
1.415120
1.391133
1.388732
1.393650
1.395838
1.398529
1.379438
1.359045
1.359556
1.384353
1.395388
1.441175
1.411840
1.400398
1.403577
1.394784
1.369670
1.361537
1.378909
1.381285
1.394009
1.417128
1.387700
1.398504
1.398819
1.407021
1.423299
1.390992
1.393507
1.381107
1.372377
1.400848
1.372000
1.417977
1.397419
1.386935
1.407421
1.381805
1.409704
1.412837
1.375619
1.395409
1.369258
1.388287
1.394162
1.388749
1.404830
1.394763
1.389187
1.384775
1.379333
1.384392
1.365138
1.373661
1.362701
1.376341
1.399895
1.389816
1.405838
1.367401
1.378608
1.382644
1.418125
1.399041
1.394838
1.368645
1.391437
1.382839
1.374361
1.399043
1.378547
1.389464
1.377824
1.359084
1.393734
1.384324
1.375023
1.361057
1.374976
1.379341
1.346916
1.354640
1.361634
1.360588
1.378709
1.355415
1.350934
1.395197
1.387330
1.356016
1.370624
1.377517
1.340996
1.383341
1.370693
1.388967
1.411924
1.404161
1.382698
1.381330
1.371046
1.378088
1.351798
1.378871
1.368240
1.371083
1.359208
1.369343
1.346183
1.361680
1.378671
1.347659
1.369040
1.371201
1.366456
1.361865
1.362685
1.383472
1.354491
1.349525
1.360548
1.388995
1.356598
1.358776
1.382753
1.365309
1.371332
1.365590
1.383623
1.360136
1.370207
1.379534
1.362752
1.368272
1.374770
1.380071
1.374541
1.399321
1.361062
1.365575
1.357631
1.358446
1.389274
1.373817
1.382924
1.355630
1.380702
1.372353
1.381959
1.352135
1.362890
1.350554
1.356943
1.377145
1.349622
1.366417
1.354970
1.363173
1.347136
1.360595
1.346570
1.346202
1.376004
1.359965
1.358088
1.350819
1.374371
1.369853
1.375626
1.369451
1.359571
1.362549
1.360510
1.370142
1.351889
1.333393
1.358202
1.370000
1.359473
1.357934
1.377335
1.365373
1.371477
1.345370
1.355423
1.376652
1.367354
1.374927
1.394215
1.356257
1.368368
1.356355
1.356153
1.355784
1.358919
1.345153
1.353173
1.341380
1.386304
1.400225
1.369810
1.351326
1.353464
1.345558
1.330665
1.367141
1.354823
1.366568
1.336296
1.340647
1.361323
1.364595
1.337851
1.343536
1.345178
1.363779
1.333498
1.335154
1.389026
1.367085
1.353474
1.363543
1.350236
1.342513
1.343147
1.353451
1.348921
1.362973
1.344674
1.329346
1.345435
1.337194
1.372947
1.325320
1.359391
1.348746
1.356998
1.334292
1.337110
1.383220
1.356507
1.387657
1.359230
1.365600
1.360629
1.345365
1.375597
1.363789
1.360790
1.357622
1.337334
1.376184
1.363574
1.356630
1.355600
1.345469
1.349738
1.350854
1.343854
1.342485
1.340283
1.354481
1.346677
1.370597
1.369249
1.323516
1.346181
1.363242
1.353852
1.361681
1.344194
1.359301
1.366603
1.347871
1.335561
1.347620
1.362997
1.358050
1.347657
1.343486
1.378049
1.345713
1.367113
1.319642
1.359367
1.342403
1.353879
1.356942
1.327491
1.350135
1.321889
1.365062
1.322815
1.335605
1.351058
1.352159
1.366929
1.328957
1.331077
1.326874
1.338779
1.327291
1.354613
1.361401
1.326166
1.361304
1.329076
1.349314
1.334130
1.342661
1.361222
1.338126
1.329317
1.328775
1.353065
1.330678
1.353132
1.342130
1.310193
1.344987
1.342319
1.324775
1.343536
1.358634
1.331105
1.330564
1.353782
1.321355
1.358222
1.322432
1.363126
1.321679
1.331896
1.356513
1.348998
1.311669
1.335003
1.342493
1.333594
1.345332
1.349188
1.345071
1.348275
1.343342
1.336591
1.347312
1.342053
1.362076
1.338852
1.345974
1.338917
1.341479
1.373479
1.326633
1.321469
1.332618
1.344645
1.315532
1.343568
1.345628
1.353823
1.315680
1.333749
1.364257
1.337242
1.327209
1.328802
1.332356
1.315190
1.317625
1.319064
1.304076
1.326867
1.330094
1.343068
1.337497
1.332558
1.342262
1.325914
1.353124
1.347114
1.319029
1.324404
1.327956
1.335080
1.328999
1.329437
1.317418
1.335197
1.341787
1.335579
1.321657
1.306930
1.346087
1.323145
1.352719
1.313021
1.330173
1.321631
1.341408
1.330666
1.324421
1.337692
1.309046
1.328828
1.325682
1.325792
1.328507
1.373694
1.312045
1.311830
1.332674
1.288491
1.336285
1.326346
1.298522
1.317758
1.366375
1.305659
1.335792
1.336220
1.329215
1.322176
1.319188
1.315377
1.326403
1.327160
1.317507
1.350980
1.328129
1.296293
1.300051
1.310864
1.336455
1.326882
1.328605
1.329680
1.352987
1.306120
1.331447
1.351855
1.314311
1.296849
1.313061
1.311374
1.326752
1.305700
1.312682
1.320597
1.326526
1.306144
1.312628
1.296336
1.345036
1.317505
1.323279
1.322253
1.321873
1.311104
1.320466
1.340317
1.318896
1.334769
1.307241
1.317593
1.322547
1.345832
1.331272
1.338241
1.310007
1.332534
1.305495
1.329694
1.307667
1.314919
1.306089
1.317393
1.296657
1.318246
1.313824
1.339417
1.303636
1.301131
1.315211
1.299059
1.313640
1.340631
1.333103
1.309581
1.301068
1.321726
1.321185
1.327373
1.302146
1.330761
1.318536
1.288887
1.308575
1.328283
1.304243
1.284058
1.320103
1.311032
1.322545
1.313494
1.329921
1.305946
1.307506
1.324796
1.314322
1.303930
1.323812
1.314784
1.333227
1.293452
1.328499
1.322545
1.306914
1.326244
1.306794
1.310280
1.278456
1.305001
1.303325
1.336943
1.298185
1.284589
1.325357
1.338728
1.319660
1.293830
1.288394
1.298905
1.312216
1.311994
1.297268
1.330798
1.304257
1.311265
1.320620
1.307130
1.302563
1.318997
1.300506
1.314088
1.311948
1.333293
1.303644
1.283649
1.314728
1.315143
1.310611
1.301566
1.315429
1.324091
1.302506
1.305173
1.319619
1.305848
1.285770
1.298334
1.287600
1.302551
1.306973
1.304188
1.312746
1.323299
1.319123
1.281161
1.305951
1.314805
1.288937
1.299835
1.307291
1.291985
1.291116
1.297334
1.288568
1.322654
1.317696
1.263410
1.319931
1.307982
1.325461
1.306100
1.288717
1.317070
1.316055
1.324178
1.295866
1.300924
1.293812
1.330478
1.297692
1.290889
1.292272
1.282211
1.304769
1.290152
1.296343
1.297717
1.314795
1.298386
1.310870
1.298733
1.318300
1.309086
1.302517
1.293678
1.294412
1.299294
1.286585
1.299162
1.303228
1.305381
1.291300
1.310461
1.284429
1.314103
1.288636
1.280854
1.309645
1.297858
1.309507
1.293743
1.320197
1.292972
1.291629
1.296502
1.293410
1.297321
1.309269
1.300833
1.294256
1.312831
1.302368
1.278209
1.273466
1.290735
1.295599
1.293943
1.306370
1.304726
1.312353
1.302852
1.303414
1.303659
1.305321
1.284477
1.291424
1.298172
1.304569
1.282610
1.331971
1.276867
1.301769
1.271908
1.293732
1.310189
1.317136
1.295107
1.273510
1.296864
1.315912
1.294354
1.279657
1.288035
1.280640
1.296759
1.286875
1.284421
1.290385
1.284284
1.269335
1.280961
1.312857
1.296824
1.294862
1.294003
1.286024
1.312179
1.290950
1.309076
1.278111
1.300179
1.275580
1.308159
1.285465
1.280792
1.255675
1.300685
1.305143
1.277650
1.310286
1.295379
1.282050
1.290201
1.302519
1.282473
1.285094
1.294788
1.293931
1.287881
1.290014
1.292772
1.275153
1.279372
1.274376
1.269682
1.264651
1.271139
1.282659
1.285271
1.275704
1.291731
1.285528
1.292995
1.310344
1.283893
1.291522
1.255056
1.303382
1.311044
1.306022
1.295688
1.306334
1.310738
1.281823
1.286627
1.287495
1.260635
1.289072
1.288372
1.302940
1.278318
1.292059
1.285098
1.296740
1.286048
1.267025
1.277567
1.259865
1.280886
1.277348
1.283409
1.291467
1.284358
1.275479
1.277140
1.271067
1.289376
1.285708
1.291873
1.286496
1.260063
1.302489
1.257047
1.275848
1.277190
1.287605
1.269000
1.268453
1.301021
1.282932
1.276902
1.299708
1.274710
1.282162
1.262873
1.284821
1.271738
1.297236
1.255584
1.266625
1.277252
1.261252
1.266246
1.281405
1.272715
1.272798
1.284294
1.266192
1.273672
1.280792
1.281340
1.275796
1.273684
1.261006
1.303431
1.281580
1.275886
1.269540
1.281350
1.249600
1.263332
1.277535
1.263814
1.308967
1.252581
1.287324
1.258619
1.295646
1.281199
1.250464
1.248639
1.263611
1.263378
1.257465
1.270602
1.272402
1.264491
1.251940
1.250437
1.252267
1.285681
1.264425
1.273110
1.276924
1.269522
1.272722
1.267491
1.278164
1.295955
1.269760
1.285813
1.268044
1.256983
1.247258
1.297759
1.278929
1.270464
1.280781
1.281011
1.267112
1.271864
1.262422
1.262031
1.277212
1.260623
1.271316
1.289750
1.287216
1.269991
1.270224
1.255608
1.268822
1.255612
1.267576
1.254672
1.270371
1.259224
1.257266
1.267337
1.272998
1.259226
1.263832
1.277238
1.252091
1.291790
1.260241
1.263749
1.257584
1.256723
1.278520
1.266231
1.274199
1.293409
1.259612
1.260624
1.287679
1.245892
1.254297
1.262487
1.235217
1.254374
1.285961
1.257029
1.259599
1.269753
1.242200
1.264951
1.260525
1.285533
1.260521
1.272657
1.256159
1.278479
1.262373
1.258566
1.270401
1.264145
1.289492
1.256068
1.257699
1.256219
1.261108
1.259632
1.269284
1.270894
1.266502
1.267653
1.275859
1.249188
1.243472
1.245901
1.270777
1.259597
1.233393
1.246052
1.267989
1.266984
1.238599
1.232529
1.264736
1.277369
1.278046
1.263103
1.257617
1.264324
1.251095
1.283851
1.269142
1.269058
1.265601
1.249912
1.246407
1.265505
1.246557
1.262265
1.272446
1.261638
1.258320
1.262087
1.257230
1.258689
1.261991
1.256210
1.286168
1.255736
1.265338
1.268312
1.241370
1.240040
1.263929
1.253387
1.276864
1.259843
1.253910
1.259215
1.265413
1.244373
1.260805
1.244209
1.262781
1.268497
1.261387
1.247756
1.257231
1.274836
1.234599
1.277839
1.265615
1.265529
1.230988
1.246319
1.245462
1.231527
1.255929
1.266995
1.238615
1.264693
1.241246
1.243023
1.249273
1.246876
1.256172
1.243773
1.265005
1.251007
1.235612
1.241583
1.249062
1.263662
1.283489
1.256476
1.267197
1.235500
1.260491
1.259644
1.234474
1.270845
1.232908
1.237174
1.258146
1.246271
1.261930
1.230781
1.246170
1.229837
1.245847
1.234799
1.255322
1.242822
1.275269
1.262209
1.243491
1.269138
1.253279
1.273624
1.257675
1.242758
1.258260
1.242741
1.236492
1.259061
1.248770
1.258431
1.247986
1.243150
1.250563
1.269252
1.261325
1.259269
1.259333
1.250434
1.225095
1.238931
1.263060
1.244130
1.233899
1.257809
1.238349
1.221238
1.256636
1.236861
1.240308
1.240681
1.234911
1.229115
1.246537
1.230491
1.254567
1.258259
1.248015
1.247318
1.239596
1.255789
1.247664
1.237804
1.260048
1.232716
1.246552
1.247073
1.249718
1.248568
1.249390
1.259271
1.264885
1.253363
1.258851
1.237985
1.245368
1.261436
1.231439
1.256296
1.235559
1.252347
1.244078
1.241708
1.267829
1.250630
1.241291
1.229736
1.263584
1.247248
1.251843
1.232914
1.223299
1.229520
1.229126
1.265929
1.257468
1.235291
1.236118
1.251486
1.236704
1.229434
1.224280
1.242364
1.229783
1.241427
1.251004
1.255719
1.245397
1.231026
1.243100
1.227483
1.248505
1.251122
1.226913
1.235068
1.215506
1.229402
1.266335
1.256717
1.243259
1.262048
1.214675
1.260822
1.231831
1.234935
1.216333
1.245941
1.239515
1.216224
1.226569
1.228617
1.246538
1.217874
1.226977
1.233583
1.245572
1.251626
1.230427
1.227750
1.254186
1.229398
1.264689
1.239214
1.234136
1.233743
1.253481
1.230074
1.236495
1.238366
1.233895
1.233048
1.216503
1.234833
1.236252
1.216543
1.234711
1.241546
1.236490
1.226106
1.244269
1.247317
1.213466
1.219042
1.217271
1.248289
1.221824
1.241676
1.243530
1.201749
1.250801
1.237255
1.223868
1.226053
1.230502
1.238988
1.228203
1.219613
1.222564
1.236067
1.206947
1.237683
1.223415
1.248394
1.217152
1.229645
1.224414
1.212302
1.228464
1.244708
1.226015
1.244967
1.251995
1.228456
1.222926
1.221623
1.232693
1.237395
1.222408
1.193527
1.258605
1.225457
1.245715
1.226630
1.208321
1.232907
1.220312
1.230621
1.236516
1.227580
1.235283
1.245605
1.230905
1.224500
1.228618
1.234665
1.221055
1.236716
1.214208
1.233692
1.222947
1.227816
1.211867
1.206445
1.225134
1.217352
1.234825
1.235177
1.244581
1.219248
1.226975
1.233160
1.227537
1.248675
1.223900
1.223356
1.229106
1.209426
1.209638
1.241016
1.205348
1.221142
1.236581
1.222007
1.243640
1.243249
1.223376
1.207289
1.226181
1.234578
1.202297
1.214336
1.240658
1.218365
1.219474
1.220730
1.221835
1.216186
1.227027
1.213287
1.219660
1.212648
1.216168
1.223119
1.236846
1.233494
1.224030
1.222143
1.228755
1.200697
1.222008
1.222510
1.221818
1.219780
1.207659
1.227046
1.214700
1.218204
1.218109
1.232297
1.236630
1.222007
1.216083
1.216437
1.236979
1.223710
1.216901
1.235362
1.209811
1.243683
1.203591
1.232615
1.203706
1.232422
1.199281
1.234880
1.219381
1.197181
1.204801
1.225632
1.223756
1.224846
1.228597
1.231598
1.214737
1.214193
1.223029
1.220260
1.200388
1.217241
1.232977
1.219429
1.219630
1.210139
1.220180
1.206801
1.221173
1.221076
1.225714
1.206270
1.209470
1.214151
1.210773
1.219161
1.185835
1.229304
1.208297
1.209546
1.191541
1.217542
1.219816
1.223414
1.219622
1.223662
1.216909
1.209076
1.202696
1.216617
1.224941
1.205255
1.204261
1.195602
1.227635
1.214997
1.208357
1.209899
1.209654
1.218751
1.221309
1.241963
1.220524
1.196455
1.200112
1.233132
1.220721
1.207889
1.220230
1.207248
1.192323
1.211215
1.210524
1.207158
1.222728
1.209638
1.203888
1.197213
1.200858
1.208951
1.215660
1.209794
1.204944
1.223744
1.207869
1.207326
1.226372
1.210096
1.247461
1.196504
1.222756
1.204067
1.213004
1.226258
1.208373
1.207979
1.211134
1.196028
1.208276
1.200013
1.200660
1.216678
1.210690
1.196043
1.216527
1.219068
1.210738
1.191467
1.220525
1.213239
1.226741
1.203889
1.223045
1.210635
1.204187
1.188592
1.207980
1.206995
1.195625
1.208568
1.204039
1.193393
1.211214
1.175312
1.185769
1.227987
1.220474
1.208216
1.195985
1.195292
1.211005
1.234743
1.209630
1.214222
1.198067
1.237353
1.212604
1.210306
1.204913
1.218875
1.211765
1.219983
1.187159
1.210585
1.211803
1.182825
1.204412
1.199593
1.198016
1.204848
1.216018
1.207292
1.190946
1.204007
1.190005
1.195249
1.185636
1.196974
1.204536
1.182204
1.220380
1.194950
1.180113
1.216739
1.213146
1.197212
1.224251
1.207881
1.215069
1.207534
1.212539
1.192920
1.190747
1.205668
1.207029
1.191190
1.201702
1.188620
1.207647
1.204916
1.196597
1.205445
1.205490
1.201145
1.204850
1.189453
1.207421
1.206152
1.211437
1.190533
1.185399
1.197110
1.186238
1.205398
1.190033
1.187863
1.202905
1.186331
1.197286
1.202600
1.184847
1.188298
1.193945
1.206712
1.210675
1.206944
1.175326
1.200182
1.196275
1.206535
1.216705
1.178107
1.211881
1.194450
1.197571
1.202432
1.180727
1.185511
1.210397
1.185753
1.194034
1.197883
1.189281
1.179137
1.191136
1.184115
1.198103
1.174577
1.182189
1.190923
1.205835
1.202251
1.194718
1.195492
1.217670
1.198059
1.197520
1.186587
1.194252
1.167865
1.180241
1.168263
1.182253
1.178461
1.185290
1.185776
1.175790
1.182484
1.195126
1.178299
1.190105
1.164277
1.191216
1.183641
1.193346
1.204269
1.196052
1.184703
1.205113
1.180973
1.179841
1.199745
1.177279
1.196494
1.194793
1.204099
1.202264
1.190992
1.181233
1.180397
1.189372
1.195378
1.183320
1.193575
1.195794
1.202628
1.196022
1.232868
1.191316
1.178202
1.191691
1.188678
1.190176
1.188909
1.181213
1.199137
1.213944
1.196618
1.176842
1.182749
1.190658
1.209851
1.185214
1.172801
1.179895
1.172892
1.167329
1.199903
1.179338
1.183034
1.179279
1.194151
1.170557
1.182622
1.185577
1.198060
1.195795
1.202733
1.190821
1.180398
1.205566
1.212015
1.175117
1.182318
1.185123
1.197301
1.184189
1.178843
1.193677
1.193572
1.178533
1.183961
1.188350
1.173252
1.182633
1.179182
1.179807
1.184063
1.189169
1.174097
1.191268
1.180888
1.166601
1.170023
1.178104
1.193047
1.181676
1.168291
1.176232
1.191476
1.187914
1.164941
1.167042
1.166205
1.180262
1.160109
1.178311
1.189917
1.167156
1.166320
1.185134
1.193372
1.183914
1.184964
1.171509
1.175338
1.180313
1.181511
1.171677
1.161321
1.190271
1.201021
1.164096
1.170574
1.174691
1.195324
1.186478
1.189675
1.163035
1.194329
1.188498
1.174395
1.194010
1.184733
1.189795
1.185385
1.179084
1.177099
1.175402
1.175442
1.175482
1.195618
1.182201
1.180079
1.172308
1.177848
1.178465
1.185408
1.181855
1.195334
1.176022
1.185127
1.163759
1.176139
1.176467
1.171589
1.182158
1.166151
1.163132
1.159375
1.184459
1.177314
1.182813
1.171038
1.170498
1.156553
1.162733
1.167283
1.168048
1.177476
1.181103
1.185576
1.180604
1.186219
1.168431
1.176264
1.183757
1.163181
1.163803
1.164569
1.176309
1.162179
1.173939
1.155699
1.180902
1.185222
1.193069
1.183154
1.160571
1.181227
1.163991
1.174996
1.159859
1.163964
1.170938
1.170400
1.157400
1.181228
1.166475
1.189545
1.192832
1.147370
1.178408
1.166522
1.168868
1.152662
1.177551
1.186415
1.177480
1.184212
1.165924
1.178016
1.181757
1.193118
1.171397
1.162939
1.182749
1.184628
1.171687
1.185688
1.187985
1.177371
1.178404
1.182988
1.150079
1.204977
1.160614
1.150638
1.189801
1.197278
1.169114
1.165561
1.167609
1.149276
1.176116
1.157489
1.176328
1.166213
1.166249
1.177001
1.167756
1.171084
1.168115
1.157795
1.162878
1.180044
1.181918
1.168437
1.153211
1.180319
1.166827
1.169294
1.164176
1.166219
1.166254
1.159831
1.162742
1.179169
1.169397
1.175834
1.161596
1.152841
1.168823
1.149006
1.153966
1.157465
1.144472
1.163568
1.156568
1.163353
1.164676
1.164712
1.154843
1.184478
1.166530
1.156394
1.167597
1.181369
1.159663
1.171397
1.158156
1.151571
1.163668
1.162274
1.172697
1.174712
1.157367
1.190363
1.164732
1.182868
1.166794
1.174624
1.137921
1.163906
1.164937
1.142838
1.178026
1.158761
1.168908
1.180369
1.159009
1.165884
1.174270
1.149932
1.158719
1.151588
1.177494
1.165659
1.169518
1.180253
1.159640
1.179894
1.174867
1.172645
1.145723
1.175523
1.159132
1.168395
1.141102
1.173115
1.153842
1.169230
1.154055
1.155519
1.160115
1.161285
1.166563
1.151796
1.159253
1.148711
1.171627
1.165734
1.168449
1.152004
1.156607
1.170234
1.146950
1.156850
1.160153
1.160043
1.152531
1.161102
1.167494
1.164986
1.154094
1.159530
1.170853
1.168072
1.153658
1.141518
1.156571
1.142884
1.148941
1.176522
1.148867
1.147757
1.164829
1.155664
1.142270
1.154451
1.154058
1.175916
1.166422
1.163637
1.152625
1.147813
1.150984
1.163056
1.162383
1.159026
1.161599
1.155977
1.160674
1.154340
1.159889
1.155113
1.148895
1.148643
1.166903
1.151696
1.161203
1.152187
1.158727
1.164527
1.147736
1.146344
1.164757
1.145841
1.158066
1.144481
1.153891
1.131639
1.181765
1.153561
1.148206
1.167819
1.132682
1.160593
1.173059
1.144955
1.168520
1.146443
1.147896
1.154862
1.144123
1.141305
1.162122
1.160048
1.137977
1.164029
1.147159
1.159325
1.137826
1.148955
1.157729
1.152127
1.159612
1.141843
1.147697
1.170717
1.155237
1.146375
1.149378
1.154905
1.156761
1.135831
1.169796
1.149955
1.143051
1.139956
1.136712
1.145839
1.149403
1.149151
1.151436
1.153013
1.148537
1.149977
1.136261
1.135866
1.181326
1.157116
1.143917
1.151423
1.137738
1.166838
1.170602
1.172561
1.151992
1.134482
1.159465
1.134975
1.156590
1.152839
1.151326
1.146574
1.150963
1.150150
1.150881
1.147679
1.150939
1.162965
1.160074
1.161630
1.146420
1.154860
1.143804
1.148897
1.147241
1.157899
1.144487
1.148873
1.152122
1.138650
1.145168
1.146603
1.143257
1.159783
1.156474
1.154133
1.140417
1.159611
1.170269
1.142620
1.141100
1.147593
1.148601
1.132424
1.163116
1.144201
1.144370
1.146082
1.135129
1.148099
1.148686
1.155818
1.145524
1.146393
1.160193
1.126120
1.146477
1.158333
1.147092
1.150609
1.149102
1.129579
1.137807
1.143595
1.148515
1.149796
1.143539
1.145805
1.135166
1.145162
1.144351
1.124919
1.137114
1.146529
1.130968
1.147699
1.147029
1.146777
1.139394
1.156129
1.140292
1.124379
1.147330
1.148609
1.147801
1.130450
1.140320
1.139088
1.133077
1.137883
1.149487
1.151316
1.132207
1.119491
1.131562
1.144197
1.144503
1.124303
1.137015
1.121385
1.142938
1.143801
1.139365
1.145523
1.142628
1.135109
1.149207
1.147154
1.137712
1.131854
1.145011
1.140586
1.122774
1.131967
1.136758
1.131322
1.148076
1.139213
1.133230
1.148567
1.151490
1.147095
1.141295
1.138955
1.145095
1.132304
1.136526
1.138644
1.127335
1.133394
1.117223
1.144441
1.117426
1.144907
1.124833
1.145095
1.144014
1.116017
1.123539
1.118202
1.142176
1.134278
1.143472
1.137812
1.143246
1.117814
1.142742
1.133601
1.138913
1.133933
1.140628
1.125876
1.134986
1.151726
1.138234
1.130605
1.123348
1.128842
1.137226
1.141820
1.141154
1.134247
1.142170
1.131515
1.119918
1.139480
1.131037
1.121409
1.130950
1.139441
1.122475
1.139214
1.129940
1.143126
1.129993
1.120789
1.129070
1.151175
1.126891
1.144643
1.129453
1.120955
1.135197
1.128556
1.135662
1.145331
1.121933
1.121540
1.153053
1.150348
1.115585
1.155158
1.132537
1.145788
1.134802
1.125525
1.130002
1.145330
1.132825
1.118784
1.126212
1.130128
1.124732
1.099681
1.155427
1.122301
1.139912
1.145826
1.129471
1.123939
1.140004
1.132590
1.124434
1.126683
1.138585
1.122143
1.131329
1.127061
1.137303
1.127943
1.136662
1.125218
1.146016
1.130669
1.123905
1.135815
1.122704
1.138607
1.119693
1.125973
1.140044
1.131550
1.140909
1.123437
1.107526
1.126674
1.132081
1.131554
1.129785
1.126909
1.131348
1.126819
1.120884
1.135265
1.119823
1.109794
1.122511
1.138093
1.132221
1.130731
1.135011
1.135718
1.139976
1.140679
1.122153
1.108100
1.144008
1.141853
1.115864
1.144340
1.122437
1.124396
1.123453
1.149699
1.112673
1.126696
1.118704
1.108839
1.113611
1.126514
1.140762
1.118965
1.107711
1.135376
1.126766
1.123622
1.107117
1.121184
1.129054
1.121922
1.120565
1.102905
1.130376
1.119530
1.117756
1.130578
1.117942
1.127197
1.138684
1.117184
1.113188
1.139151
1.111431
1.127741
1.111481
1.129017
1.138709
1.134653
1.130994
1.120870
1.140414
1.112347
1.119285
1.134232
1.119883
1.137261
1.105934
1.124348
1.118735
1.126583
1.114225
1.114802
1.124320
1.109170
1.137573
1.136509
1.109659
1.133836
1.128413
1.123240
1.105310
1.119992
1.121935
1.134769
1.129356
1.131009
1.125579
1.121770
1.127803
1.118933
1.109026
1.106137
1.113082
1.108266
1.124245
1.110389
1.122921
1.117600
1.119954
1.128572
1.117666
1.130785
1.105015
1.121840
1.105202
1.096873
1.131425
1.122470
1.135653
1.115530
1.119253
1.119822
1.111471
1.125591
1.121660
1.103108
1.122384
1.115294
1.124876
1.112454
1.123011
1.120168
1.109493
1.110479
1.122820
1.126373
1.108618
1.133712
1.131842
1.120197
1.116531
1.122960
1.108753
1.112486
1.148947
1.128867
1.128345
1.123758
1.110948
1.127455
1.113048
1.107990
1.121684
1.118575
1.120228
1.127433
1.118499
1.127875
1.097096
1.114605
1.112165
1.123623
1.107408
1.114415
1.095018
1.098509
1.113794
1.115861
1.107675
1.107560
1.118642
1.107603
1.132854
1.107646
1.107530
1.105355
1.115088
1.119186
1.106930
1.114468
1.117751
1.113827
1.107837
1.133309
1.116607
1.107079
1.121794
1.125590
1.114239
1.134211
1.104992
1.114162
1.114182
1.091818
1.125850
1.110020
1.123327
1.117806
1.114163
1.098452
1.124745
1.116392
1.127869
1.126007
1.096082
1.111854
1.097504
1.117723
1.104412
1.115053
1.103769
1.116986
1.123207
1.131262
1.099054
1.108104
1.098822
1.102683
1.119274
1.105321
1.114853
1.120001
1.105381
1.123665
1.114927
1.105850
1.116180
1.107116
1.107680
1.107019
1.102949
1.094884
1.106533
1.116306
1.121437
1.131608
1.093754
1.103227
1.101745
1.104629
1.110352
1.124100
1.109441
1.097060
1.105135
1.113958
1.116402
1.092202
1.102899
1.112816
1.106744
1.116354
1.116371
1.116926
1.109123
1.101811
1.108348
1.097211
1.118085
1.095337
1.107745
1.118270
1.088397
1.108746
1.121397
1.107566
1.102840
1.106114
1.102199
1.109935
1.099653
1.120173
1.108774
1.104870
1.092221
1.107612
1.113422
1.113036
1.105504
1.112398
1.095215
1.096189
1.118078
1.107350
1.106828
1.117457
1.092876
1.112265
1.112416
1.108938
1.107473
1.086126
1.101428
1.095606
1.085365
1.104053
1.118299
1.101520
1.122721
1.093134
1.111542
1.115307
1.104583
1.098107
1.097447
1.087377
1.104518
1.091244
1.087164
1.084717
1.102160
1.092413
1.094473
1.077368
1.086874
1.098870
1.067450
1.105515
1.105936
1.094198
1.107580
1.085783
1.096153
1.102926
1.112062
1.099184
1.097715
1.082617
1.112792
1.100469
1.101161
1.093335
1.107508
1.124932
1.112751
1.087289
1.111315
1.112929
1.120113
1.096865
1.096072
1.106850
1.099885
1.096395
1.096953
1.100878
1.099010
1.109483
1.106560
1.104032
1.094086
1.103126
1.088022
1.097918
1.086155
1.099970
1.082649
1.098793
1.097599
1.095325
1.100321
1.088053
1.099548
1.086868
1.101191
1.101878
1.086380
1.098019
1.106336
1.102343
1.088082
1.099830
1.102658
1.102005
1.107891
1.108305
1.085206
1.104338
1.082796
1.121182
1.104251
1.099990
1.092753
1.103496
1.092248
1.088620
1.088638
1.091355
1.098762
1.101986
1.086273
1.105614
1.084819
1.080764
1.100861
1.100208
1.103291
1.089503
1.103720
1.104267
1.085909
1.082405
1.101915
1.094042
1.095533
1.096218
1.096368
1.081021
1.087263
1.085255
1.093484
1.098984
1.097931
1.096209
1.087500
1.088863
1.089687
1.085258
1.098022
1.107202
1.083959
1.092854
1.081695
1.100892
1.098778
1.095992
1.090386
1.096956
1.086117
1.098585
1.110250
1.092877
1.096764
1.100637
1.107137
1.093339
1.087325
1.088013
1.082781
1.103503
1.096482
1.088747
1.073643
1.104615
1.087051
1.107807
1.090566
1.109542
1.090597
1.082291
1.085402
1.100886
1.105260
1.083703
1.096817
1.086421
1.098835
1.109402
1.087406
1.088358
1.082607
1.095321
1.090942
1.088954
1.088702
1.092585
1.079879
1.094609
1.072887
1.093973
1.098363
1.084527
1.085614
1.094826
1.089519
1.087398
1.079369
1.078174
1.085840
1.072672
1.096512
1.090021
1.077313
1.086984
1.092457
1.099485
1.093546
1.090639
1.090520
1.096368
1.099285
1.095865
1.087249
1.082590
1.106822
1.088757
1.095270
1.085723
1.115726
1.068550
1.098884
1.087379
1.090052
1.090596
1.086890
1.107599
1.086386
1.082400
1.106456
1.079086
1.090691
1.076972
1.090056
1.093245
1.087031
1.079445
1.092888
1.115651
1.088944
1.083243
1.085121
1.080738
1.073788
1.079164
1.102582
1.082263
1.060474
1.092765
1.092118
1.079253
1.080602
1.086601
1.083028
1.077442
1.073170
1.083469
1.097217
1.083630
1.083511
1.077931
1.084202
1.094255
1.070072
1.079057
1.076669
1.079085
1.080032
1.084695
1.097356
1.082068
1.080088
1.064965
1.080648
1.080928
1.082137
1.076296
1.071765
1.090107
1.073134
1.066710
1.073565
1.086069
1.077063
1.067446
1.080945
1.070562
1.073920
1.071395
1.081794
1.082867
1.080495
1.067301
1.074140
1.087274
1.070429
1.065214
1.086521
1.080721
1.070354
1.094169
1.073454
1.074001
1.067201
1.090023
1.089116
1.103603
1.075002
1.054476
1.076757
1.069446
1.075323
1.081827
1.058752
1.075231
1.070453
1.078705
1.078718
1.084537
1.095026
1.064777
1.077446
1.084190
1.069367
1.072976
1.079217
1.071008
1.073149
1.074092
1.088733
1.075974
1.081271
1.066826
1.069241
1.075761
1.092585
1.095328
1.085810
1.080829
1.078732
1.099258
1.065487
1.066035
1.091234
1.087720
1.069008
1.066225
1.075927
1.068916
1.059717
1.069474
1.065362
1.090414
1.075738
1.073372
1.068479
1.082484
1.086553
1.076591
1.077789
1.078195
1.066699
1.082552
1.090785
1.072440
1.088332
1.072201
1.075382
1.086929
1.080402
1.057081
1.095011
1.078467
1.087762
1.064348
1.072710
1.075095
1.066249
1.067854
1.053862
1.073694
1.069084
1.066580
1.080557
1.067401
1.065426
1.074160
1.076406
1.074052
1.058693
1.067081
1.059921
1.080654
1.081187
1.049924
1.074922
1.077688
1.088644
1.065727
1.070100
1.081521
1.062318
1.081281
1.066319
1.067653
1.080398
1.069788
1.073745
1.071523
1.069955
1.072072
1.068134
1.078252
1.076040
1.076574
1.070420
1.089462
1.073595
1.058424
1.072305
1.086523
1.061516
1.081221
1.079799
1.070130
1.072896
1.086706
1.069375
1.065833
1.078426
1.069015
1.090363
1.065880
1.055566
1.078866
1.063146
1.075759
1.085380
1.066346
1.071084
1.065052
1.072022
1.068888
1.059940
1.081948
1.062211
1.076511
1.062631
1.077181
1.084451
1.069107
1.063074
1.068867
1.079697
1.076199
1.053995
1.065368
1.061695
1.078835
1.075077
1.075477
1.070924
1.059116
1.063345
1.095353
1.066649
1.046551
1.065753
1.078667
1.081909
1.062504
1.075711
1.066594
1.056343
1.068315
1.075489
1.079773
1.073689
1.062200
1.060897
1.080969
1.061445
1.065260
1.067886
1.066197
1.074284
1.063469
1.069231
1.059421
1.074061
1.086066
1.069791
1.048100
1.044652
1.067084
1.067615
1.065276
1.052140
1.062026
1.062560
1.063618
1.082682
1.058658
1.072114
1.062875
1.057114
1.069025
1.075644
1.069693
1.067883
1.056119
1.074127
1.079295
1.057466
1.054717
1.039080
1.064042
1.084466
1.070045
1.067587
1.048584
1.060436
1.056515
1.066715
1.069969
1.065693
1.060618
1.055651
1.060638
1.065601
1.054896
1.067438
1.067837
1.069271
1.061352
1.049424
1.066965
1.077944
1.060087
1.053025
1.068167
1.060247
1.065592
1.069229
1.042787
1.061850
1.063941
1.059915
1.054696
1.061107
1.067607
1.057083
1.068142
1.067245
1.057766
1.066744
1.075260
1.059230
1.069483
1.053240
1.061341
1.068992
1.070934
1.063446
1.072622
1.049763
1.043716
1.071873
1.049664
1.062203
1.047847
1.053365
1.070110
1.072817
1.043809
1.065621
1.063560
1.067573
1.051736
1.073374
1.062688
1.046916
1.056084
1.061160
1.058574
1.055591
1.053254
1.054699
1.068818
1.065606
1.069090
1.068969
1.055528
1.062023
1.056976
1.056986
1.060625
1.044725
1.049062
1.061685
1.050651
1.063896
1.043728
1.042161
1.054209
1.053697
1.058380
1.065746
1.052294
1.060476
1.056730
1.060363
1.045409
1.056757
1.067467
1.059492
1.053799
1.049121
1.052907
1.066477
1.061210
1.057602
1.053593
1.052563
1.070736
1.066263
1.044898
1.052080
1.047401
1.056376
1.055478
1.061939
1.063875
1.041958
1.044587
1.058750
1.070046
1.065193
1.057225
1.052316
1.056725
1.053112
1.070211
1.051054
1.048335
1.059214
1.061536
1.058586
1.049930
1.050848
1.056805
1.062086
1.042805
1.059017
1.048296
1.058904
1.052721
1.062384
1.060339
1.061372
1.053916
1.056375
1.055996
1.041998
1.049681
1.078195
1.050216
1.061812
1.060409
1.045051
1.052705
1.054390
1.057614
1.070770
1.061347
1.046664
1.061232
1.042131
1.053413
1.051099
1.048133
1.039953
1.058583
1.053838
1.052557
1.062057
1.041564
1.044043
1.053618
1.053754
1.041470
1.049645
1.050685
1.036804
1.051216
1.046705
1.049298
1.062387
1.054076
1.046608
1.049974
1.039749
1.048699
1.040678
1.043802
1.059119
1.042782
1.046027
1.042928
1.054026
1.039310
1.052243
1.047745
1.048784
1.055853
1.059053
1.057272
1.042357
1.050623
1.053197
1.049094
1.045364
1.051550
1.043571
1.028342
1.033325
1.029411
1.056064
1.067374
1.050316
1.050323
1.054300
1.036906
1.047903
1.064114
1.052280
1.065136
1.041874
1.051915
1.048203
1.045252
1.055512
1.032832
1.049130
1.045282
1.051193
1.057579
1.039498
1.038082
1.038479
1.036803
1.038754
1.062557
1.034102
1.057369
1.044591
1.054326
1.054587
1.050510
1.033635
1.052310
1.039222
1.053852
1.041302
1.050675
1.052213
1.043384
1.047881
1.042627
1.036959
1.044954
1.047267
1.042141
1.066053
1.052265
1.048700
1.049983
1.063426
1.059392
1.039489
1.053317
1.036279
1.047210
1.048366
1.041070
1.038117
1.055507
1.041348
1.040199
1.053112
1.026365
1.043813
1.043948
1.039977
1.047922
1.052890
1.035879
1.036660
1.047053
1.028266
1.034103
1.051144
1.046949
1.027911
1.058877
1.046712
1.053073
1.032865
1.051688
1.040857
1.050303
1.034960
1.044457
1.045484
1.056776
1.046897
1.056659
1.017869
1.040403
1.044372
1.025199
1.038501
1.045026
1.029501
1.035312
1.052531
1.044922
1.061604
1.044933
1.044430
1.039457
1.050662
1.032152
1.042541
1.043949
1.044209
1.046630
1.045492
1.044098
1.032975
1.033496
1.046656
1.039404
1.046413
1.046164
1.054133
1.031738
1.053259
1.039313
1.041104
1.034591
1.038948
1.048863
1.058934
1.031280
1.051780
1.032707
1.035021
1.038479
1.029901
1.053311
1.037858
1.025798
1.037487
1.049296
1.041321
1.053711
1.025449
1.035346
1.041850
1.055983
1.040209
1.046806
1.034226
1.045803
1.032191
1.056003
1.048594
1.050990
1.039997
1.035036
1.042038
1.048615
1.049878
1.020281
1.032511
1.028545
1.039277
1.026503
1.033557
1.039039
1.023692
1.034468
1.035494
1.050798
1.038684
1.044259
1.019477
1.028752
1.033361
1.033367
1.035538
1.046050
1.053083
1.031731
1.049330
1.028419
1.027529
1.038115
1.038627
1.050977
1.034193
1.035215
1.034458
1.038778
1.033578
1.034220
1.021045
1.033085
1.042086
1.027227
1.038684
1.045498
1.026862
1.046384
1.020587
1.039844
1.026247
1.043257
1.032509
1.045652
1.033663
1.045785
1.041639
1.024627
1.029359
1.024767
1.028478
1.036232
1.035983
1.036368
1.034600
1.029780
1.029531
1.039920
1.042692
1.035510
1.041442
1.037161
1.054693
1.034516
1.024475
1.039574
1.041213
1.042974
1.027941
1.032391
1.031635
1.025027
1.041611
1.031777
1.048000
1.026961
1.037098
1.025571
1.044888
1.016368
1.028386
1.040889
1.037877
1.033594
1.027771
1.034108
1.026892
1.034873
1.027029
1.035386
1.030464
1.035142
1.024889
1.033637
1.039804
1.034401
1.019682
1.032770
1.044319
1.037436
1.029497
1.013689
1.033421
1.031786
1.032547
1.044337
1.030030
1.061527
1.016556
1.030801
1.031941
1.035343
1.053902
1.035727
1.028043
1.027161
1.016733
1.015844
1.020701
1.031725
1.021093
1.037008
1.024280
1.045622
1.021242
1.049841
1.024679
1.017691
1.032514
1.019105
1.027607
1.036163
1.028121
1.025471
1.025349
1.031156
1.023459
1.027384
1.025114
1.036562
1.013935
1.031555
1.029798
1.019814
1.025267
1.033325
1.022113
1.025280
1.039457
1.010919
1.028066
1.028825
1.026184
1.022904
1.037851
1.027330
1.027963
1.014033
1.023558
1.016845
1.041844
1.020535
1.034378
1.016993
1.038497
1.031634
1.021823
1.033267
1.006551
1.033397
1.039877
1.023360
1.019953
1.028400
1.029156
1.045331
1.030791
1.024644
1.022757
1.020236
1.039399
1.025036
1.014293
1.031187
1.032938
1.027311
1.033068
1.015080
1.029450
1.044605
1.025696
1.022808
1.036566
1.021178
1.023071
1.039547
1.036449
1.045966
1.026099
1.012981
1.016028
1.005344
1.007139
1.022475
1.008681
1.031493
1.033611
1.006912
1.019850
1.016700
1.032127
1.015697
1.018731
1.023137
1.017604
1.011154
1.022269
1.014838
1.012691
1.025662
1.016493
1.018640
1.020908
1.031657
1.004071
1.026428
1.024306
1.034395
1.014000
1.022060
1.027315
1.022192
1.008317
1.029688
1.023328
1.029319
1.013781
1.018069
1.021963
1.024217
1.031689
1.031939
1.019594
1.033428
1.025853
1.023359
1.009398
1.016093
1.027481
1.011056
1.023872
1.041077
1.009298
1.012210
1.004232
1.017377
1.011212
1.011468
1.012103
1.025762
1.013246
1.011737
1.017651
1.033824
1.026022
1.032221
1.009990
1.033088
1.031112
1.013908
1.023919
1.018930
1.017431
1.012035
1.006864
1.015686
1.024305
1.012427
1.021695
1.016200
1.020453
1.007526
1.028904
1.027173
1.024694
1.026308
1.013212
1.022587
1.027304
1.018854
1.023960
1.019233
1.019609
1.021480
1.011103
1.015120
1.028675
1.021364
1.022733
1.022859
1.018132
1.009745
1.030654
1.016642
1.021751
1.009130
1.014401
1.034344
1.009518
1.023744
1.020395
1.027827
1.013542
1.016667
1.031523
1.010169
1.029187
1.027216
1.006786
1.011810
1.013439
1.023143
1.010942
1.020047
1.021289
1.005301
1.004549
1.033733
1.015954
1.027103
1.006074
1.018572
1.025380
1.005330
1.019694
1.013353
1.019325
1.009358
1.032998
1.026495
1.021436
1.021809
1.019954
1.004358
1.007626
1.007253
1.012631
1.004498
1.013757
1.012388
1.008144
1.014012
1.020833
1.008778
1.030427
1.026258
1.024044
1.013278
1.014399
1.007794
1.033724
1.034332
1.015027
1.019364
1.022203
1.012423
1.000288
1.014912
1.011310
1.020358
1.013676
1.018014
1.015292
1.010947
1.010078
1.006462
1.017896
1.011204
1.016291
1.022090
1.008721
1.018149
1.009846
0.993793
1.009850
1.031271
1.010724
1.004994
1.002244
1.016058
1.007995
1.015195
1.018652
1.010986
0.999629
1.020501
1.016806
1.014955
1.022835
1.012607
1.011246
1.032473
1.001908
1.016690
1.022345
1.010014
1.006411
1.013855
1.004547
1.003177
0.996541
1.005426
0.993906
0.998809
1.020385
1.012134
1.007799
1.012384
1.005192
1.023080
1.018792
1.014733
1.000962
1.008431
1.015597
1.000345
1.021122
1.014122
1.004963
0.996350
1.001979
1.002605
1.014741
1.009560
1.009808
1.006466
1.018427
1.019897
1.007463
1.015483
1.019897
1.011915
0.998639
1.007965
1.002881
1.009821
1.012412
1.006856
1.006734
1.006488
0.999656
1.017571
1.003393
1.005255
1.003272
0.997548
1.013893
1.021966
1.007365
1.000174
1.003654
1.005885
1.008234
1.001177
0.997569
1.001429
1.012177
1.017324
0.998948
1.008240
1.012670
1.017934
1.008859
1.008860
1.013162
1.012058
1.000455
1.017321
1.014754
1.018906
0.998474
0.997481
1.020486
1.011937
1.002203
1.011692
1.002825
0.992257
1.006777
0.998367
1.016340
1.006163
1.015484
1.018287
1.010222
0.995270
0.993403
1.006660
1.013284
0.989287
0.997890
1.011571
1.002349
1.008998
1.008384
1.001117
1.026266
1.002602
0.995668
1.005068
1.015231
1.011081
1.013402
1.012913
0.999026
1.011080
1.000635
1.018144
1.019840
1.019839
1.009612
0.992834
1.009856
1.001629
1.012054
1.001631
0.983474
0.985107
1.003480
1.002619
0.997191
0.992480
1.000897
0.993974
0.999543
1.005448
0.997693
1.004467
1.011315
1.023429
0.996090
1.002011
1.006918
0.999551
1.013380
1.005326
1.011919
1.004959
1.011309
1.009359
0.989407
1.006060
1.016645
1.001894
0.996106
1.005204
1.005204
0.990787
1.009963
0.992897
1.004224
1.006791
1.023738
1.006668
0.997226
1.007765
0.994514
0.996982
1.008007
1.001407
0.990064
0.994272
0.997724
0.995631
0.974076
1.011526
1.009097
1.000673
1.014550
1.016119
0.986853
0.994651
1.009698
1.004097
0.988473
0.995640
0.993299
1.001652
0.996871
1.007018
1.003362
1.005800
