Starting the test of the hash function Jenkins One At A Time Hash with the word lexikon OnlyB
Starting to load map from OnlyB
Loading finished. Loaded 8167 words from file.
Started measuring access times
accessing: Buchstabier-
12291
12089
12570
11687
12196
accessing: beschlagnahmen
14086
14161
14759
13687
13637
accessing: Bestatigungsschreiben
25252
25195
24240
24659
25005
accessing: beteuern
9963
10018
10154
10058
10003
Finished measuring access times
Starting to calculate: 8167 Collisions
14.500000
52.753094
14.411367
32.842655
28.097548
30.475818
26.652568
42.413601
19.849685
14.411887
16.038798
27.824046
29.867821
21.168740
20.633616
17.239008
24.560143
20.326967
14.765754
22.980125
16.289796
18.617227
14.527213
20.309052
19.319832
18.507997
17.822645
15.931781
14.784414
16.275528
13.885096
15.362531
13.004025
14.475482
13.593611
13.363218
16.271353
15.111072
12.852796
15.154842
15.359505
13.356290
12.699706
15.271793
13.982453
12.836472
12.303437
13.808291
14.300503
10.519859
12.047045
11.916794
13.697709
11.793485
13.497059
11.131990
9.865399
12.072105
9.035286
10.434964
9.632220
11.662314
11.560462
11.177492
11.055385
10.073068
9.434199
9.489844
10.281358
13.313100
10.019185
10.537533
10.722009
10.378919
11.179682
10.752635
10.258341
10.197175
9.489723
10.532478
9.938665
10.393394
11.483271
7.488362
9.296721
9.596221
8.952981
9.772723
10.454729
9.724325
9.948895
9.521844
8.598437
8.955390
8.546740
9.700291
9.979514
9.354277
9.026688
8.982965
8.127971
8.279852
8.296149
8.355188
8.928840
8.721845
8.320788
8.720646
8.749220
7.291300
8.801520
8.037795
8.340482
8.979186
7.665393
8.310471
9.352650
8.189833
7.457989
8.072117
7.483642
8.911252
7.391511
9.385899
8.206077
8.120657
8.649475
6.961465
7.768244
8.511125
7.578284
7.508429
6.924235
8.479932
7.317706
8.799675
8.196178
7.637320
6.908184
7.326306
8.122076
7.842064
7.447654
7.400729
7.152184
7.768880
7.393420
7.254130
7.221760
6.652132
7.442738
7.302078
8.039205
6.473338
6.914129
7.657037
7.199597
7.776291
6.846849
7.289904
7.491267
6.939364
7.244156
7.199852
7.197908
6.779004
7.719738
7.205808
6.165708
6.761246
6.926922
7.228919
6.544413
6.166628
6.735404
6.695757
7.500008
6.923332
6.334237
6.819425
6.619192
6.285873
6.842007
6.238095
6.209361
6.751154
6.424006
6.206983
6.748471
6.126469
6.497493
7.033495
6.838015
6.398031
6.880705
6.274954
6.682887
6.317272
6.760753
6.145320
6.008875
6.058873
5.901462
6.125392
6.085607
6.520615
6.176279
6.732331
5.814793
6.143537
5.975927
6.735785
6.397019
6.094969
6.291241
6.300552
5.694922
5.854123
5.960356
6.046407
5.866783
5.918110
6.032515
6.127914
5.591059
5.844870
5.994013
5.927918
6.022957
6.126690
5.751866
5.882754
6.120143
5.471662
6.016345
5.749654
5.852302
5.845274
5.709202
6.202655
5.915948
5.815355
5.856480
5.787585
5.975982
6.318459
5.160268
6.057940
6.417926
5.585407
6.124016
5.467502
5.755864
5.106247
5.732500
5.320966
5.117343
5.724860
5.359020
5.731499
5.637684
5.353388
5.180055
5.553617
5.519459
5.417644
5.098587
6.084297
5.903663
5.431882
5.231698
5.312596
5.948302
5.874428
5.732799
5.474977
5.502564
5.453386
5.038817
5.246537
5.149045
5.008243
5.346526
5.233597
5.339720
5.600898
5.186174
5.521752
5.153968
5.518404
5.280075
5.544831
5.324385
5.384120
5.140439
5.359233
5.025395
5.264397
4.999346
5.347923
4.950229
5.175900
5.334061
5.054730
5.214205
5.296277
5.531175
5.279181
4.641353
4.835528
4.840171
5.137195
5.524978
5.083219
5.396730
4.705610
5.354984
5.220060
5.068237
4.920927
5.288123
5.213639
4.968774
5.019523
5.051305
4.945515
5.155414
4.858413
5.036871
5.389024
5.359295
4.773876
4.927235
4.696411
5.246151
4.833882
4.690432
4.818893
4.536407
5.108257
4.835325
4.890248
4.980186
4.748146
4.687566
4.914338
4.620249
4.721420
4.657372
4.709458
4.995077
4.807181
4.977133
4.998025
4.873040
4.681622
4.811666
4.703296
4.647440
4.566761
4.912821
4.752482
4.565622
4.843179
4.672576
4.791976
4.630740
4.792297
4.545574
4.937598
4.378658
4.377900
4.575291
4.893160
4.568532
4.468047
4.785413
4.629220
4.747015
4.588493
4.418536
4.680902
4.784244
4.651640
4.739144
4.660535
4.788321
4.503067
4.474900
4.410244
4.944648
4.539109
4.414427
4.746357
4.478043
4.518979
4.676827
4.509905
4.611203
4.567344
4.413592
4.346811
4.244468
4.581206
4.447161
4.827035
4.289431
4.392310
4.281652
4.684749
4.188538
4.307226
4.671363
4.604444
4.277268
4.416350
4.786816
4.493623
4.433568
4.227205
4.132977
4.439786
4.486337
3.978792
4.582189
4.393728
4.631298
4.318174
4.188295
4.513161
4.464653
4.397586
4.354832
4.219256
4.241452
4.362225
4.224345
4.624643
4.263573
4.288910
4.355855
4.212450
4.122020
4.360602
4.239913
4.222621
4.358212
4.133331
4.259114
4.299661
4.241304
4.053894
4.181706
4.274596
4.140439
4.399966
4.266262
4.150580
4.257281
4.499162
4.220889
4.482451
4.112963
4.159812
4.237628
4.101153
4.137041
4.219902
3.873077
4.304653
4.246054
4.120909
3.871876
4.382785
4.160938
4.317326
4.098036
4.119002
3.979871
4.234742
4.405176
4.247028
4.171259
4.313837
4.183160
3.823155
4.123329
4.050905
4.067988
3.958031
4.282247
4.183690
4.265240
4.239247
3.836743
4.111620
4.242044
4.018965
4.247640
3.949150
3.911546
3.967273
4.249638
3.978659
4.153440
4.105856
4.129309
3.933125
3.767483
3.990900
3.986251
3.921183
4.069120
3.672160
3.728595
3.726032
4.006928
3.954178
3.836561
3.993800
3.954588
3.952817
3.999794
3.701118
3.854070
3.814918
3.832539
3.915519
3.903108
4.016716
3.870378
3.877219
4.061983
3.854918
3.842251
4.138352
4.009633
4.005915
3.752700
3.868208
3.915263
3.749796
3.837918
3.861331
3.852127
3.774096
3.945772
3.837685
4.074416
3.809095
3.957168
4.049060
3.938170
3.743347
3.827948
3.910247
3.741454
3.793173
3.610514
3.720725
3.792652
3.715631
3.776745
3.810581
3.598359
3.801167
3.729313
3.635404
3.840151
3.768378
3.684878
3.655379
3.885357
3.816940
3.796604
3.689714
3.678533
3.900439
3.672637
3.763930
3.824855
3.650926
3.812574
3.800606
3.950777
3.734951
3.789040
3.702063
3.864734
3.537000
3.656323
3.897564
3.832263
3.680141
3.717010
3.681611
3.720755
3.530202
3.704168
3.404384
3.813737
3.569166
3.508910
3.653426
3.554660
3.676029
3.721213
3.679119
3.465739
3.792032
3.686278
3.627889
3.783484
3.693963
3.790358
3.556320
3.787729
3.669447
3.469808
3.573424
3.385816
3.636046
3.529671
3.699336
3.624036
3.633442
3.699067
3.466818
3.552366
3.661152
3.627253
3.617128
3.430272
3.610964
3.645226
3.691732
3.558230
3.687590
3.699752
3.490350
3.533351
3.589485
3.589526
3.368417
3.584538
3.474789
3.673620
3.658301
3.514757
3.613725
3.571907
3.470554
3.417307
3.656868
3.685076
3.448490
3.453422
3.509624
3.427288
3.516430
3.580300
3.483174
3.612929
3.382488
3.532988
3.524846
3.521718
3.436401
3.357533
3.478975
3.558443
3.371653
3.416173
3.430657
3.358845
3.560465
3.394769
3.543225
3.338925
3.373248
3.535031
3.586980
3.396451
3.546335
3.475621
3.509266
3.471957
3.359063
3.376495
3.484592
3.361607
3.482167
3.560844
3.436565
3.386464
3.526355
3.335238
3.447362
3.389362
3.276025
3.486423
3.381833
3.502199
3.353251
3.461082
3.365283
3.326855
3.313645
3.319489
3.414543
3.457889
3.246050
3.297098
3.379999
3.333160
3.277210
3.360474
3.540236
3.470564
3.222828
3.378866
3.387525
3.380984
3.499981
3.313275
3.459383
3.233214
3.319716
3.370966
3.240957
3.379247
3.422748
3.376311
3.375150
3.219369
3.301477
3.315347
3.368252
3.168684
3.472983
3.417682
3.313570
3.126932
3.344022
3.187812
3.428101
3.220926
3.204861
3.435077
3.346448
3.375510
3.204440
3.244176
3.327345
3.422157
3.163986
3.356250
3.302165
3.231829
3.284438
3.239426
3.108155
3.204521
3.263104
3.295980
3.353364
3.258440
3.333466
3.332985
3.249687
3.302962
3.247041
3.222064
3.199723
3.386513
3.294658
3.157090
3.038172
3.127693
3.173960
3.233264
3.274179
3.343935
3.196931
3.162497
3.037445
3.197094
3.336580
3.239933
3.234122
3.087112
3.227828
3.191239
3.250886
3.301281
3.249227
3.177139
3.237722
3.203931
3.286227
3.149646
3.117785
3.090859
3.180296
3.107023
3.198772
3.028665
3.107802
3.262102
3.162861
3.208340
3.289500
3.327738
3.138646
3.021358
3.187527
3.185157
3.140650
3.044722
3.100970
3.208410
3.113522
3.128427
3.291615
3.236544
3.084888
3.252568
3.156312
3.209115
3.242021
3.157117
3.154125
3.113195
3.061230
3.214509
3.051091
3.138577
3.106709
3.126380
2.977679
3.159080
3.226328
3.064608
3.101101
3.096082
3.065712
3.131073
3.088433
2.950283
3.059295
3.046345
3.087722
3.199840
3.125716
3.290557
3.070827
3.082056
3.162775
2.958824
3.191355
3.158045
3.107312
3.040250
3.013515
3.172912
3.140166
3.082919
2.979453
2.932666
3.173238
3.055357
3.129858
3.087833
3.022687
3.113818
2.931836
3.127331
3.087912
3.022204
3.009954
3.005577
2.982620
3.060594
3.046512
2.892147
3.009536
2.998594
2.951616
3.213963
3.004564
3.013300
2.934346
2.964862
3.121736
3.033143
3.005782
2.858768
3.050479
2.985151
3.098864
3.088556
3.059439
2.947539
3.096151
2.953431
2.924629
3.008610
2.893372
2.946486
2.924006
2.975624
3.172524
3.041146
2.939266
3.018597
2.963967
3.010361
2.930131
2.922387
2.997980
3.110473
3.209339
3.026752
2.899956
2.932075
3.028912
2.889137
2.968708
2.934901
2.941924
3.012954
2.807375
2.862637
2.942991
2.922510
3.066061
2.961080
2.980609
2.891232
2.962227
3.031036
3.023662
2.996880
2.936201
2.921763
2.923193
2.898506
2.991137
3.148030
2.867274
2.918373
2.832433
3.008195
2.832531
2.907436
2.964814
2.932949
2.974255
2.907238
2.978286
3.023882
2.922750
3.051808
2.905408
3.033883
2.999638
2.887376
2.920563
2.997977
2.890206
2.869184
2.864935
2.756478
2.897365
2.911775
2.873466
2.855538
2.891707
2.844595
2.860549
2.798841
2.895537
2.995349
2.942318
2.813697
2.785582
2.935713
2.838642
2.942097
2.838641
2.792777
3.108790
2.929846
2.972222
2.985447
2.851104
2.884456
2.892873
2.980790
2.807110
2.891284
2.849605
2.827872
2.821198
2.805299
2.851638
2.958790
2.792467
2.788148
2.897666
2.953195
2.783232
2.790519
2.782568
2.889279
2.832952
2.850306
2.726452
2.661813
2.693446
2.829970
2.932729
2.882529
2.876301
2.820726
2.844332
2.816336
2.772013
2.725255
2.709440
2.752963
2.834563
2.713662
2.877979
2.853716
2.840157
2.745976
2.771497
2.732020
2.837938
2.842573
2.880317
2.790964
2.840472
2.809839
2.811710
2.794158
2.739873
2.671061
2.761661
2.754889
2.838863
2.643666
2.729921
2.792412
2.749384
2.761747
2.724553
2.708229
2.712745
2.824276
2.750551
2.785761
2.850582
2.707218
2.863890
2.857070
2.826168
2.714560
2.714360
2.775989
2.678648
2.825268
2.795443
2.732541
2.731877
2.755878
2.697029
2.726048
2.743249
2.656906
2.749787
2.760712
2.687477
2.722097
2.757537
2.736927
2.741754
2.625640
2.779150
2.742709
2.813898
2.712989
2.745833
2.756452
2.742174
2.774508
2.732470
2.787429
2.703281
2.695157
2.839250
2.687268
2.689196
2.850666
2.662287
2.763308
2.701038
2.708513
2.677219
2.691762
2.778589
2.722467
2.670294
2.609274
2.631940
2.697476
2.619155
2.642633
2.669525
2.650074
2.672478
2.627439
2.779002
2.665293
2.673845
2.665097
2.672941
2.660519
2.606992
2.573107
2.645058
2.664476
2.626966
2.633464
2.664459
2.544766
2.700918
2.690517
2.704494
2.668948
2.599531
2.617668
2.565444
2.573298
2.641529
2.698246
2.666006
2.663946
2.671972
2.734456
2.569081
2.674116
2.651827
2.566441
2.756309
2.671701
2.634719
2.586619
2.604016
2.654529
2.752536
2.697315
2.610950
2.645910
2.684175
2.664604
2.552072
2.709046
2.562828
2.692714
2.549485
2.607613
2.557448
2.702261
2.649697
2.618937
2.594724
2.750604
2.570189
2.564781
2.708275
2.583510
2.615142
2.647604
2.572784
2.654060
2.582130
2.579928
2.639832
2.573209
2.581711
2.677289
2.607231
2.573317
2.593039
2.518208
2.570669
2.634034
2.674398
2.605869
2.674402
2.742011
2.673738
2.533407
2.571611
2.641032
2.604877
2.636540
2.572908
2.451188
2.611639
2.653019
2.622155
2.650583
2.591020
2.626001
2.596791
2.535479
2.619735
2.636214
2.581314
2.570513
2.584745
2.554867
2.591891
2.589305
2.547087
2.583476
2.620221
2.637683
2.628897
2.558113
2.623931
2.603006
2.481347
2.538217
2.564008
2.475487
2.559543
2.570329
2.506723
2.436612
2.549871
2.615516
2.532344
2.447129
2.479115
2.557669
2.505588
2.595512
2.538899
2.619290
2.494245
2.580240
2.592174
2.521516
2.604227
2.588831
2.614326
2.597767
2.549948
2.561908
2.573476
2.507408
2.513271
2.441841
2.536730
2.501559
2.568453
2.595651
2.595115
2.571779
2.462163
2.503659
2.492164
2.577160
2.539288
2.564742
2.518687
2.456010
2.576886
2.528351
2.474535
2.436253
2.458535
2.553370
2.480888
2.430054
2.547110
2.469269
2.483920
2.480136
2.491576
2.544517
2.458086
2.602348
2.498328
2.482770
2.526543
2.492725
2.501806
2.498278
2.497504
2.490273
2.591284
2.487768
2.547960
2.471062
2.482262
2.518328
2.507170
2.455083
2.431518
2.477435
2.590163
2.421782
2.475425
2.463488
2.443771
2.485849
2.426760
2.509414
2.470576
2.489408
2.381689
2.492939
2.445950
2.468555
2.453533
2.470245
2.454626
2.449349
2.425911
2.560632
2.503143
2.473259
2.461016
2.402263
2.488165
2.458470
2.372929
2.493609
2.569192
2.355930
2.468756
2.501983
2.502934
2.440351
2.541476
2.411873
2.485616
2.474036
2.435286
2.446220
2.435693
2.451103
2.403835
2.428229
2.423101
2.392932
2.383748
2.509628
2.422213
2.476298
2.498003
2.439288
2.462485
2.463004
2.460255
2.451560
2.406796
2.527964
2.493918
2.421327
2.434091
2.384882
2.455802
2.391371
2.468446
2.441455
2.498675
2.408055
2.447755
2.473085
2.509920
2.488927
2.440792
2.416292
2.388862
2.429230
2.420125
2.460471
2.443844
2.387244
2.432174
2.437790
2.424878
2.488577
2.432857
2.381902
2.397150
2.390025
2.450909
2.422267
2.459227
2.447883
2.393886
2.350511
2.431141
2.389946
2.392568
2.374120
2.374075
2.351307
2.390850
2.319506
2.379165
2.371968
2.420924
2.372977
2.444935
2.444782
2.421550
2.340701
2.372711
2.381416
2.380978
2.371999
2.369489
2.369332
2.320059
2.325024
2.385531
2.342327
2.338884
2.420820
2.398958
2.373996
2.382532
2.355664
2.342167
2.377168
2.361149
2.435876
2.376705
2.398714
2.414777
2.381984
2.383145
2.364574
2.407841
2.350864
2.418024
2.346765
2.385048
2.371163
2.375744
2.373966
2.289370
2.334632
2.454483
2.310431
2.399668
2.377579
2.369733
2.400770
2.277549
2.364552
2.390750
2.382935
2.303122
2.320351
2.358502
2.380387
2.359666
2.344851
2.429957
2.334452
2.438153
2.378254
2.383167
2.321960
2.400231
2.278030
2.320295
2.285680
2.320509
2.361033
2.354840
2.339482
2.357801
2.386349
2.345092
2.302276
2.309010
2.396738
2.383894
2.321552
2.289220
2.350400
2.330503
2.397177
2.319660
2.303004
2.331082
2.271129
2.362398
2.345757
2.275255
2.387317
2.320983
2.301512
2.304919
2.368955
2.311405
2.424578
2.402353
2.288342
2.323358
2.298539
2.330242
2.357023
2.263230
2.271256
2.330945
2.298879
2.320014
2.316508
2.309322
2.289038
2.288348
2.373251
2.323692
2.273974
2.361705
2.344939
2.237555
2.323704
2.247428
2.344179
2.324821
2.323510
2.269761
2.241770
2.256838
2.261236
2.297307
2.316674
2.281391
2.360034
2.272479
2.318242
2.237244
2.224650
2.260532
2.194896
2.294153
2.253866
2.260721
2.242559
2.313377
2.281922
2.330416
2.320501
2.275204
2.360496
2.281066
2.289966
2.308763
2.277650
2.283752
2.255441
2.233634
2.277780
2.237000
2.296244
2.263394
2.333558
2.237423
2.275474
2.253639
2.239240
2.180361
2.260688
2.262553
2.250462
2.272082
2.314486
2.280978
2.327205
2.315155
2.277853
2.252813
2.254915
2.276346
2.278126
2.257847
2.284947
2.230279
2.327389
2.304568
2.244629
2.276719
2.239312
2.239149
2.217211
2.241308
2.263743
2.287555
2.201947
2.286860
2.247561
2.249838
2.187713
2.217020
2.242325
2.206845
2.231402
2.277160
2.224319
2.254910
2.289357
2.241005
2.279401
2.278055
2.270491
2.268056
2.247947
2.237563
2.223561
2.207541
2.274734
2.226881
2.229895
2.206477
2.257896
2.193996
2.197329
2.187595
2.242035
2.192029
2.238690
2.147446
2.163234
2.203270
2.155621
2.232446
2.300306
2.292023
2.276813
2.230541
2.177796
2.244961
2.261750
2.270697
2.221709
2.293178
2.262628
2.180662
2.259982
2.206538
2.225418
2.182789
2.221127
2.224781
2.189338
2.170257
2.162687
2.271101
2.219789
2.211550
2.145872
2.183817
2.205430
2.149685
2.210788
2.173126
2.234561
2.164049
2.127043
2.167038
2.231947
2.233345
2.223296
2.188159
2.184180
2.208526
2.159554
2.186047
2.179349
2.219703
2.197831
2.199495
2.200884
2.240729
2.175942
2.183554
2.106261
2.177707
2.178287
2.135857
2.166740
2.238143
2.199297
2.143459
2.233126
2.191050
2.225742
2.118634
2.271417
2.210141
2.161000
2.169083
2.148019
2.203169
2.247603
2.165819
2.149905
2.121598
2.223702
2.185734
2.194960
2.115834
2.165622
2.163975
2.174602
2.211732
2.125016
2.133936
2.236671
2.181982
2.231045
2.159259
2.137471
2.182983
2.150229
2.178056
2.099498
2.179976
2.203189
2.181352
2.157456
2.131705
2.215154
2.184051
2.187594
2.171201
2.157350
2.155643
2.223819
2.174373
2.100076
2.168588
2.215473
2.224025
2.174448
2.149050
2.207083
2.141881
2.163618
2.199601
2.167225
2.172803
2.175756
2.207343
2.151083
2.079557
2.189529
2.110007
2.126632
2.095736
2.104167
2.188523
2.132011
2.192468
2.090339
2.201753
2.165505
2.168400
2.129796
2.171322
2.158668
2.119156
2.065696
2.088948
2.107674
2.065401
2.179961
2.112061
2.140969
2.150350
2.142574
2.119848
2.057765
2.107522
2.104380
2.130916
2.136392
2.098899
2.142358
2.119969
2.209844
2.160096
2.156734
2.150797
2.117075
2.071132
2.161725
2.129774
2.110223
2.106802
2.152086
2.099685
2.127022
2.100947
2.057800
2.072963
2.087997
2.083754
2.091609
2.054792
2.150974
2.122949
2.173616
2.102612
2.148112
2.092326
2.075748
2.090116
2.125018
2.124677
2.127668
2.142637
2.144823
2.150548
2.063151
2.118223
2.124784
2.070033
2.132223
2.099540
2.128172
2.122699
2.175766
2.101182
2.125396
2.119663
2.101094
2.009228
2.092094
2.097640
2.133464
2.088627
2.064629
2.126444
2.096982
2.071809
2.068562
2.084475
2.099737
2.058796
2.120283
2.095186
2.010443
2.085902
2.064592
2.082248
2.051556
2.122098
2.095824
2.081846
2.096236
2.068136
2.081071
2.120206
2.100580
2.100642
2.052027
2.056511
2.148578
2.099852
2.120778
2.062735
2.103777
2.027624
2.093507
2.127410
2.086750
2.013008
2.063393
2.092926
2.119526
2.086161
2.067650
2.047959
2.094300
2.066217
2.132431
2.042714
2.041977
2.079747
2.080263
2.065837
2.044405
2.042888
2.100587
2.032128
2.009870
2.061314
2.037324
2.095268
2.066877
2.147896
2.035303
2.064822
2.086409
2.066807
2.096559
2.107417
2.048276
2.045462
2.091675
2.086407
2.058553
2.079588
2.113926
2.088944
2.042993
2.015395
2.126103
2.050211
2.093343
2.078657
2.045780
2.064570
2.052225
2.027898
2.092403
2.024747
2.022660
2.044122
2.092309
2.030867
2.020911
2.103538
1.985162
2.058954
2.039850
2.039269
2.064902
2.039356
2.035754
2.053680
2.015387
2.078220
2.075156
2.073075
2.005407
2.033352
2.048238
2.076535
1.994615
2.040685
2.004357
2.026960
2.113735
2.064229
2.053743
2.004101
2.063584
2.021009
1.992869
2.094345
2.008080
2.006700
2.022888
2.055221
2.036310
2.008210
2.045420
2.015466
2.021321
1.999375
2.092036
2.011650
2.037099
2.046790
2.055935
2.009558
2.077214
2.026656
2.069347
2.012676
1.995765
2.001121
2.040343
1.987250
2.079309
2.072851
1.993793
2.066421
2.036790
2.018891
2.034205
1.980645
2.001235
2.048741
1.993394
2.024892
2.043508
1.973298
2.005316
1.945322
2.047033
1.997537
1.994359
2.032049
1.984501
2.010806
2.017960
1.997801
2.045736
1.951357
1.977295
2.042866
1.988318
1.974170
2.004664
2.022290
2.020107
1.995864
2.008895
2.085476
2.001564
2.036103
1.935020
2.009656
1.954002
1.982406
1.959807
2.022026
2.002318
1.992028
2.060765
1.980460
1.980212
2.011508
1.998837
1.986342
1.948181
1.994881
1.999979
2.015467
2.045615
1.953916
1.943686
1.985216
1.941925
2.024129
1.931642
1.946883
1.990185
1.999372
1.998844
1.952764
2.015135
1.978773
2.015499
1.987696
2.027791
2.004513
2.004212
1.975083
1.943811
1.965204
1.965154
2.006042
1.951300
1.967926
2.022989
1.984328
1.984984
1.962068
2.006698
1.950919
1.968941
1.955697
1.989106
1.983244
1.972770
1.923144
1.934473
2.006831
1.973650
1.941897
1.930004
1.956898
1.937739
1.939134
1.958340
1.962373
1.973630
1.982416
2.006357
1.998893
1.904714
1.967335
1.907789
1.981756
1.983074
1.923103
1.970392
1.949772
1.982355
1.995532
1.939486
1.921285
1.934394
1.936963
1.937093
1.926737
2.000240
1.913521
1.939778
1.961349
1.952089
1.962757
1.966682
1.960328
1.916634
1.921885
2.017635
1.993647
1.988786
2.003632
1.975016
1.911098
1.952332
1.969808
1.956092
1.922005
1.951484
1.942469
1.876669
1.955543
1.987497
1.938246
1.987612
1.910384
1.952816
1.900818
1.956515
1.977574
1.949755
1.940763
1.923322
1.926765
1.988325
1.928825
1.928652
1.980983
1.901029
1.974986
1.967530
1.935648
1.980226
1.962718
1.918347
2.033560
1.920619
1.911546
1.949958
1.923166
1.966456
1.960398
1.931878
1.904884
1.930765
1.960026
1.956301
1.902185
1.905116
1.900107
1.940173
1.900671
1.901192
1.874368
1.934124
1.932726
1.910905
1.888127
1.932540
1.954355
1.957383
1.901473
1.929287
1.938936
1.932599
1.930016
1.941282
1.925078
1.902560
1.940804
2.007842
1.886329
1.880814
1.936567
1.889966
1.948420
2.007146
1.943970
1.900956
1.915858
1.952247
1.928275
1.959108
1.910865
1.888324
1.923519
1.888790
1.939312
1.905129
1.950802
1.931089
1.932220
1.928698
1.929827
1.874150
1.952844
1.874362
1.957786
1.865472
1.881697
1.905997
1.874747
1.868039
1.933805
1.873245
1.921200
1.912542
1.884315
1.873369
1.888965
1.918162
1.846228
1.881998
1.921240
1.942119
1.936322
1.871177
1.896112
1.909814
1.909288
1.922414
1.915187
1.878699
1.906944
1.927878
1.920907
1.878948
1.879830
1.879769
1.920371
1.860767
1.918832
1.900046
1.905992
1.899199
1.861654
1.885785
1.865774
1.910425
1.889284
1.877305
1.921393
1.906389
1.964564
1.896750
1.927157
1.888698
1.901553
1.884109
1.896291
1.862444
1.889168
1.882119
1.887589
1.883323
1.910380
1.852293
1.821818
1.886168
1.901710
1.911195
1.874046
1.913923
1.905377
1.890140
1.890488
1.883238
1.913776
1.915466
1.894387
1.833544
1.887040
1.850988
1.885194
1.851709
1.864641
1.839537
1.900468
1.978984
1.915375
1.897798
1.945505
1.861031
1.860213
1.855450
1.890295
1.844027
1.894571
1.899874
1.906286
1.912444
1.864735
1.900652
1.855463
1.852783
1.880916
1.876435
1.899675
1.872717
1.841903
1.881321
1.866785
1.840332
1.902338
1.866114
1.855634
1.817356
1.862915
1.887336
1.864212
1.914150
1.860012
1.884652
1.852821
1.854961
1.889790
1.888270
1.865683
1.881166
1.880318
1.852401
1.868430
1.836900
1.833044
1.911643
1.823224
1.815619
1.826385
1.829463
1.855463
1.841800
1.830816
1.819310
1.873107
1.813171
1.854862
1.881090
1.869890
1.839724
1.893016
1.863916
1.833231
1.834886
1.882426
1.808690
1.878234
1.863675
1.892752
1.820702
1.883459
1.844126
1.844843
1.866091
1.875512
1.857823
1.861446
1.846359
1.800553
1.820900
1.849150
1.789529
1.884946
1.836998
1.842687
1.842030
1.794869
1.878105
1.857835
1.818012
1.855840
1.857192
1.848680
1.908813
1.791684
1.863016
1.830904
1.797322
1.850293
1.820503
1.813225
1.841779
1.842680
1.847837
1.806432
1.835268
1.825792
1.822402
1.848267
1.774934
1.856045
1.864675
1.839295
1.818570
1.829630
1.852646
1.842612
1.855719
1.824428
1.848804
1.815386
1.875003
1.871687
1.828648
1.828185
1.823905
1.808326
1.866267
1.850153
1.862249
1.800577
1.815266
1.850035
1.778631
1.860316
1.837762
1.822349
1.825901
1.786146
1.860118
1.826932
1.806280
1.837089
1.791759
1.807332
1.825655
1.862638
1.852529
1.864062
1.848486
1.781608
1.822763
1.799896
1.804810
1.848457
1.858452
1.866652
1.831366
1.829108
1.780685
1.838923
1.764444
1.750173
1.853402
1.783461
1.787488
1.809857
1.812255
1.851775
1.805921
1.778929
1.763443
1.810880
1.757662
1.769699
1.806492
1.811982
1.829554
1.851933
1.806925
1.831103
1.802141
1.785784
1.756571
1.815672
1.815384
1.817736
1.770887
1.784765
1.821910
1.798236
1.778084
1.762249
1.815684
1.801725
1.772222
1.792271
1.795972
1.850680
1.809286
1.818195
1.809565
1.786281
1.830568
1.825918
1.808137
1.801239
1.820643
1.761915
1.827846
1.768728
1.828738
1.739245
1.805248
1.807784
1.807911
1.816973
1.779539
1.829986
1.791745
1.771282
1.765399
1.777997
1.774359
1.722915
1.794919
1.790650
1.761091
1.813154
1.787501
1.795737
1.778713
1.809907
1.829641
1.763801
1.748297
1.785480
1.769947
1.774710
1.765539
1.808587
1.759124
1.819353
1.809106
1.773208
1.821138
1.743682
1.806474
1.775418
1.760970
1.790722
1.784937
1.752888
1.813278
1.790902
1.800749
1.818466
1.797042
1.814995
1.769779
1.740899
1.774801
1.782752
1.767770
1.830158
1.708203
1.793089
1.798566
1.797356
1.742781
1.748869
1.794586
1.812456
1.746518
1.807905
1.753997
1.776176
1.777563
1.803705
1.765979
1.741898
1.810310
1.795211
1.787116
1.731865
1.778201
1.756523
1.765337
1.805439
1.765931
1.776411
1.757373
1.721954
1.777705
1.759352
1.746972
1.756672
1.737023
1.775242
1.817263
1.748679
1.769399
1.754501
1.785218
1.789335
1.770305
1.780682
1.768920
1.758390
1.753898
1.784325
1.767869
1.828679
1.794687
1.735471
1.731812
1.748482
1.758511
1.789398
1.807806
1.734126
1.719251
1.777876
1.716302
1.732195
1.763250
1.795642
1.755387
1.757161
1.792584
1.791563
1.739365
1.740287
1.742509
1.716147
1.779467
1.769084
1.774018
1.731255
1.732178
1.776879
1.777547
1.741428
1.726284
1.736759
1.740047
1.748062
1.738836
1.763963
1.743231
1.731823
1.737487
1.750212
1.718695
1.791743
1.789667
1.726001
1.774789
1.722174
1.784494
1.758766
1.749629
1.766865
1.741553
1.725648
1.732372
1.779349
1.715780
1.737616
1.744704
1.826489
1.724789
1.726974
1.743510
1.721636
1.780053
1.714554
1.713282
1.712227
1.716369
1.754454
1.775689
1.746213
1.737928
1.774859
1.716730
1.755563
1.758939
1.789181
1.725621
1.706896
1.775471
1.726306
1.731445
1.768580
1.714115
1.739973
1.729137
1.714373
1.765631
1.706862
1.723833
1.757460
1.725553
1.758703
1.724284
1.701545
1.711889
1.764089
1.719820
1.719609
1.699872
1.714915
1.744797
1.748355
1.712570
1.730650
1.752084
1.722585
1.740745
1.697129
1.714488
1.708721
1.725945
1.772275
1.727195
1.732457
1.729916
1.736213
1.765752
1.731979
1.703341
1.743468
1.762545
1.755692
1.766403
1.706714
1.715198
1.768363
1.731393
1.746816
1.663588
1.702808
1.706836
1.708518
1.690165
1.681776
1.738714
1.730338
1.736572
1.722532
1.759675
1.701156
1.696032
1.768972
1.747780
1.733853
1.736522
1.711806
1.742875
1.682020
1.734717
1.690951
1.702808
1.684081
1.727084
1.759227
1.681023
1.707511
1.696081
1.753715
1.718309
1.731170
1.694057
1.671010
1.698010
1.697765
1.722237
1.696219
1.716739
1.684508
1.714986
1.724921
1.696882
1.664532
1.746794
1.681760
1.728608
1.711966
1.674640
1.690919
1.724271
1.706566
1.688899
1.682310
1.715782
1.728950
1.702570
1.687209
1.751852
1.706798
1.713184
1.678168
1.705393
1.723342
1.707571
1.720340
1.687000
1.726386
1.702778
1.706460
1.703912
1.682966
1.677021
1.720461
1.659339
1.689043
1.724366
1.701839
1.686364
1.670335
1.678706
1.679700
1.671653
1.688789
1.677851
1.656257
1.696298
1.661455
1.697412
1.689875
1.739605
1.681201
1.719344
1.742387
1.734837
1.664381
1.672308
1.696178
1.676367
1.685263
1.666600
1.681799
1.711837
1.678538
1.671371
1.685673
1.692221
1.648865
1.685869
1.654025
1.656490
1.683368
1.675196
1.665733
1.671926
1.713218
1.652718
1.669414
1.663912
1.762907
1.692566
1.701496
1.660482
1.695188
1.702869
1.709292
1.690627
1.713367
1.612993
1.674092
1.680621
1.678267
1.681481
1.662556
1.650779
1.644192
1.679901
1.660358
1.687524
1.676549
1.671304
1.672868
1.713540
1.673310
1.683289
1.679301
1.701429
1.640094
1.658802
1.694643
1.692106
1.653760
1.667134
1.667042
1.681727
1.688357
1.685611
1.721582
1.651473
1.650343
1.678889
1.714753
1.716640
1.664035
1.702996
1.661781
1.631967
1.647941
1.652406
1.677159
1.697915
1.673892
1.635812
1.657902
1.668881
1.678359
1.701863
1.677128
1.659244
1.697710
1.668045
1.695875
1.621893
1.686187
1.667615
1.683942
1.683828
1.684521
1.682792
1.632697
1.630098
1.656634
1.654270
1.674536
1.656919
1.668831
1.691501
1.672858
1.635495
1.656564
1.663990
1.671176
1.669843
1.676996
1.653952
1.645033
1.694060
1.634309
1.697587
1.662122
1.682366
1.637982
1.657499
1.688784
1.697406
1.661196
1.643356
1.673459
1.631620
1.644228
1.634680
1.629623
1.646113
1.801958
1.678974
1.690988
1.674111
1.670171
1.657958
1.677118
1.691500
1.675853
1.662285
1.673188
1.638719
1.646532
1.641321
1.691916
1.684456
1.653507
1.686554
1.676094
1.635871
1.612957
1.673888
1.677925
1.618567
1.622141
1.637740
1.622707
1.668470
1.649486
1.657193
1.665656
1.636946
1.688940
1.636677
1.656699
1.659160
1.642342
1.628417
1.630317
1.650783
1.640780
1.635385
1.676823
1.651219
1.636386
1.655934
1.638731
1.661422
1.651502
1.633865
1.612162
1.628321
1.608610
1.666482
1.628101
1.622280
1.623763
1.710556
1.651032
1.688146
1.636921
1.627301
1.638635
1.629837
1.659266
1.643395
1.620504
1.613456
1.650318
1.639993
1.643638
1.611860
1.672394
1.631774
1.683203
1.653401
1.629713
1.644951
1.623174
1.645832
1.612566
1.612011
1.628797
1.627038
1.600379
1.625325
1.595999
1.639602
1.636058
1.655705
1.653375
1.664405
1.631436
1.636458
1.641856
1.632753
1.662008
1.634024
1.630677
1.603797
1.640285
1.619403
1.614425
1.606004
1.652043
1.655208
1.652687
1.646231
1.599552
1.628090
1.623744
1.617789
1.616025
1.600780
1.611891
1.609119
1.626532
1.607186
1.644755
1.616472
1.626257
1.628665
1.610175
1.605397
1.604227
1.657791
1.626032
1.625663
1.605970
1.632825
1.645407
1.612859
1.624209
1.586604
1.604759
1.608587
1.624701
1.588367
1.594047
1.630679
1.631485
1.597758
1.652402
1.621102
1.613203
1.599276
1.603899
1.610493
1.621203
1.622404
1.612543
1.639872
1.625210
1.603669
1.637567
1.595935
1.602144
1.650014
1.616645
1.600416
1.577582
1.628469
1.626132
1.605857
1.635518
1.592965
1.559296
1.615200
1.593425
1.624638
1.575224
1.588893
1.594097
1.618017
1.598106
1.600500
1.597144
1.629175
1.645237
1.597979
1.606094
1.619056
1.608475
1.559569
1.589312
1.633650
1.599248
1.606942
1.575797
1.609703
1.606176
1.572037
1.597722
1.618900
1.613635
1.591619
1.614224
1.583504
1.571343
1.582531
1.606216
1.591664
1.638002
1.610323
1.569618
1.615968
1.605829
1.617126
1.588737
1.598386
1.574868
1.604260
1.598975
1.585397
1.606204
1.612619
1.622096
1.601313
1.594262
1.589546
1.610839
1.626853
1.620105
1.590719
1.589735
1.622380
1.577712
1.600481
1.565808
1.625205
1.586966
1.594990
1.628603
1.565223
1.571179
1.566219
1.597094
1.595721
1.578673
1.588871
1.573538
1.589245
1.595085
1.589616
1.614397
1.554076
1.573114
1.599682
1.590341
1.594415
1.589927
1.581714
1.589511
1.562800
1.598797
1.586938
1.568507
1.596424
1.575368
1.574964
1.591722
1.579636
1.602698
1.596120
1.569409
1.585811
1.608561
1.557352
1.565036
1.612501
1.590178
1.578310
1.600164
1.587794
1.590481
1.601818
1.553103
1.586740
1.580708
1.602863
1.593042
1.605293
1.594531
1.580795
1.583872
1.570834
1.565932
1.565912
1.578741
1.588572
1.550737
1.558785
1.592718
1.579200
1.581494
1.556157
1.581826
1.589691
1.614612
1.551167
1.566603
1.548964
1.581656
1.550693
1.551458
1.569971
1.592469
1.550214
1.577428
1.571216
1.581025
1.516222
1.606130
1.542807
1.590469
1.580092
1.586958
1.562646
1.586885
1.575342
1.604667
1.579884
1.571196
1.618072
1.560494
1.576671
1.567589
1.566976
1.539687
1.540838
1.589278
1.584286
1.579664
1.562520
1.571538
1.587167
1.555254
1.572766
1.569081
1.605123
1.537384
1.580631
1.578492
1.559068
1.531376
1.589947
1.565501
1.535011
1.565036
1.564803
1.572231
1.551421
1.559489
1.565020
1.532235
1.557634
1.568528
1.540328
1.555392
1.547240
1.577298
1.554496
1.556763
1.576773
1.572735
1.555095
1.566543
1.563249
1.555539
1.521716
1.552567
1.537840
1.535857
1.541826
1.562726
1.545410
1.549795
1.575492
1.544311
1.535758
1.534745
1.575278
1.548170
1.545623
1.559176
1.547835
1.554492
1.525504
1.575269
1.560441
1.546631
1.565461
1.566542
1.541295
1.583935
1.565618
1.557973
1.555445
1.551960
1.564446
1.570807
1.554846
1.536227
1.562702
1.536510
1.534149
1.557604
1.564924
1.535150
1.560838
1.574145
1.548195
1.542604
1.554353
1.551067
1.580925
1.561738
1.534284
1.541312
1.564565
1.554881
1.531376
1.541082
1.532992
1.546866
1.539763
1.548453
1.514652
1.525605
1.550919
1.543082
1.560784
1.558274
1.549910
1.513888
1.506851
1.594422
1.555122
1.554303
1.589416
1.528553
1.553915
1.561355
1.518588
1.569428
1.567121
1.539796
1.564368
1.557004
1.523793
1.547847
1.544384
1.522266
1.536493
1.527490
1.507854
1.509916
1.593873
1.547669
1.509734
1.572135
1.529126
1.560663
1.501574
1.554358
1.563040
1.555331
1.553202
1.547139
1.539549
1.551297
1.506479
1.574325
1.563164
1.561417
1.529302
1.530555
1.558584
1.561658
1.547627
1.528188
1.511763
1.573504
1.516014
1.512703
1.559245
1.530394
1.535025
1.550840
1.556143
1.547703
1.521520
1.547730
1.520236
1.543284
1.525759
1.541819
1.554376
1.551700
1.552173
1.533834
1.491004
1.514070
1.546092
1.512022
1.554813
1.541009
1.527840
1.538050
1.534422
1.544766
1.512250
1.530999
1.558540
1.507088
1.537842
1.557172
1.557267
1.552396
1.549543
1.515891
1.511091
1.542813
1.528781
1.515945
1.541811
1.516535
1.560027
1.483098
1.501742
1.498433
1.536283
1.550222
1.556912
1.518311
1.556360
1.514765
1.539821
1.515535
1.520879
1.524339
1.543329
1.532712
1.525566
1.528637
1.547184
1.522134
1.532630
1.504532
1.530041
1.512252
1.528006
1.511890
1.536877
1.509278
1.548612
1.533647
1.517051
1.520498
1.478752
1.515848
1.547298
1.508757
1.523750
1.495423
1.490232
1.538578
1.498740
1.546790
1.505880
1.550230
1.529825
1.492456
1.519105
1.552366
1.542262
1.526395
1.497467
1.523804
1.524260
1.530968
1.524618
1.553351
1.503841
1.525796
1.505890
1.504118
1.515169
1.523376
1.508671
1.517833
1.490545
1.537252
1.466691
1.543949
1.516415
1.497755
1.500644
1.489139
1.486226
1.497930
1.507314
1.516267
1.506745
1.531450
1.516514
1.493055
1.514286
1.499382
1.514450
1.512691
1.493313
1.482734
1.468677
1.475767
1.501467
1.521975
1.484687
1.496711
1.539994
1.511657
1.524363
1.523344
1.493047
1.501843
1.501924
1.481738
1.525716
1.532497
1.518761
1.547570
1.523462
1.478517
1.541311
1.509076
1.512814
1.520003
1.500298
1.499270
1.473127
1.487214
1.514170
1.508579
1.502969
1.479352
1.493913
1.514166
1.476055
1.491191
1.508360
1.479474
1.489761
1.491317
1.499311
1.501770
1.489700
1.510864
1.441249
1.523326
1.485941
1.507317
1.472911
1.623425
1.491042
1.492956
1.484365
1.526716
1.462552
1.490857
1.529053
1.532694
1.498041
1.492799
1.537685
1.460687
1.494843
1.482968
1.505737
1.500892
1.496398
1.458172
1.476500
1.463007
1.472016
1.512521
1.529449
1.491389
1.493285
1.497000
1.494513
1.500767
1.516902
1.479322
1.499141
1.501382
1.515159
1.506211
1.471742
1.490359
1.503320
1.474353
1.474422
1.488793
1.472902
1.490562
1.480392
1.464424
1.473913
1.470664
1.540254
1.502528
1.499878
1.474064
1.501799
1.485906
1.486150
1.461422
1.510111
1.453766
1.489485
1.489181
1.469878
1.482208
1.460976
1.480507
1.502111
1.494419
1.468613
1.476188
1.497291
1.519687
1.475824
1.464521
1.493365
1.478376
1.477160
1.479950
1.495924
1.446234
1.486652
1.467411
1.462701
1.460005
1.475080
1.493236
1.493827
1.489920
1.486908
1.461848
1.510105
1.480380
1.463130
1.474139
1.453695
1.470430
1.479384
1.477808
1.466225
1.494481
1.490227
1.487043
1.459141
1.455531
1.490961
1.508645
1.454790
1.472545
1.487568
1.453681
1.473247
1.459292
1.465002
1.507566
1.462014
1.449623
1.481489
1.446061
1.484996
1.470091
1.498822
1.491035
1.473134
1.449897
1.487597
1.456410
1.498894
1.473559
1.470359
1.485496
1.467566
1.490576
1.474696
1.500412
1.467400
1.470154
1.463880
1.474207
1.469574
1.471961
1.491833
1.483691
1.466335
1.467464
1.413172
1.480110
1.461466
1.454627
1.465710
1.474378
1.480317
1.457178
1.478793
1.485419
1.464179
1.469795
1.459400
1.479528
1.473502
1.457910
1.449079
1.478616
1.480789
1.449947
1.435225
1.468957
1.454611
1.494577
1.455783
1.480871
1.486571
1.482006
1.448727
1.459059
1.447911
1.473629
1.455945
1.452923
1.475871
1.454810
1.463646
1.475267
1.428606
1.504670
1.462190
1.451275
1.439738
1.445219
1.454276
1.457546
1.442270
1.447554
1.493929
1.463239
1.437364
1.455445
1.466195
1.466051
1.468218
1.451290
1.455093
1.438748
1.477896
1.448208
1.466463
1.457954
1.462976
1.476282
1.440295
1.469280
1.459907
1.466687
1.469725
1.460539
1.454515
1.436776
1.448505
1.433780
1.474657
1.438011
1.450968
1.463803
1.449069
1.442116
1.445379
1.452203
1.484489
1.438124
1.453011
1.458371
1.476897
1.458430
1.463058
1.454408
1.463466
1.471060
1.449875
1.448481
1.439399
1.446582
1.449639
1.453753
1.464380
1.458587
1.434035
1.444446
1.427984
1.469592
1.443466
1.453973
1.450989
1.469681
1.427286
1.444502
1.447728
1.473781
1.475542
1.416980
1.428741
1.457577
1.465674
1.453218
1.447054
1.409570
1.446928
1.441276
1.443079
1.451245
1.427254
1.491818
1.434824
1.443738
1.455407
1.449443
1.425101
1.449841
1.452153
1.457441
1.475225
1.458181
1.449599
1.426732
1.440993
1.446668
1.423594
1.431300
1.441438
1.448337
1.466012
1.451188
1.439759
1.461711
1.427913
1.413614
1.418312
1.453925
1.437414
1.412288
1.461645
1.445759
1.463757
1.445796
1.442827
1.423726
1.430859
1.438658
1.454975
1.465752
1.428285
1.457107
1.424244
1.430829
1.457148
1.463054
1.414526
1.436907
1.396581
1.462407
1.418191
1.410709
1.428176
1.428195
1.446486
1.459185
1.433544
1.398094
1.434281
1.435879
1.433258
1.416824
1.461325
1.450605
1.423447
1.422049
1.464972
1.455844
1.419801
1.425302
1.446860
1.447045
1.470149
1.437132
1.449331
1.445001
1.441009
1.422432
1.463500
1.443826
1.433547
1.445582
1.432697
1.438646
1.432197
1.403224
1.416392
1.448057
1.421540
1.431905
1.431742
1.447740
1.388663
1.421608
1.453619
1.417585
1.455517
1.410546
1.420793
1.445717
1.452098
1.425214
1.430816
1.400697
1.418053
1.425605
1.434330
1.461018
1.417397
1.416530
1.409669
1.457266
1.432636
1.402097
1.412012
1.414487
1.436648
1.423792
1.445109
1.411893
1.428170
1.432170
1.429920
1.389966
1.393726
1.424723
1.441172
1.441346
1.432723
1.463362
1.422665
1.421626
1.406043
1.412202
1.407470
1.436197
1.419216
1.412584
1.430163
1.429647
1.415402
1.426364
1.448366
1.397156
1.420997
1.381719
1.403178
1.428110
1.432423
1.437751
1.406194
1.411798
1.417552
1.421200
1.417558
1.408150
1.416522
1.399746
1.447458
1.424151
1.423634
1.426740
1.421043
1.417407
1.440620
1.392407
1.419316
1.424324
1.424323
1.396484
1.392267
1.414470
1.405427
1.436486
1.392820
1.438692
1.414127
1.416204
1.393370
1.406837
1.413780
1.425672
1.423951
1.407711
1.401445
1.440836
1.445738
1.412391
1.402671
1.421350
1.409445
1.435185
1.404760
1.430744
1.412379
1.413067
1.407879
1.438361
1.397627
1.408392
1.389764
1.400760
1.394140
1.435594
1.409761
1.420072
1.436074
1.435386
1.389426
1.397101
1.388028
1.420888
1.388729
1.404375
1.393789
1.402466
1.432414
1.412797
1.380849
1.437112
1.387155
1.414656
1.390991
1.402088
1.422996
1.386627
1.411192
1.401205
1.389933
1.395834
1.413900
1.406865
1.399624
1.397719
1.403577
1.413001
1.400119
1.411786
1.416385
1.393536
1.404392
1.401979
1.393866
1.420918
1.397479
1.420384
1.375928
1.413221
1.390197
1.423380
1.399328
1.396566
1.427219
1.400848
1.404267
1.428688
1.390663
1.417346
1.416146
1.394779
1.430454
1.424048
1.382658
1.400407
1.381951
1.411469
1.398490
1.370439
1.388842
1.404269
1.391752
1.394149
1.409165
1.405581
1.407268
1.406744
1.410804
1.411975
1.373345
1.387877
1.387005
1.387512
1.382847
1.404591
1.403046
1.419096
1.384704
1.375535
1.401627
1.398377
1.394779
1.401922
1.404453
1.429647
1.407469
1.403387
1.396231
1.406573
1.389027
1.412275
1.392761
1.389671
1.385032
1.398165
1.391166
1.388246
1.387035
1.388047
1.394854
1.412249
1.353394
1.418073
1.389509
1.382996
1.356862
1.430461
1.389105
1.357011
1.389073
1.391100
1.365155
1.404268
1.379438
1.404396
1.374773
1.383499
1.388768
1.404481
1.394334
1.388205
1.377260
1.391565
1.372424
1.351625
1.374283
1.371348
1.389605
1.358020
1.375078
1.381897
1.374874
1.397618
1.372442
1.418469
1.352723
1.384849
1.364988
1.401351
1.371143
1.350749
1.377777
1.405776
1.385898
1.391288
1.396655
1.388374
1.392739
1.387823
1.361529
1.388962
1.371275
1.377396
1.399817
1.383973
1.406444
1.385451
1.396703
1.385237
1.394977
1.392099
1.381958
1.385484
1.373600
1.359556
1.370322
1.376086
1.394273
1.399095
1.393886
1.375998
1.371561
1.396984
1.376609
1.389735
1.367048
1.376879
1.356570
1.379537
1.393956
1.391086
1.395236
1.386508
1.392510
1.350763
1.396124
1.355709
1.357060
1.375579
1.394510
1.366550
1.361249
1.374636
1.376130
1.371882
1.410220
1.371494
1.405542
1.365515
1.370405
1.379482
1.381302
1.391799
1.377216
1.373992
1.377331
1.373770
1.377780
1.374727
1.373185
1.368097
1.391360
1.378479
1.370550
1.364611
1.395379
1.399148
1.390674
1.370920
1.370892
1.376239
1.383231
1.373162
1.388160
1.373776
1.359246
1.364632
1.403706
1.367443
1.360157
1.392074
1.355528
1.371529
1.364101
1.364579
1.339385
1.391045
1.370039
1.367324
1.368973
1.393218
1.366899
1.363339
1.345862
1.375343
1.365101
1.379109
1.370906
1.365682
1.376016
1.396968
1.366764
1.362034
1.355264
1.368010
1.346397
1.378941
1.362050
1.370388
1.364169
1.368487
1.352159
1.372090
1.348718
1.373188
1.369324
1.352856
1.361402
1.332061
1.351247
1.338499
1.337449
1.358895
1.359534
1.384906
1.376785
1.375094
1.342720
1.363217
1.347568
1.371968
1.365783
1.371731
1.353170
1.367177
1.375263
1.385924
1.357733
1.362209
1.374619
1.361473
1.377184
1.371698
1.337835
1.365326
1.354451
1.367576
1.374978
1.389367
1.351132
1.368919
1.358086
1.374455
1.364997
1.361973
1.352434
1.345693
1.369975
1.346465
1.394105
1.369859
1.355062
1.364163
1.370237
1.357450
1.352916
1.370119
1.370244
1.369710
1.358760
1.341016
1.373535
1.369880
1.355952
1.370457
1.352550
1.359488
1.353807
1.390026
1.335995
1.357842
1.354320
1.355444
1.339219
1.360497
1.380137
1.379442
1.349270
1.364129
1.350358
1.340811
1.370735
1.345082
1.337183
1.336140
1.339957
1.346929
1.383822
1.389110
1.340644
1.332395
1.382505
1.343867
1.336312
1.354570
1.351718
1.337539
1.338002
1.343966
1.337425
1.362219
1.340185
1.388926
1.351887
1.357613
1.341194
1.383258
1.343940
1.348539
1.365589
1.350934
1.350892
1.359402
1.326170
1.331832
1.325087
1.352986
1.355081
1.353064
1.340962
1.340921
1.336892
1.349105
1.349885
1.369784
1.357023
1.346789
1.353983
1.326432
1.327898
1.333697
1.361488
1.366971
1.331076
1.331368
1.356733
1.361255
1.368029
1.361161
1.368256
1.342222
1.346626
1.345430
1.359948
1.327457
1.347268
1.349847
1.363331
1.314739
1.337700
1.345070
1.326166
1.344815
1.328245
1.328535
1.348121
1.342661
1.321913
1.334660
1.343510
1.352787
1.346368
1.330181
1.338724
1.301968
1.347489
1.352335
1.321491
1.372114
1.349094
1.316357
1.336053
1.338803
1.354919
1.341990
1.340632
1.339929
1.328189
1.329962
1.377127
1.333168
1.345251
1.365602
1.349875
1.338074
1.335237
1.355560
1.334978
1.334931
1.339635
1.343831
1.334624
1.355252
1.307349
1.349484
1.319260
1.334712
1.333023
1.329526
1.331614
1.310220
1.336269
1.328348
1.329780
1.328253
1.346977
1.349192
1.336953
1.339837
1.306816
1.329769
1.322815
1.322602
1.336163
1.328425
1.345487
1.341381
1.350552
1.366366
1.316491
1.325997
1.335595
1.328358
1.344905
1.305305
1.325094
1.320938
1.348726
1.340918
1.328007
1.326811
1.332313
1.316198
1.323220
1.346092
1.327212
1.342757
1.306694
1.325097
1.343886
1.344315
1.323963
1.323585
1.326149
1.324954
1.321140
1.325341
1.337962
1.307490
1.321754
1.346178
1.340812
1.351994
1.349217
1.334510
1.332026
1.323515
1.334347
1.352289
1.353029
1.327862
1.325370
1.315189
1.313661
1.333318
1.329378
1.306434
1.337509
1.327756
1.308753
1.319351
1.344188
1.317450
1.316744
1.340169
1.351299
1.319521
1.351976
1.338015
1.314138
1.308843
1.337843
1.330382
1.328226
1.324772
1.307597
1.327089
1.339902
1.315942
1.345853
1.303887
1.317732
1.341368
1.315344
1.356494
1.315398
1.313877
1.328404
1.337338
1.313388
1.324200
1.316531
1.312898
1.317394
1.318959
1.338523
1.325310
1.324608
1.315816
1.293505
1.334390
1.315648
1.321256
1.339000
1.338939
1.321406
1.335949
1.347643
1.312170
1.301354
1.318535
1.329094
1.354423
1.328495
1.319111
1.314367
1.313824
1.330815
1.302493
1.328296
1.309543
1.308999
1.318966
1.345376
1.321583
1.325855
1.332024
1.312865
1.327593
1.305132
1.298068
1.312471
1.324792
1.303765
1.296863
1.325889
1.312500
1.302236
1.321706
1.298866
1.309519
1.300054
1.329762
1.311441
1.299720
1.304047
1.312068
1.317794
1.308562
1.306887
1.307798
1.310480
1.312513
1.313417
1.341651
1.302164
1.308891
1.309153
1.311024
1.309998
1.308811
1.319972
1.319591
1.317452
1.320742
1.334002
1.312463
1.313843
1.312179
1.294688
1.276800
1.319186
1.325006
1.337729
1.324877
1.297251
1.311843
1.319920
1.310598
1.311976
1.311753
1.328854
1.333674
1.302096
1.284851
1.321472
1.292216
1.292967
1.307730
1.309108
1.295214
1.320290
1.312433
1.320002
1.334598
1.321614
1.308346
1.304601
1.291005
1.292239
1.312557
1.296637
1.301881
1.310452
1.298060
1.294777
1.310896
1.292071
1.303104
1.313881
1.327554
1.299708
1.314319
1.296370
1.327282
1.306808
1.307222
1.295957
1.309161
1.319548
1.318219
1.317046
1.296442
1.291717
1.335193
1.306157
1.288466
1.302520
1.301019
1.293267
1.299291
1.305762
1.303309
1.286251
1.293428
1.311207
1.277160
1.287771
1.304823
1.291502
1.289832
1.282194
1.293232
1.303219
1.316276
1.302768
1.315195
1.304699
1.298750
1.302819
1.342780
1.287838
1.289538
1.310619
1.317940
1.297170
1.305992
1.288250
1.303006
1.290521
1.291414
1.301852
1.280049
1.276758
1.273135
1.295706
1.294843
1.303185
1.287207
1.319545
1.292823
1.283163
1.280045
1.306245
1.280236
1.286104
1.301303
1.287729
1.303218
1.305986
1.301027
1.300326
1.332103
1.304289
1.296797
1.288308
1.300611
1.327719
1.291605
1.322772
1.287332
1.279274
1.279047
1.298230
1.291671
1.290967
1.309492
1.297951
1.304334
1.301120
1.302150
1.301765
1.309061
1.323445
1.284627
1.293601
1.280824
1.282510
1.308472
1.300411
1.313470
1.272322
1.281689
1.305297
1.290124
1.293688
1.286024
1.286272
1.286994
1.300950
1.280343
1.274689
1.278293
1.295482
1.289263
1.279837
1.291489
1.298335
1.305611
1.301322
1.290415
1.276555
1.267051
1.273546
1.302051
1.298851
1.298622
1.301986
1.280201
1.308220
1.297391
1.318735
1.297714
1.303570
1.275649
1.272554
1.312650
1.280674
1.286289
1.276251
1.280144
1.276903
1.282530
1.292995
1.280649
1.293631
1.292149
1.300349
1.283676
1.289578
1.269272
1.279672
1.277387
1.277315
1.278982
1.303939
1.264064
1.276395
1.278851
1.269908
1.279495
1.303793
1.286740
1.268193
1.287689
1.269163
1.269727
1.275988
1.276547
1.279784
1.292708
1.280739
1.278777
1.268748
1.279417
1.269238
1.288514
1.273523
1.269338
1.290472
1.271725
1.281726
1.288375
1.266281
1.294756
1.287213
1.294448
1.280495
1.264491
1.276736
1.275562
1.286136
1.267844
1.299631
1.264214
1.292051
1.279664
1.274570
1.291200
1.281784
1.301548
1.258943
1.287633
1.275064
1.280624
1.284447
1.271855
1.279459
1.281569
1.255817
1.271712
1.258055
1.270777
1.264243
1.276270
1.276820
1.265124
1.263788
1.279713
1.273543
1.286863
1.269786
1.260888
1.260182
1.276289
1.268541
1.308956
1.265718
1.272389
1.272313
1.269418
1.305353
1.300692
1.268092
1.295015
1.272010
1.274743
1.273730
1.261741
1.273108
1.289616
1.288766
1.253545
1.277002
1.263959
1.289218
1.289292
1.275291
1.258780
1.267963
1.247079
1.260598
1.275677
1.282723
1.263037
1.272178
1.268203
1.277921
1.267267
1.255424
1.273807
1.280543
1.278454
1.253385
1.270073
1.266722
1.251579
1.271858
1.245891
1.281446
1.264616
1.278510
1.284282
1.287731
1.268043
1.260632
1.275020
1.266406
1.251924
1.261883
1.275473
1.248699
1.272684
1.237615
1.282235
1.264841
1.245633
1.266083
1.278375
1.260786
1.264912
1.282431
1.261173
1.251708
1.249116
1.259221
1.300127
1.271789
1.270318
1.269001
1.277706
1.278085
1.279231
1.254842
1.277379
1.238483
1.253355
1.258115
1.268738
1.259668
1.267804
1.272657
1.278409
1.254988
1.260200
1.274328
1.261437
1.247791
1.258015
1.289863
1.290536
1.274141
1.265594
1.255903
1.246925
1.289052
1.237176
1.249972
1.268187
1.276541
1.259530
1.251992
1.260297
1.242764
1.261526
1.265764
1.273358
1.267292
1.257796
1.240877
1.282625
1.276149
1.251730
1.268792
1.273607
1.271230
1.239536
1.269685
1.266535
1.270436
1.244852
1.268585
1.274308
1.240546
1.258033
1.247566
1.257560
1.256860
1.229931
1.260549
1.244980
1.261613
1.264447
1.263596
1.273598
1.230481
1.279196
1.249539
1.257954
1.266156
1.262090
1.266752
1.277621
1.259229
1.239322
1.237054
1.260973
1.259508
1.249407
1.272622
1.253257
1.233752
1.241320
1.273341
1.217914
1.230137
1.262273
1.254059
1.272305
1.255890
1.243924
1.269618
1.273626
1.249088
1.256389
1.236206
1.247294
1.259963
1.239227
1.266043
1.246342
1.267542
1.281347
1.231337
1.248937
1.248237
1.248307
1.254674
1.264812
1.249593
1.251813
1.254640
1.264011
1.246639
1.257594
1.258272
1.244537
1.242910
1.245447
1.242279
1.276455
1.270042
1.242643
1.267450
1.247092
1.225780
1.249684
1.244993
1.250432
1.235252
1.264568
1.243730
1.248405
1.261125
1.279106
1.265038
1.255697
1.250730
1.241596
1.247804
1.240964
1.242109
1.243407
1.261613
1.236925
1.242997
1.270543
1.248797
1.254958
1.253350
1.239957
1.251958
1.256126
1.229358
1.226792
1.254346
1.243737
1.240432
1.231102
1.272527
1.253755
1.255487
1.273303
1.252126
1.257947
1.244487
1.243942
1.249647
1.230405
1.266386
1.253027
1.258383
1.255122
1.269022
1.253885
1.223619
1.252043
1.224379
1.227388
1.254350
1.234763
1.240954
1.223023
1.229428
1.236256
1.251245
1.268442
1.244087
1.237592
1.226290
1.237264
1.252375
1.253040
1.267208
1.239815
1.247783
1.259153
1.245482
1.243876
1.232651
1.231184
1.231250
1.241242
1.234750
1.224070
1.248706
1.239366
1.243532
1.249645
1.255726
1.239012
1.235725
1.246266
1.234328
1.244725
1.254432
1.226410
1.255751
1.243156
1.238213
1.214186
1.233316
1.245821
1.231154
1.218787
1.224701
1.241531
1.232936
1.228114
1.235194
1.258750
1.246365
1.246425
1.237418
1.229417
1.226272
1.270511
1.225177
1.244978
1.230345
1.249456
1.236851
1.259430
1.244825
1.244132
1.241328
1.238671
1.223832
1.244520
1.232340
1.256457
1.224241
1.233436
1.224063
1.247274
1.237855
1.249635
1.246699
1.247206
1.240055
1.235589
1.232169
1.227221
1.221032
1.230534
1.224668
1.219082
1.258439
1.246135
1.222785
1.207200
1.245110
1.224800
1.226837
1.231142
1.261385
1.249426
1.222980
1.227750
1.225991
1.251285
1.220334
1.242596
1.225173
1.246892
1.247097
1.214999
1.218117
1.222290
1.222047
1.227869
1.230497
1.259629
1.225325
1.247745
1.224082
1.242193
1.252656
1.216057
1.223869
1.218617
1.221564
1.230240
1.254602
1.251551
1.234472
1.227912
1.253484
1.207358
1.231248
1.225432
1.242132
1.236666
1.209816
1.224309
1.216796
1.234498
1.257098
1.230113
1.214303
1.239500
1.239406
1.206708
1.251371
1.257895
1.213451
1.244432
1.218577
1.238300
1.229089
1.217241
1.222739
1.215542
1.239762
1.225320
1.217688
1.237545
1.239977
1.218922
1.246892
1.225211
1.219248
1.228323
1.242815
1.231126
1.219480
1.221495
1.222905
1.234624
1.206080
1.228768
1.240276
1.212637
1.226841
1.235839
1.214023
1.229994
1.209447
1.219021
1.211232
1.221238
1.220844
1.219248
1.207223
1.217557
1.226307
1.231874
1.244201
1.211756
1.231885
1.232829
1.223797
1.220709
1.227190
1.216769
1.216826
1.204806
1.227405
1.212783
1.215849
1.215153
1.209335
1.218417
1.247198
1.217178
1.217833
1.233666
1.234752
1.193800
1.226111
1.226313
1.231853
1.223294
1.236975
1.230972
1.212688
1.211692
1.214749
1.227180
1.216207
1.222530
1.228966
1.224420
1.228477
1.230156
1.224726
1.220318
1.219775
1.221763
1.219881
1.218743
1.244455
1.220784
1.234149
1.227266
1.220794
1.218019
1.189741
1.202086
1.194424
1.206866
1.210221
1.207577
1.215708
1.218143
1.212233
1.226989
1.185453
1.214930
1.218702
1.208464
1.218954
1.216629
1.233368
1.218813
1.218419
1.228667
1.225623
1.201998
1.193454
1.219862
1.208458
1.221591
1.242454
1.216361
1.219080
1.201837
1.208031
1.198940
1.217655
1.220221
1.223517
1.205458
1.230081
1.221454
1.209348
1.232565
1.213467
1.190748
1.204934
1.231876
1.200850
1.213426
1.213329
1.213380
1.208529
1.224398
1.234245
1.201524
1.209331
1.198786
1.208244
1.215854
1.202238
1.215067
1.226734
1.207609
1.219786
1.228190
1.210137
1.199020
1.202806
1.204348
1.187913
1.211426
1.200330
1.230310
1.209355
1.207775
1.212413
1.208172
1.202430
1.191867
1.214380
1.193024
1.191727
1.215850
1.213985
1.196679
1.201948
1.211625
1.211084
1.211870
1.187650
1.212410
1.206552
1.194108
1.180328
1.211867
1.220133
1.204728
1.224749
1.205568
1.181866
1.201222
1.184386
1.198351
1.211857
1.211758
1.196570
1.216401
1.203053
1.217079
1.209938
1.208955
1.195089
1.211403
1.198312
1.198807
1.191418
1.205266
1.199104
1.203444
1.223552
1.220252
1.228132
1.198314
1.203981
1.200633
1.192673
1.193467
1.196338
1.196536
1.213658
1.206523
1.200530
1.215255
1.214862
1.188660
1.203082
1.202098
1.219698
1.197471
1.197224
1.192086
1.199979
1.184740
1.210789
1.208202
1.216563
1.189859
1.190503
1.200312
1.204915
1.179618
1.190404
1.195340
1.201871
1.206025
1.213077
1.201718
1.205430
1.202544
1.190055
1.198376
1.192374
1.210183
1.190991
1.185848
1.183964
1.198657
1.188371
1.185451
1.193938
1.225283
1.183816
1.210478
1.196925
1.203422
1.195253
1.206286
1.186782
1.196569
1.211218
1.178306
1.197148
1.179152
1.201926
1.176716
1.196011
1.196937
1.211126
1.199080
1.211357
1.190506
1.214768
1.179052
1.194616
1.185379
1.191622
1.177612
1.206476
1.213326
1.189158
1.201368
1.193367
1.184873
1.189638
1.204308
1.197794
1.199444
1.205308
1.181608
1.194609
1.183921
1.189713
1.203053
1.200333
1.205895
1.198089
1.187001
1.180556
1.174078
1.179467
1.200781
1.170651
1.165771
1.176843
1.176002
1.183883
1.185107
1.190436
1.183874
1.198404
1.196410
1.186657
1.183322
1.205530
1.192355
1.173858
1.203051
1.182668
1.206167
1.171378
1.185595
1.209169
1.198956
1.207235
1.202080
1.193270
1.189375
1.191170
1.180226
1.196639
1.174270
1.199476
1.199083
1.195210
1.212835
1.204836
1.182937
1.193927
1.186831
1.172176
1.187064
1.197863
1.183496
1.179581
1.181387
1.178202
1.206852
1.174171
1.189012
1.182194
1.190988
1.163102
1.195710
1.187041
1.183144
1.189890
1.215373
1.176830
1.204592
1.189622
1.177550
1.177008
1.206180
1.182949
1.195908
1.183909
1.193822
1.211508
1.206408
1.180871
1.189933
1.188234
1.192186
1.198283
1.189807
1.187384
1.194368
1.182233
1.182421
1.180861
1.202571
1.197158
1.194606
1.188871
1.188333
1.173957
1.216021
1.173605
1.180367
1.184479
1.185680
1.195247
1.176453
1.176934
1.175954
1.197841
1.179101
1.187267
1.177145
1.172075
1.192289
1.169231
1.193661
1.193843
1.172875
1.198648
1.177481
1.209538
1.185105
1.181526
1.183305
1.182332
1.203896
1.171651
1.187508
1.172757
1.184701
1.166846
1.183625
1.172488
1.184282
1.187780
1.196278
1.193455
1.174444
1.186784
1.181197
1.171365
1.180553
1.174650
1.168864
1.176909
1.183743
1.176699
1.169907
1.183427
1.182024
1.174250
1.180515
1.164128
1.167824
1.175137
1.182834
1.172315
1.160385
1.192695
1.170403
1.171752
1.184789
1.179502
1.161229
1.185620
1.177454
1.192415
1.184298
1.173813
1.167612
1.192416
1.168420
1.178592
1.182083
1.164321
1.189744
1.164404
1.182521
1.171459
1.178428
1.173996
1.167227
1.164795
1.163671
1.184214
1.184536
1.187145
1.170222
1.201117
1.166096
1.178988
1.188465
1.168971
1.183255
1.172085
1.178888
1.168694
1.169312
1.176846
1.190168
1.188498
1.162220
1.168206
1.185756
1.165823
1.184117
1.177001
1.171431
1.190763
1.181120
1.156613
1.168843
1.179084
1.174103
1.164043
1.183189
1.168602
1.157044
1.172709
1.178336
1.182368
1.178408
1.176298
1.164683
1.181939
1.168943
1.166387
1.177194
1.172074
1.164191
1.177445
1.163835
1.149483
1.165066
1.160624
1.179191
1.171651
1.178834
1.168997
1.166590
1.167059
1.174837
1.228370
1.178901
1.174373
1.168824
1.185390
1.177047
1.181347
1.154685
1.176154
1.176332
1.168219
1.171263
1.171871
1.167468
1.184307
1.154853
1.167147
1.165317
1.176928
1.175255
1.185352
1.161438
1.154834
1.182766
1.182375
1.158273
1.158887
1.172398
1.173857
1.186628
1.170649
1.166970
1.168721
1.144512
1.188613
1.194805
1.178952
1.172743
1.162063
1.158794
1.156815
1.156852
1.187599
1.178333
1.169709
1.163461
1.164212
1.173508
1.154084
1.143980
1.173466
1.193607
1.179896
1.165601
1.171471
1.173491
1.174515
1.161596
1.163347
1.172773
1.176343
1.169150
1.177395
1.164378
1.171663
1.157869
1.156614
1.166936
1.179417
1.179589
1.167321
1.165506
1.152664
1.176336
1.163900
1.172447
1.162401
1.164856
1.178323
1.174411
1.175148
1.141296
1.161893
1.175947
1.172313
1.168528
1.171530
1.161493
1.157104
1.186493
1.153739
1.158208
1.175523
1.152555
1.173616
1.167437
1.168601
1.153985
1.160725
1.148318
1.168164
1.167630
1.133965
1.170799
1.157083
1.145801
1.156438
1.159035
1.165027
1.169859
1.164667
1.161440
1.158491
1.152823
1.176612
1.165534
1.161887
1.151817
1.175891
1.160425
1.157761
1.147662
1.152844
1.181897
1.146190
1.169087
1.145973
1.152871
1.168898
1.146508
1.150261
1.152007
1.154888
1.155774
1.148398
1.176109
1.165626
1.177142
1.170743
1.162478
1.169962
1.141763
1.137339
1.145703
1.179705
1.146057
1.156196
1.173803
1.176897
1.169528
1.163241
1.179065
1.161049
1.172161
1.161815
1.181116
1.145858
1.159793
1.158414
1.144674
1.145993
1.157943
1.147342
1.143667
1.154079
1.144876
1.150174
1.155870
1.152224
1.168711
1.147320
1.153876
1.146247
1.169244
1.166899
1.147483
1.148935
1.150102
1.158182
1.151581
1.171807
1.148102
1.176578
1.139482
1.148482
1.156846
1.141010
1.136184
1.154825
1.151893
1.147113
1.159553
1.151139
1.154695
1.145255
1.148687
1.147162
1.177662
1.128235
1.148671
1.144453
1.145336
1.144375
1.162419
1.146705
1.159401
1.136250
1.172673
1.157667
1.128761
1.167764
1.156493
1.159182
1.136481
1.142344
1.158708
1.128284
1.164342
1.156696
1.151816
1.144656
1.146241
1.140895
1.139507
1.144496
1.155217
1.137898
1.138640
1.144760
1.139555
1.138451
1.141035
1.137237
1.143501
1.143672
1.154103
1.162495
1.156396
1.149845
1.135896
1.143854
1.142191
1.147715
1.151672
1.142847
1.143864
1.158038
1.130603
1.151255
1.151843
1.166324
1.163169
1.142523
1.163222
1.150445
1.148513
1.133309
1.142108
1.158917
1.142872
1.153964
1.137289
1.139156
1.116813
1.149189
1.144172
1.135603
1.132659
1.141589
1.132721
1.123644
1.150362
1.150808
1.140329
1.133300
1.133473
1.138727
1.141008
1.156532
1.145414
1.126532
1.142107
1.126311
1.154721
1.160560
1.144743
1.139583
1.125757
1.149293
1.151268
1.138012
1.158665
1.143680
1.140766
1.140655
1.169344
1.139028
1.123796
1.138664
1.141776
1.135630
1.146440
1.143538
1.133183
1.145128
1.139984
1.144345
1.160164
1.159776
1.137574
1.129722
1.138892
1.135975
1.132348
1.154548
1.129870
1.132858
1.135275
1.134040
1.132944
1.129735
1.132299
1.142826
1.132497
1.142879
1.148047
1.139865
1.149484
1.154205
1.137852
1.124099
1.148201
1.117635
1.119655
1.142171
1.134520
1.141250
1.120203
1.141581
1.133510
1.114040
1.134686
1.142659
1.144766
1.129020
1.134795
1.136778
1.152187
1.135017
1.156905
1.138697
1.149391
1.143056
1.141833
1.151530
1.130031
1.170403
1.159276
1.115165
1.127899
1.150022
1.143422
1.139983
1.133886
1.117755
1.148077
1.118663
1.139278
1.124078
1.148861
1.153141
1.140766
1.121377
1.123938
1.137792
1.127641
1.122617
1.136480
1.147425
1.143039
1.140991
1.141707
1.120255
1.128837
1.133464
1.120621
1.126682
1.125449
1.134402
1.122981
1.120340
1.120790
1.129356
1.138270
1.115806
1.126505
1.121912
1.140303
1.125048
1.113268
1.124402
1.121769
1.128225
1.118034
1.137021
1.136077
1.133055
1.121372
1.123778
1.127851
1.133294
1.137467
1.127372
1.138067
1.139194
1.120329
1.124410
1.123319
1.143274
1.132409
1.121583
1.129964
1.120937
1.139956
1.126846
1.129510
1.127592
1.137436
1.124583
1.130441
1.147645
1.128828
1.132452
1.165701
1.119300
1.129620
1.130475
1.121054
1.119964
1.129026
1.143220
1.105861
1.144221
1.133819
1.147127
1.141963
1.135265
1.132397
1.124536
1.128855
1.127219
1.122250
1.120466
1.136388
1.126210
1.121795
1.108960
1.126698
1.145109
1.111008
1.130774
1.131073
1.133572
1.121023
1.125761
1.131441
1.117900
1.123758
1.128619
1.129331
1.120643
1.118445
1.120831
1.122658
1.123374
1.120628
1.125634
1.126624
1.118898
1.121281
1.108628
1.116610
1.130593
1.130067
1.123477
1.110998
1.125870
1.125893
1.133195
1.129928
1.117946
1.124332
1.125734
1.124517
1.128942
1.122218
1.127339
1.118255
1.132319
1.106050
1.118881
1.115857
1.098404
1.125848
1.125046
1.134927
1.123302
1.109191
1.129253
1.129685
1.121604
1.120386
1.112101
1.118500
1.121972
1.114257
1.119813
1.108469
1.125361
1.109216
1.126502
1.126524
1.130648
1.117630
1.121236
1.114775
1.112444
1.113300
1.122564
1.116251
1.126993
1.136411
1.132356
1.116621
1.104856
1.119972
1.106717
1.122489
1.120452
1.112755
1.132247
1.117494
1.112411
1.112020
1.117011
1.125263
1.124328
1.118729
1.128600
1.131069
1.132583
1.119367
1.102521
1.110042
1.118335
1.126019
1.110528
1.125243
1.130434
1.125830
1.115583
1.123416
1.123027
1.113035
1.123751
1.138949
1.120788
1.102473
1.124243
1.109448
1.120189
1.117336
1.099535
1.107192
1.112870
1.115091
1.115662
1.128909
1.132041
1.112294
1.105696
1.106411
1.115929
1.100222
1.107999
1.124588
1.113821
1.119044
1.117835
1.126702
1.121968
1.120763
1.101686
1.098518
1.111388
1.116752
1.126160
1.118841
1.107213
1.128518
1.123119
1.125985
1.106889
1.099173
1.124146
1.121723
1.097302
1.121898
1.113743
1.103876
1.110088
1.117763
1.122403
1.123506
1.101367
1.117435
1.110080
1.119243
1.117086
1.110417
1.114265
1.101250
1.093518
1.116234
1.119515
1.121568
1.108237
1.122554
1.125544
1.117305
1.119767
1.123304
1.103149
1.111256
1.110320
1.100186
1.120017
1.118817
1.109173
1.108647
1.117383
1.123218
1.118776
1.112413
1.102998
1.105488
1.137641
1.098937
1.110197
1.105572
1.109964
1.108893
1.099047
1.097140
1.114939
1.102135
1.108039
1.118921
1.100277
1.104001
1.120730
1.110864
1.113057
1.102715
1.124971
1.095752
1.104419
1.120181
1.108280
1.109932
1.114564
1.110515
1.104815
1.117727
1.110165
1.110592
1.119802
1.095051
1.136534
1.106319
1.087523
1.122845
1.108689
1.108709
1.108592
1.106845
1.097853
1.093341
1.101862
1.103655
1.122996
1.104240
1.105893
1.126121
1.099798
1.106766
1.105154
1.110464
1.106416
1.115360
1.114299
1.108642
1.095582
1.108815
1.101772
1.102745
1.122723
1.125142
1.090766
1.092299
1.103249
1.102317
1.107357
1.099360
1.092267
1.103209
1.097100
1.111769
1.088504
1.114092
1.118268
1.110492
1.112799
1.108234
1.101886
1.111101
1.108557
1.098817
1.105350
1.123351
1.119767
1.099710
1.107044
1.111374
1.112332
1.101144
1.111560
1.100503
1.085629
1.102032
1.110418
1.131344
1.100868
1.109259
1.093698
1.106195
1.095645
1.099062
1.103278
1.099506
1.086705
1.097372
1.093582
1.098360
1.104465
1.100700
1.095564
1.102764
1.101566
1.106304
1.091284
1.096745
1.104874
1.107582
1.090816
1.111904
1.095888
1.099834
1.105919
1.106204
1.088614
1.089316
1.091380
1.101696
1.090329
1.102674
1.108601
1.110891
1.113710
1.110923
1.103298
1.112022
1.104675
1.096470
1.103903
1.113550
1.100034
1.099107
1.106250
1.105730
1.096865
1.099581
1.091756
1.104320
1.102726
1.104621
1.100743
1.110534
1.101180
1.115484
1.103898
1.104852
1.101650
1.103812
1.098456
1.100893
1.105466
1.102537
1.101748
1.093687
1.086521
1.105278
1.105160
1.094432
1.092289
1.106141
1.084049
1.097868
1.098422
1.101792
1.106351
1.102894
1.109842
1.094739
1.097446
1.091671
1.112023
1.106190
1.102068
1.088903
1.113800
1.094604
1.096369
1.104148
1.101359
1.085759
1.095091
1.098998
1.102756
1.101704
1.099982
1.107194
1.098541
1.108019
1.093072
1.081734
1.091625
1.092180
1.094616
1.101189
1.100937
1.086990
1.101634
1.083778
1.075639
1.080830
1.088695
1.084120
1.102655
1.088746
1.089167
1.082702
1.101383
1.084631
1.098614
1.086421
1.093429
1.082402
1.074949
1.077554
1.084752
1.086927
1.109870
1.103401
1.096896
1.086590
1.100123
1.080818
1.116125
1.111015
1.087076
1.092460
1.095148
1.063472
1.100238
1.099189
1.087846
1.082882
1.101754
1.089102
1.091662
1.093282
1.092228
1.093312
1.096526
1.095342
1.098017
1.086949
1.074549
1.082005
1.096878
1.102725
1.085686
1.085165
1.073842
1.099603
1.087761
1.094718
1.082558
1.091416
1.085948
1.092646
1.089859
1.086263
1.122513
1.095497
1.091120
1.102671
1.076118
1.093826
1.102710
1.076169
1.077535
1.082397
1.104472
1.079068
1.075713
1.100689
1.102679
1.093303
1.093582
1.073501
1.087087
1.090967
1.100119
1.078423
1.097769
1.096592
1.102014
1.096487
1.105978
1.103497
1.077460
1.077476
1.090325
1.101837
1.091282
1.109067
1.094357
1.090129
1.080807
1.087631
1.090170
1.090715
1.085010
1.103007
1.093008
1.096192
1.086134
1.089603
1.081227
1.090559
1.073343
1.090983
1.112761
1.076214
1.075155
1.093416
1.075052
1.090136
1.094642
1.077647
1.083005
1.084750
1.087553
1.080515
1.082929
1.082544
1.094479
1.083637
1.089223
1.091483
1.073929
1.080231
1.105683
1.092326
1.082272
1.097217
1.101942
1.092508
1.086311
1.068560
1.083419
1.104475
1.099132
1.073057
1.083740
1.074158
1.085225
1.076461
1.079409
1.087645
1.069676
1.083967
1.074931
1.079479
1.085859
1.092989
1.075391
1.088934
1.090790
1.086980
1.079842
1.069041
1.081993
1.082271
1.099112
1.096249
1.084163
1.094046
1.093534
1.074511
1.074792
1.096838
1.086088
1.072167
1.092554
1.081237
1.071810
1.064723
1.085240
1.086833
1.091049
1.089617
1.085684
1.085960
1.091881
1.081235
1.095562
1.081657
1.081009
1.093636
1.079050
1.085004
1.080134
1.088182
1.077911
1.084920
1.068227
1.068108
1.087714
1.087988
1.075869
1.079984
1.086842
1.072325
1.074065
1.070489
1.060470
1.082563
1.067599
1.078368
1.068961
1.078261
1.087086
1.076568
1.092595
1.091693
1.063706
1.084390
1.089115
1.083888
1.074673
1.086663
1.077870
1.080517
1.081976
1.088797
1.071306
1.079381
1.095464
1.064695
1.081257
1.083499
1.067535
1.063150
1.085235
1.086684
1.077645
1.072906
1.088281
1.080310
1.074397
1.077573
1.096371
1.087159
1.069156
1.070626
1.079997
1.070255
1.075550
1.070413
1.061790
1.068187
1.077833
1.061565
1.070741
1.076159
1.067589
1.066143
1.080786
1.080142
1.080022
1.079247
1.077291
1.070853
1.087631
1.075355
1.062410
1.071957
1.067478
1.067359
1.083004
1.081056
1.068851
1.063699
1.079520
1.063725
1.054143
1.075361
1.063499
1.062583
1.069081
1.067112
1.060896
1.080137
1.084836
1.074926
1.063735
1.087329
1.070362
1.071558
1.085672
1.062474
1.055440
1.071209
1.066876
1.067679
1.088058
1.084310
1.083541
1.070095
1.055284
1.064584
1.072885
1.075644
1.070809
1.080749
1.080629
1.076078
1.065725
1.072700
1.075979
1.065892
1.077564
1.072874
1.061441
1.081364
1.083448
1.065172
1.076712
1.064405
1.054755
1.067980
1.066152
1.056521
1.073643
1.063027
1.065409
1.080308
1.079669
1.072519
1.055947
1.076580
1.078798
1.071254
1.037949
1.058394
1.087362
1.042166
1.046334
1.082616
1.062807
1.073032
1.062435
1.086002
1.061273
1.077361
1.057736
1.065775
1.066179
1.080247
1.064103
1.075211
1.075999
1.071848
1.057832
1.063633
1.064562
1.073968
1.071116
1.077100
1.058957
1.071145
1.077126
1.075321
1.054915
1.072744
1.076385
1.062190
1.069391
1.064701
1.072921
1.058820
1.051309
1.060288
1.047620
1.066722
1.054926
1.067003
1.057321
1.076239
1.067685
1.084751
1.050771
1.051444
1.058440
1.056479
1.074489
1.073851
1.069582
1.065427
1.069211
1.075565
1.074153
1.041082
1.058418
1.063008
1.065496
1.066807
1.062778
1.059258
1.049402
1.077709
1.068283
1.092798
1.071670
1.057880
1.075946
1.055804
1.067689
1.052146
1.069522
1.067846
1.055333
1.065787
1.076523
1.045748
1.065166
1.042725
1.060368
1.074245
1.072449
1.068582
1.075555
1.068081
1.056509
1.056781
1.050232
1.056409
1.063328
1.068521
1.066977
1.069959
1.061805
1.060904
1.048479
1.056098
1.060022
1.057816
1.062641
1.063947
1.056410
1.067975
1.055777
1.069282
1.054752
1.061276
1.053596
1.048624
1.046531
1.059754
1.049970
1.056388
1.069353
1.049608
1.068725
1.063180
1.059948
1.072861
1.063465
1.057766
1.059465
1.055572
1.042869
1.043407
1.065969
1.055089
1.063791
1.064316
1.070117
1.055388
1.047297
1.056317
1.112304
1.048377
1.050611
1.051927
1.058699
1.049465
1.061177
1.064541
1.070075
1.045315
1.062114
1.052916
1.059804
1.059166
1.069092
1.044854
1.071666
1.056091
1.055061
1.058699
1.054040
1.060138
1.061694
1.045461
1.051867
1.063907
1.062628
1.060960
1.052684
1.062265
1.059178
1.063052
1.065115
1.063067
1.053776
1.065265
1.043368
1.064766
1.045743
1.057055
1.045763
1.036460
1.039759
1.049050
1.071206
1.050499
1.074652
1.062142
1.051694
1.048195
1.061008
1.067678
1.050302
1.053551
1.059237
1.058472
1.059895
1.062855
1.079776
1.070659
1.054901
1.051547
1.055691
1.039585
1.055320
1.058419
1.053400
1.066885
1.055609
1.044476
1.048903
1.062950
1.051122
1.049188
1.063993
1.058877
1.048307
1.043638
1.056715
1.050145
1.061731
1.057764
1.051204
1.053276
1.051091
1.041759
1.043201
1.064074
1.041136
1.071203
1.055132
1.044545
1.044424
1.050646
1.074135
1.052080
1.060173
1.046024
1.054162
1.056993
1.047343
1.068477
1.061233
1.057404
1.056642
1.045444
1.051262
1.060115
1.031526
1.041847
1.060261
1.056945
1.039924
1.054012
1.040202
1.033693
1.046310
1.046447
1.046842
1.043100
1.046600
1.028248
1.039364
1.064026
1.045857
1.058695
1.059848
1.056409
1.056671
1.053096
1.058852
1.059113
1.046564
1.040886
1.057729
1.053520
1.053910
1.058638
1.035476
1.046230
1.041074
1.054837
1.054204
1.039545
1.053706
1.044214
1.036717
1.052319
1.042043
1.041664
1.052082
1.033771
1.042591
1.030270
1.055681
1.048401
1.039522
1.044819
1.041734
1.048172
1.035669
1.051002
1.051392
1.045890
1.052425
1.056252
1.064236
1.049378
1.050918
1.050669
1.048502
1.053232
1.043384
1.044291
1.056682
1.052746
1.041483
1.054920
1.034006
1.043819
1.032336
1.046909
1.045635
1.062544
1.048079
1.026655
1.052554
1.049502
1.048743
1.038746
1.045176
1.045694
1.043267
1.031798
1.051708
1.044184
1.052101
1.043557
1.040998
1.040748
1.040241
1.067636
1.053275
1.034854
1.054427
1.049989
1.048594
1.035788
1.043628
1.039533
1.047853
1.037620
1.031565
1.041869
1.031322
1.038933
1.029915
1.049546
1.031483
1.043953
1.051592
1.047024
1.040262
1.028029
1.026740
1.036690
1.045779
1.041702
1.038636
1.031956
1.045293
1.053416
1.040583
1.049756
1.052293
1.039322
1.040352
1.040742
1.045465
1.019065
1.031006
1.035902
1.047011
1.045619
1.036050
1.054864
1.059768
1.048431
1.044883
1.032617
1.027597
1.033145
1.042234
1.034956
1.036500
1.038169
1.037920
1.051385
1.035629
1.043417
1.045327
1.033085
1.028333
1.055060
1.038989
1.025258
1.038618
1.027984
1.047139
1.037487
1.029421
1.051821
1.034054
1.031241
1.039683
1.050326
1.045911
1.043257
1.035754
1.049712
1.039462
1.039722
1.016582
1.042145
1.049606
1.036178
1.028761
1.041404
1.044702
1.049248
1.034804
1.031743
1.040668
1.022372
1.047127
1.039288
1.031262
1.031013
1.047269
1.028976
1.043113
1.025652
1.042364
1.039709
1.037556
1.039212
1.036296
1.043145
1.048189
1.036693
1.035172
1.035560
1.041524
1.036714
1.028944
1.023692
1.044319
1.046588
1.045082
1.044457
1.024753
1.035358
1.030142
1.032443
1.048873
1.033727
1.032969
1.034500
1.047382
1.026862
1.025332
1.047015
1.042367
1.038838
1.046022
1.040867
1.042761
1.035819
1.038986
1.045161
1.038995
1.030251
1.026558
1.028478
1.029885
1.018883
1.036621
1.039655
1.021858
1.040672
1.030681
1.029287
1.024061
1.038924
1.050336
1.027271
1.036412
1.031352
1.020769
1.033390
1.048480
1.037317
1.043859
1.032649
1.025410
1.028471
1.028985
1.019160
1.023007
1.031664
1.032049
1.041130
1.039375
1.016889
1.020998
1.026108
1.027003
1.027263
1.033350
1.047531
1.031589
1.034625
1.021685
1.037655
1.035142
1.046050
1.018384
1.024136
1.036919
1.039434
1.052770
1.016622
1.032526
1.041201
1.030387
1.036316
1.021765
1.026475
1.050801
1.026104
1.037590
1.016044
1.028146
1.028783
1.036850
1.031444
1.025251
1.029054
1.041743
1.033098
1.022731
1.030334
1.036501
1.025665
1.029084
1.036510
1.024411
1.029980
1.038898
1.016920
1.025191
1.022279
1.037909
1.017708
1.021024
1.027110
1.026104
1.027750
1.025733
1.029650
1.048002
1.044782
1.023473
1.026639
1.036443
1.018537
1.037324
1.022610
1.031694
1.034957
1.028055
1.008091
1.033463
1.023270
1.024539
1.020493
1.026944
1.021010
1.005180
1.030853
1.026708
1.046917
1.027093
1.023693
1.036248
1.038244
1.018390
1.042595
1.027745
1.022708
1.024479
1.025869
1.030895
1.012957
1.035026
1.024373
1.022485
1.010811
1.036157
1.019338
1.010062
1.035915
1.023266
1.024151
1.024029
1.034305
1.037791
1.027182
1.029191
1.032818
1.028696
1.022923
1.021414
1.024314
1.027831
1.030837
1.015616
1.029842
1.027343
1.040291
1.025594
1.023714
1.023843
1.010443
1.023850
1.011344
1.034103
1.026368
1.017946
1.019464
1.025751
1.024877
1.024880
1.009731
1.035980
1.019488
1.024768
1.018739
1.009630
1.024150
1.010402
1.028532
1.040935
1.029784
1.033640
1.009284
1.023671
1.026551
1.029173
1.020419
1.005236
1.020802
1.026439
1.022314
1.022192
1.022195
1.025825
1.026826
1.020073
1.012771
1.022961
1.008092
1.037254
1.026217
1.011528
1.028090
1.017085
1.034914
1.025356
1.002024
1.027354
1.020991
1.016603
1.028852
1.036033
1.014349
1.015863
1.025627
1.021512
1.035421
1.022267
1.019518
1.032584
1.022025
1.011989
1.028750
1.020159
1.026270
1.034566
1.010116
1.028262
1.017168
1.012901
1.018928
1.018680
1.025168
1.021808
1.018188
1.026167
1.020194
1.033714
1.006375
1.020201
1.017204
1.019957
1.016209
1.018338
1.016215
1.016593
1.020343
1.009190
1.010076
1.005916
1.023836
1.017360
1.029782
1.019113
1.014491
1.007204
1.029539
1.022607
1.024470
1.014381
1.028556
1.021993
1.011883
1.016642
1.020756
1.022001
1.025226
1.013653
1.003973
1.019150
1.008519
1.010281
1.011288
1.027705
1.005386
1.033242
1.010548
0.996663
1.015432
1.023511
1.010811
1.016187
1.017808
1.019302
1.026112
1.031036
1.005179
1.017321
1.005941
1.004182
1.012716
1.014216
1.007462
1.001044
1.018081
1.028706
1.016344
1.009233
1.001821
1.001068
1.010368
1.015733
1.005109
1.019212
1.013623
1.024035
1.004369
1.013007
1.027483
1.003373
1.002118
1.002877
1.033239
1.017369
1.016875
1.009283
1.006283
1.016632
1.009291
1.001018
1.017875
1.027242
1.010175
1.020475
1.015155
1.012050
0.998776
1.013670
1.025649
1.025526
1.015661
1.016282
0.999050
0.999935
1.004332
1.015049
1.015298
1.014432
1.011206
1.019381
1.015923
1.028100
1.021600
1.009350
1.014319
1.013081
1.027243
1.018155
0.999860
1.005873
1.017294
1.009242
1.011977
1.029438
1.004512
1.010368
1.008382
1.012109
1.012110
1.000898
1.015823
1.017551
1.007274
1.020259
1.020505
1.009393
1.018785
1.010761
1.017310
1.008283
1.017803
1.019771
1.016081
1.011513
1.007795
1.010278
1.020508
1.000448
0.999450
1.017808
1.006937
0.993434
1.005449
1.013625
1.001965
1.016336
0.994332
1.003343
1.009677
1.015231
1.014740
1.009186
1.013510
1.012771
1.018550
1.028673
1.004109
1.023318
1.009813
1.003741
1.003619
1.008210
1.018305
0.999515
0.987342
1.008215
1.020507
1.009082
1.009207
1.014136
1.022092
1.019039
1.010938
1.007854
0.997420
1.001037
1.027313
0.998052
0.993804
1.019525
1.021111
1.002912
1.000429
0.997567
1.015244
0.998319
0.997574
0.997700
1.017813
1.007007
1.016712
0.999327
0.990712
1.005529
1.007628
1.004542
1.012671
0.999960
1.015977
1.020732
1.014632
1.014020
1.013408
0.993621
1.020606
0.984217
1.007761
1.024485
0.995628
1.012183
1.007763
1.009239
1.005055
1.012795
1.002711
1.018773
0.994275
1.002220
0.997265
1.011571
1.021924
0.999875
1.014382
1.000249
0.998640
0.997029
1.001860
1.001367
1.007158
1.008018
1.002358
0.995798
1.009122
1.012180
1.002115
1.008877
1.009857
0.993945
1.001502
0.998909
1.006057
1.020805
1.008265
0.992464
1.000767
1.010222
1.002740
0.993094
1.006795
0.998550
1.012051
0.999046
0.994220
1.006918
1.022716
1.011073
1.002500
0.993360
1.000039
0.999301
1.013505
1.001273
1.002381
1.014110
1.006918
1.006550
0.989648
1.008872
1.006428
0.993255
0.999433
0.998201
1.000541
1.021473
1.002508
0.998081
1.001526
1.012517
1.004592
0.999684
1.008499
1.000423
1.004347
0.999195
1.000056
1.004469
1.004957
0.998213
0.999934
0.992292
0.998829
0.988576
0.997724
1.004467
1.011042
1.000918
1.010433
0.989578
1.016482
1.000183
0.997851
0.996745
0.997974
1.006049
1.007266
0.988847
0.998344
1.010785
0.989470
1.000061
0.996258
0.996135
