Starting the test of the hash function example hash with the word lexikon OnlyB
Starting to load map from OnlyB
Loading finished. Loaded 8167 words from file.
Started measuring access times
accessing: Beiried
162276
164897
162997
160383
159495
accessing: beschmutzte
234395
230559
230174
230501
230506
accessing: blutrot
101659
100235
100811
101660
99101
accessing: Bezug
52930
53954
52225
51296
53406
Finished measuring access times
Starting to calculate: 8167 Collisions
44.500000
51.770863
70.835637
43.398617
41.398135
47.351917
47.912518
30.459850
27.633494
42.080796
44.021696
38.535007
43.909984
44.348418
41.897149
40.465030
38.528208
41.398275
43.642038
49.361547
54.452591
59.804692
65.624233
70.926283
76.551806
81.822016
86.703540
90.840297
95.658658
99.835619
103.506864
107.078595
110.504400
113.742803
116.621933
119.173879
121.391793
123.542937
125.451562
127.149848
128.762092
130.090737
131.433567
132.595563
133.537441
134.384050
135.161322
135.854873
136.339666
136.807439
137.206948
137.518886
137.716017
137.877927
137.993242
138.005054
138.059140
138.057124
138.006170
137.859408
137.726959
137.560065
137.375582
137.182353
136.970945
136.744684
136.491773
136.222534
135.960784
135.672449
135.363177
135.060103
134.744360
134.423170
134.079360
133.752275
133.405792
133.059262
132.708157
132.357241
132.010057
131.647479
131.291329
130.928558
130.565625
130.203449
129.838874
129.476389
129.110767
128.745476
128.382928
128.015536
127.655359
127.292242
126.929052
126.568317
126.203346
125.846176
125.487454
125.125603
124.769376
124.413703
124.051707
123.694630
123.340408
122.986191
122.626633
122.273772
121.923089
121.576843
121.224418
120.878440
120.532381
120.189632
119.850912
119.511773
119.175832
118.839830
118.505787
118.175183
117.845641
117.518913
117.194650
116.872303
116.551876
116.233373
115.916798
115.602151
115.289433
114.978642
114.669777
114.362834
114.057809
113.754699
113.453497
113.154197
112.856792
112.561276
112.267640
111.975876
111.685974
111.397926
111.111722
110.827351
110.544804
110.264070
109.985136
109.707994
109.432630
109.159033
108.887192
108.617095
108.348729
108.082082
107.817141
107.553895
107.292331
107.032436
106.774198
106.517603
106.262640
106.009295
105.757556
105.507410
105.258844
105.011846
104.766403
104.522501
104.280129
104.039274
103.799923
103.562065
103.325685
103.090772
102.857314
102.625298
102.394712
102.165544
101.937782
101.711414
101.486428
101.262812
101.040554
100.819643
100.600066
100.381814
100.164874
99.949234
99.734884
99.521813
99.310009
99.099461
98.890159
98.682092
98.475249
98.269620
98.065194
97.861960
97.659909
97.459030
97.259313
97.060748
96.863325
96.667034
96.471866
96.277811
96.084860
95.893002
95.702229
95.512531
95.323899
95.136324
94.949797
94.764309
94.579851
94.396415
94.213991
94.032572
93.852149
93.672713
93.494256
93.316770
93.140247
92.964678
92.790056
92.616373
92.443620
92.271791
92.100878
91.930872
91.761767
91.593555
91.426229
91.259781
91.094204
90.929492
90.765636
90.602631
90.440468
90.279142
90.118646
89.958972
89.800115
89.642067
89.484823
89.328375
89.172717
89.017844
88.863748
88.710424
88.557866
88.406067
88.255022
88.104724
87.955168
87.806348
87.658258
87.510892
87.364246
87.218312
87.073087
86.928563
86.784737
86.641602
86.499153
86.357386
86.216294
86.075873
85.936117
85.797022
85.658582
85.520793
85.383650
85.247148
85.111281
84.976046
84.841438
84.707451
84.574082
84.441326
84.309178
84.177634
84.046689
83.916339
83.786580
83.657407
83.528816
83.400803
83.273363
83.146493
83.020189
82.894446
82.769260
82.644628
82.520545
82.397007
82.274012
82.151554
82.029630
81.908236
81.787368
81.667024
81.547199
81.427889
81.309091
81.190802
81.073017
80.955734
80.838949
80.722659
80.606859
80.491547
80.376720
80.262374
80.148505
80.035112
79.922189
79.809735
79.697746
79.586219
79.475151
79.364539
79.254379
79.144669
79.035406
78.926587
78.818209
78.710268
78.602763
78.495690
78.389046
78.282829
78.177036
78.071663
77.966710
77.862171
77.758046
77.654331
77.551024
77.448122
77.345622
77.243522
77.141820
77.040512
76.939597
76.839072
76.738934
76.639181
76.539810
76.440820
76.342207
76.243970
76.146106
76.048613
75.951488
75.854730
75.758335
75.662302
75.566629
75.471313
75.376352
75.281744
75.187486
75.093578
75.000016
74.906798
74.813923
74.721388
74.629192
74.537332
74.445806
74.354612
74.263749
74.173214
74.083005
73.993121
73.903560
73.814319
73.725397
73.636792
73.548502
73.460525
73.372859
73.285504
73.198455
73.111713
73.025276
72.939141
72.853306
72.767771
72.682533
72.597590
72.512942
72.428586
72.344520
72.260744
72.177255
72.094052
72.011132
71.928496
71.846140
71.764064
71.682266
71.600743
71.519496
71.438522
71.357820
71.277388
71.197224
71.117328
71.037698
70.958332
70.879229
70.800388
70.721806
70.643483
70.565418
70.487608
70.410053
70.332751
70.255701
70.178901
70.102350
70.026047
69.949990
69.874179
69.798611
69.723286
69.648202
69.573358
69.498753
69.424385
69.350253
69.276357
69.202694
69.129264
69.056065
68.983096
68.910356
68.837844
68.765558
68.693498
68.621662
68.550049
68.478658
68.407488
68.336538
68.265806
68.195292
68.124994
68.054911
67.985043
67.915388
67.845944
67.776712
67.707690
67.638876
67.570271
67.501872
67.433679
67.365690
67.297906
67.230324
67.162944
67.095764
67.028785
66.962004
66.895421
66.829035
66.762844
66.696849
66.631047
66.565439
66.500023
66.434797
66.369763
66.304917
66.240260
66.175790
66.111507
66.047410
65.983497
65.919769
65.856224
65.792860
65.729679
65.666677
65.603856
65.541213
65.478748
65.416460
65.354349
65.292413
65.230651
65.169064
65.107649
65.046407
64.985337
64.924436
64.863706
64.803145
64.742752
64.682527
64.622468
64.562576
64.502848
64.443285
64.383886
64.324650
64.265576
64.206664
64.147912
64.089321
64.030888
63.972615
63.914499
63.856541
63.798739
63.741093
63.683602
63.626265
63.569082
63.512052
63.455175
63.398449
63.341875
63.285450
63.229176
63.173050
63.117073
63.061243
63.005561
62.950025
62.894635
62.839391
62.784290
62.729334
62.674521
62.619851
62.565323
62.510936
62.456690
62.402585
62.348619
62.294792
62.241103
62.187553
62.134140
62.080863
62.027723
61.974718
61.921848
61.869113
61.816512
61.764044
61.711708
61.659505
61.607433
61.555493
61.503683
61.452003
61.400452
61.349030
61.297737
61.246572
61.195533
61.144622
61.093837
61.043178
60.992644
60.942235
60.891949
60.841788
60.791750
60.741834
60.692041
60.642370
60.592819
60.543390
60.494081
60.444891
60.395821
60.346869
60.298036
60.249321
60.200723
60.152242
60.103877
60.055629
60.007496
59.959478
59.911574
59.863785
59.816110
59.768547
59.721098
59.673761
59.626536
59.579422
59.532419
59.485527
59.438746
59.392074
59.345511
59.299057
59.252712
59.206475
59.160345
59.114323
59.068407
59.022598
58.976895
58.931297
58.885805
58.840418
58.795134
58.749955
58.704880
58.659907
58.615038
58.570271
58.525606
58.481042
58.436580
58.392219
58.347958
58.303797
58.259736
58.215775
58.171912
58.128148
58.084483
58.040915
57.997445
57.954072
57.910796
57.867616
57.824533
57.781545
57.738652
57.695855
57.653152
57.610544
57.568029
57.525609
57.483281
57.441047
57.398905
57.356856
57.314898
57.273032
57.231258
57.189574
57.147981
57.106479
57.065066
57.023743
56.982509
56.941365
56.900309
56.859341
56.818462
56.777670
56.736966
56.696349
56.655819
56.615375
56.575018
56.534746
56.494560
56.454459
56.414444
56.374513
56.334666
56.294904
56.255225
56.215630
56.176118
56.136689
56.097343
56.058079
56.018897
55.979797
55.940778
55.901841
55.862984
55.824209
55.785513
55.746898
55.708363
55.669907
55.631531
55.593233
55.555014
55.516874
55.478812
55.440828
55.402922
55.365093
55.327341
55.289666
55.252068
55.214546
55.177100
55.139730
55.102436
55.065217
55.028073
54.991004
54.954010
54.917090
54.880244
54.843472
54.806774
54.770149
54.733597
54.697118
54.660711
54.624377
54.588115
54.551926
54.515807
54.479761
54.443785
54.407880
54.372047
54.336283
54.300590
54.264967
54.229414
54.193931
54.158517
54.123172
54.087896
54.052689
54.017550
53.982479
53.947477
53.912542
53.877675
53.842875
53.808143
53.773477
53.738878
53.704346
53.669880
53.635480
53.601146
53.566878
53.532675
53.498538
53.464465
53.430458
53.396515
53.362636
53.328822
53.295072
53.261385
53.227763
53.194203
53.160707
53.127274
53.093904
53.060597
53.027352
52.994169
52.961048
52.927989
52.894992
52.862057
52.829182
52.796369
52.763617
52.730925
52.698294
52.665724
52.633213
52.600763
52.568372
52.536041
52.503769
52.471557
52.439404
52.407310
52.375274
52.343297
52.311378
52.279518
52.247715
52.215971
52.184284
52.152654
52.121082
52.089567
52.058109
52.026708
51.995363
51.964075
51.932843
51.901667
51.870547
51.839483
51.808475
51.777522
51.746624
51.715782
51.684994
51.654262
51.623584
51.592960
51.562391
51.531876
51.501415
51.471007
51.440654
51.410354
51.380107
51.349914
51.319773
51.289686
51.259651
51.229669
51.199739
51.169862
51.140036
51.110263
51.080541
51.050872
51.021253
50.991687
50.962171
50.932706
50.903293
50.873930
50.844618
50.815356
50.786145
50.756984
50.727873
50.698812
50.669801
50.640839
50.611927
50.583065
50.554251
50.525487
50.496771
50.468105
50.439487
50.410917
50.382396
50.353923
50.325499
50.297122
50.268793
50.240512
50.212279
50.184093
50.155954
50.127863
50.099818
50.071821
50.043870
50.015966
49.988109
49.960298
49.932533
49.904814
49.877142
49.849515
49.821934
49.794399
49.766909
49.739465
49.712066
49.684712
49.657403
49.630139
49.602920
49.575745
49.548615
49.521529
49.494488
49.467491
49.440538
49.413629
49.386763
49.359942
49.333163
49.306429
49.279738
49.253090
49.226485
49.199923
49.173404
49.146927
49.120494
49.094102
49.067754
49.041447
49.015183
48.988961
48.962781
48.936643
48.910546
48.884491
48.858478
48.832506
48.806575
48.780686
48.754837
48.729030
48.703263
48.677538
48.651853
48.626208
48.600604
48.575040
48.549517
48.524033
48.498590
48.473186
48.447823
48.422499
48.397214
48.371970
48.346764
48.321598
48.296471
48.271383
48.246335
48.221325
48.196353
48.171421
48.146527
48.121672
48.096855
48.072076
48.047336
48.022633
47.997969
47.973342
47.948754
47.924203
47.899689
47.875214
47.850775
47.826374
47.802010
47.777684
47.753394
47.729141
47.704926
47.680747
47.656604
47.632498
47.608429
47.584396
47.560400
47.536439
47.512515
47.488627
47.464774
47.440958
47.417177
47.393432
47.369723
47.346049
47.322411
47.298807
47.275239
47.251707
47.228209
47.204746
47.181318
47.157925
47.134567
47.111243
47.087954
47.064699
47.041479
47.018293
46.995141
46.972023
46.948939
46.925889
46.902874
46.879891
46.856943
46.834028
46.811147
46.788299
46.765485
46.742704
46.719956
46.697241
46.674559
46.651910
46.629295
46.606712
46.584161
46.561644
46.539159
46.516706
46.494286
46.471898
46.449542
46.427219
46.404928
46.382669
46.360441
46.338246
46.316083
46.293951
46.271851
46.249782
46.227745
46.205739
46.183765
46.161822
46.139910
46.118030
46.096180
46.074361
46.052574
46.030817
46.009091
45.987395
45.965730
45.944096
45.922492
45.900919
45.879376
45.857863
45.836381
45.814928
45.793506
45.772114
45.750751
45.729419
45.708116
45.686843
45.665599
45.644385
45.623201
45.602046
45.580920
45.559824
45.538757
45.517719
45.496710
45.475730
45.454779
45.433858
45.412964
45.392100
45.371264
45.350457
45.329679
45.308929
45.288207
45.267514
45.246849
45.226213
45.205604
45.185024
45.164472
45.143948
45.123451
45.102983
45.082542
45.062129
45.041744
45.021386
45.001056
44.980753
44.960478
44.940230
44.920010
44.899816
44.879650
44.859511
44.839399
44.819314
44.799256
44.779225
44.759221
44.739243
44.719292
44.699368
44.679470
44.659599
44.639754
44.619936
44.600144
44.580378
44.560639
44.540926
44.521238
44.501577
44.481942
44.462333
44.442750
44.423192
44.403661
44.384155
44.364674
44.345219
44.325790
44.306387
44.287008
44.267655
44.248328
44.229026
44.209748
44.190497
44.171270
44.152068
44.132891
44.113739
44.094612
44.075510
44.056433
44.037380
44.018352
43.999349
43.980370
43.961416
43.942486
43.923581
43.904700
43.885843
43.867010
43.848202
43.829418
43.810658
43.791922
43.773210
43.754522
43.735858
43.717217
43.698601
43.680008
43.661439
43.642893
43.624371
43.605873
43.587398
43.568947
43.550519
43.532114
43.513733
43.495375
43.477040
43.458728
43.440439
43.422173
43.403931
43.385711
43.367514
43.349340
43.331189
43.313061
43.294955
43.276872
43.258811
43.240774
43.222758
43.204765
43.186795
43.168847
43.150921
43.133018
43.115137
43.097278
43.079441
43.061626
43.043834
43.026063
43.008314
42.990588
42.972883
42.955200
42.937539
42.919899
42.902281
42.884685
42.867111
42.849558
42.832026
42.814516
42.797028
42.779561
42.762115
42.744691
42.727287
42.709906
42.692545
42.675205
42.657887
42.640589
42.623313
42.606057
42.588822
42.571609
42.554416
42.537244
42.520092
42.502962
42.485852
42.468762
42.451694
42.434645
42.417618
42.400611
42.383624
42.366657
42.349711
42.332785
42.315880
42.298995
42.282129
42.265284
42.248460
42.231655
42.214870
42.198105
42.181360
42.164635
42.147930
42.131245
42.114579
42.097933
42.081307
42.064701
42.048114
42.031547
42.014999
41.998471
41.981963
41.965473
41.949004
41.932553
41.916122
41.899710
41.883317
41.866944
41.850590
41.834255
41.817939
41.801642
41.785364
41.769105
41.752865
41.736644
41.720442
41.704258
41.688094
41.671948
41.655821
41.639713
41.623623
41.607552
41.591499
41.575465
41.559450
41.543453
41.527475
41.511514
41.495573
41.479649
41.463744
41.447857
41.431989
41.416138
41.400306
41.384492
41.368696
41.352918
41.337158
41.321416
41.305692
41.289986
41.274298
41.258628
41.242975
41.227341
41.211724
41.196124
41.180543
41.164979
41.149433
41.133904
41.118393
41.102899
41.087423
41.071965
41.056523
41.041099
41.025693
41.010304
40.994932
40.979577
40.964240
40.948920
40.933617
40.918331
40.903062
40.887810
40.872575
40.857358
40.842157
40.826973
40.811806
40.796656
40.781523
40.766407
40.751307
40.736224
40.721158
40.706109
40.691076
40.676060
40.661061
40.646078
40.631111
40.616162
40.601228
40.586311
40.571411
40.556526
40.541659
40.526807
40.511972
40.497153
40.482350
40.467564
40.452794
40.438040
40.423302
40.408580
40.393874
40.379184
40.364510
40.349852
40.335210
40.320584
40.305974
40.291380
40.276802
40.262239
40.247692
40.233161
40.218646
40.204146
40.189662
40.175194
40.160741
40.146304
40.131882
40.117476
40.103085
40.088710
40.074350
40.060006
40.045677
40.031364
40.017065
40.002782
39.988515
39.974262
39.960025
39.945803
39.931596
39.917404
39.903228
39.889066
39.874920
39.860788
39.846672
39.832570
39.818484
39.804412
39.790355
39.776313
39.762286
39.748274
39.734277
39.720294
39.706326
39.692373
39.678435
39.664511
39.650602
39.636707
39.622827
39.608962
39.595111
39.581275
39.567453
39.553645
39.539852
39.526074
39.512310
39.498560
39.484824
39.471103
39.457396
39.443704
39.430025
39.416361
39.402711
39.389075
39.375454
39.361846
39.348252
39.334673
39.321108
39.307556
39.294019
39.280495
39.266986
39.253490
39.240009
39.226541
39.213087
39.199647
39.186221
39.172808
39.159409
39.146024
39.132653
39.119295
39.105951
39.092621
39.079304
39.066001
39.052712
39.039435
39.026173
39.012924
38.999688
38.986466
38.973258
38.960062
38.946881
38.933712
38.920557
38.907415
38.894287
38.881171
38.868069
38.854980
38.841905
38.828842
38.815793
38.802757
38.789734
38.776724
38.763727
38.750744
38.737773
38.724815
38.711871
38.698939
38.686020
38.673114
38.660221
38.647341
38.634474
38.621619
38.608778
38.595949
38.583133
38.570329
38.557539
38.544761
38.531996
38.519243
38.506503
38.493776
38.481062
38.468359
38.455670
38.442993
38.430329
38.417677
38.405037
38.392410
38.379796
38.367194
38.354604
38.342026
38.329461
38.316909
38.304369
38.291840
38.279325
38.266821
38.254330
38.241851
38.229384
38.216929
38.204487
38.192056
38.179638
38.167232
38.154838
38.142456
38.130086
38.117728
38.105382
38.093048
38.080726
38.068416
38.056118
38.043832
38.031557
38.019295
38.007044
37.994805
37.982578
37.970363
37.958160
37.945968
37.933788
37.921620
37.909463
37.897318
37.885185
37.873063
37.860954
37.848855
37.836768
37.824693
37.812630
37.800577
37.788537
37.776508
37.764490
37.752484
37.740489
37.728506
37.716534
37.704573
37.692624
37.680686
37.668760
37.656845
37.644941
37.633048
37.621167
37.609297
37.597438
37.585590
37.573753
37.561928
37.550114
37.538311
37.526519
37.514738
37.502968
37.491210
37.479462
37.467725
37.456000
37.444285
37.432582
37.420889
37.409207
37.397536
37.385877
37.374228
37.362589
37.350962
37.339346
37.327740
37.316145
37.304561
37.292988
37.281426
37.269874
37.258333
37.246803
37.235283
37.223774
37.212276
37.200789
37.189312
37.177845
37.166389
37.154944
37.143510
37.132086
37.120672
37.109269
37.097876
37.086494
37.075123
37.063762
37.052411
37.041071
37.029741
37.018421
37.007112
36.995813
36.984525
36.973247
36.961979
36.950721
36.939474
36.928237
36.917010
36.905794
36.894588
36.883391
36.872206
36.861030
36.849864
36.838709
36.827563
36.816428
36.805303
36.794188
36.783083
36.771988
36.760903
36.749828
36.738763
36.727708
36.716663
36.705628
36.694603
36.683588
36.672582
36.661587
36.650602
36.639626
36.628660
36.617704
36.606758
36.595822
36.584895
36.573978
36.563071
36.552174
36.541287
36.530409
36.519541
36.508682
36.497834
36.486995
36.476165
36.465345
36.454535
36.443735
36.432944
36.422162
36.411391
36.400628
36.389876
36.379132
36.368399
36.357674
36.346960
36.336254
36.325558
36.314872
36.304195
36.293527
36.282869
36.272220
36.261581
36.250951
36.240330
36.229719
36.219117
36.208524
36.197940
36.187366
36.176801
36.166245
36.155699
36.145161
36.134633
36.124114
36.113605
36.103104
36.092613
36.082130
36.071657
36.061193
36.050738
36.040292
36.029856
36.019428
36.009009
35.998599
35.988199
35.977807
35.967425
35.957051
35.946686
35.936330
35.925984
35.915646
35.905317
35.894997
35.884685
35.874383
35.864090
35.853805
35.843529
35.833263
35.823004
35.812755
35.802515
35.792283
35.782060
35.771846
35.761640
35.751443
35.741255
35.731076
35.720905
35.710743
35.700590
35.690445
35.680309
35.670182
35.660063
35.649953
35.639851
35.629758
35.619674
35.609598
35.599531
35.589472
35.579422
35.569380
35.559347
35.549322
35.539305
35.529298
35.519298
35.509307
35.499325
35.489350
35.479385
35.469427
35.459478
35.449538
35.439605
35.429681
35.419766
35.409858
35.399959
35.390069
35.380186
35.370312
35.360446
35.350589
35.340739
35.330898
35.321065
35.311240
35.301424
35.291615
35.281815
35.272023
35.262239
35.252463
35.242695
35.232936
35.223184
35.213441
35.203706
35.193979
35.184259
35.174548
35.164845
35.155150
35.145463
35.135784
35.126113
35.116450
35.106795
35.097147
35.087508
35.077877
35.068254
35.058638
35.049031
35.039431
35.029839
35.020255
35.010679
35.001111
34.991551
34.981998
34.972453
34.962916
34.953387
34.943866
34.934352
34.924847
34.915349
34.905858
34.896376
34.886901
34.877434
34.867974
34.858522
34.849078
34.839642
34.830213
34.820792
34.811379
34.801973
34.792575
34.783184
34.773801
34.764426
34.755058
34.745697
34.736345
34.727000
34.717662
34.708332
34.699009
34.689694
34.680386
34.671086
34.661794
34.652508
34.643231
34.633960
34.624698
34.615442
34.606194
34.596954
34.587720
34.578495
34.569276
34.560065
34.550861
34.541665
34.532476
34.523294
34.514120
34.504953
34.495793
34.486640
34.477495
34.468357
34.459227
34.450103
34.440987
34.431878
34.422776
34.413682
34.404594
34.395514
34.386441
34.377375
34.368317
34.359265
34.350221
34.341184
34.332154
34.323131
34.314115
34.305106
34.296105
34.287110
34.278122
34.269142
34.260169
34.251202
34.242243
34.233291
34.224345
34.215407
34.206476
34.197552
34.188634
34.179724
34.170821
34.161924
34.153035
34.144152
34.135277
34.126408
34.117546
34.108691
34.099843
34.091002
34.082168
34.073340
34.064520
34.055706
34.046899
34.038099
34.029306
34.020520
34.011740
34.002967
33.994201
33.985442
33.976689
33.967944
33.959205
33.950472
33.941747
33.933028
33.924316
33.915611
33.906912
33.898220
33.889535
33.880856
33.872184
33.863519
33.854860
33.846208
33.837562
33.828924
33.820291
33.811666
33.803047
33.794434
33.785829
33.777229
33.768637
33.760050
33.751471
33.742898
33.734331
33.725771
33.717218
33.708671
33.700130
33.691596
33.683068
33.674547
33.666033
33.657525
33.649023
33.640528
33.632039
33.623556
33.615080
33.606611
33.598147
33.589690
33.581240
33.572796
33.564358
33.555927
33.547502
33.539083
33.530671
33.522265
33.513865
33.505472
33.497085
33.488704
33.480329
33.471961
33.463599
33.455243
33.446894
33.438551
33.430214
33.421883
33.413559
33.405240
33.396928
33.388622
33.380323
33.372029
33.363742
33.355461
33.347186
33.338917
33.330654
33.322397
33.314147
33.305903
33.297664
33.289432
33.281206
33.272986
33.264773
33.256565
33.248363
33.240168
33.231978
33.223795
33.215617
33.207446
33.199280
33.191121
33.182968
33.174820
33.166679
33.158543
33.150414
33.142291
33.134173
33.126062
33.117956
33.109857
33.101763
33.093675
33.085593
33.077518
33.069448
33.061383
33.053325
33.045273
33.037227
33.029186
33.021151
33.013123
33.005100
32.997082
32.989071
32.981066
32.973066
32.965072
32.957084
32.949102
32.941126
32.933155
32.925190
32.917231
32.909278
32.901330
32.893389
32.885453
32.877522
32.869598
32.861679
32.853766
32.845858
32.837957
32.830061
32.822170
32.814286
32.806407
32.798533
32.790666
32.782804
32.774948
32.767097
32.759252
32.751412
32.743579
32.735751
32.727928
32.720111
32.712300
32.704494
32.696694
32.688899
32.681110
32.673327
32.665549
32.657777
32.650010
32.642248
32.634493
32.626742
32.618998
32.611259
32.603525
32.595797
32.588074
32.580357
32.572645
32.564939
32.557238
32.549543
32.541853
32.534168
32.526489
32.518816
32.511148
32.503485
32.495828
32.488176
32.480529
32.472888
32.465253
32.457622
32.449997
32.442378
32.434763
32.427155
32.419551
32.411953
32.404360
32.396773
32.389190
32.381614
32.374042
32.366476
32.358915
32.351359
32.343809
32.336264
32.328724
32.321190
32.313660
32.306136
32.298618
32.291104
32.283596
32.276093
32.268595
32.261102
32.253615
32.246133
32.238656
32.231184
32.223718
32.216256
32.208800
32.201349
32.193903
32.186463
32.179027
32.171597
32.164171
32.156751
32.149336
32.141926
32.134522
32.127122
32.119728
32.112338
32.104954
32.097575
32.090201
32.082832
32.075468
32.068109
32.060755
32.053406
32.046062
32.038724
32.031390
32.024061
32.016738
32.009419
32.002105
31.994797
31.987493
31.980195
31.972901
31.965613
31.958329
31.951050
31.943777
31.936508
31.929244
31.921986
31.914732
31.907483
31.900239
31.893000
31.885766
31.878537
31.871312
31.864093
31.856879
31.849669
31.842464
31.835265
31.828070
31.820880
31.813694
31.806514
31.799339
31.792168
31.785002
31.777841
31.770685
31.763534
31.756388
31.749246
31.742109
31.734977
31.727850
31.720728
31.713610
31.706498
31.699390
31.692286
31.685188
31.678094
31.671005
31.663921
31.656842
31.649767
31.642697
31.635632
31.628572
31.621516
31.614465
31.607419
31.600377
31.593340
31.586308
31.579280
31.572258
31.565239
31.558226
31.551217
31.544213
31.537214
31.530219
31.523229
31.516243
31.509262
31.502286
31.495314
31.488347
31.481385
31.474427
31.467474
31.460526
31.453582
31.446642
31.439708
31.432778
31.425852
31.418931
31.412015
31.405103
31.398195
31.391293
31.384394
31.377501
31.370612
31.363727
31.356847
31.349972
31.343100
31.336234
31.329372
31.322515
31.315662
31.308813
31.301969
31.295130
31.288295
31.281464
31.274638
31.267816
31.260999
31.254186
31.247378
31.240574
31.233775
31.226980
31.220190
31.213404
31.206622
31.199845
31.193072
31.186303
31.179539
31.172780
31.166025
31.159274
31.152527
31.145785
31.139048
31.132314
31.125585
31.118861
31.112140
31.105425
31.098713
31.092006
31.085303
31.078604
31.071910
31.065220
31.058535
31.051854
31.045177
31.038504
31.031836
31.025172
31.018512
31.011856
31.005205
30.998558
30.991916
30.985277
30.978643
30.972013
30.965388
30.958766
30.952149
30.945536
30.938928
30.932323
30.925723
30.919127
30.912536
30.905948
30.899365
30.892786
30.886211
30.879640
30.873074
30.866511
30.859953
30.853399
30.846849
30.840304
30.833762
30.827225
30.820692
30.814163
30.807638
30.801117
30.794601
30.788088
30.781580
30.775076
30.768576
30.762080
30.755588
30.749100
30.742617
30.736137
30.729662
30.723190
30.716723
30.710260
30.703801
30.697346
30.690895
30.684448
30.678005
30.671566
30.665132
30.658701
30.652274
30.645852
30.639433
30.633019
30.626608
30.620202
30.613799
30.607401
30.601006
30.594616
30.588229
30.581847
30.575469
30.569094
30.562724
30.556357
30.549995
30.543636
30.537282
30.530931
30.524584
30.518242
30.511903
30.505568
30.499237
30.492910
30.486587
30.480268
30.473953
30.467642
30.461335
30.455031
30.448732
30.442436
30.436145
30.429857
30.423573
30.417293
30.411017
30.404745
30.398476
30.392212
30.385951
30.379695
30.373442
30.367193
30.360948
30.354707
30.348469
30.342236
30.336006
30.329780
30.323558
30.317340
30.311125
30.304914
30.298708
30.292505
30.286306
30.280110
30.273919
30.267731
30.261547
30.255367
30.249190
30.243018
30.236849
30.230684
30.224522
30.218365
30.212211
30.206061
30.199915
30.193772
30.187633
30.181498
30.175367
30.169239
30.163115
30.156995
30.150879
30.144766
30.138657
30.132552
30.126451
30.120353
30.114259
30.108168
30.102081
30.095998
30.089919
30.083843
30.077771
30.071703
30.065638
30.059577
30.053520
30.047466
30.041416
30.035370
30.029327
30.023288
30.017253
30.011221
30.005193
29.999168
29.993147
29.987130
29.981116
29.975106
29.969100
29.963097
29.957098
29.951102
29.945110
29.939122
29.933137
29.927156
29.921178
29.915204
29.909233
29.903266
29.897303
29.891343
29.885387
29.879434
29.873485
29.867540
29.861598
29.855659
29.849724
29.843793
29.837865
29.831941
29.826020
29.820102
29.814189
29.808278
29.802372
29.796468
29.790569
29.784673
29.778780
29.772891
29.767005
29.761123
29.755244
29.749369
29.743497
29.737628
29.731764
29.725902
29.720044
29.714190
29.708339
29.702491
29.696647
29.690806
29.684969
29.679135
29.673305
29.667478
29.661655
29.655835
29.650018
29.644205
29.638395
29.632589
29.626786
29.620986
29.615190
29.609397
29.603608
29.597822
29.592040
29.586260
29.580485
29.574712
29.568943
29.563177
29.557415
29.551656
29.545901
29.540149
29.534400
29.528654
29.522912
29.517173
29.511438
29.505706
29.499977
29.494252
29.488529
29.482811
29.477095
29.471383
29.465674
29.459969
29.454267
29.448568
29.442872
29.437180
29.431491
29.425805
29.420123
29.414444
29.408768
29.403096
29.397426
29.391761
29.386098
29.380438
29.374782
29.369129
29.363480
29.357833
29.352190
29.346551
29.340914
29.335281
29.329651
29.324024
29.318400
29.312780
29.307162
29.301549
29.295938
29.290330
29.284726
29.279125
29.273527
29.267933
29.262341
29.256753
29.251168
29.245586
29.240007
29.234432
29.228860
29.223291
29.217725
29.212162
29.206603
29.201046
29.195493
29.189943
29.184396
29.178852
29.173312
29.167774
29.162240
29.156709
29.151181
29.145656
29.140135
29.134616
29.129101
29.123588
29.118079
29.112573
29.107070
29.101571
29.096074
29.090580
29.085090
29.079603
29.074118
29.068637
29.063159
29.057684
29.052213
29.046744
29.041278
29.035816
29.030356
29.024900
29.019446
29.013996
29.008549
29.003105
28.997664
28.992226
28.986791
28.981359
28.975930
28.970504
28.965081
28.959662
28.954245
28.948831
28.943421
28.938013
28.932609
28.927207
28.921809
28.916413
28.911021
28.905631
28.900245
28.894862
28.889481
28.884104
28.878729
28.873358
28.867990
28.862624
28.857262
28.851902
28.846546
28.841192
28.835842
28.830494
28.825150
28.819808
28.814470
28.809134
28.803801
28.798472
28.793145
28.787821
28.782500
28.777182
28.771867
28.766555
28.761246
28.755940
28.750637
28.745337
28.740039
28.734745
28.729454
28.724165
28.718879
28.713597
28.708317
28.703040
28.697766
28.692495
28.687227
28.681961
28.676699
28.671439
28.666183
28.660929
28.655678
28.650430
28.645185
28.639943
28.634704
28.629467
28.624234
28.619003
28.613775
28.608550
28.603328
28.598109
28.592893
28.587679
28.582468
28.577261
28.572056
28.566854
28.561654
28.556458
28.551264
28.546073
28.540885
28.535700
28.530518
28.525338
28.520162
28.514988
28.509817
28.504649
28.499483
28.494321
28.489161
28.484004
28.478849
28.473698
28.468549
28.463404
28.458261
28.453120
28.447983
28.442848
28.437716
28.432587
28.427461
28.422337
28.417216
28.412098
28.406983
28.401870
28.396761
28.391654
28.386549
28.381448
28.376349
28.371253
28.366160
28.361069
28.355982
28.350896
28.345814
28.340735
28.335658
28.330584
28.325512
28.320444
28.315378
28.310314
28.305254
28.300196
28.295141
28.290088
28.285039
28.279992
28.274947
28.269906
28.264867
28.259831
28.254797
28.249766
28.244738
28.239713
28.234690
28.229670
28.224653
28.219638
28.214626
28.209616
28.204610
28.199605
28.194604
28.189605
28.184609
28.179616
28.174625
28.169637
28.164651
28.159668
28.154688
28.149711
28.144736
28.139763
28.134794
28.129827
28.124862
28.119901
28.114942
28.109985
28.105031
28.100080
28.095131
28.090185
28.085242
28.080301
28.075363
28.070427
28.065494
28.060564
28.055636
28.050711
28.045788
28.040868
28.035950
28.031035
28.026123
28.021214
28.016306
28.011402
28.006500
28.001600
27.996704
27.991809
27.986918
27.982029
27.977142
27.972258
27.967376
27.962498
27.957621
27.952747
27.947876
27.943007
27.938141
27.933278
27.928417
27.923558
27.918702
27.913848
27.908998
27.904149
27.899303
27.894460
27.889619
27.884781
27.879945
27.875111
27.870281
27.865452
27.860627
27.855803
27.850983
27.846164
27.841349
27.836535
27.831725
27.826916
27.822110
27.817307
27.812506
27.807708
27.802912
27.798119
27.793328
27.788539
27.783754
27.778970
27.774189
27.769411
27.764634
27.759861
27.755090
27.750321
27.745555
27.740791
27.736030
27.731271
27.726514
27.721760
27.717009
27.712260
27.707513
27.702769
27.698027
27.693288
27.688551
27.683816
27.679084
27.674355
27.669628
27.664903
27.660180
27.655461
27.650743
27.646028
27.641315
27.636605
27.631897
27.627191
27.622488
27.617788
27.613089
27.608394
27.603700
27.599009
27.594320
27.589634
27.584950
27.580268
27.575589
27.570912
27.566238
27.561566
27.556896
27.552229
27.547564
27.542902
27.538241
27.533584
27.528928
27.524275
27.519624
27.514976
27.510330
27.505686
27.501045
27.496406
27.491769
27.487135
27.482503
27.477874
27.473246
27.468621
27.463999
27.459378
27.454761
27.450145
27.445532
27.440921
27.436312
27.431706
27.427102
27.422500
27.417901
27.413304
27.408709
27.404117
27.399527
27.394939
27.390353
27.385770
27.381189
27.376610
27.372034
27.367460
27.362888
27.358319
27.353752
27.349187
27.344624
27.340064
27.335506
27.330950
27.326397
27.321846
27.317297
27.312750
27.308206
27.303664
27.299124
27.294586
27.290051
27.285518
27.280987
27.276459
27.271932
27.267408
27.262887
27.258367
27.253850
27.249335
27.244822
27.240311
27.235803
27.231297
27.226793
27.222292
27.217792
27.213295
27.208800
27.204307
27.199817
27.195329
27.190843
27.186359
27.181877
27.177398
27.172921
27.168446
27.163973
27.159502
27.155034
27.150568
27.146104
27.141642
27.137183
27.132726
27.128270
27.123818
27.119367
27.114918
27.110472
27.106028
27.101586
27.097146
27.092708
27.088273
27.083840
27.079408
27.074980
27.070553
27.066128
27.061706
27.057286
27.052867
27.048452
27.044038
27.039626
27.035217
27.030809
27.026404
27.022001
27.017601
27.013202
27.008805
27.004411
27.000019
26.995629
26.991241
26.986855
26.982471
26.978090
26.973710
26.969333
26.964958
26.960585
26.956214
26.951845
26.947478
26.943114
26.938752
26.934391
26.930033
26.925677
26.921323
26.916971
26.912622
26.908274
26.903928
26.899585
26.895244
26.890905
26.886567
26.882232
26.877900
26.873569
26.869240
26.864913
26.860589
26.856266
26.851946
26.847628
26.843312
26.838997
26.834685
26.830375
26.826068
26.821762
26.817458
26.813156
26.808857
26.804559
26.800264
26.795970
26.791679
26.787390
26.783102
26.778817
26.774534
26.770253
26.765974
26.761697
26.757422
26.753149
26.748879
26.744610
26.740343
26.736078
26.731816
26.727555
26.723297
26.719040
26.714786
26.710533
26.706283
26.702034
26.697788
26.693544
26.689301
26.685061
26.680823
26.676586
26.672352
26.668120
26.663890
26.659661
26.655435
26.651211
26.646989
26.642769
26.638551
26.634334
26.630120
26.625908
26.621698
26.617490
26.613283
26.609079
26.604877
26.600677
26.596479
26.592282
26.588088
26.583896
26.579706
26.575517
26.571331
26.567147
26.562964
26.558784
26.554605
26.550429
26.546255
26.542082
26.537911
26.533743
26.529576
26.525412
26.521249
26.517088
26.512929
26.508773
26.504618
26.500465
26.496314
26.492165
26.488018
26.483873
26.479729
26.475588
26.471449
26.467312
26.463176
26.459043
26.454911
26.450782
26.446654
26.442528
26.438404
26.434282
26.430163
26.426044
26.421928
26.417814
26.413702
26.409592
26.405483
26.401377
26.397272
26.393169
26.389069
26.384970
26.380873
26.376778
26.372685
26.368593
26.364504
26.360417
26.356331
26.352248
26.348166
26.344086
26.340008
26.335932
26.331858
26.327786
26.323715
26.319647
26.315580
26.311515
26.307453
26.303392
26.299333
26.295275
26.291220
26.287167
26.283115
26.279065
26.275018
26.270972
26.266928
26.262885
26.258845
26.254807
26.250770
26.246735
26.242702
26.238671
26.234642
26.230615
26.226589
26.222566
26.218544
26.214524
26.210506
26.206490
26.202475
26.198463
26.194452
26.190443
26.186436
26.182431
26.178427
26.174426
26.170426
26.166428
26.162432
26.158438
26.154446
26.150455
26.146467
26.142480
26.138495
26.134512
26.130530
26.126551
26.122573
26.118597
26.114623
26.110650
26.106680
26.102711
26.098744
26.094779
26.090816
26.086854
26.082895
26.078937
26.074981
26.071027
26.067074
26.063123
26.059174
26.055227
26.051282
26.047339
26.043397
26.039457
26.035519
26.031582
26.027648
26.023715
26.019784
26.015855
26.011927
26.008002
26.004078
26.000156
25.996235
25.992317
25.988400
25.984485
25.980572
25.976660
25.972751
25.968843
25.964937
25.961032
25.957129
25.953229
25.949329
25.945432
25.941536
25.937642
25.933750
25.929860
25.925971
25.922084
25.918199
25.914316
25.910434
25.906554
25.902676
25.898800
25.894925
25.891052
25.887181
25.883311
25.879444
25.875578
25.871713
25.867851
25.863990
25.860131
25.856274
25.852418
25.848564
25.844712
25.840862
25.837013
25.833166
25.829320
25.825477
25.821635
25.817795
25.813956
25.810120
25.806285
25.802451
25.798620
25.794790
25.790962
25.787135
25.783310
25.779487
25.775666
25.771846
25.768028
25.764212
25.760397
25.756584
25.752773
25.748964
25.745156
25.741350
25.737545
25.733742
25.729941
25.726142
25.722344
25.718548
25.714754
25.710961
25.707170
25.703381
25.699593
25.695807
25.692023
25.688240
25.684459
25.680680
25.676902
25.673126
25.669352
25.665580
25.661809
25.658039
25.654272
25.650506
25.646741
25.642979
25.639218
25.635458
25.631700
25.627944
25.624190
25.620437
25.616686
25.612937
25.609189
25.605443
25.601698
25.597955
25.594214
25.590474
25.586736
25.583000
25.579265
25.575532
25.571801
25.568071
25.564343
25.560616
25.556892
25.553168
25.549447
25.545727
25.542008
25.538291
25.534576
25.530863
25.527151
25.523441
25.519732
25.516025
25.512319
25.508616
25.504913
25.501213
25.497514
25.493816
25.490120
25.486426
25.482734
25.479043
25.475353
25.471666
25.467979
25.464295
25.460612
25.456931
25.453251
25.449573
25.445896
25.442221
25.438548
25.434876
25.431206
25.427537
25.423870
25.420205
25.416541
25.412878
25.409218
25.405559
25.401901
25.398245
25.394591
25.390938
25.387287
25.383637
25.379989
25.376342
25.372697
25.369054
25.365412
25.361772
25.358133
25.354496
25.350861
25.347227
25.343594
25.339963
25.336334
25.332706
25.329080
25.325456
25.321833
25.318211
25.314591
25.310973
25.307356
25.303741
25.300127
25.296515
25.292904
25.289295
25.285687
25.282081
25.278477
25.274874
25.271272
25.267673
25.264074
25.260477
25.256882
25.253288
25.249696
25.246106
25.242517
25.238929
25.235343
25.231758
25.228175
25.224594
25.221014
25.217435
25.213859
25.210283
25.206709
25.203137
25.199566
25.195997
25.192429
25.188863
25.185298
25.181735
25.178173
25.174613
25.171054
25.167497
25.163941
25.160387
25.156834
25.153283
25.149733
25.146185
25.142638
25.139093
25.135550
25.132007
25.128467
25.124927
25.121390
25.117854
25.114319
25.110786
25.107254
25.103724
25.100195
25.096668
25.093142
25.089618
25.086095
25.082573
25.079054
25.075535
25.072018
25.068503
25.064989
25.061477
25.057966
25.054456
25.050948
25.047442
25.043936
25.040433
25.036931
25.033430
25.029931
25.026433
25.022937
25.019442
25.015949
25.012457
25.008966
25.005477
25.001990
24.998504
24.995019
24.991536
24.988055
24.984574
24.981096
24.977618
24.974142
24.970668
24.967195
24.963724
24.960253
24.956785
24.953318
24.949852
24.946388
24.942925
24.939463
24.936004
24.932545
24.929088
24.925632
24.922178
24.918725
24.915274
24.911824
24.908376
24.904929
24.901483
24.898039
24.894596
24.891155
24.887715
24.884276
24.880839
24.877404
24.873970
24.870537
24.867105
24.863676
24.860247
24.856820
24.853394
24.849970
24.846547
24.843126
24.839706
24.836287
24.832870
24.829454
24.826040
24.822627
24.819215
24.815805
24.812396
24.808989
24.805583
24.802178
24.798775
24.795374
24.791973
24.788574
24.785177
24.781781
24.778386
24.774992
24.771600
24.768210
24.764821
24.761433
24.758047
24.754662
24.751278
24.747896
24.744515
24.741135
24.737757
24.734381
24.731005
24.727631
24.724259
24.720888
24.717518
24.714149
24.710782
24.707417
24.704052
24.700689
24.697328
24.693968
24.690609
24.687251
24.683895
24.680541
24.677187
24.673835
24.670485
24.667136
24.663788
24.660441
24.657096
24.653752
24.650410
24.647069
24.643729
24.640391
24.637054
24.633718
24.630384
24.627051
24.623719
24.620389
24.617060
24.613733
24.610407
24.607082
24.603758
24.600436
24.597115
24.593796
24.590478
24.587161
24.583846
24.580532
24.577219
24.573907
24.570597
24.567289
24.563981
24.560675
24.557370
24.554067
24.550765
24.547464
24.544165
24.540867
24.537570
24.534275
24.530981
24.527688
24.524396
24.521106
24.517818
24.514530
24.511244
24.507959
24.504676
24.501394
24.498113
24.494833
24.491555
24.488278
24.485002
24.481728
24.478455
24.475184
24.471913
24.468644
24.465376
24.462110
24.458845
24.455581
24.452319
24.449058
24.445798
24.442539
24.439282
24.436026
24.432771
24.429518
24.426266
24.423015
24.419765
24.416517
24.413270
24.410025
24.406781
24.403538
24.400296
24.397055
24.393816
24.390578
24.387342
24.384107
24.380873
24.377640
24.374409
24.371178
24.367950
24.364722
24.361496
24.358271
24.355047
24.351825
24.348604
24.345384
24.342165
24.338948
24.335732
24.332517
24.329304
24.326091
24.322880
24.319671
24.316462
24.313255
24.310049
24.306845
24.303641
24.300439
24.297238
24.294039
24.290841
24.287644
24.284448
24.281253
24.278060
24.274868
24.271677
24.268488
24.265300
24.262113
24.258927
24.255743
24.252560
24.249378
24.246197
24.243018
24.239839
24.236662
24.233487
24.230312
24.227139
24.223967
24.220797
24.217627
24.214459
24.211292
24.208126
24.204962
24.201799
24.198637
24.195476
24.192316
24.189158
24.186001
24.182845
24.179691
24.176537
24.173385
24.170234
24.167085
24.163936
24.160789
24.157643
24.154498
24.151355
24.148213
24.145072
24.141932
24.138793
24.135656
24.132520
24.129385
24.126251
24.123119
24.119987
24.116857
24.113729
24.110601
24.107475
24.104349
24.101225
24.098103
24.094981
24.091861
24.088742
24.085624
24.082507
24.079392
24.076277
24.073164
24.070052
24.066942
24.063832
24.060724
24.057617
24.054511
24.051407
24.048303
24.045201
24.042100
24.039000
24.035902
24.032804
24.029708
24.026613
24.023519
24.020426
24.017335
24.014245
24.011156
24.008068
24.004981
24.001896
23.998811
23.995728
23.992646
23.989566
23.986486
23.983408
23.980330
23.977254
23.974180
23.971106
23.968034
23.964962
23.961892
23.958823
23.955756
23.952689
23.949624
23.946559
23.943496
23.940435
23.937374
23.934314
23.931256
23.928199
23.925143
23.922088
23.919035
23.915982
23.912931
23.909881
23.906832
23.903784
23.900737
23.897692
23.894647
23.891604
23.888562
23.885521
23.882482
23.879443
23.876406
23.873370
23.870335
23.867301
23.864268
23.861237
23.858206
23.855177
23.852149
23.849122
23.846096
23.843071
23.840048
23.837026
23.834004
23.830984
23.827966
23.824948
23.821931
23.818916
23.815901
23.812888
23.809876
23.806865
23.803856
23.800847
23.797840
23.794833
23.791828
23.788824
23.785821
23.782819
23.779819
23.776819
23.773821
23.770824
23.767828
23.764833
23.761839
23.758846
23.755854
23.752864
23.749875
23.746887
23.743899
23.740914
23.737929
23.734945
23.731963
23.728981
23.726001
23.723022
23.720044
23.717067
23.714091
23.711116
23.708143
23.705170
23.702199
23.699229
23.696259
23.693291
23.690325
23.687359
23.684394
23.681431
23.678468
23.675507
23.672547
23.669588
23.666630
23.663673
23.660717
23.657762
23.654809
23.651856
23.648905
23.645955
23.643006
23.640058
23.637111
23.634165
23.631220
23.628276
23.625334
23.622392
23.619452
23.616513
23.613575
23.610638
23.607702
23.604767
23.601833
23.598901
23.595969
23.593038
23.590109
23.587181
23.584254
23.581328
23.578402
23.575479
23.572556
23.569634
23.566713
23.563794
23.560875
23.557958
23.555041
23.552126
23.549212
23.546299
23.543387
23.540476
23.537566
23.534657
23.531750
23.528843
23.525937
23.523033
23.520130
23.517227
23.514326
23.511426
23.508527
23.505629
23.502732
23.499836
23.496941
23.494047
23.491155
23.488263
23.485373
23.482483
23.479595
23.476707
23.473821
23.470936
23.468052
23.465169
23.462287
23.459406
23.456526
23.453647
23.450769
23.447892
23.445017
23.442142
23.439269
23.436396
23.433525
23.430654
23.427785
23.424917
23.422050
23.419183
23.416318
23.413454
23.410591
23.407729
23.404868
23.402008
23.399150
23.396292
23.393435
23.390579
23.387725
23.384871
23.382019
23.379167
23.376317
23.373467
23.370619
23.367772
23.364925
23.362080
23.359236
23.356393
23.353551
23.350710
23.347869
23.345030
23.342192
23.339355
23.336520
23.333685
23.330851
23.328018
23.325186
23.322355
23.319526
23.316697
23.313869
23.311043
23.308217
23.305393
23.302569
23.299746
23.296925
23.294104
23.291285
23.288467
23.285649
23.282833
23.280017
23.277203
23.274390
23.271577
23.268766
23.265956
23.263147
23.260338
23.257531
23.254725
23.251920
23.249116
23.246312
23.243510
23.240709
23.237909
23.235110
23.232312
23.229515
23.226719
23.223924
23.221130
23.218336
23.215544
23.212753
23.209963
23.207174
23.204386
23.201599
23.198813
23.196028
23.193244
23.190461
23.187679
23.184898
23.182118
23.179339
23.176561
23.173784
23.171008
23.168233
23.165459
23.162686
23.159914
23.157143
23.154373
23.151604
23.148836
23.146069
23.143303
23.140538
23.137774
23.135011
23.132249
23.129488
23.126727
23.123968
23.121210
23.118453
23.115697
23.112942
23.110187
23.107434
23.104682
23.101931
23.099180
23.096431
23.093683
23.090936
23.088189
23.085444
23.082700
23.079956
23.077214
23.074472
23.071732
23.068992
23.066254
23.063516
23.060780
23.058044
23.055309
23.052576
23.049843
23.047111
23.044381
23.041651
23.038922
23.036194
23.033467
23.030741
23.028017
23.025293
23.022570
23.019848
23.017127
23.014406
23.011687
23.008969
23.006252
23.003536
23.000820
22.998106
22.995393
22.992680
22.989969
22.987258
22.984549
22.981840
22.979133
22.976426
22.973720
22.971016
22.968312
22.965609
22.962907
22.960206
22.957506
22.954807
22.952109
22.949412
22.946716
22.944021
22.941326
22.938633
22.935941
22.933249
22.930559
22.927869
22.925181
22.922493
22.919806
22.917121
22.914436
22.911752
22.909069
22.906387
22.903706
22.901026
22.898347
22.895669
22.892991
22.890315
22.887640
22.884965
22.882292
22.879619
22.876947
22.874277
22.871607
22.868938
22.866270
22.863603
22.860937
22.858272
22.855608
22.852945
22.850282
22.847621
22.844961
22.842301
22.839642
22.836985
22.834328
22.831672
22.829017
22.826363
22.823710
22.821058
22.818407
22.815757
22.813107
22.810459
22.807812
22.805165
22.802519
22.799875
22.797231
22.794588
22.791946
22.789305
22.786665
22.784025
22.781387
22.778750
22.776113
22.773478
22.770843
22.768209
22.765577
22.762945
22.760314
22.757684
22.755054
22.752426
22.749799
22.747172
22.744547
22.741922
22.739299
22.736676
22.734054
22.731433
22.728813
22.726194
22.723575
22.720958
22.718342
22.715726
22.713111
22.710498
22.707885
22.705273
22.702662
22.700052
22.697442
22.694834
22.692227
22.689620
22.687014
22.684410
22.681806
22.679203
22.676601
22.674000
22.671399
22.668800
22.666201
22.663604
22.661007
22.658411
22.655816
22.653222
22.650629
22.648037
22.645446
22.642855
22.640266
22.637677
22.635089
22.632502
22.629916
22.627331
22.624747
22.622164
22.619581
22.616999
22.614419
22.611839
22.609260
22.606682
22.604105
22.601528
22.598953
22.596378
22.593805
22.591232
22.588660
22.586089
22.583519
22.580950
22.578381
22.575814
22.573247
22.570681
22.568116
22.565552
22.562989
22.560427
22.557866
22.555305
22.552745
22.550187
22.547629
22.545072
22.542515
22.539960
22.537406
22.534852
22.532299
22.529748
22.527197
22.524647
22.522097
22.519549
22.517001
22.514455
22.511909
22.509364
22.506820
22.504277
22.501735
22.499193
22.496652
22.494113
22.491574
22.489036
22.486499
22.483962
22.481427
22.478892
22.476359
22.473826
22.471294
22.468763
22.466232
22.463703
22.461174
22.458646
22.456119
22.453593
22.451068
22.448544
22.446020
22.443498
22.440976
22.438455
22.435935
22.433416
22.430897
22.428380
22.425863
22.423347
22.420832
22.418318
22.415805
22.413292
22.410781
22.408270
22.405760
22.403251
22.400743
22.398235
22.395729
22.393223
22.390718
22.388214
22.385711
22.383209
22.380707
22.378206
22.375706
22.373207
22.370709
22.368212
22.365715
22.363220
22.360725
22.358231
22.355738
22.353245
22.350754
22.348263
22.345773
22.343285
22.340796
22.338309
22.335823
22.333337
22.330852
22.328368
22.325885
22.323402
22.320921
22.318440
22.315960
22.313481
22.311003
22.308526
22.306049
22.303573
22.301098
22.298624
22.296151
22.293679
22.291207
22.288736
22.286266
22.283797
22.281329
22.278861
22.276394
22.273929
22.271463
22.268999
22.266536
22.264073
22.261611
22.259150
22.256690
22.254231
22.251772
22.249315
22.246858
22.244402
22.241946
22.239492
22.237038
22.234585
22.232133
22.229682
22.227232
22.224782
22.222333
22.219885
22.217438
22.214992
22.212546
22.210102
22.207658
22.205214
22.202772
22.200331
22.197890
22.195450
22.193011
22.190573
22.188135
22.185698
22.183262
22.180827
22.178393
22.175960
22.173527
22.171095
22.168664
22.166234
22.163804
22.161375
22.158948
22.156520
22.154094
22.151669
22.149244
22.146820
22.144397
22.141975
22.139553
22.137132
22.134712
22.132293
22.129875
22.127457
22.125041
22.122625
22.120209
22.117795
22.115381
22.112969
22.110557
22.108145
22.105735
22.103325
22.100916
22.098508
22.096101
22.093695
22.091289
22.088884
22.086480
22.084076
22.081674
22.079272
22.076871
22.074471
22.072071
22.069673
22.067275
22.064878
22.062481
22.060086
22.057691
22.055297
22.052904
22.050511
22.048120
22.045729
22.043339
22.040950
22.038561
22.036173
22.033786
22.031400
22.029015
22.026630
22.024246
22.021863
22.019481
22.017099
22.014718
22.012338
22.009959
22.007581
22.005203
22.002826
22.000450
21.998074
21.995700
21.993326
21.990953
21.988580
21.986209
21.983838
21.981468
21.979099
21.976730
21.974363
21.971996
21.969629
21.967264
21.964899
21.962535
21.960172
21.957810
21.955448
21.953087
21.950727
21.948368
21.946010
21.943652
21.941295
21.938938
21.936583
21.934228
21.931874
21.929521
21.927168
21.924817
21.922466
21.920115
21.917766
21.915417
21.913069
21.910722
21.908376
21.906030
21.903685
21.901341
21.898997
21.896655
21.894313
21.891971
21.889631
21.887291
21.884952
21.882614
21.880277
21.877940
21.875604
21.873269
21.870934
21.868601
21.866268
21.863936
21.861604
21.859273
21.856944
21.854614
21.852286
21.849958
21.847631
21.845305
21.842979
21.840655
21.838331
21.836007
21.833685
21.831363
21.829042
21.826722
21.824402
21.822083
21.819765
21.817448
21.815131
21.812815
21.810500
21.808186
21.805872
21.803559
21.801247
21.798935
21.796625
21.794315
21.792005
21.789697
21.787389
21.785082
21.782776
21.780470
21.778165
21.775861
21.773558
21.771255
21.768953
21.766652
21.764351
21.762052
21.759753
21.757454
21.755157
21.752860
21.750564
21.748268
21.745974
21.743680
21.741387
21.739094
21.736802
21.734511
21.732221
21.729932
21.727643
21.725355
21.723067
21.720780
21.718494
21.716209
21.713925
21.711641
21.709358
21.707075
21.704794
21.702513
21.700233
21.697953
21.695674
21.693396
21.691119
21.688842
21.686567
21.684291
21.682017
21.679743
21.677470
21.675198
21.672926
21.670655
21.668385
21.666116
21.663847
21.661579
21.659311
21.657045
21.654779
21.652514
21.650249
21.647985
21.645722
21.643460
21.641198
21.638937
21.636677
21.634418
21.632159
21.629901
21.627643
21.625387
21.623131
21.620875
21.618621
21.616367
21.614114
21.611861
21.609610
21.607359
21.605108
21.602859
21.600610
21.598361
21.596114
21.593867
21.591621
21.589375
21.587131
21.584887
21.582643
21.580401
21.578159
21.575918
21.573677
21.571437
21.569198
21.566960
21.564722
21.562485
21.560248
21.558013
21.555778
21.553543
21.551310
21.549077
21.546845
21.544613
21.542382
21.540152
21.537923
21.535694
21.533466
21.531239
21.529012
21.526786
21.524561
21.522336
21.520112
21.517889
21.515667
21.513445
21.511224
21.509003
21.506784
21.504565
21.502346
21.500128
21.497911
21.495695
21.493479
21.491264
21.489050
21.486837
21.484624
21.482411
21.480200
21.477989
21.475779
21.473569
21.471361
21.469152
21.466945
21.464738
21.462532
21.460327
21.458122
21.455918
21.453715
21.451512
21.449310
21.447109
21.444908
21.442708
21.440509
21.438310
21.436112
21.433915
21.431718
21.429522
21.427327
21.425132
21.422938
21.420745
21.418553
21.416361
21.414170
21.411979
21.409789
21.407600
21.405411
21.403224
21.401036
21.398850
21.396664
21.394479
21.392294
21.390111
21.387927
21.385745
21.383563
21.381382
21.379201
21.377022
21.374842
21.372664
21.370486
21.368309
21.366133
21.363957
21.361782
21.359607
21.357433
21.355260
21.353088
21.350916
21.348744
21.346574
21.344404
21.342235
21.340066
21.337898
21.335731
21.333565
21.331399
21.329234
21.327069
21.324905
21.322742
21.320579
21.318417
21.316256
21.314095
21.311935
21.309776
21.307617
21.305459
21.303302
21.301145
21.298989
21.296834
21.294679
21.292525
21.290372
21.288219
21.286067
21.283915
21.281765
21.279614
21.277465
21.275316
21.273168
21.271020
21.268873
21.266727
21.264581
21.262437
21.260292
21.258149
21.256006
21.253863
21.251721
21.249580
21.247440
21.245300
21.243161
21.241023
21.238885
21.236748
21.234611
21.232475
21.230340
21.228205
21.226071
21.223938
21.221805
21.219673
21.217542
21.215411
21.213281
21.211151
21.209023
21.206894
21.204767
21.202640
21.200514
21.198388
21.196263
21.194139
21.192015
21.189892
21.187769
21.185648
21.183527
21.181406
21.179286
21.177167
21.175048
21.172930
21.170813
21.168696
21.166580
21.164465
21.162350
21.160236
21.158122
21.156009
21.153897
21.151785
21.149674
21.147564
21.145454
21.143345
21.141237
21.139129
21.137022
21.134915
21.132809
21.130704
21.128599
21.126495
21.124391
21.122289
21.120186
21.118085
21.115984
21.113884
21.111784
21.109685
21.107586
21.105489
21.103391
21.101295
21.099199
21.097104
21.095009
21.092915
21.090821
21.088729
21.086636
21.084545
21.082454
21.080364
21.078274
21.076185
21.074096
21.072009
21.069921
21.067835
21.065749
21.063663
21.061579
21.059495
21.057411
21.055328
21.053246
21.051164
21.049083
21.047003
21.044923
21.042844
21.040765
21.038687
21.036610
21.034533
21.032457
21.030382
21.028307
21.026233
21.024159
21.022086
21.020013
21.017942
21.015870
21.013800
21.011730
21.009661
21.007592
21.005524
21.003456
21.001389
20.999323
20.997257
20.995192
20.993128
20.991064
20.989000
20.986938
20.984876
20.982814
20.980754
20.978693
20.976634
20.974575
20.972516
20.970458
20.968401
20.966345
20.964289
20.962233
20.960179
20.958124
20.956071
20.954018
20.951966
20.949914
20.947863
20.945812
20.943762
20.941713
20.939664
20.937616
20.935568
20.933521
20.931475
20.929429
20.927384
20.925340
20.923296
20.921252
20.919210
20.917167
20.915126
20.913085
20.911045
20.909005
20.906966
20.904927
20.902889
20.900852
20.898815
20.896779
20.894743
20.892708
20.890674
20.888640
20.886607
20.884574
20.882542
20.880511
20.878480
20.876450
20.874420
20.872391
20.870363
20.868335
20.866307
20.864281
20.862255
20.860229
20.858204
20.856180
20.854156
20.852133
20.850110
20.848088
20.846067
20.844046
20.842026
20.840006
20.837987
20.835969
20.833951
20.831934
20.829917
20.827901
20.825885
20.823870
20.821856
20.819842
20.817829
20.815816
20.813804
20.811793
20.809782
20.807772
20.805762
20.803753
20.801745
20.799737
20.797729
20.795722
20.793716
20.791711
20.789706
20.787701
20.785697
20.783694
20.781691
20.779689
20.777688
20.775687
20.773686
20.771686
20.769687
20.767688
20.765690
20.763693
20.761696
20.759699
20.757704
20.755708
20.753714
20.751720
20.749726
20.747733
20.745741
20.743749
20.741758
20.739767
20.737777
20.735788
20.733799
20.731811
20.729823
20.727836
20.725849
20.723863
20.721877
20.719893
20.717908
20.715924
20.713941
20.711959
20.709977
20.707995
20.706014
20.704034
20.702054
20.700075
20.698096
20.696118
20.694141
20.692164
20.690187
20.688211
20.686236
20.684261
20.682287
20.680314
20.678341
20.676368
20.674396
20.672425
20.670454
20.668484
20.666515
20.664546
20.662577
20.660609
20.658642
20.656675
20.654709
20.652743
20.650778
20.648814
20.646850
20.644886
20.642923
20.640961
20.638999
20.637038
20.635077
20.633117
20.631158
20.629199
20.627240
20.625283
20.623325
20.621369
20.619412
20.617457
20.615502
20.613547
20.611593
20.609640
20.607687
20.605735
20.603783
20.601832
20.599881
20.597931
20.595982
20.594033
20.592084
20.590137
20.588189
20.586242
20.584296
20.582351
20.580406
20.578461
20.576517
20.574574
20.572631
20.570688
20.568747
20.566805
20.564865
20.562925
20.560985
20.559046
20.557107
20.555169
20.553232
20.551295
20.549359
20.547423
20.545488
20.543553
20.541619
20.539686
20.537753
20.535820
20.533888
20.531957
20.530026
20.528096
20.526166
20.524237
20.522308
20.520380
20.518452
20.516525
20.514599
20.512673
20.510748
20.508823
20.506898
20.504975
20.503051
20.501129
20.499207
20.497285
20.495364
20.493443
20.491523
20.489604
20.487685
20.485767
20.483849
20.481931
20.480015
20.478098
20.476183
20.474268
20.472353
20.470439
20.468525
20.466612
20.464700
20.462788
20.460877
20.458966
20.457055
20.455146
20.453236
20.451328
20.449420
20.447512
20.445605
20.443698
20.441792
20.439887
20.437982
20.436077
20.434173
20.432270
20.430367
20.428465
20.426563
20.424662
20.422761
20.420861
20.418961
20.417062
20.415163
20.413265
20.411368
20.409471
20.407574
20.405678
20.403783
20.401888
20.399993
20.398100
20.396206
20.394313
20.392421
20.390529
20.388638
20.386748
20.384857
20.382968
20.381079
20.379190
20.377302
20.375414
20.373527
20.371641
20.369755
20.367870
20.365985
20.364100
20.362216
20.360333
20.358450
20.356568
20.354686
20.352805
20.350924
20.349044
20.347164
20.345285
20.343406
20.341528
20.339651
20.337773
20.335897
20.334021
20.332145
20.330270
20.328396
20.326522
20.324648
20.322775
20.320903
20.319031
20.317160
20.315289
20.313418
20.311549
20.309679
20.307810
20.305942
20.304074
20.302207
20.300340
20.298474
20.296608
20.294743
20.292878
20.291014
20.289151
20.287287
20.285425
20.283563
20.281701
20.279840
20.277979
20.276119
20.274260
20.272401
20.270542
20.268684
20.266827
20.264970
20.263113
20.261257
20.259402
20.257547
20.255692
20.253838
20.251985
20.250132
20.248279
20.246428
20.244576
20.242725
20.240875
20.239025
20.237176
20.235327
20.233478
20.231630
20.229783
20.227936
20.226090
20.224244
20.222399
20.220554
20.218710
20.216866
20.215022
20.213180
20.211337
20.209496
20.207654
20.205813
20.203973
20.202133
20.200294
20.198455
20.196617
20.194779
20.192942
20.191105
20.189269
20.187433
20.185598
20.183763
20.181929
20.180095
20.178262
20.176429
20.174597
20.172765
20.170934
20.169103
20.167273
20.165443
20.163614
20.161785
20.159956
20.158129
20.156301
20.154475
20.152648
20.150822
20.148997
20.147172
20.145348
20.143524
20.141701
20.139878
20.138056
20.136234
20.134413
20.132592
20.130771
20.128951
20.127132
20.125313
20.123495
20.121677
20.119860
20.118043
20.116226
20.114410
20.112595
20.110780
20.108965
20.107151
20.105338
20.103525
20.101713
20.099901
20.098089
20.096278
20.094468
20.092657
20.090848
20.089039
20.087230
20.085422
20.083615
20.081807
20.080001
20.078195
20.076389
20.074584
20.072779
20.070975
20.069171
20.067368
20.065565
20.063763
20.061961
20.060160
20.058359
20.056559
20.054759
20.052960
20.051161
20.049363
20.047565
20.045767
20.043971
20.042174
20.040378
20.038583
20.036788
20.034993
20.033199
20.031406
20.029613
20.027820
20.026028
20.024236
20.022445
20.020655
20.018864
20.017075
20.015286
20.013497
20.011709
20.009921
20.008133
20.006347
20.004560
20.002774
20.000989
19.999204
19.997420
19.995636
19.993852
19.992069
19.990287
19.988505
19.986723
19.984942
19.983162
19.981381
19.979602
19.977823
19.976044
19.974266
19.972488
19.970711
19.968934
19.967157
19.965382
19.963606
19.961831
19.960057
19.958283
19.956509
19.954736
19.952964
19.951192
19.949420
19.947649
19.945878
19.944108
19.942339
19.940569
19.938800
19.937032
19.935264
19.933497
19.931730
19.929964
19.928198
19.926432
19.924667
19.922903
19.921139
19.919375
19.917612
19.915849
19.914087
19.912325
19.910564
19.908803
19.907043
19.905283
19.903524
19.901765
19.900006
19.898248
19.896491
19.894734
19.892977
19.891221
19.889465
19.887710
19.885955
19.884201
19.882447
19.880694
19.878941
19.877188
19.875436
19.873685
19.871934
19.870183
19.868433
19.866684
19.864934
19.863186
19.861437
19.859690
19.857942
19.856195
19.854449
19.852703
19.850957
19.849212
19.847468
19.845724
19.843980
19.842237
19.840494
19.838752
19.837010
19.835269
19.833528
19.831787
19.830047
19.828308
19.826569
19.824830
19.823092
19.821354
19.819617
19.817880
19.816144
19.814408
19.812673
19.810938
19.809203
19.807469
19.805735
19.804002
19.802270
19.800537
19.798806
19.797074
19.795343
19.793613
19.791883
19.790154
19.788425
19.786696
19.784968
19.783240
19.781513
19.779786
19.778060
19.776334
19.774608
19.772883
19.771159
19.769435
19.767711
19.765988
19.764265
19.762543
19.760821
19.759100
19.757379
19.755658
19.753938
19.752219
19.750500
19.748781
19.747063
19.745345
19.743628
19.741911
19.740194
19.738478
19.736763
19.735048
19.733333
19.731619
19.729905
19.728192
19.726479
19.724766
19.723054
19.721343
19.719632
19.717921
19.716211
19.714501
19.712792
19.711083
19.709375
19.707667
19.705959
19.704252
19.702545
19.700839
19.699134
19.697428
19.695723
19.694019
19.692315
19.690611
19.688908
19.687206
19.685503
19.683802
19.682100
19.680399
19.678699
19.676999
19.675299
19.673600
19.671902
19.670203
19.668506
19.666808
19.665111
19.663415
19.661719
19.660023
19.658328
19.656633
19.654939
19.653245
19.651552
19.649859
19.648166
19.646474
19.644782
19.643091
19.641400
19.639710
19.638020
19.636330
19.634641
19.632953
19.631265
19.629577
19.627890
19.626203
19.624516
19.622830
19.621145
19.619460
19.617775
19.616091
19.614407
19.612723
19.611040
19.609358
19.607676
19.605994
19.604313
19.602632
19.600952
19.599272
19.597592
19.595913
19.594234
19.592556
19.590878
19.589201
19.587524
19.585848
19.584172
19.582496
19.580821
19.579146
19.577472
19.575798
19.574124
19.572451
19.570779
19.569106
19.567435
19.565763
19.564092
19.562422
19.560752
19.559082
19.557413
19.555744
19.554076
19.552408
19.550741
19.549073
19.547407
19.545741
19.544075
19.542409
19.540745
19.539080
19.537416
19.535752
19.534089
19.532426
19.530764
19.529102
19.527440
19.525779
19.524119
19.522458
19.520798
19.519139
19.517480
19.515821
19.514163
19.512506
19.510848
19.509191
19.507535
19.505879
19.504223
19.502568
19.500913
19.499259
19.497605
19.495952
19.494298
19.492646
19.490994
19.489342
19.487690
19.486039
19.484389
19.482739
19.481089
19.479440
19.477791
19.476142
19.474494
19.472846
19.471199
19.469552
19.467906
19.466260
19.464615
19.462969
19.461325
19.459680
19.458036
19.456393
19.454750
19.453107
19.451465
19.449823
19.448182
19.446541
19.444900
19.443260
19.441621
19.439981
19.438342
19.436704
19.435066
19.433428
19.431791
19.430154
19.428518
19.426882
19.425246
19.423611
19.421976
19.420342
19.418708
19.417074
19.415441
19.413809
19.412176
19.410544
19.408913
19.407282
19.405651
19.404021
19.402391
19.400762
19.399133
19.397504
19.395876
19.394248
19.392621
19.390994
19.389367
19.387741
19.386116
19.384490
19.382865
19.381241
19.379617
19.377993
19.376370
19.374747
19.373124
19.371502
19.369881
19.368260
19.366639
19.365018
19.363398
19.361779
19.360159
19.358541
19.356922
19.355304
19.353687
19.352070
19.350453
19.348836
19.347221
19.345605
19.343990
19.342375
19.340761
19.339147
19.337533
19.335920
19.334307
19.332695
19.331083
19.329472
19.327861
19.326250
19.324640
19.323030
19.321420
19.319811
19.318202
19.316594
19.314986
19.313379
19.311772
19.310165
19.308559
19.306953
19.305347
19.303742
19.302138
19.300533
19.298929
19.297326
19.295723
19.294120
19.292518
19.290916
19.289314
19.287713
19.286113
19.284512
19.282912
19.281313
19.279714
19.278115
19.276517
19.274919
19.273321
19.271724
19.270128
19.268531
19.266935
19.265340
19.263745
19.262150
19.260556
19.258962
19.257368
19.255775
19.254182
19.252590
19.250998
19.249406
19.247815
19.246224
19.244634
19.243044
19.241455
19.239865
19.238277
19.236688
19.235100
19.233512
19.231925
19.230338
19.228752
19.227166
19.225580
19.223995
19.222410
19.220826
19.219241
19.217658
19.216074
19.214492
19.212909
19.211327
19.209745
19.208164
19.206583
19.205002
19.203422
19.201842
19.200263
19.198684
19.197105
19.195527
19.193949
19.192372
19.190795
19.189218
19.187642
19.186066
19.184490
19.182915
19.181340
19.179766
19.178192
19.176618
19.175045
19.173472
19.171900
19.170328
19.168756
19.167185
19.165614
19.164044
19.162474
19.160904
19.159334
19.157766
19.156197
19.154629
19.153061
19.151494
19.149927
19.148360
19.146794
19.145228
19.143662
19.142097
19.140533
19.138968
19.137404
19.135841
19.134278
19.132715
19.131152
19.129590
19.128029
19.126467
19.124907
19.123346
19.121786
19.120226
19.118667
19.117108
19.115549
19.113991
19.112433
19.110876
19.109319
19.107762
19.106206
19.104650
19.103094
19.101539
19.099984
19.098430
19.096876
19.095322
19.093769
19.092216
19.090663
19.089111
19.087560
19.086008
19.084457
19.082907
19.081356
19.079806
19.078257
19.076708
19.075159
19.073611
19.072063
19.070515
19.068968
19.067421
19.065875
19.064329
19.062783
19.061237
19.059692
19.058148
19.056604
19.055060
19.053516
19.051973
19.050431
19.048888
19.047346
19.045805
19.044263
19.042723
19.041182
19.039642
19.038102
19.036563
19.035024
19.033485
19.031947
19.030409
19.028872
19.027335
19.025798
19.024262
19.022726
19.021190
19.019655
19.018120
19.016585
19.015051
19.013517
19.011984
19.010451
19.008918
19.007386
19.005854
19.004323
19.002791
19.001261
18.999730
18.998200
18.996670
18.995141
18.993612
18.992084
18.990555
18.989027
18.987500
18.985973
18.984446
18.982920
18.981394
18.979868
18.978343
18.976818
18.975293
18.973769
18.972245
18.970722
18.969199
18.967676
18.966154
18.964632
18.963110
18.961589
18.960068
18.958548
18.957028
18.955508
18.953988
18.952469
18.950951
18.949432
18.947914
18.946397
18.944880
18.943363
18.941846
18.940330
18.938814
18.937299
18.935784
18.934269
18.932755
18.931241
18.929727
18.928214
18.926701
18.925189
18.923677
18.922165
18.920654
18.919143
18.917632
18.916122
18.914612
18.913102
18.911593
18.910084
18.908575
18.907067
18.905559
18.904052
18.902545
18.901038
18.899532
18.898026
18.896520
18.895015
18.893510
18.892006
18.890501
18.888998
18.887494
18.885991
18.884488
18.882986
18.881484
18.879982
18.878481
18.876980
18.875479
18.873979
18.872479
18.870980
18.869480
18.867982
18.866483
18.864985
18.863487
18.861990
18.860493
18.858996
18.857500
18.856004
18.854508
18.853013
18.851518
18.850024
18.848529
18.847036
18.845542
18.844049
18.842556
18.841064
18.839572
18.838080
18.836589
18.835098
18.833607
18.832117
18.830627
18.829137
18.827648
18.826159
18.824671
18.823183
18.821695
18.820207
18.818720
18.817233
18.815747
18.814261
18.812775
18.811290
18.809805
18.808320
18.806836
18.805352
18.803868
18.802385
18.800902
18.799420
18.797938
18.796456
18.794974
18.793493
18.792012
18.790532
18.789052
18.787572
18.786093
18.784614
18.783135
18.781657
18.780179
18.778701
18.777224
18.775747
18.774270
18.772794
18.771318
18.769843
18.768367
18.766893
18.765418
18.763944
18.762470
18.760997
18.759523
18.758051
18.756578
18.755106
18.753634
18.752163
18.750692
18.749221
18.747751
18.746281
18.744811
18.743342
18.741873
18.740405
18.738936
18.737468
18.736001
18.734533
18.733067
18.731600
18.730134
18.728668
18.727202
18.725737
18.724272
18.722808
18.721344
18.719880
18.718417
18.716954
18.715491
18.714028
18.712566
18.711104
18.709643
18.708182
18.706721
18.705261
18.703801
18.702341
18.700882
18.699423
18.697964
18.696506
18.695048
18.693590
18.692133
18.690676
18.689219
18.687763
18.686307
18.684852
18.683396
18.681941
18.680487
18.679033
18.677579
18.676125
18.674672
18.673219
18.671767
18.670314
18.668863
18.667411
18.665960
18.664509
18.663058
18.661608
18.660158
18.658709
18.657260
18.655811
18.654363
18.652914
18.651467
18.650019
18.648572
18.647125
18.645679
18.644233
18.642787
18.641341
18.639896
18.638452
18.637007
18.635563
18.634119
18.632676
18.631233
18.629790
18.628347
18.626905
18.625464
18.624022
18.622581
18.621140
18.619700
18.618260
18.616820
18.615381
18.613942
18.612503
18.611064
18.609626
18.608189
18.606751
18.605314
18.603877
18.602441
18.601005
18.599569
18.598134
18.596699
18.595264
18.593829
18.592395
18.590962
18.589528
18.588095
18.586662
18.585230
18.583798
18.582366
18.580935
18.579503
18.578073
18.576642
18.575212
18.573782
18.572353
18.570924
18.569495
18.568066
18.566638
18.565210
18.563783
18.562356
18.560929
18.559503
18.558076
18.556651
18.555225
18.553800
18.552375
18.550950
18.549526
18.548102
18.546679
18.545256
18.543833
18.542410
18.540988
18.539566
18.538145
18.536723
18.535302
18.533882
18.532461
18.531042
18.529622
18.528203
18.526784
18.525365
18.523947
18.522529
18.521111
18.519694
18.518277
18.516860
18.515444
18.514028
18.512612
18.511197
18.509782
18.508367
18.506952
18.505538
18.504125
18.502711
18.501298
18.499885
18.498473
18.497061
18.495649
18.494237
18.492826
18.491415
18.490005
18.488595
18.487185
18.485775
18.484366
18.482957
18.481548
18.480140
18.478732
18.477324
18.475917
18.474510
18.473104
18.471697
18.470291
18.468885
18.467480
18.466075
18.464670
18.463266
18.461862
18.460458
18.459055
18.457651
18.456249
18.454846
18.453444
18.452042
18.450641
18.449239
18.447838
18.446438
18.445038
18.443638
18.442238
18.440839
18.439440
18.438041
18.436643
18.435245
18.433847
18.432450
18.431052
18.429656
18.428259
18.426863
18.425467
18.424072
18.422677
18.421282
18.419887
18.418493
18.417099
18.415706
18.414312
18.412919
18.411527
18.410134
18.408742
18.407351
18.405959
18.404568
18.403177
18.401787
18.400397
18.399007
18.397618
18.396228
18.394840
18.393451
18.392063
18.390675
18.389287
18.387900
18.386513
18.385126
18.383740
18.382354
18.380968
18.379583
18.378198
18.376813
18.375429
18.374044
18.372661
18.371277
18.369894
18.368511
18.367128
18.365746
18.364364
18.362982
18.361601
18.360220
18.358839
18.357459
18.356079
18.354699
18.353320
18.351940
18.350562
18.349183
18.347805
18.346427
18.345049
18.343672
18.342295
18.340918
18.339542
18.338166
18.336790
18.335415
18.334039
18.332665
18.331290
18.329916
18.328542
18.327168
18.325795
18.324422
18.323050
18.321677
18.320305
18.318933
18.317562
18.316191
18.314820
18.313450
18.312079
18.310709
18.309340
18.307971
18.306602
18.305233
18.303865
18.302497
18.301129
18.299761
18.298394
18.297027
18.295661
18.294295
18.292929
18.291563
18.290198
18.288833
18.287468
18.286104
18.284740
18.283376
18.282013
18.280649
18.279287
18.277924
18.276562
18.275200
18.273838
18.272477
18.271116
18.269755
18.268395
18.267035
18.265675
18.264315
18.262956
18.261597
18.260239
18.258880
18.257522
18.256165
18.254807
18.253450
18.252094
18.250737
18.249381
18.248025
18.246669
18.245314
18.243959
18.242605
18.241250
18.239896
18.238542
18.237189
18.235836
18.234483
18.233130
18.231778
18.230426
18.229075
18.227723
18.226372
18.225021
18.223671
18.222321
18.220971
18.219621
18.218272
18.216923
18.215575
18.214226
18.212878
18.211530
18.210183
18.208836
18.207489
18.206142
18.204796
18.203450
18.202105
18.200759
18.199414
18.198069
18.196725
18.195381
18.194037
18.192693
18.191350
18.190007
18.188664
18.187322
18.185980
18.184638
18.183297
18.181955
18.180615
18.179274
18.177934
18.176594
18.175254
18.173915
18.172575
18.171237
18.169898
18.168560
18.167222
18.165884
18.164547
18.163210
18.161873
18.160537
18.159200
18.157865
18.156529
18.155194
18.153859
18.152524
18.151190
18.149856
18.148522
18.147188
18.145855
18.144522
18.143190
18.141857
18.140525
18.139193
18.137862
18.136531
18.135200
18.133869
18.132539
18.131209
18.129879
18.128550
18.127221
18.125892
18.124563
18.123235
18.121907
18.120580
18.119252
18.117925
18.116598
18.115272
18.113946
18.112620
18.111294
18.109969
18.108644
18.107319
18.105995
18.104670
18.103347
18.102023
18.100700
18.099377
18.098054
18.096732
18.095409
18.094088
18.092766
18.091445
18.090124
18.088803
18.087483
18.086163
18.084843
18.083523
18.082204
18.080885
18.079566
18.078248
18.076930
18.075612
18.074295
18.072977
18.071661
18.070344
18.069028
18.067711
18.066396
18.065080
18.063765
18.062450
18.061135
18.059821
18.058507
18.057193
18.055880
18.054567
18.053254
18.051941
18.050629
18.049317
18.048005
18.046693
18.045382
18.044071
18.042761
18.041450
18.040140
18.038831
18.037521
18.036212
18.034903
18.033594
18.032286
18.030978
18.029670
18.028363
18.027055
18.025749
18.024442
18.023136
18.021829
18.020524
18.019218
18.017913
18.016608
18.015303
18.013999
18.012695
18.011391
18.010088
18.008784
18.007481
18.006179
18.004876
18.003574
18.002272
18.000971
17.999670
17.998369
17.997068
17.995768
17.994467
17.993168
17.991868
17.990569
17.989270
17.987971
17.986673
17.985374
17.984077
17.982779
17.981482
17.980185
17.978888
17.977591
17.976295
17.974999
17.973704
17.972408
17.971113
17.969818
17.968524
17.967230
17.965936
17.964642
17.963349
17.962056
17.960763
17.959470
17.958178
17.956886
17.955594
17.954303
17.953012
17.951721
17.950430
17.949140
17.947850
17.946560
17.945270
17.943981
17.942692
17.941404
17.940115
17.938827
17.937539
17.936252
17.934965
17.933678
17.932391
17.931104
17.929818
17.928532
17.927247
17.925961
17.924676
17.923392
17.922107
17.920823
17.919539
17.918255
17.916972
17.915689
17.914406
17.913123
17.911841
17.910559
17.909277
17.907996
17.906715
17.905434
17.904153
17.902873
17.901592
17.900313
17.899033
17.897754
17.896475
17.895196
17.893918
17.892639
17.891362
17.890084
17.888807
17.887529
17.886253
17.884976
17.883700
17.882424
17.881148
17.879873
17.878598
17.877323
17.876048
17.874774
17.873500
17.872226
17.870952
17.869679
17.868406
17.867133
17.865861
17.864589
17.863317
17.862045
17.860774
17.859503
17.858232
17.856961
17.855691
17.854421
17.853151
17.851882
17.850613
17.849344
17.848075
17.846807
17.845539
17.844271
17.843003
17.841736
17.840469
17.839202
17.837936
17.836669
17.835403
17.834138
17.832872
17.831607
17.830342
17.829078
17.827813
17.826549
17.825285
17.824022
17.822759
17.821496
17.820233
17.818970
17.817708
17.816446
17.815185
17.813923
17.812662
17.811401
17.810141
17.808881
17.807620
17.806361
17.805101
17.803842
17.802583
17.801324
17.800066
17.798808
17.797550
17.796292
17.795035
17.793778
17.792521
17.791264
17.790008
17.788752
17.787496
17.786241
17.784985
17.783730
17.782476
17.781221
17.779967
17.778713
17.777459
17.776206
17.774953
17.773700
17.772447
17.771195
17.769943
17.768691
17.767440
17.766188
17.764937
17.763687
17.762436
17.761186
17.759936
17.758686
17.757437
17.756188
17.754939
17.753690
17.752442
17.751194
17.749946
17.748698
17.747451
17.746204
17.744957
17.743711
17.742464
17.741218
17.739973
17.738727
17.737482
17.736237
17.734992
17.733748
17.732504
17.731260
17.730016
17.728773
17.727530
17.726287
17.725044
17.723802
17.722560
17.721318
17.720077
17.718835
17.717594
17.716353
17.715113
17.713873
17.712633
17.711393
17.710153
17.708914
17.707675
17.706437
17.705198
17.703960
17.702722
17.701485
17.700247
17.699010
17.697773
17.696537
17.695300
17.694064
17.692828
17.691593
17.690357
17.689122
17.687888
17.686653
17.685419
17.684185
17.682951
17.681717
17.680484
17.679251
17.678018
17.676786
17.675554
17.674322
17.673090
17.671859
17.670627
17.669397
17.668166
17.666935
17.665705
17.664475
17.663246
17.662016
17.660787
17.659558
17.658330
17.657101
17.655873
17.654645
17.653418
17.652190
17.650963
17.649737
17.648510
17.647284
17.646058
17.644832
17.643606
17.642381
17.641156
17.639931
17.638707
17.637482
17.636258
17.635035
17.633811
17.632588
17.631365
17.630142
17.628920
17.627697
17.626475
17.625254
17.624032
17.622811
17.621590
17.620369
17.619149
17.617929
17.616709
17.615489
17.614270
17.613050
17.611831
17.610613
17.609394
17.608176
17.606958
17.605741
17.604523
17.603306
17.602089
17.600872
17.599656
17.598440
17.597224
17.596008
17.594793
17.593578
17.592363
17.591148
17.589934
17.588720
17.587506
17.586292
17.585079
17.583866
17.582653
17.581440
17.580228
17.579016
17.577804
17.576592
17.575381
17.574169
17.572959
17.571748
17.570538
17.569327
17.568118
17.566908
17.565699
17.564489
17.563281
17.562072
17.560864
17.559655
17.558448
17.557240
17.556032
17.554825
17.553618
17.552412
17.551205
17.549999
17.548793
17.547588
17.546382
17.545177
17.543972
17.542768
17.541563
17.540359
17.539155
17.537952
17.536748
17.535545
17.534342
17.533139
17.531937
17.530735
17.529533
17.528331
17.527130
17.525929
17.524728
17.523527
17.522326
17.521126
17.519926
17.518727
17.517527
17.516328
17.515129
17.513930
17.512732
17.511534
17.510336
17.509138
17.507940
17.506743
17.505546
17.504349
17.503153
17.501957
17.500761
17.499565
17.498369
17.497174
17.495979
17.494784
17.493590
17.492395
17.491201
17.490007
17.488814
17.487621
17.486427
17.485235
17.484042
17.482850
17.481658
17.480466
17.479274
17.478083
17.476892
17.475701
17.474510
17.473320
17.472129
17.470940
17.469750
17.468560
17.467371
17.466182
17.464994
17.463805
17.462617
17.461429
17.460241
17.459054
17.457867
17.456680
17.455493
17.454306
17.453120
17.451934
17.450748
17.449563
17.448377
17.447192
17.446007
17.444823
17.443638
17.442454
17.441270
17.440087
17.438903
17.437720
17.436537
17.435355
17.434172
17.432990
17.431808
17.430627
17.429445
17.428264
17.427083
17.425902
17.424722
17.423541
17.422361
17.421182
17.420002
17.418823
17.417644
17.416465
17.415286
17.414108
17.412930
17.411752
17.410574
17.409397
17.408220
17.407043
17.405866
17.404690
17.403514
17.402338
17.401162
17.399987
17.398811
17.397636
17.396462
17.395287
17.394113
17.392939
17.391765
17.390591
17.389418
17.388245
17.387072
17.385899
17.384727
17.383555
17.382383
17.381211
17.380040
17.378869
17.377698
17.376527
17.375356
17.374186
17.373016
17.371846
17.370677
17.369508
17.368338
17.367170
17.366001
17.364833
17.363665
17.362497
17.361329
17.360162
17.358994
17.357827
17.356661
17.355494
17.354328
17.353162
17.351996
17.350831
17.349665
17.348500
17.347335
17.346171
17.345006
17.343842
17.342678
17.341515
17.340351
17.339188
17.338025
17.336862
17.335700
17.334538
17.333376
17.332214
17.331052
17.329891
17.328730
17.327569
17.326408
17.325248
17.324088
17.322928
17.321768
17.320609
17.319450
17.318291
17.317132
17.315973
17.314815
17.313657
17.312499
17.311341
17.310184
17.309027
17.307870
17.306713
17.305557
17.304401
17.303245
17.302089
17.300934
17.299778
17.298623
17.297468
17.296314
17.295159
17.294005
17.292851
17.291698
17.290544
17.289391
17.288238
17.287085
17.285933
17.284781
17.283629
17.282477
17.281325
17.280174
17.279023
17.277872
17.276721
17.275571
17.274420
17.273270
17.272121
17.270971
17.269822
17.268673
17.267524
17.266375
17.265227
17.264079
17.262931
17.261783
17.260636
17.259489
17.258342
17.257195
17.256048
17.254902
17.253756
17.252610
17.251464
17.250319
17.249174
17.248029
17.246884
17.245740
17.244595
17.243451
17.242308
17.241164
17.240021
17.238878
17.237735
17.236592
17.235450
17.234307
17.233165
17.232024
17.230882
17.229741
17.228600
17.227459
17.226318
17.225178
17.224038
17.222898
17.221758
17.220618
17.219479
17.218340
17.217201
17.216063
17.214924
17.213786
17.212648
17.211511
17.210373
17.209236
17.208099
17.206962
17.205826
17.204689
17.203553
17.202417
17.201282
17.200146
17.199011
17.197876
17.196741
17.195607
17.194472
17.193338
17.192204
17.191071
17.189937
17.188804
17.187671
17.186538
17.185406
17.184274
17.183142
17.182010
17.180878
17.179747
17.178615
17.177485
17.176354
17.175223
17.174093
17.172963
17.171833
17.170703
17.169574
17.168445
17.167316
17.166187
17.165059
17.163930
17.162802
17.161675
17.160547
17.159420
17.158292
17.157165
17.156039
17.154912
17.153786
17.152660
17.151534
17.150408
17.149283
17.148158
17.147033
17.145908
17.144784
17.143659
17.142535
17.141412
17.140288
17.139165
17.138041
17.136918
17.135796
17.134673
17.133551
17.132429
17.131307
17.130185
17.129064
17.127943
17.126822
17.125701
17.124580
17.123460
17.122340
17.121220
17.120100
17.118981
17.117862
17.116743
17.115624
17.114505
17.113387
17.112269
17.111151
17.110033
17.108916
17.107799
17.106682
17.105565
17.104448
17.103332
17.102216
17.101100
17.099984
17.098869
17.097753
17.096638
17.095523
17.094409
17.093294
17.092180
17.091066
17.089952
17.088839
17.087726
17.086613
17.085500
17.084387
17.083275
17.082162
17.081050
17.079939
17.078827
17.077716
17.076604
17.075493
17.074383
17.073272
17.072162
17.071052
17.069942
17.068832
17.067723
17.066614
17.065505
17.064396
17.063288
17.062179
17.061071
17.059963
17.058856
17.057748
17.056641
17.055534
17.054427
17.053320
17.052214
17.051108
17.050002
17.048896
17.047791
17.046685
17.045580
17.044475
17.043371
17.042266
17.041162
17.040058
17.038954
17.037851
17.036747
17.035644
17.034541
17.033438
17.032336
17.031233
17.030131
17.029029
17.027928
17.026826
17.025725
17.024624
17.023523
17.022423
17.021322
17.020222
17.019122
17.018022
17.016923
17.015824
17.014724
17.013626
17.012527
17.011428
17.010330
17.009232
17.008134
17.007037
17.005939
17.004842
17.003745
17.002648
17.001552
17.000455
16.999359
16.998263
16.997168
16.996072
16.994977
16.993882
16.992787
16.991692
16.990598
16.989504
16.988410
16.987316
16.986222
16.985129
16.984036
16.982943
16.981850
16.980757
16.979665
16.978573
16.977481
16.976389
16.975298
16.974207
16.973116
16.972025
16.970934
16.969844
16.968753
16.967663
16.966574
16.965484
16.964395
16.963305
16.962216
16.961128
16.960039
16.958951
16.957863
16.956775
16.955687
16.954600
16.953512
16.952425
16.951338
16.950252
16.949165
16.948079
16.946993
16.945907
16.944822
16.943736
16.942651
16.941566
16.940481
16.939397
16.938312
16.937228
16.936144
16.935060
16.933977
16.932893
16.931810
16.930727
16.929645
16.928562
16.927480
16.926398
16.925316
16.924234
16.923153
16.922072
16.920991
16.919910
16.918829
16.917749
16.916669
16.915589
16.914509
16.913429
16.912350
16.911271
16.910192
16.909113
16.908034
16.906956
16.905878
16.904800
16.903722
16.902645
16.901567
16.900490
16.899413
16.898336
16.897260
16.896184
16.895108
16.894032
16.892956
16.891881
16.890805
16.889730
16.888655
16.887581
16.886506
16.885432
16.884358
16.883284
16.882211
16.881137
16.880064
16.878991
16.877918
16.876846
16.875773
16.874701
16.873629
16.872557
16.871486
16.870414
16.869343
16.868272
16.867201
16.866131
16.865060
16.863990
16.862920
16.861851
16.860781
16.859712
16.858642
16.857574
16.856505
16.855436
16.854368
16.853300
16.852232
16.851164
16.850097
16.849029
16.847962
16.846895
16.845829
16.844762
16.843696
16.842630
16.841564
16.840498
16.839433
16.838367
16.837302
16.836238
16.835173
16.834108
16.833044
16.831980
16.830916
16.829852
16.828789
16.827726
16.826663
16.825600
16.824537
16.823475
16.822412
16.821350
16.820289
16.819227
16.818165
16.817104
16.816043
16.814982
16.813922
16.812861
16.811801
16.810741
16.809681
16.808621
16.807562
16.806503
16.805444
16.804385
16.803326
16.802268
16.801209
16.800151
16.799094
16.798036
16.796979
16.795921
16.794864
16.793807
16.792751
16.791694
16.790638
16.789582
16.788526
16.787470
16.786415
16.785360
16.784305
16.783250
16.782195
16.781141
16.780086
16.779032
16.777979
16.776925
16.775871
16.774818
16.773765
16.772712
16.771660
16.770607
16.769555
16.768503
16.767451
16.766399
16.765348
16.764296
16.763245
16.762194
16.761144
16.760093
16.759043
16.757993
16.756943
16.755893
16.754844
16.753794
16.752745
16.751696
16.750648
16.749599
16.748551
16.747503
16.746455
16.745407
16.744359
16.743312
16.742265
16.741218
16.740171
16.739125
16.738078
16.737032
16.735986
16.734940
16.733895
16.732850
16.731804
16.730759
16.729715
16.728670
16.727626
16.726581
16.725537
16.724494
16.723450
16.722406
16.721363
16.720320
16.719277
16.718235
16.717192
16.716150
16.715108
16.714066
16.713024
16.711983
16.710942
16.709901
16.708860
16.707819
16.706779
16.705738
16.704698
16.703658
16.702618
16.701579
16.700540
16.699500
16.698462
16.697423
16.696384
16.695346
16.694308
16.693270
16.692232
16.691194
16.690157
16.689120
16.688083
16.687046
16.686009
16.684973
16.683937
16.682901
16.681865
16.680829
16.679794
16.678758
16.677723
16.676688
16.675654
16.674619
16.673585
16.672551
16.671517
16.670483
16.669449
16.668416
16.667383
16.666350
16.665317
16.664285
16.663252
16.662220
16.661188
16.660156
16.659125
16.658093
16.657062
16.656031
16.655000
16.653969
16.652939
16.651909
16.650879
16.649849
16.648819
16.647789
16.646760
16.645731
16.644702
16.643673
16.642645
16.641616
16.640588
16.639560
16.638532
16.637505
16.636477
16.635450
16.634423
16.633396
16.632370
16.631343
16.630317
16.629291
16.628265
16.627239
16.626214
16.625188
16.624163
16.623138
16.622113
16.621089
16.620064
16.619040
16.618016
16.616992
16.615969
16.614945
16.613922
16.612899
16.611876
16.610853
16.609831
16.608809
16.607787
16.606765
16.605743
16.604721
16.603700
16.602679
16.601658
16.600637
16.599616
16.598596
16.597576
16.596556
16.595536
16.594516
16.593497
16.592477
16.591458
16.590439
16.589421
16.588402
16.587384
16.586366
16.585348
16.584330
16.583312
16.582295
16.581278
16.580261
16.579244
16.578227
16.577211
16.576194
16.575178
16.574162
16.573147
16.572131
16.571116
16.570100
16.569086
16.568071
16.567056
16.566042
16.565027
16.564013
16.563000
16.561986
16.560972
16.559959
16.558946
16.557933
16.556920
16.555908
16.554895
16.553883
16.552871
16.551859
16.550848
16.549836
16.548825
16.547814
16.546803
16.545792
16.544782
16.543771
16.542761
16.541751
16.540741
16.539732
16.538722
16.537713
16.536704
16.535695
